[0.020s] Invoking command in '/home/hashim/Desktop/comp0250_s26_labs/build/rpl_panda_with_rs': CMAKE_PREFIX_PATH=/home/hashim/Desktop/comp0250_s26_labs/install/realsense_gazebo_plugin:/home/hashim/Desktop/comp0250_s26_labs/install/panda_moveit_config:/home/hashim/Desktop/comp0250_s26_labs/install/rpl_panda_with_rs:/home/hashim/Desktop/comp0250_s26_labs/install/perception_pipeline_humble_demo:/home/hashim/Desktop/comp0250_s26_labs/install/pcl_tutorial:/home/hashim/Desktop/comp0250_s26_labs/install/pcl_demo:/home/hashim/Desktop/comp0250_s26_labs/install/panda_description:/home/hashim/Desktop/comp0250_s26_labs/install/cw2_team_13:/home/hashim/Desktop/comp0250_s26_labs/install/cw2_world_spawner:/home/hashim/Desktop/comp0250_s26_labs/install/cw1_team_13:/home/hashim/Desktop/comp0250_s26_labs/install/cw1_world_spawner:/opt/ros/humble LD_LIBRARY_PATH=/home/hashim/Desktop/comp0250_s26_labs/install/realsense_gazebo_plugin/lib:/home/hashim/Desktop/comp0250_s26_labs/install/cw2_team_13/lib:/home/hashim/Desktop/comp0250_s26_labs/install/cw2_world_spawner/lib:/home/hashim/Desktop/comp0250_s26_labs/install/cw1_team_13/lib:/home/hashim/Desktop/comp0250_s26_labs/install/cw1_world_spawner/lib:/opt/ros/humble/opt/rviz_ogre_vendor/lib:/opt/ros/humble/lib/x86_64-linux-gnu:/opt/ros/humble/lib:/home/hashim/Downloads/drake/lib /usr/bin/cmake /home/hashim/Desktop/comp0250_s26_labs/src/courseworks/rpl_panda_with_rs -DCMAKE_INSTALL_PREFIX=/home/hashim/Desktop/comp0250_s26_labs/install/rpl_panda_with_rs
[0.037s] -- Found ament_cmake: 1.3.14 (/opt/ros/humble/share/ament_cmake/cmake)
[0.446s] -- Configuring done
[0.450s] -- Generating done
[0.453s] -- Build files have been written to: /home/hashim/Desktop/comp0250_s26_labs/build/rpl_panda_with_rs
[0.459s] Invoked command in '/home/hashim/Desktop/comp0250_s26_labs/build/rpl_panda_with_rs' returned '0': CMAKE_PREFIX_PATH=/home/hashim/Desktop/comp0250_s26_labs/install/realsense_gazebo_plugin:/home/hashim/Desktop/comp0250_s26_labs/install/panda_moveit_config:/home/hashim/Desktop/comp0250_s26_labs/install/rpl_panda_with_rs:/home/hashim/Desktop/comp0250_s26_labs/install/perception_pipeline_humble_demo:/home/hashim/Desktop/comp0250_s26_labs/install/pcl_tutorial:/home/hashim/Desktop/comp0250_s26_labs/install/pcl_demo:/home/hashim/Desktop/comp0250_s26_labs/install/panda_description:/home/hashim/Desktop/comp0250_s26_labs/install/cw2_team_13:/home/hashim/Desktop/comp0250_s26_labs/install/cw2_world_spawner:/home/hashim/Desktop/comp0250_s26_labs/install/cw1_team_13:/home/hashim/Desktop/comp0250_s26_labs/install/cw1_world_spawner:/opt/ros/humble LD_LIBRARY_PATH=/home/hashim/Desktop/comp0250_s26_labs/install/realsense_gazebo_plugin/lib:/home/hashim/Desktop/comp0250_s26_labs/install/cw2_team_13/lib:/home/hashim/Desktop/comp0250_s26_labs/install/cw2_world_spawner/lib:/home/hashim/Desktop/comp0250_s26_labs/install/cw1_team_13/lib:/home/hashim/Desktop/comp0250_s26_labs/install/cw1_world_spawner/lib:/opt/ros/humble/opt/rviz_ogre_vendor/lib:/opt/ros/humble/lib/x86_64-linux-gnu:/opt/ros/humble/lib:/home/hashim/Downloads/drake/lib /usr/bin/cmake /home/hashim/Desktop/comp0250_s26_labs/src/courseworks/rpl_panda_with_rs -DCMAKE_INSTALL_PREFIX=/home/hashim/Desktop/comp0250_s26_labs/install/rpl_panda_with_rs
[0.465s] Invoking command in '/home/hashim/Desktop/comp0250_s26_labs/build/rpl_panda_with_rs': CMAKE_PREFIX_PATH=/home/hashim/Desktop/comp0250_s26_labs/install/realsense_gazebo_plugin:/home/hashim/Desktop/comp0250_s26_labs/install/panda_moveit_config:/home/hashim/Desktop/comp0250_s26_labs/install/rpl_panda_with_rs:/home/hashim/Desktop/comp0250_s26_labs/install/perception_pipeline_humble_demo:/home/hashim/Desktop/comp0250_s26_labs/install/pcl_tutorial:/home/hashim/Desktop/comp0250_s26_labs/install/pcl_demo:/home/hashim/Desktop/comp0250_s26_labs/install/panda_description:/home/hashim/Desktop/comp0250_s26_labs/install/cw2_team_13:/home/hashim/Desktop/comp0250_s26_labs/install/cw2_world_spawner:/home/hashim/Desktop/comp0250_s26_labs/install/cw1_team_13:/home/hashim/Desktop/comp0250_s26_labs/install/cw1_world_spawner:/opt/ros/humble LD_LIBRARY_PATH=/home/hashim/Desktop/comp0250_s26_labs/install/realsense_gazebo_plugin/lib:/home/hashim/Desktop/comp0250_s26_labs/install/cw2_team_13/lib:/home/hashim/Desktop/comp0250_s26_labs/install/cw2_world_spawner/lib:/home/hashim/Desktop/comp0250_s26_labs/install/cw1_team_13/lib:/home/hashim/Desktop/comp0250_s26_labs/install/cw1_world_spawner/lib:/opt/ros/humble/opt/rviz_ogre_vendor/lib:/opt/ros/humble/lib/x86_64-linux-gnu:/opt/ros/humble/lib:/home/hashim/Downloads/drake/lib /usr/bin/cmake --build /home/hashim/Desktop/comp0250_s26_labs/build/rpl_panda_with_rs -- -j20 -l20
[0.572s] Invoked command in '/home/hashim/Desktop/comp0250_s26_labs/build/rpl_panda_with_rs' returned '0': CMAKE_PREFIX_PATH=/home/hashim/Desktop/comp0250_s26_labs/install/realsense_gazebo_plugin:/home/hashim/Desktop/comp0250_s26_labs/install/panda_moveit_config:/home/hashim/Desktop/comp0250_s26_labs/install/rpl_panda_with_rs:/home/hashim/Desktop/comp0250_s26_labs/install/perception_pipeline_humble_demo:/home/hashim/Desktop/comp0250_s26_labs/install/pcl_tutorial:/home/hashim/Desktop/comp0250_s26_labs/install/pcl_demo:/home/hashim/Desktop/comp0250_s26_labs/install/panda_description:/home/hashim/Desktop/comp0250_s26_labs/install/cw2_team_13:/home/hashim/Desktop/comp0250_s26_labs/install/cw2_world_spawner:/home/hashim/Desktop/comp0250_s26_labs/install/cw1_team_13:/home/hashim/Desktop/comp0250_s26_labs/install/cw1_world_spawner:/opt/ros/humble LD_LIBRARY_PATH=/home/hashim/Desktop/comp0250_s26_labs/install/realsense_gazebo_plugin/lib:/home/hashim/Desktop/comp0250_s26_labs/install/cw2_team_13/lib:/home/hashim/Desktop/comp0250_s26_labs/install/cw2_world_spawner/lib:/home/hashim/Desktop/comp0250_s26_labs/install/cw1_team_13/lib:/home/hashim/Desktop/comp0250_s26_labs/install/cw1_world_spawner/lib:/opt/ros/humble/opt/rviz_ogre_vendor/lib:/opt/ros/humble/lib/x86_64-linux-gnu:/opt/ros/humble/lib:/home/hashim/Downloads/drake/lib /usr/bin/cmake --build /home/hashim/Desktop/comp0250_s26_labs/build/rpl_panda_with_rs -- -j20 -l20
[0.578s] Invoking command in '/home/hashim/Desktop/comp0250_s26_labs/build/rpl_panda_with_rs': CMAKE_PREFIX_PATH=/home/hashim/Desktop/comp0250_s26_labs/install/realsense_gazebo_plugin:/home/hashim/Desktop/comp0250_s26_labs/install/panda_moveit_config:/home/hashim/Desktop/comp0250_s26_labs/install/rpl_panda_with_rs:/home/hashim/Desktop/comp0250_s26_labs/install/perception_pipeline_humble_demo:/home/hashim/Desktop/comp0250_s26_labs/install/pcl_tutorial:/home/hashim/Desktop/comp0250_s26_labs/install/pcl_demo:/home/hashim/Desktop/comp0250_s26_labs/install/panda_description:/home/hashim/Desktop/comp0250_s26_labs/install/cw2_team_13:/home/hashim/Desktop/comp0250_s26_labs/install/cw2_world_spawner:/home/hashim/Desktop/comp0250_s26_labs/install/cw1_team_13:/home/hashim/Desktop/comp0250_s26_labs/install/cw1_world_spawner:/opt/ros/humble LD_LIBRARY_PATH=/home/hashim/Desktop/comp0250_s26_labs/install/realsense_gazebo_plugin/lib:/home/hashim/Desktop/comp0250_s26_labs/install/cw2_team_13/lib:/home/hashim/Desktop/comp0250_s26_labs/install/cw2_world_spawner/lib:/home/hashim/Desktop/comp0250_s26_labs/install/cw1_team_13/lib:/home/hashim/Desktop/comp0250_s26_labs/install/cw1_world_spawner/lib:/opt/ros/humble/opt/rviz_ogre_vendor/lib:/opt/ros/humble/lib/x86_64-linux-gnu:/opt/ros/humble/lib:/home/hashim/Downloads/drake/lib /usr/bin/cmake --install /home/hashim/Desktop/comp0250_s26_labs/build/rpl_panda_with_rs
[0.604s] -- Install configuration: "Release"
[0.605s] -- Up-to-date: /home/hashim/Desktop/comp0250_s26_labs/install/rpl_panda_with_rs/share/rpl_panda_with_rs/config
[0.606s] -- Up-to-date: /home/hashim/Desktop/comp0250_s26_labs/install/rpl_panda_with_rs/share/rpl_panda_with_rs/config/moveit_controllers.yaml
[0.606s] -- Up-to-date: /home/hashim/Desktop/comp0250_s26_labs/install/rpl_panda_with_rs/share/rpl_panda_with_rs/config/ros2_controllers_effort.yaml
[0.606s] -- Up-to-date: /home/hashim/Desktop/comp0250_s26_labs/install/rpl_panda_with_rs/share/rpl_panda_with_rs/config/ros2_controllers.yaml
[0.607s] -- Up-to-date: /home/hashim/Desktop/comp0250_s26_labs/install/rpl_panda_with_rs/share/rpl_panda_with_rs/config/ros2_controllers_hybrid.yaml
[0.607s] -- Up-to-date: /home/hashim/Desktop/comp0250_s26_labs/install/rpl_panda_with_rs/share/rpl_panda_with_rs/launch
[0.607s] -- Up-to-date: /home/hashim/Desktop/comp0250_s26_labs/install/rpl_panda_with_rs/share/rpl_panda_with_rs/launch/camera_proc.launch.py
[0.608s] -- Up-to-date: /home/hashim/Desktop/comp0250_s26_labs/install/rpl_panda_with_rs/share/rpl_panda_with_rs/launch/display.launch
[0.608s] -- Up-to-date: /home/hashim/Desktop/comp0250_s26_labs/install/rpl_panda_with_rs/share/rpl_panda_with_rs/launch/display_real.launch
[0.608s] -- Up-to-date: /home/hashim/Desktop/comp0250_s26_labs/install/rpl_panda_with_rs/share/rpl_panda_with_rs/launch/display.launch.py
[0.609s] -- Up-to-date: /home/hashim/Desktop/comp0250_s26_labs/install/rpl_panda_with_rs/share/rpl_panda_with_rs/launch/camera_proc.launch
[0.609s] -- Up-to-date: /home/hashim/Desktop/comp0250_s26_labs/install/rpl_panda_with_rs/share/rpl_panda_with_rs/launch/display_real.launch.py
[0.609s] -- Up-to-date: /home/hashim/Desktop/comp0250_s26_labs/install/rpl_panda_with_rs/share/rpl_panda_with_rs/rviz
[0.610s] -- Up-to-date: /home/hashim/Desktop/comp0250_s26_labs/install/rpl_panda_with_rs/share/rpl_panda_with_rs/rviz/urdf.rviz
[0.610s] -- Up-to-date: /home/hashim/Desktop/comp0250_s26_labs/install/rpl_panda_with_rs/share/rpl_panda_with_rs/rviz/real_rviz.rviz
[0.610s] -- Up-to-date: /home/hashim/Desktop/comp0250_s26_labs/install/rpl_panda_with_rs/share/rpl_panda_with_rs/srdf
[0.611s] -- Up-to-date: /home/hashim/Desktop/comp0250_s26_labs/install/rpl_panda_with_rs/share/rpl_panda_with_rs/srdf/panda_with_rs.srdf.xacro
[0.611s] -- Up-to-date: /home/hashim/Desktop/comp0250_s26_labs/install/rpl_panda_with_rs/share/rpl_panda_with_rs/urdf
[0.611s] -- Up-to-date: /home/hashim/Desktop/comp0250_s26_labs/install/rpl_panda_with_rs/share/rpl_panda_with_rs/urdf/panda_with_rs.urdf
[0.611s] -- Up-to-date: /home/hashim/Desktop/comp0250_s26_labs/install/rpl_panda_with_rs/share/rpl_panda_with_rs/urdf/panda_with_rs.xacro
[0.612s] -- Up-to-date: /home/hashim/Desktop/comp0250_s26_labs/install/rpl_panda_with_rs/share/rpl_panda_with_rs/urdf/panda_with_rs_PYBULLET.urdf
[0.612s] -- Up-to-date: /home/hashim/Desktop/comp0250_s26_labs/install/rpl_panda_with_rs/lib/rpl_panda_with_rs/init_panda_pose.py
[0.612s] -- Up-to-date: /home/hashim/Desktop/comp0250_s26_labs/install/rpl_panda_with_rs/share/ament_index/resource_index/package_run_dependencies/rpl_panda_with_rs
[0.612s] -- Installing: /home/hashim/Desktop/comp0250_s26_labs/install/rpl_panda_with_rs/share/ament_index/resource_index/parent_prefix_path/rpl_panda_with_rs
[0.613s] -- Up-to-date: /home/hashim/Desktop/comp0250_s26_labs/install/rpl_panda_with_rs/share/rpl_panda_with_rs/environment/ament_prefix_path.sh
[0.613s] -- Installing: /home/hashim/Desktop/comp0250_s26_labs/install/rpl_panda_with_rs/share/rpl_panda_with_rs/environment/ament_prefix_path.dsv
[0.613s] -- Up-to-date: /home/hashim/Desktop/comp0250_s26_labs/install/rpl_panda_with_rs/share/rpl_panda_with_rs/environment/path.sh
[0.614s] -- Installing: /home/hashim/Desktop/comp0250_s26_labs/install/rpl_panda_with_rs/share/rpl_panda_with_rs/environment/path.dsv
[0.614s] -- Up-to-date: /home/hashim/Desktop/comp0250_s26_labs/install/rpl_panda_with_rs/share/rpl_panda_with_rs/local_setup.bash
[0.615s] -- Up-to-date: /home/hashim/Desktop/comp0250_s26_labs/install/rpl_panda_with_rs/share/rpl_panda_with_rs/local_setup.sh
[0.617s] -- Up-to-date: /home/hashim/Desktop/comp0250_s26_labs/install/rpl_panda_with_rs/share/rpl_panda_with_rs/local_setup.zsh
[0.619s] -- Installing: /home/hashim/Desktop/comp0250_s26_labs/install/rpl_panda_with_rs/share/rpl_panda_with_rs/local_setup.dsv
[0.620s] -- Installing: /home/hashim/Desktop/comp0250_s26_labs/install/rpl_panda_with_rs/share/rpl_panda_with_rs/package.dsv
[0.621s] -- Up-to-date: /home/hashim/Desktop/comp0250_s26_labs/install/rpl_panda_with_rs/share/ament_index/resource_index/packages/rpl_panda_with_rs
[0.621s] -- Up-to-date: /home/hashim/Desktop/comp0250_s26_labs/install/rpl_panda_with_rs/share/rpl_panda_with_rs/cmake/rpl_panda_with_rsConfig.cmake
[0.621s] -- Up-to-date: /home/hashim/Desktop/comp0250_s26_labs/install/rpl_panda_with_rs/share/rpl_panda_with_rs/cmake/rpl_panda_with_rsConfig-version.cmake
[0.621s] -- Up-to-date: /home/hashim/Desktop/comp0250_s26_labs/install/rpl_panda_with_rs/share/rpl_panda_with_rs/package.xml
[0.622s] Invoked command in '/home/hashim/Desktop/comp0250_s26_labs/build/rpl_panda_with_rs' returned '0': CMAKE_PREFIX_PATH=/home/hashim/Desktop/comp0250_s26_labs/install/realsense_gazebo_plugin:/home/hashim/Desktop/comp0250_s26_labs/install/panda_moveit_config:/home/hashim/Desktop/comp0250_s26_labs/install/rpl_panda_with_rs:/home/hashim/Desktop/comp0250_s26_labs/install/perception_pipeline_humble_demo:/home/hashim/Desktop/comp0250_s26_labs/install/pcl_tutorial:/home/hashim/Desktop/comp0250_s26_labs/install/pcl_demo:/home/hashim/Desktop/comp0250_s26_labs/install/panda_description:/home/hashim/Desktop/comp0250_s26_labs/install/cw2_team_13:/home/hashim/Desktop/comp0250_s26_labs/install/cw2_world_spawner:/home/hashim/Desktop/comp0250_s26_labs/install/cw1_team_13:/home/hashim/Desktop/comp0250_s26_labs/install/cw1_world_spawner:/opt/ros/humble LD_LIBRARY_PATH=/home/hashim/Desktop/comp0250_s26_labs/install/realsense_gazebo_plugin/lib:/home/hashim/Desktop/comp0250_s26_labs/install/cw2_team_13/lib:/home/hashim/Desktop/comp0250_s26_labs/install/cw2_world_spawner/lib:/home/hashim/Desktop/comp0250_s26_labs/install/cw1_team_13/lib:/home/hashim/Desktop/comp0250_s26_labs/install/cw1_world_spawner/lib:/opt/ros/humble/opt/rviz_ogre_vendor/lib:/opt/ros/humble/lib/x86_64-linux-gnu:/opt/ros/humble/lib:/home/hashim/Downloads/drake/lib /usr/bin/cmake --install /home/hashim/Desktop/comp0250_s26_labs/build/rpl_panda_with_rs
