[100%] Built target realsense_gazebo_plugin
-- Install configuration: "Release"
-- Up-to-date: /home/hashim/Desktop/comp0250_s26_labs/install/realsense_gazebo_plugin/lib/librealsense_gazebo_plugin.so
-- Up-to-date: /home/hashim/Desktop/comp0250_s26_labs/install/realsense_gazebo_plugin/include/
-- Up-to-date: /home/hashim/Desktop/comp0250_s26_labs/install/realsense_gazebo_plugin/include//realsense_gazebo_plugin
-- Up-to-date: /home/hashim/Desktop/comp0250_s26_labs/install/realsense_gazebo_plugin/include//realsense_gazebo_plugin/gazebo_ros_realsense.hpp
-- Up-to-date: /home/hashim/Desktop/comp0250_s26_labs/install/realsense_gazebo_plugin/include//realsense_gazebo_plugin/RealSensePlugin.hpp
-- Up-to-date: /home/hashim/Desktop/comp0250_s26_labs/install/realsense_gazebo_plugin/share/realsense_gazebo_plugin/models
-- Up-to-date: /home/hashim/Desktop/comp0250_s26_labs/install/realsense_gazebo_plugin/share/realsense_gazebo_plugin/models/realsense_camera
-- Up-to-date: /home/hashim/Desktop/comp0250_s26_labs/install/realsense_gazebo_plugin/share/realsense_gazebo_plugin/models/realsense_camera/meshes
-- Up-to-date: /home/hashim/Desktop/comp0250_s26_labs/install/realsense_gazebo_plugin/share/realsense_gazebo_plugin/models/realsense_camera/meshes/realsense.dae
-- Up-to-date: /home/hashim/Desktop/comp0250_s26_labs/install/realsense_gazebo_plugin/share/realsense_gazebo_plugin/models/realsense_camera/materials
-- Up-to-date: /home/hashim/Desktop/comp0250_s26_labs/install/realsense_gazebo_plugin/share/realsense_gazebo_plugin/models/realsense_camera/materials/textures
-- Up-to-date: /home/hashim/Desktop/comp0250_s26_labs/install/realsense_gazebo_plugin/share/realsense_gazebo_plugin/models/realsense_camera/materials/textures/realsense_diffuse.png
-- Up-to-date: /home/hashim/Desktop/comp0250_s26_labs/install/realsense_gazebo_plugin/share/realsense_gazebo_plugin/models/realsense_camera/model.config
-- Up-to-date: /home/hashim/Desktop/comp0250_s26_labs/install/realsense_gazebo_plugin/share/realsense_gazebo_plugin/models/realsense_camera/model.sdf
-- Up-to-date: /home/hashim/Desktop/comp0250_s26_labs/install/realsense_gazebo_plugin/share/realsense_gazebo_plugin/urdf
-- Up-to-date: /home/hashim/Desktop/comp0250_s26_labs/install/realsense_gazebo_plugin/share/realsense_gazebo_plugin/urdf/realsense-D435.macro.xacro
-- Up-to-date: /home/hashim/Desktop/comp0250_s26_labs/install/realsense_gazebo_plugin/share/realsense_gazebo_plugin/urdf/d435_simulation.xacro
-- Up-to-date: /home/hashim/Desktop/comp0250_s26_labs/install/realsense_gazebo_plugin/share/realsense_gazebo_plugin/urdf/multi_d435_simulation.xacro
-- Up-to-date: /home/hashim/Desktop/comp0250_s26_labs/install/realsense_gazebo_plugin/share/realsense_gazebo_plugin/worlds
-- Up-to-date: /home/hashim/Desktop/comp0250_s26_labs/install/realsense_gazebo_plugin/share/realsense_gazebo_plugin/worlds/realsense.world
-- Up-to-date: /home/hashim/Desktop/comp0250_s26_labs/install/realsense_gazebo_plugin/share/realsense_gazebo_plugin/environment/library_path.sh
-- Up-to-date: /home/hashim/Desktop/comp0250_s26_labs/install/realsense_gazebo_plugin/share/realsense_gazebo_plugin/environment/library_path.dsv
-- Up-to-date: /home/hashim/Desktop/comp0250_s26_labs/install/realsense_gazebo_plugin/share/ament_index/resource_index/package_run_dependencies/realsense_gazebo_plugin
-- Up-to-date: /home/hashim/Desktop/comp0250_s26_labs/install/realsense_gazebo_plugin/share/ament_index/resource_index/parent_prefix_path/realsense_gazebo_plugin
-- Up-to-date: /home/hashim/Desktop/comp0250_s26_labs/install/realsense_gazebo_plugin/share/realsense_gazebo_plugin/environment/ament_prefix_path.sh
-- Up-to-date: /home/hashim/Desktop/comp0250_s26_labs/install/realsense_gazebo_plugin/share/realsense_gazebo_plugin/environment/ament_prefix_path.dsv
-- Up-to-date: /home/hashim/Desktop/comp0250_s26_labs/install/realsense_gazebo_plugin/share/realsense_gazebo_plugin/environment/path.sh
-- Up-to-date: /home/hashim/Desktop/comp0250_s26_labs/install/realsense_gazebo_plugin/share/realsense_gazebo_plugin/environment/path.dsv
-- Up-to-date: /home/hashim/Desktop/comp0250_s26_labs/install/realsense_gazebo_plugin/share/realsense_gazebo_plugin/local_setup.bash
-- Up-to-date: /home/hashim/Desktop/comp0250_s26_labs/install/realsense_gazebo_plugin/share/realsense_gazebo_plugin/local_setup.sh
-- Up-to-date: /home/hashim/Desktop/comp0250_s26_labs/install/realsense_gazebo_plugin/share/realsense_gazebo_plugin/local_setup.zsh
-- Up-to-date: /home/hashim/Desktop/comp0250_s26_labs/install/realsense_gazebo_plugin/share/realsense_gazebo_plugin/local_setup.dsv
-- Installing: /home/hashim/Desktop/comp0250_s26_labs/install/realsense_gazebo_plugin/share/realsense_gazebo_plugin/package.dsv
-- Up-to-date: /home/hashim/Desktop/comp0250_s26_labs/install/realsense_gazebo_plugin/share/ament_index/resource_index/packages/realsense_gazebo_plugin
-- Up-to-date: /home/hashim/Desktop/comp0250_s26_labs/install/realsense_gazebo_plugin/share/realsense_gazebo_plugin/cmake/ament_cmake_export_include_directories-extras.cmake
-- Up-to-date: /home/hashim/Desktop/comp0250_s26_labs/install/realsense_gazebo_plugin/share/realsense_gazebo_plugin/cmake/ament_cmake_export_libraries-extras.cmake
-- Up-to-date: /home/hashim/Desktop/comp0250_s26_labs/install/realsense_gazebo_plugin/share/realsense_gazebo_plugin/cmake/realsense_gazebo_pluginConfig.cmake
-- Up-to-date: /home/hashim/Desktop/comp0250_s26_labs/install/realsense_gazebo_plugin/share/realsense_gazebo_plugin/cmake/realsense_gazebo_pluginConfig-version.cmake
-- Up-to-date: /home/hashim/Desktop/comp0250_s26_labs/install/realsense_gazebo_plugin/share/realsense_gazebo_plugin/package.xml
