-- Found ament_cmake: 1.3.14 (/opt/ros/humble/share/ament_cmake/cmake)
-- Found rosidl_default_generators: 1.2.1 (/opt/ros/humble/share/rosidl_default_generators/cmake)
-- Using all available rosidl_typesupport_c: rosidl_typesupport_fastrtps_c;rosidl_typesupport_introspection_c
-- Found rosidl_adapter: 3.1.8 (/opt/ros/humble/share/rosidl_adapter/cmake)
-- Using all available rosidl_typesupport_cpp: rosidl_typesupport_fastrtps_cpp;rosidl_typesupport_introspection_cpp
-- Found rclcpp: 16.0.19 (/opt/ros/humble/share/rclcpp/cmake)
-- Found rmw_implementation_cmake: 6.1.2 (/opt/ros/humble/share/rmw_implementation_cmake/cmake)
-- Found rmw_fastrtps_cpp: 6.2.10 (/opt/ros/humble/share/rmw_fastrtps_cpp/cmake)
-- Using RMW implementation 'rmw_fastrtps_cpp' as default
-- Found geometry_msgs: 4.9.1 (/opt/ros/humble/share/geometry_msgs/cmake)
-- Found sensor_msgs: 4.9.1 (/opt/ros/humble/share/sensor_msgs/cmake)
-- Found visualization_msgs: 4.9.1 (/opt/ros/humble/share/visualization_msgs/cmake)
-- Found moveit_core: 2.5.9 (/opt/ros/humble/share/moveit_core/cmake)
-- Found Boost: /usr/lib/x86_64-linux-gnu/cmake/Boost-1.74.0/BoostConfig.cmake (found version "1.74.0") found components: chrono date_time filesystem iostreams program_options regex serialization system thread 
-- Found parameter_traits: 0.7.1 (/opt/ros/humble/share/parameter_traits/cmake)
-- Found rclcpp_lifecycle: 16.0.19 (/opt/ros/humble/share/rclcpp_lifecycle/cmake)
-- Found Boost: /usr/lib/x86_64-linux-gnu/cmake/Boost-1.74.0/BoostConfig.cmake (found version "1.74.0") found components: filesystem 
-- library: /usr/lib/x86_64-linux-gnu/libcurl.so
-- Ensuring Eigen3 include directory is part of orocos-kdl CMake target
-- Found moveit_ros_planning_interface: 2.5.9 (/opt/ros/humble/share/moveit_ros_planning_interface/cmake)
-- Found Boost: /usr/lib/x86_64-linux-gnu/cmake/Boost-1.74.0/BoostConfig.cmake (found version "1.74.0") found components: date_time filesystem program_options system thread 
-- Found Boost: /usr/lib/x86_64-linux-gnu/cmake/Boost-1.74.0/BoostConfig.cmake (found version "1.74.0") found components: system filesystem date_time program_options thread chrono 
-- Found Boost: /usr/lib/x86_64-linux-gnu/cmake/Boost-1.74.0/BoostConfig.cmake (found version "1.74.0") found components: thread system filesystem regex date_time program_options 
-- Found Boost: /usr/lib/x86_64-linux-gnu/cmake/Boost-1.74.0/BoostConfig.cmake (found version "1.74.0") found components: system filesystem date_time program_options thread 
-- Found pcl_ros: 2.4.5 (/opt/ros/humble/share/pcl_ros/cmake)
-- Eigen found (include: /usr/include/eigen3, version: 3.4.0)
-- FLANN found (include: /usr/include, lib: /usr/lib/x86_64-linux-gnu/libflann_cpp.so)
-- OpenNI found (version: 1.5.4.0, include: /usr/include/ni, lib: /usr/lib/libOpenNI.so;libusb::libusb)
-- OpenNI2 found (version: 2.2.0.33, include: /usr/include/openni2, lib: /usr/lib/x86_64-linux-gnu/libOpenNI2.so;libusb::libusb)
-- Eigen found (include: /usr/include/eigen3, version: 3.4.0)
-- OpenNI found (version: 1.5.4.0, include: /usr/include/ni, lib: /usr/lib/libOpenNI.so;libusb::libusb)
-- OpenNI2 found (version: 2.2.0.33, include: /usr/include/openni2, lib: /usr/lib/x86_64-linux-gnu/libOpenNI2.so;libusb::libusb)
-- Found Qhull version 8.0.2
-- OpenNI found (version: 1.5.4.0, include: /usr/include/ni, lib: /usr/lib/libOpenNI.so;libusb::libusb)
[33mCMake Warning (dev) at CMakeLists.txt:23 (find_package):
  Policy CMP0074 is not set: find_package uses <PackageName>_ROOT variables.
  Run "cmake --help-policy CMP0074" for policy details.  Use the cmake_policy
  command to set the policy and suppress this warning.

  CMake variable PCL_ROOT is set to:

    /usr

  For compatibility, CMake is ignoring the variable.
This warning is for project developers.  Use -Wno-dev to suppress it.
[0m
-- Found cw2_world_spawner: 0.1.0 (/home/hashim/Desktop/comp0250_s26_labs/install/cw2_world_spawner/share/cw2_world_spawner/cmake)
-- Found ament_cmake_ros: 0.10.0 (/opt/ros/humble/share/ament_cmake_ros/cmake)
-- Using all available rosidl_typesupport_c: rosidl_typesupport_fastrtps_c;rosidl_typesupport_introspection_c
-- Using all available rosidl_typesupport_cpp: rosidl_typesupport_fastrtps_cpp;rosidl_typesupport_introspection_cpp
-- Found python_cmake_module: 0.10.0 (/opt/ros/humble/share/python_cmake_module/cmake)
-- Using PYTHON_EXECUTABLE: /usr/bin/python3
-- Using PYTHON_INCLUDE_DIRS: /usr/include/python3.10
-- Using PYTHON_LIBRARIES: /usr/lib/x86_64-linux-gnu/libpython3.10.so
-- Found ament_lint_auto: 0.12.15 (/opt/ros/humble/share/ament_lint_auto/cmake)
-- Added test 'cppcheck' to perform static code analysis on C / C++ code
-- Configured cppcheck include dirs: /home/hashim/Desktop/comp0250_s26_labs/src/courseworks/cw2_team_13/include
-- Configured cppcheck exclude dirs and/or files: 
-- Added test 'flake8' to check Python code syntax and style conventions
-- Added test 'lint_cmake' to check CMake code style
-- Added test 'pep257' to check Python code against some of the docstring style conventions in PEP 257
-- Added test 'uncrustify' to check C / C++ code style
-- Configured uncrustify additional arguments: 
-- Added test 'xmllint' to check XML markup files
-- Configuring done
-- Generating done
-- Build files have been written to: /home/hashim/Desktop/comp0250_s26_labs/build/cw2_team_13
[35m[1mConsolidate compiler generated dependencies of target cw2_team_13__rosidl_generator_c[0m
[  2%] Built target cw2_team_13__rs
[ 11%] Built target cw2_team_13__rosidl_generator_c
[ 13%] Built target cw2_team_13__cpp
[ 13%] Built target ament_cmake_python_copy_cw2_team_13
[35m[1mConsolidate compiler generated dependencies of target cw2_team_13__rosidl_typesupport_c[0m
[35m[1mConsolidate compiler generated dependencies of target cw2_team_13__rosidl_typesupport_introspection_c[0m
[35m[1mConsolidate compiler generated dependencies of target cw2_team_13__rosidl_typesupport_fastrtps_c[0m
[35m[1mConsolidate compiler generated dependencies of target cw2_team_13__rosidl_typesupport_cpp[0m
[35m[1mConsolidate compiler generated dependencies of target cw2_team_13__rosidl_typesupport_fastrtps_cpp[0m
[35m[1mConsolidate compiler generated dependencies of target cw2_team_13__rosidl_typesupport_introspection_cpp[0m
[ 22%] Built target cw2_team_13__rosidl_typesupport_introspection_c
[ 30%] Built target cw2_team_13__rosidl_typesupport_c
[ 38%] Built target cw2_team_13__rosidl_typesupport_cpp
[ 47%] Built target cw2_team_13__rosidl_typesupport_fastrtps_cpp
[ 55%] Built target cw2_team_13__rosidl_typesupport_fastrtps_c
[ 63%] Built target cw2_team_13__rosidl_typesupport_introspection_cpp
[35m[1mConsolidate compiler generated dependencies of target cw2_team_13_cw2_class_lib[0m
[ 63%] Built target cw2_team_13
[ 66%] Built target cw2_team_13__py
[ 69%] [32mBuilding CXX object CMakeFiles/cw2_team_13_cw2_class_lib.dir/src/cw2_class.cpp.o[0m
[35m[1mConsolidate compiler generated dependencies of target cw2_team_13__rosidl_generator_py[0m
[ 75%] Built target cw2_team_13__rosidl_generator_py
[35m[1mConsolidate compiler generated dependencies of target cw2_team_13__rosidl_typesupport_introspection_c__pyext[0m
[35m[1mConsolidate compiler generated dependencies of target cw2_team_13__rosidl_typesupport_fastrtps_c__pyext[0m
[35m[1mConsolidate compiler generated dependencies of target cw2_team_13__rosidl_typesupport_c__pyext[0m
[ 80%] Built target cw2_team_13__rosidl_typesupport_introspection_c__pyext
[ 86%] Built target cw2_team_13__rosidl_typesupport_fastrtps_c__pyext
[ 91%] Built target cw2_team_13__rosidl_typesupport_c__pyext
running egg_info
writing cw2_team_13.egg-info/PKG-INFO
writing dependency_links to cw2_team_13.egg-info/dependency_links.txt
writing top-level names to cw2_team_13.egg-info/top_level.txt
reading manifest file 'cw2_team_13.egg-info/SOURCES.txt'
writing manifest file 'cw2_team_13.egg-info/SOURCES.txt'
[ 91%] Built target ament_cmake_python_build_cw2_team_13_egg
[01m[K/home/hashim/Desktop/comp0250_s26_labs/src/courseworks/cw2_team_13/src/cw2_class.cpp:189:42:[m[K [01;31m[Kerror: [m[Kno declaration matches ‘[01m[Ksensor_msgs::msg::PointCloud2_<std::allocator<void> >::SharedPtr cw2::getLatestCloud()[m[K’
  189 | sensor_msgs::msg::PointCloud2::SharedPtr [01;31m[Kcw2[m[K::getLatestCloud()
      |                                          [01;31m[K^~~[m[K
[01m[K/home/hashim/Desktop/comp0250_s26_labs/src/courseworks/cw2_team_13/src/cw2_class.cpp:189:42:[m[K [01;36m[Knote: [m[Kno functions named ‘[01m[Ksensor_msgs::msg::PointCloud2_<std::allocator<void> >::SharedPtr cw2::getLatestCloud()[m[K’
In file included from [01m[K/home/hashim/Desktop/comp0250_s26_labs/src/courseworks/cw2_team_13/src/cw2_class.cpp:6[m[K:
[01m[K/home/hashim/Desktop/comp0250_s26_labs/src/courseworks/cw2_team_13/include/cw2_class.h:32:7:[m[K [01;36m[Knote: [m[K‘[01m[Kclass cw2[m[K’ defined here
   32 | class [01;36m[Kcw2[m[K
      |       [01;36m[K^~~[m[K
gmake[2]: *** [CMakeFiles/cw2_team_13_cw2_class_lib.dir/build.make:76: CMakeFiles/cw2_team_13_cw2_class_lib.dir/src/cw2_class.cpp.o] Error 1
gmake[1]: *** [CMakeFiles/Makefile2:614: CMakeFiles/cw2_team_13_cw2_class_lib.dir/all] Error 2
gmake: *** [Makefile:146: all] Error 2
