[100%] Built target pcl_demo_node
-- Install configuration: "Release"
-- Up-to-date: /home/hashim/Desktop/comp0250_s26_labs/install/pcl_demo/lib/pcl_demo/pcl_demo_node
-- Up-to-date: /home/hashim/Desktop/comp0250_s26_labs/install/pcl_demo/include/
-- Up-to-date: /home/hashim/Desktop/comp0250_s26_labs/install/pcl_demo/include//pcl_demo
-- Up-to-date: /home/hashim/Desktop/comp0250_s26_labs/install/pcl_demo/include//pcl_demo/pcl_demo.hpp
-- Up-to-date: /home/hashim/Desktop/comp0250_s26_labs/install/pcl_demo/share/ament_index/resource_index/package_run_dependencies/pcl_demo
-- Up-to-date: /home/hashim/Desktop/comp0250_s26_labs/install/pcl_demo/share/ament_index/resource_index/parent_prefix_path/pcl_demo
-- Up-to-date: /home/hashim/Desktop/comp0250_s26_labs/install/pcl_demo/share/pcl_demo/environment/ament_prefix_path.sh
-- Up-to-date: /home/hashim/Desktop/comp0250_s26_labs/install/pcl_demo/share/pcl_demo/environment/ament_prefix_path.dsv
-- Up-to-date: /home/hashim/Desktop/comp0250_s26_labs/install/pcl_demo/share/pcl_demo/environment/path.sh
-- Up-to-date: /home/hashim/Desktop/comp0250_s26_labs/install/pcl_demo/share/pcl_demo/environment/path.dsv
-- Up-to-date: /home/hashim/Desktop/comp0250_s26_labs/install/pcl_demo/share/pcl_demo/local_setup.bash
-- Up-to-date: /home/hashim/Desktop/comp0250_s26_labs/install/pcl_demo/share/pcl_demo/local_setup.sh
-- Up-to-date: /home/hashim/Desktop/comp0250_s26_labs/install/pcl_demo/share/pcl_demo/local_setup.zsh
-- Up-to-date: /home/hashim/Desktop/comp0250_s26_labs/install/pcl_demo/share/pcl_demo/local_setup.dsv
-- Up-to-date: /home/hashim/Desktop/comp0250_s26_labs/install/pcl_demo/share/pcl_demo/package.dsv
-- Up-to-date: /home/hashim/Desktop/comp0250_s26_labs/install/pcl_demo/share/ament_index/resource_index/packages/pcl_demo
-- Up-to-date: /home/hashim/Desktop/comp0250_s26_labs/install/pcl_demo/share/pcl_demo/cmake/pcl_demoConfig.cmake
-- Up-to-date: /home/hashim/Desktop/comp0250_s26_labs/install/pcl_demo/share/pcl_demo/cmake/pcl_demoConfig-version.cmake
-- Up-to-date: /home/hashim/Desktop/comp0250_s26_labs/install/pcl_demo/share/pcl_demo/package.xml
