[0.017s] Invoking command in '/home/hashim/Desktop/comp0250_s26_labs/build/pcl_tutorial': CMAKE_PREFIX_PATH=${CMAKE_PREFIX_PATH}:/opt/ros/humble /usr/bin/cmake /home/hashim/Desktop/comp0250_s26_labs/src/labs/pcl_tutorial -DCMAKE_INSTALL_PREFIX=/home/hashim/Desktop/comp0250_s26_labs/install/pcl_tutorial
[0.022s] -- Found ament_cmake: 1.3.14 (/opt/ros/humble/share/ament_cmake/cmake)
[0.130s] -- Found rclcpp: 16.0.19 (/opt/ros/humble/share/rclcpp/cmake)
[0.163s] -- Found rosidl_generator_c: 3.1.8 (/opt/ros/humble/share/rosidl_generator_c/cmake)
[0.166s] -- Found rosidl_adapter: 3.1.8 (/opt/ros/humble/share/rosidl_adapter/cmake)
[0.172s] -- Found rosidl_generator_cpp: 3.1.8 (/opt/ros/humble/share/rosidl_generator_cpp/cmake)
[0.183s] -- Using all available rosidl_typesupport_c: rosidl_typesupport_fastrtps_c;rosidl_typesupport_introspection_c
[0.195s] -- Using all available rosidl_typesupport_cpp: rosidl_typesupport_fastrtps_cpp;rosidl_typesupport_introspection_cpp
[0.228s] -- Found rmw_implementation_cmake: 6.1.2 (/opt/ros/humble/share/rmw_implementation_cmake/cmake)
[0.230s] -- Found rmw_fastrtps_cpp: 6.2.10 (/opt/ros/humble/share/rmw_fastrtps_cpp/cmake)
[0.330s] -- Using RMW implementation 'rmw_fastrtps_cpp' as default
[0.362s] -- Found sensor_msgs: 4.9.1 (/opt/ros/humble/share/sensor_msgs/cmake)
[0.382s] -- Found pcl_conversions: 2.4.5 (/opt/ros/humble/share/pcl_conversions/cmake)
[0.410s] -- Eigen found (include: /usr/include/eigen3, version: 3.4.0)
[0.433s] -- FLANN found (include: /usr/include, lib: /usr/lib/x86_64-linux-gnu/libflann_cpp.so)
[0.707s] -- OpenNI found (version: 1.5.4.0, include: /usr/include/ni, lib: /usr/lib/libOpenNI.so;libusb::libusb)
[0.712s] -- OpenNI2 found (version: 2.2.0.33, include: /usr/include/openni2, lib: /usr/lib/x86_64-linux-gnu/libOpenNI2.so;libusb::libusb)
[0.832s] -- Eigen found (include: /usr/include/eigen3, version: 3.4.0)
[0.837s] -- OpenNI found (version: 1.5.4.0, include: /usr/include/ni, lib: /usr/lib/libOpenNI.so;libusb::libusb)
[0.842s] -- OpenNI2 found (version: 2.2.0.33, include: /usr/include/openni2, lib: /usr/lib/x86_64-linux-gnu/libOpenNI2.so;libusb::libusb)
[1.011s] -- Found Qhull version 8.0.2
[1.204s] -- OpenNI found (version: 1.5.4.0, include: /usr/include/ni, lib: /usr/lib/libOpenNI.so;libusb::libusb)
[1.539s] -- Found tf2: 0.25.20 (/opt/ros/humble/share/tf2/cmake)
[1.548s] -- Found tf2_ros: 0.25.20 (/opt/ros/humble/share/tf2_ros/cmake)
[1.722s] -- Found tf2_geometry_msgs: 0.25.20 (/opt/ros/humble/share/tf2_geometry_msgs/cmake)
[1.727s] -- Found eigen3_cmake_module: 0.1.1 (/opt/ros/humble/share/eigen3_cmake_module/cmake)
[1.734s] -- Ensuring Eigen3 include directory is part of orocos-kdl CMake target
[1.782s] -- Found ament_lint_auto: 0.12.15 (/opt/ros/humble/share/ament_lint_auto/cmake)
[1.992s] -- Added test 'cppcheck' to perform static code analysis on C / C++ code
[1.994s] -- Configured cppcheck include dirs: /home/hashim/Desktop/comp0250_s26_labs/src/labs/pcl_tutorial/include
[1.994s] -- Configured cppcheck exclude dirs and/or files: 
[1.996s] -- Added test 'flake8' to check Python code syntax and style conventions
[1.996s] -- Added test 'lint_cmake' to check CMake code style
[1.996s] -- Added test 'pep257' to check Python code against some of the docstring style conventions in PEP 257
[2.004s] -- Added test 'uncrustify' to check C / C++ code style
[2.005s] -- Configured uncrustify additional arguments: 
[2.006s] -- Added test 'xmllint' to check XML markup files
[2.006s] -- Configuring done
[2.067s] -- Generating done
[2.089s] -- Build files have been written to: /home/hashim/Desktop/comp0250_s26_labs/build/pcl_tutorial
[2.122s] Invoked command in '/home/hashim/Desktop/comp0250_s26_labs/build/pcl_tutorial' returned '0': CMAKE_PREFIX_PATH=${CMAKE_PREFIX_PATH}:/opt/ros/humble /usr/bin/cmake /home/hashim/Desktop/comp0250_s26_labs/src/labs/pcl_tutorial -DCMAKE_INSTALL_PREFIX=/home/hashim/Desktop/comp0250_s26_labs/install/pcl_tutorial
[2.128s] Invoking command in '/home/hashim/Desktop/comp0250_s26_labs/build/pcl_tutorial': CMAKE_PREFIX_PATH=${CMAKE_PREFIX_PATH}:/opt/ros/humble /usr/bin/cmake --build /home/hashim/Desktop/comp0250_s26_labs/build/pcl_tutorial -- -j20 -l20
[2.228s] [35m[1mConsolidate compiler generated dependencies of target pcl_tutorial_node[0m
[2.285s] [100%] Built target pcl_tutorial_node
[2.309s] Invoked command in '/home/hashim/Desktop/comp0250_s26_labs/build/pcl_tutorial' returned '0': CMAKE_PREFIX_PATH=${CMAKE_PREFIX_PATH}:/opt/ros/humble /usr/bin/cmake --build /home/hashim/Desktop/comp0250_s26_labs/build/pcl_tutorial -- -j20 -l20
[2.312s] Invoking command in '/home/hashim/Desktop/comp0250_s26_labs/build/pcl_tutorial': CMAKE_PREFIX_PATH=${CMAKE_PREFIX_PATH}:/opt/ros/humble /usr/bin/cmake --install /home/hashim/Desktop/comp0250_s26_labs/build/pcl_tutorial
[2.327s] -- Install configuration: "Release"
[2.328s] -- Up-to-date: /home/hashim/Desktop/comp0250_s26_labs/install/pcl_tutorial/lib/pcl_tutorial/pcl_tutorial_node
[2.329s] -- Up-to-date: /home/hashim/Desktop/comp0250_s26_labs/install/pcl_tutorial/share/pcl_tutorial/launch
[2.329s] -- Up-to-date: /home/hashim/Desktop/comp0250_s26_labs/install/pcl_tutorial/share/pcl_tutorial/launch/pcl_tutorial.launch.yaml
[2.330s] -- Up-to-date: /home/hashim/Desktop/comp0250_s26_labs/install/pcl_tutorial/share/pcl_tutorial/launch/pcl_tutorial.launch.xml
[2.330s] -- Up-to-date: /home/hashim/Desktop/comp0250_s26_labs/install/pcl_tutorial/share/pcl_tutorial/launch/pcl_tutorial.launch.py
[2.330s] -- Up-to-date: /home/hashim/Desktop/comp0250_s26_labs/install/pcl_tutorial/share/pcl_tutorial/config
[2.330s] -- Up-to-date: /home/hashim/Desktop/comp0250_s26_labs/install/pcl_tutorial/share/pcl_tutorial/config/pcl_tutorial.yaml
[2.330s] -- Up-to-date: /home/hashim/Desktop/comp0250_s26_labs/install/pcl_tutorial/share/pcl_tutorial/rviz
[2.332s] -- Up-to-date: /home/hashim/Desktop/comp0250_s26_labs/install/pcl_tutorial/share/pcl_tutorial/rviz/pcl_tutorial.rviz
[2.332s] -- Up-to-date: /home/hashim/Desktop/comp0250_s26_labs/install/pcl_tutorial/share/ament_index/resource_index/package_run_dependencies/pcl_tutorial
[2.332s] -- Installing: /home/hashim/Desktop/comp0250_s26_labs/install/pcl_tutorial/share/ament_index/resource_index/parent_prefix_path/pcl_tutorial
[2.332s] -- Up-to-date: /home/hashim/Desktop/comp0250_s26_labs/install/pcl_tutorial/share/pcl_tutorial/environment/ament_prefix_path.sh
[2.332s] -- Installing: /home/hashim/Desktop/comp0250_s26_labs/install/pcl_tutorial/share/pcl_tutorial/environment/ament_prefix_path.dsv
[2.332s] -- Up-to-date: /home/hashim/Desktop/comp0250_s26_labs/install/pcl_tutorial/share/pcl_tutorial/environment/path.sh
[2.332s] -- Installing: /home/hashim/Desktop/comp0250_s26_labs/install/pcl_tutorial/share/pcl_tutorial/environment/path.dsv
[2.332s] -- Up-to-date: /home/hashim/Desktop/comp0250_s26_labs/install/pcl_tutorial/share/pcl_tutorial/local_setup.bash
[2.332s] -- Up-to-date: /home/hashim/Desktop/comp0250_s26_labs/install/pcl_tutorial/share/pcl_tutorial/local_setup.sh
[2.332s] -- Up-to-date: /home/hashim/Desktop/comp0250_s26_labs/install/pcl_tutorial/share/pcl_tutorial/local_setup.zsh
[2.333s] -- Installing: /home/hashim/Desktop/comp0250_s26_labs/install/pcl_tutorial/share/pcl_tutorial/local_setup.dsv
[2.333s] -- Installing: /home/hashim/Desktop/comp0250_s26_labs/install/pcl_tutorial/share/pcl_tutorial/package.dsv
[2.333s] -- Up-to-date: /home/hashim/Desktop/comp0250_s26_labs/install/pcl_tutorial/share/ament_index/resource_index/packages/pcl_tutorial
[2.333s] -- Up-to-date: /home/hashim/Desktop/comp0250_s26_labs/install/pcl_tutorial/share/pcl_tutorial/cmake/pcl_tutorialConfig.cmake
[2.333s] -- Up-to-date: /home/hashim/Desktop/comp0250_s26_labs/install/pcl_tutorial/share/pcl_tutorial/cmake/pcl_tutorialConfig-version.cmake
[2.333s] -- Up-to-date: /home/hashim/Desktop/comp0250_s26_labs/install/pcl_tutorial/share/pcl_tutorial/package.xml
[2.353s] Invoked command in '/home/hashim/Desktop/comp0250_s26_labs/build/pcl_tutorial' returned '0': CMAKE_PREFIX_PATH=${CMAKE_PREFIX_PATH}:/opt/ros/humble /usr/bin/cmake --install /home/hashim/Desktop/comp0250_s26_labs/build/pcl_tutorial
