[0.020s] Invoking command in '/home/hashim/Desktop/comp0250_s26_labs/build/cw1_world_spawner': CMAKE_PREFIX_PATH=${CMAKE_PREFIX_PATH}:/opt/ros/humble /usr/bin/cmake --build /home/hashim/Desktop/comp0250_s26_labs/build/cw1_world_spawner -- -j20 -l20
[0.066s] [  1%] Built target cw1_world_spawner__rs
[0.071s] [ 12%] Built target cw1_world_spawner__rosidl_generator_c
[0.071s] [ 14%] Built target cw1_world_spawner__cpp
[0.086s] [ 14%] Built target ament_cmake_python_copy_cw1_world_spawner
[0.087s] [ 14%] Built target ament_cmake_python_copy_coursework_world_spawner_lib
[0.089s] [ 25%] Built target cw1_world_spawner__rosidl_typesupport_c
[0.089s] [ 35%] Built target cw1_world_spawner__rosidl_typesupport_introspection_c
[0.091s] [ 46%] Built target cw1_world_spawner__rosidl_typesupport_fastrtps_c
[0.091s] [ 57%] Built target cw1_world_spawner__rosidl_typesupport_fastrtps_cpp
[0.091s] [ 67%] Built target cw1_world_spawner__rosidl_typesupport_introspection_cpp
[0.092s] [ 78%] Built target cw1_world_spawner__rosidl_typesupport_cpp
[0.111s] [ 78%] Built target cw1_world_spawner
[0.131s] [ 80%] Built target cw1_world_spawner__py
[0.151s] [ 89%] Built target cw1_world_spawner__rosidl_generator_py
[0.166s] [ 92%] Built target cw1_world_spawner__rosidl_typesupport_fastrtps_c__pyext
[0.169s] [ 96%] Built target cw1_world_spawner__rosidl_typesupport_c__pyext
[0.169s] [100%] Built target cw1_world_spawner__rosidl_typesupport_introspection_c__pyext
[0.275s] running egg_info
[0.276s] writing cw1_world_spawner.egg-info/PKG-INFO
[0.276s] writing dependency_links to cw1_world_spawner.egg-info/dependency_links.txt
[0.276s] writing top-level names to cw1_world_spawner.egg-info/top_level.txt
[0.277s] running egg_info
[0.277s] writing coursework_world_spawner_lib.egg-info/PKG-INFO
[0.277s] writing dependency_links to coursework_world_spawner_lib.egg-info/dependency_links.txt
[0.277s] writing top-level names to coursework_world_spawner_lib.egg-info/top_level.txt
[0.277s] reading manifest file 'cw1_world_spawner.egg-info/SOURCES.txt'
[0.278s] writing manifest file 'cw1_world_spawner.egg-info/SOURCES.txt'
[0.279s] reading manifest file 'coursework_world_spawner_lib.egg-info/SOURCES.txt'
[0.279s] writing manifest file 'coursework_world_spawner_lib.egg-info/SOURCES.txt'
[0.300s] [100%] Built target ament_cmake_python_build_cw1_world_spawner_egg
[0.301s] [100%] Built target ament_cmake_python_build_coursework_world_spawner_lib_egg
[0.310s] Invoked command in '/home/hashim/Desktop/comp0250_s26_labs/build/cw1_world_spawner' returned '0': CMAKE_PREFIX_PATH=${CMAKE_PREFIX_PATH}:/opt/ros/humble /usr/bin/cmake --build /home/hashim/Desktop/comp0250_s26_labs/build/cw1_world_spawner -- -j20 -l20
[0.311s] Invoking command in '/home/hashim/Desktop/comp0250_s26_labs/build/cw1_world_spawner': CMAKE_PREFIX_PATH=${CMAKE_PREFIX_PATH}:/opt/ros/humble /usr/bin/cmake --install /home/hashim/Desktop/comp0250_s26_labs/build/cw1_world_spawner
[0.318s] -- Install configuration: "Release"
[0.318s] -- Up-to-date: /home/hashim/Desktop/comp0250_s26_labs/install/cw1_world_spawner/share/ament_index/resource_index/rosidl_interfaces/cw1_world_spawner
[0.318s] -- Up-to-date: /home/hashim/Desktop/comp0250_s26_labs/install/cw1_world_spawner/include/cw1_world_spawner/cw1_world_spawner
[0.318s] -- Up-to-date: /home/hashim/Desktop/comp0250_s26_labs/install/cw1_world_spawner/include/cw1_world_spawner/cw1_world_spawner/msg
[0.318s] -- Up-to-date: /home/hashim/Desktop/comp0250_s26_labs/install/cw1_world_spawner/include/cw1_world_spawner/cw1_world_spawner/msg/rosidl_generator_c__visibility_control.h
[0.318s] -- Up-to-date: /home/hashim/Desktop/comp0250_s26_labs/install/cw1_world_spawner/include/cw1_world_spawner/cw1_world_spawner/srv
[0.318s] -- Up-to-date: /home/hashim/Desktop/comp0250_s26_labs/install/cw1_world_spawner/include/cw1_world_spawner/cw1_world_spawner/srv/task_setup.h
[0.318s] -- Up-to-date: /home/hashim/Desktop/comp0250_s26_labs/install/cw1_world_spawner/include/cw1_world_spawner/cw1_world_spawner/srv/detail
[0.319s] -- Up-to-date: /home/hashim/Desktop/comp0250_s26_labs/install/cw1_world_spawner/include/cw1_world_spawner/cw1_world_spawner/srv/detail/task3_service__struct.h
[0.319s] -- Up-to-date: /home/hashim/Desktop/comp0250_s26_labs/install/cw1_world_spawner/include/cw1_world_spawner/cw1_world_spawner/srv/detail/task_setup__struct.h
[0.319s] -- Up-to-date: /home/hashim/Desktop/comp0250_s26_labs/install/cw1_world_spawner/include/cw1_world_spawner/cw1_world_spawner/srv/detail/task_setup__functions.h
[0.319s] -- Up-to-date: /home/hashim/Desktop/comp0250_s26_labs/install/cw1_world_spawner/include/cw1_world_spawner/cw1_world_spawner/srv/detail/task1_service__type_support.h
[0.319s] -- Up-to-date: /home/hashim/Desktop/comp0250_s26_labs/install/cw1_world_spawner/include/cw1_world_spawner/cw1_world_spawner/srv/detail/task2_service__struct.h
[0.319s] -- Up-to-date: /home/hashim/Desktop/comp0250_s26_labs/install/cw1_world_spawner/include/cw1_world_spawner/cw1_world_spawner/srv/detail/task_setup__type_support.h
[0.319s] -- Up-to-date: /home/hashim/Desktop/comp0250_s26_labs/install/cw1_world_spawner/include/cw1_world_spawner/cw1_world_spawner/srv/detail/task3_service__type_support.h
[0.319s] -- Up-to-date: /home/hashim/Desktop/comp0250_s26_labs/install/cw1_world_spawner/include/cw1_world_spawner/cw1_world_spawner/srv/detail/task1_service__functions.h
[0.319s] -- Up-to-date: /home/hashim/Desktop/comp0250_s26_labs/install/cw1_world_spawner/include/cw1_world_spawner/cw1_world_spawner/srv/detail/task1_service__struct.h
[0.319s] -- Up-to-date: /home/hashim/Desktop/comp0250_s26_labs/install/cw1_world_spawner/include/cw1_world_spawner/cw1_world_spawner/srv/detail/task3_service__functions.h
[0.319s] -- Up-to-date: /home/hashim/Desktop/comp0250_s26_labs/install/cw1_world_spawner/include/cw1_world_spawner/cw1_world_spawner/srv/detail/task1_service__functions.c
[0.319s] -- Up-to-date: /home/hashim/Desktop/comp0250_s26_labs/install/cw1_world_spawner/include/cw1_world_spawner/cw1_world_spawner/srv/detail/task3_service__functions.c
[0.319s] -- Up-to-date: /home/hashim/Desktop/comp0250_s26_labs/install/cw1_world_spawner/include/cw1_world_spawner/cw1_world_spawner/srv/detail/task2_service__functions.c
[0.319s] -- Up-to-date: /home/hashim/Desktop/comp0250_s26_labs/install/cw1_world_spawner/include/cw1_world_spawner/cw1_world_spawner/srv/detail/task_setup__functions.c
[0.319s] -- Up-to-date: /home/hashim/Desktop/comp0250_s26_labs/install/cw1_world_spawner/include/cw1_world_spawner/cw1_world_spawner/srv/detail/task2_service__functions.h
[0.319s] -- Up-to-date: /home/hashim/Desktop/comp0250_s26_labs/install/cw1_world_spawner/include/cw1_world_spawner/cw1_world_spawner/srv/detail/task2_service__type_support.h
[0.319s] -- Up-to-date: /home/hashim/Desktop/comp0250_s26_labs/install/cw1_world_spawner/include/cw1_world_spawner/cw1_world_spawner/srv/task2_service.h
[0.319s] -- Up-to-date: /home/hashim/Desktop/comp0250_s26_labs/install/cw1_world_spawner/include/cw1_world_spawner/cw1_world_spawner/srv/task1_service.h
[0.319s] -- Up-to-date: /home/hashim/Desktop/comp0250_s26_labs/install/cw1_world_spawner/include/cw1_world_spawner/cw1_world_spawner/srv/task3_service.h
[0.319s] -- Up-to-date: /home/hashim/Desktop/comp0250_s26_labs/install/cw1_world_spawner/share/cw1_world_spawner/environment/library_path.sh
[0.319s] -- Up-to-date: /home/hashim/Desktop/comp0250_s26_labs/install/cw1_world_spawner/share/cw1_world_spawner/environment/library_path.dsv
[0.319s] -- Up-to-date: /home/hashim/Desktop/comp0250_s26_labs/install/cw1_world_spawner/lib/libcw1_world_spawner__rosidl_generator_c.so
[0.319s] -- Up-to-date: /home/hashim/Desktop/comp0250_s26_labs/install/cw1_world_spawner/include/cw1_world_spawner/cw1_world_spawner
[0.319s] -- Up-to-date: /home/hashim/Desktop/comp0250_s26_labs/install/cw1_world_spawner/include/cw1_world_spawner/cw1_world_spawner/msg
[0.319s] -- Up-to-date: /home/hashim/Desktop/comp0250_s26_labs/install/cw1_world_spawner/include/cw1_world_spawner/cw1_world_spawner/msg/rosidl_typesupport_fastrtps_c__visibility_control.h
[0.319s] -- Up-to-date: /home/hashim/Desktop/comp0250_s26_labs/install/cw1_world_spawner/include/cw1_world_spawner/cw1_world_spawner/srv
[0.319s] -- Up-to-date: /home/hashim/Desktop/comp0250_s26_labs/install/cw1_world_spawner/include/cw1_world_spawner/cw1_world_spawner/srv/detail
[0.319s] -- Up-to-date: /home/hashim/Desktop/comp0250_s26_labs/install/cw1_world_spawner/include/cw1_world_spawner/cw1_world_spawner/srv/detail/task2_service__rosidl_typesupport_fastrtps_c.h
[0.319s] -- Up-to-date: /home/hashim/Desktop/comp0250_s26_labs/install/cw1_world_spawner/include/cw1_world_spawner/cw1_world_spawner/srv/detail/task1_service__rosidl_typesupport_fastrtps_c.h
[0.319s] -- Up-to-date: /home/hashim/Desktop/comp0250_s26_labs/install/cw1_world_spawner/include/cw1_world_spawner/cw1_world_spawner/srv/detail/task3_service__rosidl_typesupport_fastrtps_c.h
[0.319s] -- Up-to-date: /home/hashim/Desktop/comp0250_s26_labs/install/cw1_world_spawner/include/cw1_world_spawner/cw1_world_spawner/srv/detail/task_setup__rosidl_typesupport_fastrtps_c.h
[0.319s] -- Up-to-date: /home/hashim/Desktop/comp0250_s26_labs/install/cw1_world_spawner/lib/libcw1_world_spawner__rosidl_typesupport_fastrtps_c.so
[0.320s] -- Up-to-date: /home/hashim/Desktop/comp0250_s26_labs/install/cw1_world_spawner/include/cw1_world_spawner/cw1_world_spawner
[0.320s] -- Up-to-date: /home/hashim/Desktop/comp0250_s26_labs/install/cw1_world_spawner/include/cw1_world_spawner/cw1_world_spawner/msg
[0.320s] -- Up-to-date: /home/hashim/Desktop/comp0250_s26_labs/install/cw1_world_spawner/include/cw1_world_spawner/cw1_world_spawner/msg/rosidl_typesupport_introspection_c__visibility_control.h
[0.320s] -- Up-to-date: /home/hashim/Desktop/comp0250_s26_labs/install/cw1_world_spawner/include/cw1_world_spawner/cw1_world_spawner/srv
[0.320s] -- Up-to-date: /home/hashim/Desktop/comp0250_s26_labs/install/cw1_world_spawner/include/cw1_world_spawner/cw1_world_spawner/srv/detail
[0.320s] -- Up-to-date: /home/hashim/Desktop/comp0250_s26_labs/install/cw1_world_spawner/include/cw1_world_spawner/cw1_world_spawner/srv/detail/task3_service__rosidl_typesupport_introspection_c.h
[0.320s] -- Up-to-date: /home/hashim/Desktop/comp0250_s26_labs/install/cw1_world_spawner/include/cw1_world_spawner/cw1_world_spawner/srv/detail/task1_service__type_support.c
[0.320s] -- Up-to-date: /home/hashim/Desktop/comp0250_s26_labs/install/cw1_world_spawner/include/cw1_world_spawner/cw1_world_spawner/srv/detail/task_setup__rosidl_typesupport_introspection_c.h
[0.320s] -- Up-to-date: /home/hashim/Desktop/comp0250_s26_labs/install/cw1_world_spawner/include/cw1_world_spawner/cw1_world_spawner/srv/detail/task_setup__type_support.c
[0.320s] -- Up-to-date: /home/hashim/Desktop/comp0250_s26_labs/install/cw1_world_spawner/include/cw1_world_spawner/cw1_world_spawner/srv/detail/task2_service__type_support.c
[0.320s] -- Up-to-date: /home/hashim/Desktop/comp0250_s26_labs/install/cw1_world_spawner/include/cw1_world_spawner/cw1_world_spawner/srv/detail/task2_service__rosidl_typesupport_introspection_c.h
[0.320s] -- Up-to-date: /home/hashim/Desktop/comp0250_s26_labs/install/cw1_world_spawner/include/cw1_world_spawner/cw1_world_spawner/srv/detail/task3_service__type_support.c
[0.320s] -- Up-to-date: /home/hashim/Desktop/comp0250_s26_labs/install/cw1_world_spawner/include/cw1_world_spawner/cw1_world_spawner/srv/detail/task1_service__rosidl_typesupport_introspection_c.h
[0.320s] -- Up-to-date: /home/hashim/Desktop/comp0250_s26_labs/install/cw1_world_spawner/lib/libcw1_world_spawner__rosidl_typesupport_introspection_c.so
[0.320s] -- Up-to-date: /home/hashim/Desktop/comp0250_s26_labs/install/cw1_world_spawner/lib/libcw1_world_spawner__rosidl_typesupport_c.so
[0.320s] -- Up-to-date: /home/hashim/Desktop/comp0250_s26_labs/install/cw1_world_spawner/include/cw1_world_spawner/cw1_world_spawner
[0.320s] -- Up-to-date: /home/hashim/Desktop/comp0250_s26_labs/install/cw1_world_spawner/include/cw1_world_spawner/cw1_world_spawner/msg
[0.320s] -- Up-to-date: /home/hashim/Desktop/comp0250_s26_labs/install/cw1_world_spawner/include/cw1_world_spawner/cw1_world_spawner/msg/rosidl_generator_cpp__visibility_control.hpp
[0.320s] -- Up-to-date: /home/hashim/Desktop/comp0250_s26_labs/install/cw1_world_spawner/include/cw1_world_spawner/cw1_world_spawner/srv
[0.320s] -- Up-to-date: /home/hashim/Desktop/comp0250_s26_labs/install/cw1_world_spawner/include/cw1_world_spawner/cw1_world_spawner/srv/detail
[0.320s] -- Up-to-date: /home/hashim/Desktop/comp0250_s26_labs/install/cw1_world_spawner/include/cw1_world_spawner/cw1_world_spawner/srv/detail/task2_service__struct.hpp
[0.320s] -- Up-to-date: /home/hashim/Desktop/comp0250_s26_labs/install/cw1_world_spawner/include/cw1_world_spawner/cw1_world_spawner/srv/detail/task3_service__type_support.hpp
[0.320s] -- Up-to-date: /home/hashim/Desktop/comp0250_s26_labs/install/cw1_world_spawner/include/cw1_world_spawner/cw1_world_spawner/srv/detail/task3_service__traits.hpp
[0.320s] -- Up-to-date: /home/hashim/Desktop/comp0250_s26_labs/install/cw1_world_spawner/include/cw1_world_spawner/cw1_world_spawner/srv/detail/task2_service__traits.hpp
[0.320s] -- Up-to-date: /home/hashim/Desktop/comp0250_s26_labs/install/cw1_world_spawner/include/cw1_world_spawner/cw1_world_spawner/srv/detail/task2_service__type_support.hpp
[0.320s] -- Up-to-date: /home/hashim/Desktop/comp0250_s26_labs/install/cw1_world_spawner/include/cw1_world_spawner/cw1_world_spawner/srv/detail/task1_service__type_support.hpp
[0.320s] -- Up-to-date: /home/hashim/Desktop/comp0250_s26_labs/install/cw1_world_spawner/include/cw1_world_spawner/cw1_world_spawner/srv/detail/task_setup__struct.hpp
[0.320s] -- Up-to-date: /home/hashim/Desktop/comp0250_s26_labs/install/cw1_world_spawner/include/cw1_world_spawner/cw1_world_spawner/srv/detail/task1_service__traits.hpp
[0.320s] -- Up-to-date: /home/hashim/Desktop/comp0250_s26_labs/install/cw1_world_spawner/include/cw1_world_spawner/cw1_world_spawner/srv/detail/task1_service__builder.hpp
[0.320s] -- Up-to-date: /home/hashim/Desktop/comp0250_s26_labs/install/cw1_world_spawner/include/cw1_world_spawner/cw1_world_spawner/srv/detail/task_setup__type_support.hpp
[0.320s] -- Up-to-date: /home/hashim/Desktop/comp0250_s26_labs/install/cw1_world_spawner/include/cw1_world_spawner/cw1_world_spawner/srv/detail/task3_service__builder.hpp
[0.320s] -- Up-to-date: /home/hashim/Desktop/comp0250_s26_labs/install/cw1_world_spawner/include/cw1_world_spawner/cw1_world_spawner/srv/detail/task3_service__struct.hpp
[0.320s] -- Up-to-date: /home/hashim/Desktop/comp0250_s26_labs/install/cw1_world_spawner/include/cw1_world_spawner/cw1_world_spawner/srv/detail/task1_service__struct.hpp
[0.320s] -- Up-to-date: /home/hashim/Desktop/comp0250_s26_labs/install/cw1_world_spawner/include/cw1_world_spawner/cw1_world_spawner/srv/detail/task_setup__builder.hpp
[0.320s] -- Up-to-date: /home/hashim/Desktop/comp0250_s26_labs/install/cw1_world_spawner/include/cw1_world_spawner/cw1_world_spawner/srv/detail/task2_service__builder.hpp
[0.321s] -- Up-to-date: /home/hashim/Desktop/comp0250_s26_labs/install/cw1_world_spawner/include/cw1_world_spawner/cw1_world_spawner/srv/detail/task_setup__traits.hpp
[0.321s] -- Up-to-date: /home/hashim/Desktop/comp0250_s26_labs/install/cw1_world_spawner/include/cw1_world_spawner/cw1_world_spawner/srv/task2_service.hpp
[0.321s] -- Up-to-date: /home/hashim/Desktop/comp0250_s26_labs/install/cw1_world_spawner/include/cw1_world_spawner/cw1_world_spawner/srv/task1_service.hpp
[0.321s] -- Up-to-date: /home/hashim/Desktop/comp0250_s26_labs/install/cw1_world_spawner/include/cw1_world_spawner/cw1_world_spawner/srv/task_setup.hpp
[0.321s] -- Up-to-date: /home/hashim/Desktop/comp0250_s26_labs/install/cw1_world_spawner/include/cw1_world_spawner/cw1_world_spawner/srv/task3_service.hpp
[0.321s] -- Up-to-date: /home/hashim/Desktop/comp0250_s26_labs/install/cw1_world_spawner/include/cw1_world_spawner/cw1_world_spawner
[0.321s] -- Up-to-date: /home/hashim/Desktop/comp0250_s26_labs/install/cw1_world_spawner/include/cw1_world_spawner/cw1_world_spawner/msg
[0.321s] -- Up-to-date: /home/hashim/Desktop/comp0250_s26_labs/install/cw1_world_spawner/include/cw1_world_spawner/cw1_world_spawner/msg/rosidl_typesupport_fastrtps_cpp__visibility_control.h
[0.321s] -- Up-to-date: /home/hashim/Desktop/comp0250_s26_labs/install/cw1_world_spawner/include/cw1_world_spawner/cw1_world_spawner/srv
[0.321s] -- Up-to-date: /home/hashim/Desktop/comp0250_s26_labs/install/cw1_world_spawner/include/cw1_world_spawner/cw1_world_spawner/srv/detail
[0.321s] -- Up-to-date: /home/hashim/Desktop/comp0250_s26_labs/install/cw1_world_spawner/include/cw1_world_spawner/cw1_world_spawner/srv/detail/dds_fastrtps
[0.321s] -- Up-to-date: /home/hashim/Desktop/comp0250_s26_labs/install/cw1_world_spawner/include/cw1_world_spawner/cw1_world_spawner/srv/detail/task2_service__rosidl_typesupport_fastrtps_cpp.hpp
[0.321s] -- Up-to-date: /home/hashim/Desktop/comp0250_s26_labs/install/cw1_world_spawner/include/cw1_world_spawner/cw1_world_spawner/srv/detail/task3_service__rosidl_typesupport_fastrtps_cpp.hpp
[0.321s] -- Up-to-date: /home/hashim/Desktop/comp0250_s26_labs/install/cw1_world_spawner/include/cw1_world_spawner/cw1_world_spawner/srv/detail/task_setup__rosidl_typesupport_fastrtps_cpp.hpp
[0.321s] -- Up-to-date: /home/hashim/Desktop/comp0250_s26_labs/install/cw1_world_spawner/include/cw1_world_spawner/cw1_world_spawner/srv/detail/task1_service__rosidl_typesupport_fastrtps_cpp.hpp
[0.321s] -- Up-to-date: /home/hashim/Desktop/comp0250_s26_labs/install/cw1_world_spawner/lib/libcw1_world_spawner__rosidl_typesupport_fastrtps_cpp.so
[0.321s] -- Up-to-date: /home/hashim/Desktop/comp0250_s26_labs/install/cw1_world_spawner/include/cw1_world_spawner/cw1_world_spawner
[0.321s] -- Up-to-date: /home/hashim/Desktop/comp0250_s26_labs/install/cw1_world_spawner/include/cw1_world_spawner/cw1_world_spawner/srv
[0.321s] -- Up-to-date: /home/hashim/Desktop/comp0250_s26_labs/install/cw1_world_spawner/include/cw1_world_spawner/cw1_world_spawner/srv/detail
[0.321s] -- Up-to-date: /home/hashim/Desktop/comp0250_s26_labs/install/cw1_world_spawner/include/cw1_world_spawner/cw1_world_spawner/srv/detail/task2_service__type_support.cpp
[0.321s] -- Up-to-date: /home/hashim/Desktop/comp0250_s26_labs/install/cw1_world_spawner/include/cw1_world_spawner/cw1_world_spawner/srv/detail/task1_service__type_support.cpp
[0.321s] -- Up-to-date: /home/hashim/Desktop/comp0250_s26_labs/install/cw1_world_spawner/include/cw1_world_spawner/cw1_world_spawner/srv/detail/task_setup__type_support.cpp
[0.321s] -- Up-to-date: /home/hashim/Desktop/comp0250_s26_labs/install/cw1_world_spawner/include/cw1_world_spawner/cw1_world_spawner/srv/detail/task1_service__rosidl_typesupport_introspection_cpp.hpp
[0.321s] -- Up-to-date: /home/hashim/Desktop/comp0250_s26_labs/install/cw1_world_spawner/include/cw1_world_spawner/cw1_world_spawner/srv/detail/task2_service__rosidl_typesupport_introspection_cpp.hpp
[0.321s] -- Up-to-date: /home/hashim/Desktop/comp0250_s26_labs/install/cw1_world_spawner/include/cw1_world_spawner/cw1_world_spawner/srv/detail/task_setup__rosidl_typesupport_introspection_cpp.hpp
[0.321s] -- Up-to-date: /home/hashim/Desktop/comp0250_s26_labs/install/cw1_world_spawner/include/cw1_world_spawner/cw1_world_spawner/srv/detail/task3_service__type_support.cpp
[0.321s] -- Up-to-date: /home/hashim/Desktop/comp0250_s26_labs/install/cw1_world_spawner/include/cw1_world_spawner/cw1_world_spawner/srv/detail/task3_service__rosidl_typesupport_introspection_cpp.hpp
[0.321s] -- Up-to-date: /home/hashim/Desktop/comp0250_s26_labs/install/cw1_world_spawner/lib/libcw1_world_spawner__rosidl_typesupport_introspection_cpp.so
[0.321s] -- Up-to-date: /home/hashim/Desktop/comp0250_s26_labs/install/cw1_world_spawner/lib/libcw1_world_spawner__rosidl_typesupport_cpp.so
[0.321s] -- Up-to-date: /home/hashim/Desktop/comp0250_s26_labs/install/cw1_world_spawner/share/cw1_world_spawner/environment/pythonpath.sh
[0.321s] -- Up-to-date: /home/hashim/Desktop/comp0250_s26_labs/install/cw1_world_spawner/share/cw1_world_spawner/environment/pythonpath.dsv
[0.321s] -- Up-to-date: /home/hashim/Desktop/comp0250_s26_labs/install/cw1_world_spawner/local/lib/python3.10/dist-packages/cw1_world_spawner-0.1.0-py3.10.egg-info
[0.321s] -- Installing: /home/hashim/Desktop/comp0250_s26_labs/install/cw1_world_spawner/local/lib/python3.10/dist-packages/cw1_world_spawner-0.1.0-py3.10.egg-info/dependency_links.txt
[0.321s] -- Installing: /home/hashim/Desktop/comp0250_s26_labs/install/cw1_world_spawner/local/lib/python3.10/dist-packages/cw1_world_spawner-0.1.0-py3.10.egg-info/PKG-INFO
[0.321s] -- Installing: /home/hashim/Desktop/comp0250_s26_labs/install/cw1_world_spawner/local/lib/python3.10/dist-packages/cw1_world_spawner-0.1.0-py3.10.egg-info/SOURCES.txt
[0.321s] -- Installing: /home/hashim/Desktop/comp0250_s26_labs/install/cw1_world_spawner/local/lib/python3.10/dist-packages/cw1_world_spawner-0.1.0-py3.10.egg-info/top_level.txt
[0.321s] -- Up-to-date: /home/hashim/Desktop/comp0250_s26_labs/install/cw1_world_spawner/local/lib/python3.10/dist-packages/cw1_world_spawner
[0.321s] -- Up-to-date: /home/hashim/Desktop/comp0250_s26_labs/install/cw1_world_spawner/local/lib/python3.10/dist-packages/cw1_world_spawner/_cw1_world_spawner_s.ep.rosidl_typesupport_introspection_c.c
[0.321s] -- Up-to-date: /home/hashim/Desktop/comp0250_s26_labs/install/cw1_world_spawner/local/lib/python3.10/dist-packages/cw1_world_spawner/_cw1_world_spawner_s.ep.rosidl_typesupport_fastrtps_c.c
[0.321s] -- Up-to-date: /home/hashim/Desktop/comp0250_s26_labs/install/cw1_world_spawner/local/lib/python3.10/dist-packages/cw1_world_spawner/srv
[0.322s] -- Up-to-date: /home/hashim/Desktop/comp0250_s26_labs/install/cw1_world_spawner/local/lib/python3.10/dist-packages/cw1_world_spawner/srv/_task3_service_s.c
[0.322s] -- Up-to-date: /home/hashim/Desktop/comp0250_s26_labs/install/cw1_world_spawner/local/lib/python3.10/dist-packages/cw1_world_spawner/srv/_task2_service_s.c
[0.322s] -- Up-to-date: /home/hashim/Desktop/comp0250_s26_labs/install/cw1_world_spawner/local/lib/python3.10/dist-packages/cw1_world_spawner/srv/_task1_service_s.c
[0.322s] -- Up-to-date: /home/hashim/Desktop/comp0250_s26_labs/install/cw1_world_spawner/local/lib/python3.10/dist-packages/cw1_world_spawner/srv/_task1_service.py
[0.322s] -- Up-to-date: /home/hashim/Desktop/comp0250_s26_labs/install/cw1_world_spawner/local/lib/python3.10/dist-packages/cw1_world_spawner/srv/_task3_service.py
[0.322s] -- Up-to-date: /home/hashim/Desktop/comp0250_s26_labs/install/cw1_world_spawner/local/lib/python3.10/dist-packages/cw1_world_spawner/srv/_task_setup_s.c
[0.322s] -- Up-to-date: /home/hashim/Desktop/comp0250_s26_labs/install/cw1_world_spawner/local/lib/python3.10/dist-packages/cw1_world_spawner/srv/__init__.py
[0.322s] -- Up-to-date: /home/hashim/Desktop/comp0250_s26_labs/install/cw1_world_spawner/local/lib/python3.10/dist-packages/cw1_world_spawner/srv/_task_setup.py
[0.322s] -- Up-to-date: /home/hashim/Desktop/comp0250_s26_labs/install/cw1_world_spawner/local/lib/python3.10/dist-packages/cw1_world_spawner/srv/_task2_service.py
[0.322s] -- Up-to-date: /home/hashim/Desktop/comp0250_s26_labs/install/cw1_world_spawner/local/lib/python3.10/dist-packages/cw1_world_spawner/cw1_world_spawner_s__rosidl_typesupport_c.cpython-310-x86_64-linux-gnu.so
[0.322s] -- Up-to-date: /home/hashim/Desktop/comp0250_s26_labs/install/cw1_world_spawner/local/lib/python3.10/dist-packages/cw1_world_spawner/cw1_world_spawner_s__rosidl_typesupport_fastrtps_c.cpython-310-x86_64-linux-gnu.so
[0.322s] -- Up-to-date: /home/hashim/Desktop/comp0250_s26_labs/install/cw1_world_spawner/local/lib/python3.10/dist-packages/cw1_world_spawner/_cw1_world_spawner_s.ep.rosidl_typesupport_c.c
[0.322s] -- Up-to-date: /home/hashim/Desktop/comp0250_s26_labs/install/cw1_world_spawner/local/lib/python3.10/dist-packages/cw1_world_spawner/cw1_world_spawner_s__rosidl_typesupport_introspection_c.cpython-310-x86_64-linux-gnu.so
[0.322s] -- Up-to-date: /home/hashim/Desktop/comp0250_s26_labs/install/cw1_world_spawner/local/lib/python3.10/dist-packages/cw1_world_spawner/__init__.py
[0.322s] -- Up-to-date: /home/hashim/Desktop/comp0250_s26_labs/install/cw1_world_spawner/local/lib/python3.10/dist-packages/cw1_world_spawner/libcw1_world_spawner__rosidl_generator_py.so
[0.345s] Listing '/home/hashim/Desktop/comp0250_s26_labs/install/cw1_world_spawner/local/lib/python3.10/dist-packages/cw1_world_spawner'...
[0.345s] Listing '/home/hashim/Desktop/comp0250_s26_labs/install/cw1_world_spawner/local/lib/python3.10/dist-packages/cw1_world_spawner/srv'...
[0.347s] -- Up-to-date: /home/hashim/Desktop/comp0250_s26_labs/install/cw1_world_spawner/local/lib/python3.10/dist-packages/cw1_world_spawner/cw1_world_spawner_s__rosidl_typesupport_fastrtps_c.cpython-310-x86_64-linux-gnu.so
[0.347s] -- Up-to-date: /home/hashim/Desktop/comp0250_s26_labs/install/cw1_world_spawner/local/lib/python3.10/dist-packages/cw1_world_spawner/cw1_world_spawner_s__rosidl_typesupport_introspection_c.cpython-310-x86_64-linux-gnu.so
[0.347s] -- Up-to-date: /home/hashim/Desktop/comp0250_s26_labs/install/cw1_world_spawner/local/lib/python3.10/dist-packages/cw1_world_spawner/cw1_world_spawner_s__rosidl_typesupport_c.cpython-310-x86_64-linux-gnu.so
[0.347s] -- Up-to-date: /home/hashim/Desktop/comp0250_s26_labs/install/cw1_world_spawner/lib/libcw1_world_spawner__rosidl_generator_py.so
[0.347s] -- Up-to-date: /home/hashim/Desktop/comp0250_s26_labs/install/cw1_world_spawner/share/ament_index/resource_index/rust_packages/cw1_world_spawner
[0.347s] -- Up-to-date: /home/hashim/Desktop/comp0250_s26_labs/install/cw1_world_spawner/share/cw1_world_spawner/rust
[0.347s] -- Up-to-date: /home/hashim/Desktop/comp0250_s26_labs/install/cw1_world_spawner/share/cw1_world_spawner/rust/src
[0.347s] -- Up-to-date: /home/hashim/Desktop/comp0250_s26_labs/install/cw1_world_spawner/share/cw1_world_spawner/rust/src/lib.rs
[0.347s] -- Up-to-date: /home/hashim/Desktop/comp0250_s26_labs/install/cw1_world_spawner/share/cw1_world_spawner/rust/src/srv
[0.347s] -- Up-to-date: /home/hashim/Desktop/comp0250_s26_labs/install/cw1_world_spawner/share/cw1_world_spawner/rust/src/srv/rmw.rs
[0.347s] -- Up-to-date: /home/hashim/Desktop/comp0250_s26_labs/install/cw1_world_spawner/share/cw1_world_spawner/rust/src/srv.rs
[0.347s] -- Up-to-date: /home/hashim/Desktop/comp0250_s26_labs/install/cw1_world_spawner/share/cw1_world_spawner/rust/build.rs
[0.347s] -- Up-to-date: /home/hashim/Desktop/comp0250_s26_labs/install/cw1_world_spawner/share/cw1_world_spawner/rust/Cargo.toml
[0.347s] -- Up-to-date: /home/hashim/Desktop/comp0250_s26_labs/install/cw1_world_spawner/share/cw1_world_spawner/srv/TaskSetup.idl
[0.347s] -- Up-to-date: /home/hashim/Desktop/comp0250_s26_labs/install/cw1_world_spawner/share/cw1_world_spawner/srv/Task1Service.idl
[0.347s] -- Up-to-date: /home/hashim/Desktop/comp0250_s26_labs/install/cw1_world_spawner/share/cw1_world_spawner/srv/Task2Service.idl
[0.347s] -- Up-to-date: /home/hashim/Desktop/comp0250_s26_labs/install/cw1_world_spawner/share/cw1_world_spawner/srv/Task3Service.idl
[0.347s] -- Up-to-date: /home/hashim/Desktop/comp0250_s26_labs/install/cw1_world_spawner/share/cw1_world_spawner/srv/TaskSetup.srv
[0.347s] -- Up-to-date: /home/hashim/Desktop/comp0250_s26_labs/install/cw1_world_spawner/share/cw1_world_spawner/srv/TaskSetup_Request.msg
[0.347s] -- Up-to-date: /home/hashim/Desktop/comp0250_s26_labs/install/cw1_world_spawner/share/cw1_world_spawner/srv/TaskSetup_Response.msg
[0.347s] -- Up-to-date: /home/hashim/Desktop/comp0250_s26_labs/install/cw1_world_spawner/share/cw1_world_spawner/srv/Task1Service.srv
[0.347s] -- Up-to-date: /home/hashim/Desktop/comp0250_s26_labs/install/cw1_world_spawner/share/cw1_world_spawner/srv/Task1Service_Request.msg
[0.347s] -- Up-to-date: /home/hashim/Desktop/comp0250_s26_labs/install/cw1_world_spawner/share/cw1_world_spawner/srv/Task1Service_Response.msg
[0.347s] -- Up-to-date: /home/hashim/Desktop/comp0250_s26_labs/install/cw1_world_spawner/share/cw1_world_spawner/srv/Task2Service.srv
[0.347s] -- Up-to-date: /home/hashim/Desktop/comp0250_s26_labs/install/cw1_world_spawner/share/cw1_world_spawner/srv/Task2Service_Request.msg
[0.347s] -- Up-to-date: /home/hashim/Desktop/comp0250_s26_labs/install/cw1_world_spawner/share/cw1_world_spawner/srv/Task2Service_Response.msg
[0.347s] -- Up-to-date: /home/hashim/Desktop/comp0250_s26_labs/install/cw1_world_spawner/share/cw1_world_spawner/srv/Task3Service.srv
[0.348s] -- Up-to-date: /home/hashim/Desktop/comp0250_s26_labs/install/cw1_world_spawner/share/cw1_world_spawner/srv/Task3Service_Request.msg
[0.348s] -- Up-to-date: /home/hashim/Desktop/comp0250_s26_labs/install/cw1_world_spawner/share/cw1_world_spawner/srv/Task3Service_Response.msg
[0.348s] -- Up-to-date: /home/hashim/Desktop/comp0250_s26_labs/install/cw1_world_spawner/local/lib/python3.10/dist-packages/coursework_world_spawner_lib-0.1.0-py3.10.egg-info
[0.348s] -- Installing: /home/hashim/Desktop/comp0250_s26_labs/install/cw1_world_spawner/local/lib/python3.10/dist-packages/coursework_world_spawner_lib-0.1.0-py3.10.egg-info/dependency_links.txt
[0.348s] -- Installing: /home/hashim/Desktop/comp0250_s26_labs/install/cw1_world_spawner/local/lib/python3.10/dist-packages/coursework_world_spawner_lib-0.1.0-py3.10.egg-info/PKG-INFO
[0.348s] -- Installing: /home/hashim/Desktop/comp0250_s26_labs/install/cw1_world_spawner/local/lib/python3.10/dist-packages/coursework_world_spawner_lib-0.1.0-py3.10.egg-info/SOURCES.txt
[0.348s] -- Installing: /home/hashim/Desktop/comp0250_s26_labs/install/cw1_world_spawner/local/lib/python3.10/dist-packages/coursework_world_spawner_lib-0.1.0-py3.10.egg-info/top_level.txt
[0.348s] -- Up-to-date: /home/hashim/Desktop/comp0250_s26_labs/install/cw1_world_spawner/local/lib/python3.10/dist-packages/coursework_world_spawner_lib
[0.348s] -- Up-to-date: /home/hashim/Desktop/comp0250_s26_labs/install/cw1_world_spawner/local/lib/python3.10/dist-packages/coursework_world_spawner_lib/__init__.py
[0.348s] -- Up-to-date: /home/hashim/Desktop/comp0250_s26_labs/install/cw1_world_spawner/local/lib/python3.10/dist-packages/coursework_world_spawner_lib/coursework_world_spawner.py
[0.369s] Listing '/home/hashim/Desktop/comp0250_s26_labs/install/cw1_world_spawner/local/lib/python3.10/dist-packages/coursework_world_spawner_lib'...
[0.372s] -- Up-to-date: /home/hashim/Desktop/comp0250_s26_labs/install/cw1_world_spawner/lib/cw1_world_spawner/world_spawner.py
[0.372s] -- Up-to-date: /home/hashim/Desktop/comp0250_s26_labs/install/cw1_world_spawner/lib/cw1_world_spawner/test_coursework.py
[0.372s] -- Up-to-date: /home/hashim/Desktop/comp0250_s26_labs/install/cw1_world_spawner/share/cw1_world_spawner/models
[0.372s] -- Up-to-date: /home/hashim/Desktop/comp0250_s26_labs/install/cw1_world_spawner/share/cw1_world_spawner/models/object-golf-tile
[0.373s] -- Up-to-date: /home/hashim/Desktop/comp0250_s26_labs/install/cw1_world_spawner/share/cw1_world_spawner/models/object-golf-tile/model.config
[0.373s] -- Up-to-date: /home/hashim/Desktop/comp0250_s26_labs/install/cw1_world_spawner/share/cw1_world_spawner/models/object-golf-tile/model.sdf
[0.373s] -- Up-to-date: /home/hashim/Desktop/comp0250_s26_labs/install/cw1_world_spawner/share/cw1_world_spawner/models/basket_purple
[0.373s] -- Up-to-date: /home/hashim/Desktop/comp0250_s26_labs/install/cw1_world_spawner/share/cw1_world_spawner/models/basket_purple/model.config
[0.373s] -- Up-to-date: /home/hashim/Desktop/comp0250_s26_labs/install/cw1_world_spawner/share/cw1_world_spawner/models/basket_purple/model.sdf
[0.373s] -- Up-to-date: /home/hashim/Desktop/comp0250_s26_labs/install/cw1_world_spawner/share/cw1_world_spawner/models/basket_purple/model.sdf.xmacro
[0.373s] -- Up-to-date: /home/hashim/Desktop/comp0250_s26_labs/install/cw1_world_spawner/share/cw1_world_spawner/models/basket_red
[0.373s] -- Up-to-date: /home/hashim/Desktop/comp0250_s26_labs/install/cw1_world_spawner/share/cw1_world_spawner/models/basket_red/model.config
[0.373s] -- Up-to-date: /home/hashim/Desktop/comp0250_s26_labs/install/cw1_world_spawner/share/cw1_world_spawner/models/basket_red/model.sdf
[0.373s] -- Up-to-date: /home/hashim/Desktop/comp0250_s26_labs/install/cw1_world_spawner/share/cw1_world_spawner/models/basket_red/model.sdf.xmacro
[0.373s] -- Up-to-date: /home/hashim/Desktop/comp0250_s26_labs/install/cw1_world_spawner/share/cw1_world_spawner/models/box
[0.373s] -- Up-to-date: /home/hashim/Desktop/comp0250_s26_labs/install/cw1_world_spawner/share/cw1_world_spawner/models/box/model.config
[0.373s] -- Up-to-date: /home/hashim/Desktop/comp0250_s26_labs/install/cw1_world_spawner/share/cw1_world_spawner/models/box/model.sdf
[0.373s] -- Up-to-date: /home/hashim/Desktop/comp0250_s26_labs/install/cw1_world_spawner/share/cw1_world_spawner/models/basket
[0.373s] -- Up-to-date: /home/hashim/Desktop/comp0250_s26_labs/install/cw1_world_spawner/share/cw1_world_spawner/models/basket/model.config
[0.373s] -- Up-to-date: /home/hashim/Desktop/comp0250_s26_labs/install/cw1_world_spawner/share/cw1_world_spawner/models/basket/model.sdf
[0.373s] -- Up-to-date: /home/hashim/Desktop/comp0250_s26_labs/install/cw1_world_spawner/share/cw1_world_spawner/models/basket/model.sdf.xmacro
[0.373s] -- Up-to-date: /home/hashim/Desktop/comp0250_s26_labs/install/cw1_world_spawner/share/cw1_world_spawner/models/basket_blue
[0.373s] -- Up-to-date: /home/hashim/Desktop/comp0250_s26_labs/install/cw1_world_spawner/share/cw1_world_spawner/models/basket_blue/model.config
[0.373s] -- Up-to-date: /home/hashim/Desktop/comp0250_s26_labs/install/cw1_world_spawner/share/cw1_world_spawner/models/basket_blue/model.sdf
[0.373s] -- Up-to-date: /home/hashim/Desktop/comp0250_s26_labs/install/cw1_world_spawner/share/cw1_world_spawner/models/basket_blue/model.sdf.xmacro
[0.373s] -- Up-to-date: /home/hashim/Desktop/comp0250_s26_labs/install/cw1_world_spawner/share/cw1_world_spawner/models/box_red
[0.373s] -- Up-to-date: /home/hashim/Desktop/comp0250_s26_labs/install/cw1_world_spawner/share/cw1_world_spawner/models/box_red/model.config
[0.373s] -- Up-to-date: /home/hashim/Desktop/comp0250_s26_labs/install/cw1_world_spawner/share/cw1_world_spawner/models/box_red/model.sdf
[0.373s] -- Up-to-date: /home/hashim/Desktop/comp0250_s26_labs/install/cw1_world_spawner/share/cw1_world_spawner/models/box_purple
[0.373s] -- Up-to-date: /home/hashim/Desktop/comp0250_s26_labs/install/cw1_world_spawner/share/cw1_world_spawner/models/box_purple/model.config
[0.373s] -- Up-to-date: /home/hashim/Desktop/comp0250_s26_labs/install/cw1_world_spawner/share/cw1_world_spawner/models/box_purple/model.sdf
[0.373s] -- Up-to-date: /home/hashim/Desktop/comp0250_s26_labs/install/cw1_world_spawner/share/cw1_world_spawner/models/all_tiles
[0.373s] -- Up-to-date: /home/hashim/Desktop/comp0250_s26_labs/install/cw1_world_spawner/share/cw1_world_spawner/models/all_tiles/model.config
[0.373s] -- Up-to-date: /home/hashim/Desktop/comp0250_s26_labs/install/cw1_world_spawner/share/cw1_world_spawner/models/all_tiles/model.sdf
[0.373s] -- Up-to-date: /home/hashim/Desktop/comp0250_s26_labs/install/cw1_world_spawner/share/cw1_world_spawner/models/all_tiles/model.sdf.xmacro
[0.373s] -- Up-to-date: /home/hashim/Desktop/comp0250_s26_labs/install/cw1_world_spawner/share/cw1_world_spawner/models/box_blue
[0.373s] -- Up-to-date: /home/hashim/Desktop/comp0250_s26_labs/install/cw1_world_spawner/share/cw1_world_spawner/models/box_blue/model.config
[0.373s] -- Up-to-date: /home/hashim/Desktop/comp0250_s26_labs/install/cw1_world_spawner/share/cw1_world_spawner/models/box_blue/model.sdf
[0.374s] -- Up-to-date: /home/hashim/Desktop/comp0250_s26_labs/install/cw1_world_spawner/share/cw1_world_spawner/launch
[0.374s] -- Up-to-date: /home/hashim/Desktop/comp0250_s26_labs/install/cw1_world_spawner/share/cw1_world_spawner/launch/test_coursework.launch.py
[0.374s] -- Up-to-date: /home/hashim/Desktop/comp0250_s26_labs/install/cw1_world_spawner/share/cw1_world_spawner/launch/world_spawner.launch.py
[0.374s] -- Up-to-date: /home/hashim/Desktop/comp0250_s26_labs/install/cw1_world_spawner/share/ament_index/resource_index/package_run_dependencies/cw1_world_spawner
[0.374s] -- Up-to-date: /home/hashim/Desktop/comp0250_s26_labs/install/cw1_world_spawner/share/ament_index/resource_index/parent_prefix_path/cw1_world_spawner
[0.374s] -- Up-to-date: /home/hashim/Desktop/comp0250_s26_labs/install/cw1_world_spawner/share/cw1_world_spawner/environment/ament_prefix_path.sh
[0.374s] -- Up-to-date: /home/hashim/Desktop/comp0250_s26_labs/install/cw1_world_spawner/share/cw1_world_spawner/environment/ament_prefix_path.dsv
[0.374s] -- Up-to-date: /home/hashim/Desktop/comp0250_s26_labs/install/cw1_world_spawner/share/cw1_world_spawner/environment/path.sh
[0.374s] -- Up-to-date: /home/hashim/Desktop/comp0250_s26_labs/install/cw1_world_spawner/share/cw1_world_spawner/environment/path.dsv
[0.374s] -- Up-to-date: /home/hashim/Desktop/comp0250_s26_labs/install/cw1_world_spawner/share/cw1_world_spawner/local_setup.bash
[0.374s] -- Up-to-date: /home/hashim/Desktop/comp0250_s26_labs/install/cw1_world_spawner/share/cw1_world_spawner/local_setup.sh
[0.374s] -- Up-to-date: /home/hashim/Desktop/comp0250_s26_labs/install/cw1_world_spawner/share/cw1_world_spawner/local_setup.zsh
[0.374s] -- Up-to-date: /home/hashim/Desktop/comp0250_s26_labs/install/cw1_world_spawner/share/cw1_world_spawner/local_setup.dsv
[0.374s] -- Installing: /home/hashim/Desktop/comp0250_s26_labs/install/cw1_world_spawner/share/cw1_world_spawner/package.dsv
[0.374s] -- Up-to-date: /home/hashim/Desktop/comp0250_s26_labs/install/cw1_world_spawner/share/ament_index/resource_index/packages/cw1_world_spawner
[0.374s] -- Up-to-date: /home/hashim/Desktop/comp0250_s26_labs/install/cw1_world_spawner/share/cw1_world_spawner/cmake/export_cw1_world_spawner__rosidl_generator_cExport.cmake
[0.374s] -- Up-to-date: /home/hashim/Desktop/comp0250_s26_labs/install/cw1_world_spawner/share/cw1_world_spawner/cmake/export_cw1_world_spawner__rosidl_generator_cExport-release.cmake
[0.374s] -- Up-to-date: /home/hashim/Desktop/comp0250_s26_labs/install/cw1_world_spawner/share/cw1_world_spawner/cmake/export_cw1_world_spawner__rosidl_typesupport_fastrtps_cExport.cmake
[0.374s] -- Up-to-date: /home/hashim/Desktop/comp0250_s26_labs/install/cw1_world_spawner/share/cw1_world_spawner/cmake/export_cw1_world_spawner__rosidl_typesupport_fastrtps_cExport-release.cmake
[0.374s] -- Up-to-date: /home/hashim/Desktop/comp0250_s26_labs/install/cw1_world_spawner/share/cw1_world_spawner/cmake/cw1_world_spawner__rosidl_typesupport_introspection_cExport.cmake
[0.374s] -- Up-to-date: /home/hashim/Desktop/comp0250_s26_labs/install/cw1_world_spawner/share/cw1_world_spawner/cmake/cw1_world_spawner__rosidl_typesupport_introspection_cExport-release.cmake
[0.374s] -- Up-to-date: /home/hashim/Desktop/comp0250_s26_labs/install/cw1_world_spawner/share/cw1_world_spawner/cmake/cw1_world_spawner__rosidl_typesupport_cExport.cmake
[0.374s] -- Up-to-date: /home/hashim/Desktop/comp0250_s26_labs/install/cw1_world_spawner/share/cw1_world_spawner/cmake/cw1_world_spawner__rosidl_typesupport_cExport-release.cmake
[0.374s] -- Up-to-date: /home/hashim/Desktop/comp0250_s26_labs/install/cw1_world_spawner/share/cw1_world_spawner/cmake/export_cw1_world_spawner__rosidl_generator_cppExport.cmake
[0.374s] -- Up-to-date: /home/hashim/Desktop/comp0250_s26_labs/install/cw1_world_spawner/share/cw1_world_spawner/cmake/export_cw1_world_spawner__rosidl_typesupport_fastrtps_cppExport.cmake
[0.374s] -- Up-to-date: /home/hashim/Desktop/comp0250_s26_labs/install/cw1_world_spawner/share/cw1_world_spawner/cmake/export_cw1_world_spawner__rosidl_typesupport_fastrtps_cppExport-release.cmake
[0.374s] -- Up-to-date: /home/hashim/Desktop/comp0250_s26_labs/install/cw1_world_spawner/share/cw1_world_spawner/cmake/cw1_world_spawner__rosidl_typesupport_introspection_cppExport.cmake
[0.374s] -- Up-to-date: /home/hashim/Desktop/comp0250_s26_labs/install/cw1_world_spawner/share/cw1_world_spawner/cmake/cw1_world_spawner__rosidl_typesupport_introspection_cppExport-release.cmake
[0.375s] -- Up-to-date: /home/hashim/Desktop/comp0250_s26_labs/install/cw1_world_spawner/share/cw1_world_spawner/cmake/cw1_world_spawner__rosidl_typesupport_cppExport.cmake
[0.375s] -- Up-to-date: /home/hashim/Desktop/comp0250_s26_labs/install/cw1_world_spawner/share/cw1_world_spawner/cmake/cw1_world_spawner__rosidl_typesupport_cppExport-release.cmake
[0.375s] -- Up-to-date: /home/hashim/Desktop/comp0250_s26_labs/install/cw1_world_spawner/share/cw1_world_spawner/cmake/export_cw1_world_spawner__rosidl_generator_pyExport.cmake
[0.375s] -- Up-to-date: /home/hashim/Desktop/comp0250_s26_labs/install/cw1_world_spawner/share/cw1_world_spawner/cmake/export_cw1_world_spawner__rosidl_generator_pyExport-release.cmake
[0.375s] -- Up-to-date: /home/hashim/Desktop/comp0250_s26_labs/install/cw1_world_spawner/share/cw1_world_spawner/cmake/rosidl_cmake-extras.cmake
[0.375s] -- Up-to-date: /home/hashim/Desktop/comp0250_s26_labs/install/cw1_world_spawner/share/cw1_world_spawner/cmake/ament_cmake_export_dependencies-extras.cmake
[0.375s] -- Up-to-date: /home/hashim/Desktop/comp0250_s26_labs/install/cw1_world_spawner/share/cw1_world_spawner/cmake/ament_cmake_export_include_directories-extras.cmake
[0.375s] -- Up-to-date: /home/hashim/Desktop/comp0250_s26_labs/install/cw1_world_spawner/share/cw1_world_spawner/cmake/ament_cmake_export_libraries-extras.cmake
[0.375s] -- Up-to-date: /home/hashim/Desktop/comp0250_s26_labs/install/cw1_world_spawner/share/cw1_world_spawner/cmake/ament_cmake_export_targets-extras.cmake
[0.375s] -- Up-to-date: /home/hashim/Desktop/comp0250_s26_labs/install/cw1_world_spawner/share/cw1_world_spawner/cmake/rosidl_cmake_export_typesupport_targets-extras.cmake
[0.375s] -- Up-to-date: /home/hashim/Desktop/comp0250_s26_labs/install/cw1_world_spawner/share/cw1_world_spawner/cmake/rosidl_cmake_export_typesupport_libraries-extras.cmake
[0.375s] -- Up-to-date: /home/hashim/Desktop/comp0250_s26_labs/install/cw1_world_spawner/share/cw1_world_spawner/cmake/cw1_world_spawnerConfig.cmake
[0.375s] -- Up-to-date: /home/hashim/Desktop/comp0250_s26_labs/install/cw1_world_spawner/share/cw1_world_spawner/cmake/cw1_world_spawnerConfig-version.cmake
[0.375s] -- Up-to-date: /home/hashim/Desktop/comp0250_s26_labs/install/cw1_world_spawner/share/cw1_world_spawner/package.xml
[0.377s] Invoked command in '/home/hashim/Desktop/comp0250_s26_labs/build/cw1_world_spawner' returned '0': CMAKE_PREFIX_PATH=${CMAKE_PREFIX_PATH}:/opt/ros/humble /usr/bin/cmake --install /home/hashim/Desktop/comp0250_s26_labs/build/cw1_world_spawner
