[0.019s] Invoking command in '/home/hashim/Desktop/comp0250_s26_labs/build/panda_moveit_config': CMAKE_PREFIX_PATH=${CMAKE_PREFIX_PATH}:/opt/ros/humble /usr/bin/cmake /home/hashim/Desktop/comp0250_s26_labs/src/courseworks/panda_moveit_config -DCMAKE_INSTALL_PREFIX=/home/hashim/Desktop/comp0250_s26_labs/install/panda_moveit_config
[0.030s] -- Found ament_cmake: 1.3.14 (/opt/ros/humble/share/ament_cmake/cmake)
[0.199s] -- Configuring done
[0.202s] -- Generating done
[0.204s] -- Build files have been written to: /home/hashim/Desktop/comp0250_s26_labs/build/panda_moveit_config
[0.207s] Invoked command in '/home/hashim/Desktop/comp0250_s26_labs/build/panda_moveit_config' returned '0': CMAKE_PREFIX_PATH=${CMAKE_PREFIX_PATH}:/opt/ros/humble /usr/bin/cmake /home/hashim/Desktop/comp0250_s26_labs/src/courseworks/panda_moveit_config -DCMAKE_INSTALL_PREFIX=/home/hashim/Desktop/comp0250_s26_labs/install/panda_moveit_config
[0.209s] Invoking command in '/home/hashim/Desktop/comp0250_s26_labs/build/panda_moveit_config': CMAKE_PREFIX_PATH=${CMAKE_PREFIX_PATH}:/opt/ros/humble /usr/bin/cmake --build /home/hashim/Desktop/comp0250_s26_labs/build/panda_moveit_config -- -j20 -l20
[0.240s] Invoked command in '/home/hashim/Desktop/comp0250_s26_labs/build/panda_moveit_config' returned '0': CMAKE_PREFIX_PATH=${CMAKE_PREFIX_PATH}:/opt/ros/humble /usr/bin/cmake --build /home/hashim/Desktop/comp0250_s26_labs/build/panda_moveit_config -- -j20 -l20
[0.249s] Invoking command in '/home/hashim/Desktop/comp0250_s26_labs/build/panda_moveit_config': CMAKE_PREFIX_PATH=${CMAKE_PREFIX_PATH}:/opt/ros/humble /usr/bin/cmake --install /home/hashim/Desktop/comp0250_s26_labs/build/panda_moveit_config
[0.255s] -- Install configuration: "Release"
[0.255s] -- Up-to-date: /home/hashim/Desktop/comp0250_s26_labs/install/panda_moveit_config/share/panda_moveit_config/launch
[0.255s] -- Up-to-date: /home/hashim/Desktop/comp0250_s26_labs/install/panda_moveit_config/share/panda_moveit_config/launch/moveit_rviz.launch
[0.255s] -- Up-to-date: /home/hashim/Desktop/comp0250_s26_labs/install/panda_moveit_config/share/panda_moveit_config/launch/project.rviz
[0.255s] -- Up-to-date: /home/hashim/Desktop/comp0250_s26_labs/install/panda_moveit_config/share/panda_moveit_config/launch/panda_control_moveit_rviz.launch
[0.255s] -- Up-to-date: /home/hashim/Desktop/comp0250_s26_labs/install/panda_moveit_config/share/panda_moveit_config/launch/moveit.rviz
[0.255s] -- Up-to-date: /home/hashim/Desktop/comp0250_s26_labs/install/panda_moveit_config/share/panda_moveit_config/launch/demo_chomp.launch
[0.255s] -- Up-to-date: /home/hashim/Desktop/comp0250_s26_labs/install/panda_moveit_config/share/panda_moveit_config/launch/sensor_manager.launch.xml
[0.256s] -- Up-to-date: /home/hashim/Desktop/comp0250_s26_labs/install/panda_moveit_config/share/panda_moveit_config/launch/panda_gripper_moveit_controller_manager_simulation.launch.xml
[0.256s] -- Up-to-date: /home/hashim/Desktop/comp0250_s26_labs/install/panda_moveit_config/share/panda_moveit_config/launch/ompl_planning_pipeline.launch.xml
[0.256s] -- Up-to-date: /home/hashim/Desktop/comp0250_s26_labs/install/panda_moveit_config/share/panda_moveit_config/launch/panda_moveit_controller_manager.launch.xml
[0.256s] -- Up-to-date: /home/hashim/Desktop/comp0250_s26_labs/install/panda_moveit_config/share/panda_moveit_config/launch/panda_moveit_controller_manager_simulation.launch.xml
[0.256s] -- Up-to-date: /home/hashim/Desktop/comp0250_s26_labs/install/panda_moveit_config/share/panda_moveit_config/launch/fake_moveit_controller_manager.launch.xml
[0.256s] -- Up-to-date: /home/hashim/Desktop/comp0250_s26_labs/install/panda_moveit_config/share/panda_moveit_config/launch/panda_moveit_sensor_manager.launch.xml
[0.256s] -- Up-to-date: /home/hashim/Desktop/comp0250_s26_labs/install/panda_moveit_config/share/panda_moveit_config/launch/chomp_planning_pipeline.launch.xml
[0.256s] -- Up-to-date: /home/hashim/Desktop/comp0250_s26_labs/install/panda_moveit_config/share/panda_moveit_config/launch/warehouse_settings.launch.xml
[0.256s] -- Up-to-date: /home/hashim/Desktop/comp0250_s26_labs/install/panda_moveit_config/share/panda_moveit_config/launch/panda_gripper_moveit_controller_manager.launch.xml
[0.256s] -- Up-to-date: /home/hashim/Desktop/comp0250_s26_labs/install/panda_moveit_config/share/panda_moveit_config/launch/default_warehouse_db.launch
[0.256s] -- Up-to-date: /home/hashim/Desktop/comp0250_s26_labs/install/panda_moveit_config/share/panda_moveit_config/launch/moveit_simulation.rviz
[0.256s] -- Up-to-date: /home/hashim/Desktop/comp0250_s26_labs/install/panda_moveit_config/share/panda_moveit_config/launch/panda_moveit.launch
[0.257s] -- Up-to-date: /home/hashim/Desktop/comp0250_s26_labs/install/panda_moveit_config/share/panda_moveit_config/launch/demo-project.launch
[0.257s] -- Up-to-date: /home/hashim/Desktop/comp0250_s26_labs/install/panda_moveit_config/share/panda_moveit_config/launch/moveit_empty.rviz
[0.257s] -- Up-to-date: /home/hashim/Desktop/comp0250_s26_labs/install/panda_moveit_config/share/panda_moveit_config/launch/warehouse.launch
[0.257s] -- Up-to-date: /home/hashim/Desktop/comp0250_s26_labs/install/panda_moveit_config/share/panda_moveit_config/launch/trajectory_execution.launch.xml
[0.258s] -- Up-to-date: /home/hashim/Desktop/comp0250_s26_labs/install/panda_moveit_config/share/panda_moveit_config/launch/demo.launch
[0.258s] -- Up-to-date: /home/hashim/Desktop/comp0250_s26_labs/install/panda_moveit_config/share/panda_moveit_config/launch/planning_pipeline.launch.xml
[0.258s] -- Up-to-date: /home/hashim/Desktop/comp0250_s26_labs/install/panda_moveit_config/share/panda_moveit_config/launch/move_group.launch
[0.259s] -- Up-to-date: /home/hashim/Desktop/comp0250_s26_labs/install/panda_moveit_config/share/panda_moveit_config/launch/stomp_planning_pipeline.launch.xml
[0.259s] -- Up-to-date: /home/hashim/Desktop/comp0250_s26_labs/install/panda_moveit_config/share/panda_moveit_config/launch/joystick_control.launch
[0.259s] -- Up-to-date: /home/hashim/Desktop/comp0250_s26_labs/install/panda_moveit_config/share/panda_moveit_config/launch/run_benchmark_ompl.launch
[0.259s] -- Up-to-date: /home/hashim/Desktop/comp0250_s26_labs/install/panda_moveit_config/share/panda_moveit_config/launch/planning_context.launch
[0.259s] -- Up-to-date: /home/hashim/Desktop/comp0250_s26_labs/install/panda_moveit_config/share/panda_moveit_config/launch/moveit_rviz_simulation.launch
[0.259s] -- Up-to-date: /home/hashim/Desktop/comp0250_s26_labs/install/panda_moveit_config/share/panda_moveit_config/config
[0.259s] -- Up-to-date: /home/hashim/Desktop/comp0250_s26_labs/install/panda_moveit_config/share/panda_moveit_config/config/panda_controllers_simulation.yaml
[0.259s] -- Up-to-date: /home/hashim/Desktop/comp0250_s26_labs/install/panda_moveit_config/share/panda_moveit_config/config/joint_limits.yaml
[0.260s] -- Up-to-date: /home/hashim/Desktop/comp0250_s26_labs/install/panda_moveit_config/share/panda_moveit_config/config/pilz_cartesian_limits.yaml
[0.260s] -- Up-to-date: /home/hashim/Desktop/comp0250_s26_labs/install/panda_moveit_config/share/panda_moveit_config/config/chomp_planning.yaml
[0.260s] -- Up-to-date: /home/hashim/Desktop/comp0250_s26_labs/install/panda_moveit_config/share/panda_moveit_config/config/panda_gripper_controllers_simulation.yaml
[0.260s] -- Up-to-date: /home/hashim/Desktop/comp0250_s26_labs/install/panda_moveit_config/share/panda_moveit_config/config/stomp_planning.yaml
[0.261s] -- Up-to-date: /home/hashim/Desktop/comp0250_s26_labs/install/panda_moveit_config/share/panda_moveit_config/config/fake_controllers.yaml
[0.261s] -- Up-to-date: /home/hashim/Desktop/comp0250_s26_labs/install/panda_moveit_config/share/panda_moveit_config/config/hand.xacro
[0.261s] -- Up-to-date: /home/hashim/Desktop/comp0250_s26_labs/install/panda_moveit_config/share/panda_moveit_config/config/panda_arm.srdf.xacro
[0.261s] -- Up-to-date: /home/hashim/Desktop/comp0250_s26_labs/install/panda_moveit_config/share/panda_moveit_config/config/sensors_kinect_depthmap.yaml
[0.261s] -- Up-to-date: /home/hashim/Desktop/comp0250_s26_labs/install/panda_moveit_config/share/panda_moveit_config/config/kinematics.yaml
[0.261s] -- Up-to-date: /home/hashim/Desktop/comp0250_s26_labs/install/panda_moveit_config/share/panda_moveit_config/config/sensors_kinect_pointcloud.yaml
[0.261s] -- Up-to-date: /home/hashim/Desktop/comp0250_s26_labs/install/panda_moveit_config/share/panda_moveit_config/config/panda_gripper_controllers (modified).yaml
[0.262s] -- Up-to-date: /home/hashim/Desktop/comp0250_s26_labs/install/panda_moveit_config/share/panda_moveit_config/config/ompl_planning.yaml
[0.262s] -- Up-to-date: /home/hashim/Desktop/comp0250_s26_labs/install/panda_moveit_config/share/panda_moveit_config/config/panda_gripper_controllers.yaml
[0.262s] -- Up-to-date: /home/hashim/Desktop/comp0250_s26_labs/install/panda_moveit_config/share/panda_moveit_config/config/panda_arm_hand.srdf.xacro
[0.262s] -- Up-to-date: /home/hashim/Desktop/comp0250_s26_labs/install/panda_moveit_config/share/panda_moveit_config/config/panda_arm.xacro
[0.262s] -- Up-to-date: /home/hashim/Desktop/comp0250_s26_labs/install/panda_moveit_config/share/panda_moveit_config/config/panda_controllers.yaml
[0.262s] -- Up-to-date: /home/hashim/Desktop/comp0250_s26_labs/install/panda_moveit_config/share/ament_index/resource_index/package_run_dependencies/panda_moveit_config
[0.263s] -- Installing: /home/hashim/Desktop/comp0250_s26_labs/install/panda_moveit_config/share/ament_index/resource_index/parent_prefix_path/panda_moveit_config
[0.263s] -- Up-to-date: /home/hashim/Desktop/comp0250_s26_labs/install/panda_moveit_config/share/panda_moveit_config/environment/ament_prefix_path.sh
[0.263s] -- Installing: /home/hashim/Desktop/comp0250_s26_labs/install/panda_moveit_config/share/panda_moveit_config/environment/ament_prefix_path.dsv
[0.263s] -- Up-to-date: /home/hashim/Desktop/comp0250_s26_labs/install/panda_moveit_config/share/panda_moveit_config/environment/path.sh
[0.263s] -- Installing: /home/hashim/Desktop/comp0250_s26_labs/install/panda_moveit_config/share/panda_moveit_config/environment/path.dsv
[0.263s] -- Up-to-date: /home/hashim/Desktop/comp0250_s26_labs/install/panda_moveit_config/share/panda_moveit_config/local_setup.bash
[0.263s] -- Up-to-date: /home/hashim/Desktop/comp0250_s26_labs/install/panda_moveit_config/share/panda_moveit_config/local_setup.sh
[0.263s] -- Up-to-date: /home/hashim/Desktop/comp0250_s26_labs/install/panda_moveit_config/share/panda_moveit_config/local_setup.zsh
[0.263s] -- Installing: /home/hashim/Desktop/comp0250_s26_labs/install/panda_moveit_config/share/panda_moveit_config/local_setup.dsv
[0.263s] -- Installing: /home/hashim/Desktop/comp0250_s26_labs/install/panda_moveit_config/share/panda_moveit_config/package.dsv
[0.263s] -- Up-to-date: /home/hashim/Desktop/comp0250_s26_labs/install/panda_moveit_config/share/ament_index/resource_index/packages/panda_moveit_config
[0.263s] -- Up-to-date: /home/hashim/Desktop/comp0250_s26_labs/install/panda_moveit_config/share/panda_moveit_config/cmake/panda_moveit_configConfig.cmake
[0.263s] -- Up-to-date: /home/hashim/Desktop/comp0250_s26_labs/install/panda_moveit_config/share/panda_moveit_config/cmake/panda_moveit_configConfig-version.cmake
[0.263s] -- Up-to-date: /home/hashim/Desktop/comp0250_s26_labs/install/panda_moveit_config/share/panda_moveit_config/package.xml
[0.264s] Invoked command in '/home/hashim/Desktop/comp0250_s26_labs/build/panda_moveit_config' returned '0': CMAKE_PREFIX_PATH=${CMAKE_PREFIX_PATH}:/opt/ros/humble /usr/bin/cmake --install /home/hashim/Desktop/comp0250_s26_labs/build/panda_moveit_config
