[0.016s] Invoking command in '/home/hashim/Desktop/comp0250_s26_labs/build/pcl_tutorial': CMAKE_PREFIX_PATH=${CMAKE_PREFIX_PATH}:/opt/ros/humble /usr/bin/cmake --build /home/hashim/Desktop/comp0250_s26_labs/build/pcl_tutorial -- -j20 -l20
[0.080s] [100%] Built target pcl_tutorial_node
[0.105s] Invoked command in '/home/hashim/Desktop/comp0250_s26_labs/build/pcl_tutorial' returned '0': CMAKE_PREFIX_PATH=${CMAKE_PREFIX_PATH}:/opt/ros/humble /usr/bin/cmake --build /home/hashim/Desktop/comp0250_s26_labs/build/pcl_tutorial -- -j20 -l20
[0.107s] Invoking command in '/home/hashim/Desktop/comp0250_s26_labs/build/pcl_tutorial': CMAKE_PREFIX_PATH=${CMAKE_PREFIX_PATH}:/opt/ros/humble /usr/bin/cmake --install /home/hashim/Desktop/comp0250_s26_labs/build/pcl_tutorial
[0.123s] -- Install configuration: "Release"
[0.123s] -- Up-to-date: /home/hashim/Desktop/comp0250_s26_labs/install/pcl_tutorial/lib/pcl_tutorial/pcl_tutorial_node
[0.124s] -- Up-to-date: /home/hashim/Desktop/comp0250_s26_labs/install/pcl_tutorial/share/pcl_tutorial/launch
[0.124s] -- Up-to-date: /home/hashim/Desktop/comp0250_s26_labs/install/pcl_tutorial/share/pcl_tutorial/launch/pcl_tutorial.launch.yaml
[0.124s] -- Up-to-date: /home/hashim/Desktop/comp0250_s26_labs/install/pcl_tutorial/share/pcl_tutorial/launch/pcl_tutorial.launch.xml
[0.124s] -- Up-to-date: /home/hashim/Desktop/comp0250_s26_labs/install/pcl_tutorial/share/pcl_tutorial/launch/pcl_tutorial.launch.py
[0.124s] -- Up-to-date: /home/hashim/Desktop/comp0250_s26_labs/install/pcl_tutorial/share/pcl_tutorial/config
[0.124s] -- Up-to-date: /home/hashim/Desktop/comp0250_s26_labs/install/pcl_tutorial/share/pcl_tutorial/config/pcl_tutorial.yaml
[0.124s] -- Up-to-date: /home/hashim/Desktop/comp0250_s26_labs/install/pcl_tutorial/share/pcl_tutorial/rviz
[0.124s] -- Up-to-date: /home/hashim/Desktop/comp0250_s26_labs/install/pcl_tutorial/share/pcl_tutorial/rviz/pcl_tutorial.rviz
[0.124s] -- Up-to-date: /home/hashim/Desktop/comp0250_s26_labs/install/pcl_tutorial/share/ament_index/resource_index/package_run_dependencies/pcl_tutorial
[0.124s] -- Up-to-date: /home/hashim/Desktop/comp0250_s26_labs/install/pcl_tutorial/share/ament_index/resource_index/parent_prefix_path/pcl_tutorial
[0.124s] -- Up-to-date: /home/hashim/Desktop/comp0250_s26_labs/install/pcl_tutorial/share/pcl_tutorial/environment/ament_prefix_path.sh
[0.125s] -- Up-to-date: /home/hashim/Desktop/comp0250_s26_labs/install/pcl_tutorial/share/pcl_tutorial/environment/ament_prefix_path.dsv
[0.125s] -- Up-to-date: /home/hashim/Desktop/comp0250_s26_labs/install/pcl_tutorial/share/pcl_tutorial/environment/path.sh
[0.125s] -- Up-to-date: /home/hashim/Desktop/comp0250_s26_labs/install/pcl_tutorial/share/pcl_tutorial/environment/path.dsv
[0.125s] -- Up-to-date: /home/hashim/Desktop/comp0250_s26_labs/install/pcl_tutorial/share/pcl_tutorial/local_setup.bash
[0.125s] -- Up-to-date: /home/hashim/Desktop/comp0250_s26_labs/install/pcl_tutorial/share/pcl_tutorial/local_setup.sh
[0.125s] -- Up-to-date: /home/hashim/Desktop/comp0250_s26_labs/install/pcl_tutorial/share/pcl_tutorial/local_setup.zsh
[0.125s] -- Up-to-date: /home/hashim/Desktop/comp0250_s26_labs/install/pcl_tutorial/share/pcl_tutorial/local_setup.dsv
[0.125s] -- Installing: /home/hashim/Desktop/comp0250_s26_labs/install/pcl_tutorial/share/pcl_tutorial/package.dsv
[0.125s] -- Up-to-date: /home/hashim/Desktop/comp0250_s26_labs/install/pcl_tutorial/share/ament_index/resource_index/packages/pcl_tutorial
[0.125s] -- Up-to-date: /home/hashim/Desktop/comp0250_s26_labs/install/pcl_tutorial/share/pcl_tutorial/cmake/pcl_tutorialConfig.cmake
[0.125s] -- Up-to-date: /home/hashim/Desktop/comp0250_s26_labs/install/pcl_tutorial/share/pcl_tutorial/cmake/pcl_tutorialConfig-version.cmake
[0.125s] -- Up-to-date: /home/hashim/Desktop/comp0250_s26_labs/install/pcl_tutorial/share/pcl_tutorial/package.xml
[0.146s] Invoked command in '/home/hashim/Desktop/comp0250_s26_labs/build/pcl_tutorial' returned '0': CMAKE_PREFIX_PATH=${CMAKE_PREFIX_PATH}:/opt/ros/humble /usr/bin/cmake --install /home/hashim/Desktop/comp0250_s26_labs/build/pcl_tutorial
