[0.025s] Invoking command in '/home/hashim/Desktop/comp0250_s26_labs/build/cw1_world_spawner': CMAKE_PREFIX_PATH=/opt/ros/humble /usr/bin/cmake /home/hashim/Desktop/comp0250_s26_labs/src/courseworks/cw1_world_spawner -DCMAKE_BUILD_TYPE=Release -DCMAKE_INSTALL_PREFIX=/home/hashim/Desktop/comp0250_s26_labs/install/cw1_world_spawner
[0.098s] -- The C compiler identification is GNU 11.4.0
[0.161s] -- The CXX compiler identification is GNU 11.4.0
[0.174s] -- Detecting C compiler ABI info
[0.287s] -- Detecting C compiler ABI info - done
[0.300s] -- Check for working C compiler: /usr/bin/cc - skipped
[0.300s] -- Detecting C compile features
[0.300s] -- Detecting C compile features - done
[0.305s] -- Detecting CXX compiler ABI info
[0.454s] -- Detecting CXX compiler ABI info - done
[0.472s] -- Check for working CXX compiler: /usr/bin/c++ - skipped
[0.472s] -- Detecting CXX compile features
[0.473s] -- Detecting CXX compile features - done
[0.476s] -- Found ament_cmake: 1.3.14 (/opt/ros/humble/share/ament_cmake/cmake)
[0.772s] -- Found Python3: /usr/bin/python3 (found version "3.10.12") found components: Interpreter 
[0.996s] -- Found rosidl_default_generators: 1.2.1 (/opt/ros/humble/share/rosidl_default_generators/cmake)
[1.010s] -- Using all available rosidl_typesupport_c: rosidl_typesupport_fastrtps_c;rosidl_typesupport_introspection_c
[1.041s] -- Found rosidl_adapter: 3.1.8 (/opt/ros/humble/share/rosidl_adapter/cmake)
[1.215s] -- Using all available rosidl_typesupport_cpp: rosidl_typesupport_fastrtps_cpp;rosidl_typesupport_introspection_cpp
[1.329s] -- Found geometry_msgs: 4.9.1 (/opt/ros/humble/share/geometry_msgs/cmake)
[1.979s] -- Found ament_cmake_ros: 0.10.0 (/opt/ros/humble/share/ament_cmake_ros/cmake)
[2.450s] -- Using all available rosidl_typesupport_c: rosidl_typesupport_fastrtps_c;rosidl_typesupport_introspection_c
[3.049s] -- Using all available rosidl_typesupport_cpp: rosidl_typesupport_fastrtps_cpp;rosidl_typesupport_introspection_cpp
[3.087s] -- Found PythonInterp: /usr/bin/python3 (found suitable version "3.10.12", minimum required is "3.6") 
[3.089s] -- Found python_cmake_module: 0.10.0 (/opt/ros/humble/share/python_cmake_module/cmake)
[3.144s] -- Found PythonLibs: /usr/lib/x86_64-linux-gnu/libpython3.10.so (found suitable version "3.10.12", minimum required is "3.5") 
[3.144s] -- Using PYTHON_EXECUTABLE: /usr/bin/python3
[3.144s] -- Using PYTHON_INCLUDE_DIRS: /usr/include/python3.10
[3.144s] -- Using PYTHON_LIBRARIES: /usr/lib/x86_64-linux-gnu/libpython3.10.so
[3.178s] -- Found PythonExtra: .so  
[3.399s] -- Found ament_lint_auto: 0.12.15 (/opt/ros/humble/share/ament_lint_auto/cmake)
[3.435s] -- Added test 'flake8' to check Python code syntax and style conventions
[3.436s] -- Added test 'lint_cmake' to check CMake code style
[3.437s] -- Added test 'pep257' to check Python code against some of the docstring style conventions in PEP 257
[3.440s] -- Added test 'xmllint' to check XML markup files
[3.443s] -- Configuring done
[3.500s] -- Generating done
[3.520s] -- Build files have been written to: /home/hashim/Desktop/comp0250_s26_labs/build/cw1_world_spawner
[3.535s] Invoked command in '/home/hashim/Desktop/comp0250_s26_labs/build/cw1_world_spawner' returned '0': CMAKE_PREFIX_PATH=/opt/ros/humble /usr/bin/cmake /home/hashim/Desktop/comp0250_s26_labs/src/courseworks/cw1_world_spawner -DCMAKE_BUILD_TYPE=Release -DCMAKE_INSTALL_PREFIX=/home/hashim/Desktop/comp0250_s26_labs/install/cw1_world_spawner
[3.538s] Invoking command in '/home/hashim/Desktop/comp0250_s26_labs/build/cw1_world_spawner': CMAKE_PREFIX_PATH=/opt/ros/humble /usr/bin/cmake --build /home/hashim/Desktop/comp0250_s26_labs/build/cw1_world_spawner -- -j20 -l20
[3.601s] [  1%] [34m[1mGenerating C code for ROS interfaces[0m
[3.618s] [  3%] [34m[1mGenerating Rust code for ROS interfaces[0m
[3.621s] [  5%] [34m[1mGenerating C++ code for ROS interfaces[0m
[3.631s] [  5%] Built target ament_cmake_python_copy_cw1_world_spawner
[3.653s] [  5%] Built target ament_cmake_python_copy_coursework_world_spawner_lib
[4.083s] [  5%] Built target cw1_world_spawner__rs
[4.443s] running egg_info
[4.445s] creating cw1_world_spawner.egg-info
[4.446s] writing cw1_world_spawner.egg-info/PKG-INFO
[4.447s] writing dependency_links to cw1_world_spawner.egg-info/dependency_links.txt
[4.447s] writing top-level names to cw1_world_spawner.egg-info/top_level.txt
[4.449s] writing manifest file 'cw1_world_spawner.egg-info/SOURCES.txt'
[4.458s] reading manifest file 'cw1_world_spawner.egg-info/SOURCES.txt'
[4.460s] writing manifest file 'cw1_world_spawner.egg-info/SOURCES.txt'
[4.563s] [  5%] Built target ament_cmake_python_build_cw1_world_spawner_egg
[4.789s] [  5%] Built target cw1_world_spawner__cpp
[4.813s] [  7%] [34m[1mGenerating C++ type support for eProsima Fast-RTPS[0m
[4.817s] [  8%] [34m[1mGenerating C++ introspection for ROS interfaces[0m
[4.819s] [ 10%] [34m[1mGenerating C++ type support dispatch for ROS interfaces[0m
[4.836s] running egg_info
[4.839s] creating coursework_world_spawner_lib.egg-info
[4.840s] writing coursework_world_spawner_lib.egg-info/PKG-INFO
[4.840s] writing dependency_links to coursework_world_spawner_lib.egg-info/dependency_links.txt
[4.841s] writing top-level names to coursework_world_spawner_lib.egg-info/top_level.txt
[4.842s] writing manifest file 'coursework_world_spawner_lib.egg-info/SOURCES.txt'
[4.851s] reading manifest file 'coursework_world_spawner_lib.egg-info/SOURCES.txt'
[4.853s] writing manifest file 'coursework_world_spawner_lib.egg-info/SOURCES.txt'
[4.971s] [ 10%] Built target ament_cmake_python_build_coursework_world_spawner_lib_egg
[5.686s] [ 12%] [32mBuilding C object CMakeFiles/cw1_world_spawner__rosidl_generator_c.dir/rosidl_generator_c/cw1_world_spawner/srv/detail/task_setup__functions.c.o[0m
[5.686s] [ 16%] [32mBuilding C object CMakeFiles/cw1_world_spawner__rosidl_generator_c.dir/rosidl_generator_c/cw1_world_spawner/srv/detail/task1_service__functions.c.o[0m
[5.686s] [ 16%] [32mBuilding C object CMakeFiles/cw1_world_spawner__rosidl_generator_c.dir/rosidl_generator_c/cw1_world_spawner/srv/detail/task2_service__functions.c.o[0m
[5.687s] [ 17%] [32mBuilding C object CMakeFiles/cw1_world_spawner__rosidl_generator_c.dir/rosidl_generator_c/cw1_world_spawner/srv/detail/task3_service__functions.c.o[0m
[5.918s] [ 19%] [32mBuilding CXX object CMakeFiles/cw1_world_spawner__rosidl_typesupport_cpp.dir/rosidl_typesupport_cpp/cw1_world_spawner/srv/task_setup__type_support.cpp.o[0m
[5.921s] [ 21%] [32mBuilding CXX object CMakeFiles/cw1_world_spawner__rosidl_typesupport_cpp.dir/rosidl_typesupport_cpp/cw1_world_spawner/srv/task1_service__type_support.cpp.o[0m
[5.940s] [ 23%] [32mBuilding CXX object CMakeFiles/cw1_world_spawner__rosidl_typesupport_cpp.dir/rosidl_typesupport_cpp/cw1_world_spawner/srv/task3_service__type_support.cpp.o[0m
[5.953s] [ 25%] [32mBuilding CXX object CMakeFiles/cw1_world_spawner__rosidl_typesupport_cpp.dir/rosidl_typesupport_cpp/cw1_world_spawner/srv/task2_service__type_support.cpp.o[0m
[6.226s] [ 26%] [32m[1mLinking C shared library libcw1_world_spawner__rosidl_generator_c.so[0m
[6.351s] [ 28%] [32mBuilding CXX object CMakeFiles/cw1_world_spawner__rosidl_typesupport_fastrtps_cpp.dir/rosidl_typesupport_fastrtps_cpp/cw1_world_spawner/srv/detail/dds_fastrtps/task3_service__type_support.cpp.o[0m
[6.351s] [ 30%] [32mBuilding CXX object CMakeFiles/cw1_world_spawner__rosidl_typesupport_fastrtps_cpp.dir/rosidl_typesupport_fastrtps_cpp/cw1_world_spawner/srv/detail/dds_fastrtps/task1_service__type_support.cpp.o[0m
[6.351s] [ 32%] [32mBuilding CXX object CMakeFiles/cw1_world_spawner__rosidl_typesupport_fastrtps_cpp.dir/rosidl_typesupport_fastrtps_cpp/cw1_world_spawner/srv/detail/dds_fastrtps/task2_service__type_support.cpp.o[0m
[6.354s] [ 33%] [32mBuilding CXX object CMakeFiles/cw1_world_spawner__rosidl_typesupport_fastrtps_cpp.dir/rosidl_typesupport_fastrtps_cpp/cw1_world_spawner/srv/detail/dds_fastrtps/task_setup__type_support.cpp.o[0m
[6.422s] [ 33%] Built target cw1_world_spawner__rosidl_generator_c
[6.490s] [ 35%] [34m[1mGenerating C type support for eProsima Fast-RTPS[0m
[6.491s] [ 37%] [34m[1mGenerating C type support dispatch for ROS interfaces[0m
[6.503s] [ 39%] [34m[1mGenerating C introspection for ROS interfaces[0m
[6.551s] [ 41%] [32mBuilding CXX object CMakeFiles/cw1_world_spawner__rosidl_typesupport_introspection_cpp.dir/rosidl_typesupport_introspection_cpp/cw1_world_spawner/srv/detail/task_setup__type_support.cpp.o[0m
[6.583s] [ 42%] [32mBuilding CXX object CMakeFiles/cw1_world_spawner__rosidl_typesupport_introspection_cpp.dir/rosidl_typesupport_introspection_cpp/cw1_world_spawner/srv/detail/task1_service__type_support.cpp.o[0m
[6.584s] [ 44%] [32mBuilding CXX object CMakeFiles/cw1_world_spawner__rosidl_typesupport_introspection_cpp.dir/rosidl_typesupport_introspection_cpp/cw1_world_spawner/srv/detail/task2_service__type_support.cpp.o[0m
[6.587s] [ 46%] [32mBuilding CXX object CMakeFiles/cw1_world_spawner__rosidl_typesupport_introspection_cpp.dir/rosidl_typesupport_introspection_cpp/cw1_world_spawner/srv/detail/task3_service__type_support.cpp.o[0m
[8.395s] [ 48%] [32m[1mLinking CXX shared library libcw1_world_spawner__rosidl_typesupport_cpp.so[0m
[8.578s] [ 48%] Built target cw1_world_spawner__rosidl_typesupport_cpp
[9.067s] [ 50%] [32mBuilding C object CMakeFiles/cw1_world_spawner__rosidl_typesupport_introspection_c.dir/rosidl_typesupport_introspection_c/cw1_world_spawner/srv/detail/task_setup__type_support.c.o[0m
[9.075s] [ 51%] [32mBuilding C object CMakeFiles/cw1_world_spawner__rosidl_typesupport_introspection_c.dir/rosidl_typesupport_introspection_c/cw1_world_spawner/srv/detail/task1_service__type_support.c.o[0m
[9.076s] [ 53%] [32mBuilding C object CMakeFiles/cw1_world_spawner__rosidl_typesupport_introspection_c.dir/rosidl_typesupport_introspection_c/cw1_world_spawner/srv/detail/task2_service__type_support.c.o[0m
[9.083s] [ 55%] [32mBuilding C object CMakeFiles/cw1_world_spawner__rosidl_typesupport_introspection_c.dir/rosidl_typesupport_introspection_c/cw1_world_spawner/srv/detail/task3_service__type_support.c.o[0m
[9.343s] [ 57%] [32mBuilding CXX object CMakeFiles/cw1_world_spawner__rosidl_typesupport_c.dir/rosidl_typesupport_c/cw1_world_spawner/srv/task_setup__type_support.cpp.o[0m
[9.361s] [ 58%] [32mBuilding CXX object CMakeFiles/cw1_world_spawner__rosidl_typesupport_c.dir/rosidl_typesupport_c/cw1_world_spawner/srv/task2_service__type_support.cpp.o[0m
[9.367s] [ 60%] [32mBuilding CXX object CMakeFiles/cw1_world_spawner__rosidl_typesupport_c.dir/rosidl_typesupport_c/cw1_world_spawner/srv/task3_service__type_support.cpp.o[0m
[9.378s] [ 62%] [32mBuilding CXX object CMakeFiles/cw1_world_spawner__rosidl_typesupport_c.dir/rosidl_typesupport_c/cw1_world_spawner/srv/task1_service__type_support.cpp.o[0m
[9.671s] [ 64%] [32m[1mLinking C shared library libcw1_world_spawner__rosidl_typesupport_introspection_c.so[0m
[9.738s] [ 66%] [32m[1mLinking CXX shared library libcw1_world_spawner__rosidl_typesupport_c.so[0m
[9.888s] [ 66%] Built target cw1_world_spawner__rosidl_typesupport_introspection_c
[9.993s] [ 66%] Built target cw1_world_spawner__rosidl_typesupport_c
[10.019s] [ 67%] [32m[1mLinking CXX shared library libcw1_world_spawner__rosidl_typesupport_fastrtps_cpp.so[0m
[10.252s] [ 69%] [32mBuilding CXX object CMakeFiles/cw1_world_spawner__rosidl_typesupport_fastrtps_c.dir/rosidl_typesupport_fastrtps_c/cw1_world_spawner/srv/detail/task_setup__type_support_c.cpp.o[0m
[10.255s] [ 71%] [32mBuilding CXX object CMakeFiles/cw1_world_spawner__rosidl_typesupport_fastrtps_c.dir/rosidl_typesupport_fastrtps_c/cw1_world_spawner/srv/detail/task1_service__type_support_c.cpp.o[0m
[10.256s] [ 73%] [32mBuilding CXX object CMakeFiles/cw1_world_spawner__rosidl_typesupport_fastrtps_c.dir/rosidl_typesupport_fastrtps_c/cw1_world_spawner/srv/detail/task2_service__type_support_c.cpp.o[0m
[10.273s] [ 75%] [32mBuilding CXX object CMakeFiles/cw1_world_spawner__rosidl_typesupport_fastrtps_c.dir/rosidl_typesupport_fastrtps_c/cw1_world_spawner/srv/detail/task3_service__type_support_c.cpp.o[0m
[10.436s] [ 75%] Built target cw1_world_spawner__rosidl_typesupport_fastrtps_cpp
[10.573s] [ 76%] [32m[1mLinking CXX shared library libcw1_world_spawner__rosidl_typesupport_introspection_cpp.so[0m
[10.817s] [ 76%] Built target cw1_world_spawner__rosidl_typesupport_introspection_cpp
[11.912s] [ 78%] [32m[1mLinking CXX shared library libcw1_world_spawner__rosidl_typesupport_fastrtps_c.so[0m
[12.075s] [ 78%] Built target cw1_world_spawner__rosidl_typesupport_fastrtps_c
[12.115s] [ 78%] Built target cw1_world_spawner
[12.180s] [ 80%] [34m[1mGenerating Python code for ROS interfaces[0m
[13.404s] [ 80%] Built target cw1_world_spawner__py
[13.453s] [ 82%] [32mBuilding C object CMakeFiles/cw1_world_spawner__rosidl_generator_py.dir/rosidl_generator_py/cw1_world_spawner/srv/_task3_service_s.c.o[0m
[13.459s] [ 83%] [32mBuilding C object CMakeFiles/cw1_world_spawner__rosidl_generator_py.dir/rosidl_generator_py/cw1_world_spawner/srv/_task2_service_s.c.o[0m
[13.464s] [ 85%] [32mBuilding C object CMakeFiles/cw1_world_spawner__rosidl_generator_py.dir/rosidl_generator_py/cw1_world_spawner/srv/_task_setup_s.c.o[0m
[13.465s] [ 87%] [32mBuilding C object CMakeFiles/cw1_world_spawner__rosidl_generator_py.dir/rosidl_generator_py/cw1_world_spawner/srv/_task1_service_s.c.o[0m
[14.007s] [ 89%] [32m[1mLinking C shared library rosidl_generator_py/cw1_world_spawner/libcw1_world_spawner__rosidl_generator_py.so[0m
[14.104s] [ 89%] Built target cw1_world_spawner__rosidl_generator_py
[14.142s] [ 91%] [32mBuilding C object CMakeFiles/cw1_world_spawner__rosidl_typesupport_c__pyext.dir/rosidl_generator_py/cw1_world_spawner/_cw1_world_spawner_s.ep.rosidl_typesupport_c.c.o[0m
[14.148s] [ 92%] [32mBuilding C object CMakeFiles/cw1_world_spawner__rosidl_typesupport_introspection_c__pyext.dir/rosidl_generator_py/cw1_world_spawner/_cw1_world_spawner_s.ep.rosidl_typesupport_introspection_c.c.o[0m
[14.155s] [ 94%] [32mBuilding C object CMakeFiles/cw1_world_spawner__rosidl_typesupport_fastrtps_c__pyext.dir/rosidl_generator_py/cw1_world_spawner/_cw1_world_spawner_s.ep.rosidl_typesupport_fastrtps_c.c.o[0m
[14.539s] [ 96%] [32m[1mLinking C shared library rosidl_generator_py/cw1_world_spawner/cw1_world_spawner_s__rosidl_typesupport_fastrtps_c.cpython-310-x86_64-linux-gnu.so[0m
[14.634s] [ 96%] Built target cw1_world_spawner__rosidl_typesupport_fastrtps_c__pyext
[14.777s] [ 98%] [32m[1mLinking C shared library rosidl_generator_py/cw1_world_spawner/cw1_world_spawner_s__rosidl_typesupport_c.cpython-310-x86_64-linux-gnu.so[0m
[14.811s] [100%] [32m[1mLinking C shared library rosidl_generator_py/cw1_world_spawner/cw1_world_spawner_s__rosidl_typesupport_introspection_c.cpython-310-x86_64-linux-gnu.so[0m
[14.847s] [100%] Built target cw1_world_spawner__rosidl_typesupport_c__pyext
[14.883s] [100%] Built target cw1_world_spawner__rosidl_typesupport_introspection_c__pyext
[14.910s] Invoked command in '/home/hashim/Desktop/comp0250_s26_labs/build/cw1_world_spawner' returned '0': CMAKE_PREFIX_PATH=/opt/ros/humble /usr/bin/cmake --build /home/hashim/Desktop/comp0250_s26_labs/build/cw1_world_spawner -- -j20 -l20
[14.913s] Invoking command in '/home/hashim/Desktop/comp0250_s26_labs/build/cw1_world_spawner': CMAKE_PREFIX_PATH=/opt/ros/humble /usr/bin/cmake --install /home/hashim/Desktop/comp0250_s26_labs/build/cw1_world_spawner
[14.926s] -- Install configuration: "Release"
[14.926s] -- Installing: /home/hashim/Desktop/comp0250_s26_labs/install/cw1_world_spawner/share/ament_index/resource_index/rosidl_interfaces/cw1_world_spawner
[14.926s] -- Installing: /home/hashim/Desktop/comp0250_s26_labs/install/cw1_world_spawner/include/cw1_world_spawner/cw1_world_spawner
[14.927s] -- Installing: /home/hashim/Desktop/comp0250_s26_labs/install/cw1_world_spawner/include/cw1_world_spawner/cw1_world_spawner/msg
[14.927s] -- Installing: /home/hashim/Desktop/comp0250_s26_labs/install/cw1_world_spawner/include/cw1_world_spawner/cw1_world_spawner/msg/rosidl_generator_c__visibility_control.h
[14.927s] -- Installing: /home/hashim/Desktop/comp0250_s26_labs/install/cw1_world_spawner/include/cw1_world_spawner/cw1_world_spawner/srv
[14.928s] -- Installing: /home/hashim/Desktop/comp0250_s26_labs/install/cw1_world_spawner/include/cw1_world_spawner/cw1_world_spawner/srv/task_setup.h
[14.928s] -- Installing: /home/hashim/Desktop/comp0250_s26_labs/install/cw1_world_spawner/include/cw1_world_spawner/cw1_world_spawner/srv/detail
[14.928s] -- Installing: /home/hashim/Desktop/comp0250_s26_labs/install/cw1_world_spawner/include/cw1_world_spawner/cw1_world_spawner/srv/detail/task3_service__struct.h
[14.929s] -- Installing: /home/hashim/Desktop/comp0250_s26_labs/install/cw1_world_spawner/include/cw1_world_spawner/cw1_world_spawner/srv/detail/task_setup__struct.h
[14.929s] -- Installing: /home/hashim/Desktop/comp0250_s26_labs/install/cw1_world_spawner/include/cw1_world_spawner/cw1_world_spawner/srv/detail/task_setup__functions.h
[14.929s] -- Installing: /home/hashim/Desktop/comp0250_s26_labs/install/cw1_world_spawner/include/cw1_world_spawner/cw1_world_spawner/srv/detail/task1_service__type_support.h
[14.929s] -- Installing: /home/hashim/Desktop/comp0250_s26_labs/install/cw1_world_spawner/include/cw1_world_spawner/cw1_world_spawner/srv/detail/task2_service__struct.h
[14.930s] -- Installing: /home/hashim/Desktop/comp0250_s26_labs/install/cw1_world_spawner/include/cw1_world_spawner/cw1_world_spawner/srv/detail/task_setup__type_support.h
[14.930s] -- Installing: /home/hashim/Desktop/comp0250_s26_labs/install/cw1_world_spawner/include/cw1_world_spawner/cw1_world_spawner/srv/detail/task3_service__type_support.h
[14.930s] -- Installing: /home/hashim/Desktop/comp0250_s26_labs/install/cw1_world_spawner/include/cw1_world_spawner/cw1_world_spawner/srv/detail/task1_service__functions.h
[14.930s] -- Installing: /home/hashim/Desktop/comp0250_s26_labs/install/cw1_world_spawner/include/cw1_world_spawner/cw1_world_spawner/srv/detail/task1_service__struct.h
[14.931s] -- Installing: /home/hashim/Desktop/comp0250_s26_labs/install/cw1_world_spawner/include/cw1_world_spawner/cw1_world_spawner/srv/detail/task3_service__functions.h
[14.931s] -- Installing: /home/hashim/Desktop/comp0250_s26_labs/install/cw1_world_spawner/include/cw1_world_spawner/cw1_world_spawner/srv/detail/task1_service__functions.c
[14.931s] -- Installing: /home/hashim/Desktop/comp0250_s26_labs/install/cw1_world_spawner/include/cw1_world_spawner/cw1_world_spawner/srv/detail/task3_service__functions.c
[14.932s] -- Installing: /home/hashim/Desktop/comp0250_s26_labs/install/cw1_world_spawner/include/cw1_world_spawner/cw1_world_spawner/srv/detail/task2_service__functions.c
[14.932s] -- Installing: /home/hashim/Desktop/comp0250_s26_labs/install/cw1_world_spawner/include/cw1_world_spawner/cw1_world_spawner/srv/detail/task_setup__functions.c
[14.932s] -- Installing: /home/hashim/Desktop/comp0250_s26_labs/install/cw1_world_spawner/include/cw1_world_spawner/cw1_world_spawner/srv/detail/task2_service__functions.h
[14.932s] -- Installing: /home/hashim/Desktop/comp0250_s26_labs/install/cw1_world_spawner/include/cw1_world_spawner/cw1_world_spawner/srv/detail/task2_service__type_support.h
[14.933s] -- Installing: /home/hashim/Desktop/comp0250_s26_labs/install/cw1_world_spawner/include/cw1_world_spawner/cw1_world_spawner/srv/task2_service.h
[14.933s] -- Installing: /home/hashim/Desktop/comp0250_s26_labs/install/cw1_world_spawner/include/cw1_world_spawner/cw1_world_spawner/srv/task1_service.h
[14.933s] -- Installing: /home/hashim/Desktop/comp0250_s26_labs/install/cw1_world_spawner/include/cw1_world_spawner/cw1_world_spawner/srv/task3_service.h
[14.933s] -- Installing: /home/hashim/Desktop/comp0250_s26_labs/install/cw1_world_spawner/share/cw1_world_spawner/environment/library_path.sh
[14.934s] -- Installing: /home/hashim/Desktop/comp0250_s26_labs/install/cw1_world_spawner/share/cw1_world_spawner/environment/library_path.dsv
[14.934s] -- Installing: /home/hashim/Desktop/comp0250_s26_labs/install/cw1_world_spawner/lib/libcw1_world_spawner__rosidl_generator_c.so
[14.934s] -- Set runtime path of "/home/hashim/Desktop/comp0250_s26_labs/install/cw1_world_spawner/lib/libcw1_world_spawner__rosidl_generator_c.so" to ""
[14.935s] -- Up-to-date: /home/hashim/Desktop/comp0250_s26_labs/install/cw1_world_spawner/include/cw1_world_spawner/cw1_world_spawner
[14.935s] -- Up-to-date: /home/hashim/Desktop/comp0250_s26_labs/install/cw1_world_spawner/include/cw1_world_spawner/cw1_world_spawner/msg
[14.935s] -- Installing: /home/hashim/Desktop/comp0250_s26_labs/install/cw1_world_spawner/include/cw1_world_spawner/cw1_world_spawner/msg/rosidl_typesupport_fastrtps_c__visibility_control.h
[14.935s] -- Up-to-date: /home/hashim/Desktop/comp0250_s26_labs/install/cw1_world_spawner/include/cw1_world_spawner/cw1_world_spawner/srv
[14.936s] -- Up-to-date: /home/hashim/Desktop/comp0250_s26_labs/install/cw1_world_spawner/include/cw1_world_spawner/cw1_world_spawner/srv/detail
[14.936s] -- Installing: /home/hashim/Desktop/comp0250_s26_labs/install/cw1_world_spawner/include/cw1_world_spawner/cw1_world_spawner/srv/detail/task2_service__rosidl_typesupport_fastrtps_c.h
[14.936s] -- Installing: /home/hashim/Desktop/comp0250_s26_labs/install/cw1_world_spawner/include/cw1_world_spawner/cw1_world_spawner/srv/detail/task1_service__rosidl_typesupport_fastrtps_c.h
[14.937s] -- Installing: /home/hashim/Desktop/comp0250_s26_labs/install/cw1_world_spawner/include/cw1_world_spawner/cw1_world_spawner/srv/detail/task3_service__rosidl_typesupport_fastrtps_c.h
[14.937s] -- Installing: /home/hashim/Desktop/comp0250_s26_labs/install/cw1_world_spawner/include/cw1_world_spawner/cw1_world_spawner/srv/detail/task_setup__rosidl_typesupport_fastrtps_c.h
[14.937s] -- Installing: /home/hashim/Desktop/comp0250_s26_labs/install/cw1_world_spawner/lib/libcw1_world_spawner__rosidl_typesupport_fastrtps_c.so
[14.937s] -- Set runtime path of "/home/hashim/Desktop/comp0250_s26_labs/install/cw1_world_spawner/lib/libcw1_world_spawner__rosidl_typesupport_fastrtps_c.so" to ""
[14.938s] -- Up-to-date: /home/hashim/Desktop/comp0250_s26_labs/install/cw1_world_spawner/include/cw1_world_spawner/cw1_world_spawner
[14.938s] -- Up-to-date: /home/hashim/Desktop/comp0250_s26_labs/install/cw1_world_spawner/include/cw1_world_spawner/cw1_world_spawner/msg
[14.938s] -- Installing: /home/hashim/Desktop/comp0250_s26_labs/install/cw1_world_spawner/include/cw1_world_spawner/cw1_world_spawner/msg/rosidl_typesupport_introspection_c__visibility_control.h
[14.938s] -- Up-to-date: /home/hashim/Desktop/comp0250_s26_labs/install/cw1_world_spawner/include/cw1_world_spawner/cw1_world_spawner/srv
[14.939s] -- Up-to-date: /home/hashim/Desktop/comp0250_s26_labs/install/cw1_world_spawner/include/cw1_world_spawner/cw1_world_spawner/srv/detail
[14.939s] -- Installing: /home/hashim/Desktop/comp0250_s26_labs/install/cw1_world_spawner/include/cw1_world_spawner/cw1_world_spawner/srv/detail/task3_service__rosidl_typesupport_introspection_c.h
[14.939s] -- Installing: /home/hashim/Desktop/comp0250_s26_labs/install/cw1_world_spawner/include/cw1_world_spawner/cw1_world_spawner/srv/detail/task1_service__type_support.c
[14.940s] -- Installing: /home/hashim/Desktop/comp0250_s26_labs/install/cw1_world_spawner/include/cw1_world_spawner/cw1_world_spawner/srv/detail/task_setup__rosidl_typesupport_introspection_c.h
[14.940s] -- Installing: /home/hashim/Desktop/comp0250_s26_labs/install/cw1_world_spawner/include/cw1_world_spawner/cw1_world_spawner/srv/detail/task_setup__type_support.c
[14.940s] -- Installing: /home/hashim/Desktop/comp0250_s26_labs/install/cw1_world_spawner/include/cw1_world_spawner/cw1_world_spawner/srv/detail/task2_service__type_support.c
[14.941s] -- Installing: /home/hashim/Desktop/comp0250_s26_labs/install/cw1_world_spawner/include/cw1_world_spawner/cw1_world_spawner/srv/detail/task2_service__rosidl_typesupport_introspection_c.h
[14.941s] -- Installing: /home/hashim/Desktop/comp0250_s26_labs/install/cw1_world_spawner/include/cw1_world_spawner/cw1_world_spawner/srv/detail/task3_service__type_support.c
[14.941s] -- Installing: /home/hashim/Desktop/comp0250_s26_labs/install/cw1_world_spawner/include/cw1_world_spawner/cw1_world_spawner/srv/detail/task1_service__rosidl_typesupport_introspection_c.h
[14.941s] -- Installing: /home/hashim/Desktop/comp0250_s26_labs/install/cw1_world_spawner/lib/libcw1_world_spawner__rosidl_typesupport_introspection_c.so
[14.941s] -- Set runtime path of "/home/hashim/Desktop/comp0250_s26_labs/install/cw1_world_spawner/lib/libcw1_world_spawner__rosidl_typesupport_introspection_c.so" to ""
[14.942s] -- Installing: /home/hashim/Desktop/comp0250_s26_labs/install/cw1_world_spawner/lib/libcw1_world_spawner__rosidl_typesupport_c.so
[14.942s] -- Set runtime path of "/home/hashim/Desktop/comp0250_s26_labs/install/cw1_world_spawner/lib/libcw1_world_spawner__rosidl_typesupport_c.so" to ""
[14.942s] -- Up-to-date: /home/hashim/Desktop/comp0250_s26_labs/install/cw1_world_spawner/include/cw1_world_spawner/cw1_world_spawner
[14.942s] -- Up-to-date: /home/hashim/Desktop/comp0250_s26_labs/install/cw1_world_spawner/include/cw1_world_spawner/cw1_world_spawner/msg
[14.942s] -- Installing: /home/hashim/Desktop/comp0250_s26_labs/install/cw1_world_spawner/include/cw1_world_spawner/cw1_world_spawner/msg/rosidl_generator_cpp__visibility_control.hpp
[14.943s] -- Up-to-date: /home/hashim/Desktop/comp0250_s26_labs/install/cw1_world_spawner/include/cw1_world_spawner/cw1_world_spawner/srv
[14.943s] -- Up-to-date: /home/hashim/Desktop/comp0250_s26_labs/install/cw1_world_spawner/include/cw1_world_spawner/cw1_world_spawner/srv/detail
[14.943s] -- Installing: /home/hashim/Desktop/comp0250_s26_labs/install/cw1_world_spawner/include/cw1_world_spawner/cw1_world_spawner/srv/detail/task2_service__struct.hpp
[14.943s] -- Installing: /home/hashim/Desktop/comp0250_s26_labs/install/cw1_world_spawner/include/cw1_world_spawner/cw1_world_spawner/srv/detail/task3_service__type_support.hpp
[14.943s] -- Installing: /home/hashim/Desktop/comp0250_s26_labs/install/cw1_world_spawner/include/cw1_world_spawner/cw1_world_spawner/srv/detail/task3_service__traits.hpp
[14.944s] -- Installing: /home/hashim/Desktop/comp0250_s26_labs/install/cw1_world_spawner/include/cw1_world_spawner/cw1_world_spawner/srv/detail/task2_service__traits.hpp
[14.944s] -- Installing: /home/hashim/Desktop/comp0250_s26_labs/install/cw1_world_spawner/include/cw1_world_spawner/cw1_world_spawner/srv/detail/task2_service__type_support.hpp
[14.944s] -- Installing: /home/hashim/Desktop/comp0250_s26_labs/install/cw1_world_spawner/include/cw1_world_spawner/cw1_world_spawner/srv/detail/task1_service__type_support.hpp
[14.944s] -- Installing: /home/hashim/Desktop/comp0250_s26_labs/install/cw1_world_spawner/include/cw1_world_spawner/cw1_world_spawner/srv/detail/task_setup__struct.hpp
[14.944s] -- Installing: /home/hashim/Desktop/comp0250_s26_labs/install/cw1_world_spawner/include/cw1_world_spawner/cw1_world_spawner/srv/detail/task1_service__traits.hpp
[14.945s] -- Installing: /home/hashim/Desktop/comp0250_s26_labs/install/cw1_world_spawner/include/cw1_world_spawner/cw1_world_spawner/srv/detail/task1_service__builder.hpp
[14.945s] -- Installing: /home/hashim/Desktop/comp0250_s26_labs/install/cw1_world_spawner/include/cw1_world_spawner/cw1_world_spawner/srv/detail/task_setup__type_support.hpp
[14.945s] -- Installing: /home/hashim/Desktop/comp0250_s26_labs/install/cw1_world_spawner/include/cw1_world_spawner/cw1_world_spawner/srv/detail/task3_service__builder.hpp
[14.945s] -- Installing: /home/hashim/Desktop/comp0250_s26_labs/install/cw1_world_spawner/include/cw1_world_spawner/cw1_world_spawner/srv/detail/task3_service__struct.hpp
[14.946s] -- Installing: /home/hashim/Desktop/comp0250_s26_labs/install/cw1_world_spawner/include/cw1_world_spawner/cw1_world_spawner/srv/detail/task1_service__struct.hpp
[14.946s] -- Installing: /home/hashim/Desktop/comp0250_s26_labs/install/cw1_world_spawner/include/cw1_world_spawner/cw1_world_spawner/srv/detail/task_setup__builder.hpp
[14.946s] -- Installing: /home/hashim/Desktop/comp0250_s26_labs/install/cw1_world_spawner/include/cw1_world_spawner/cw1_world_spawner/srv/detail/task2_service__builder.hpp
[14.946s] -- Installing: /home/hashim/Desktop/comp0250_s26_labs/install/cw1_world_spawner/include/cw1_world_spawner/cw1_world_spawner/srv/detail/task_setup__traits.hpp
[14.946s] -- Installing: /home/hashim/Desktop/comp0250_s26_labs/install/cw1_world_spawner/include/cw1_world_spawner/cw1_world_spawner/srv/task2_service.hpp
[14.947s] -- Installing: /home/hashim/Desktop/comp0250_s26_labs/install/cw1_world_spawner/include/cw1_world_spawner/cw1_world_spawner/srv/task1_service.hpp
[14.947s] -- Installing: /home/hashim/Desktop/comp0250_s26_labs/install/cw1_world_spawner/include/cw1_world_spawner/cw1_world_spawner/srv/task_setup.hpp
[14.947s] -- Installing: /home/hashim/Desktop/comp0250_s26_labs/install/cw1_world_spawner/include/cw1_world_spawner/cw1_world_spawner/srv/task3_service.hpp
[14.947s] -- Up-to-date: /home/hashim/Desktop/comp0250_s26_labs/install/cw1_world_spawner/include/cw1_world_spawner/cw1_world_spawner
[14.947s] -- Up-to-date: /home/hashim/Desktop/comp0250_s26_labs/install/cw1_world_spawner/include/cw1_world_spawner/cw1_world_spawner/msg
[14.948s] -- Installing: /home/hashim/Desktop/comp0250_s26_labs/install/cw1_world_spawner/include/cw1_world_spawner/cw1_world_spawner/msg/rosidl_typesupport_fastrtps_cpp__visibility_control.h
[14.948s] -- Up-to-date: /home/hashim/Desktop/comp0250_s26_labs/install/cw1_world_spawner/include/cw1_world_spawner/cw1_world_spawner/srv
[14.948s] -- Up-to-date: /home/hashim/Desktop/comp0250_s26_labs/install/cw1_world_spawner/include/cw1_world_spawner/cw1_world_spawner/srv/detail
[14.948s] -- Installing: /home/hashim/Desktop/comp0250_s26_labs/install/cw1_world_spawner/include/cw1_world_spawner/cw1_world_spawner/srv/detail/dds_fastrtps
[14.948s] -- Installing: /home/hashim/Desktop/comp0250_s26_labs/install/cw1_world_spawner/include/cw1_world_spawner/cw1_world_spawner/srv/detail/task2_service__rosidl_typesupport_fastrtps_cpp.hpp
[14.949s] -- Installing: /home/hashim/Desktop/comp0250_s26_labs/install/cw1_world_spawner/include/cw1_world_spawner/cw1_world_spawner/srv/detail/task3_service__rosidl_typesupport_fastrtps_cpp.hpp
[14.949s] -- Installing: /home/hashim/Desktop/comp0250_s26_labs/install/cw1_world_spawner/include/cw1_world_spawner/cw1_world_spawner/srv/detail/task_setup__rosidl_typesupport_fastrtps_cpp.hpp
[14.949s] -- Installing: /home/hashim/Desktop/comp0250_s26_labs/install/cw1_world_spawner/include/cw1_world_spawner/cw1_world_spawner/srv/detail/task1_service__rosidl_typesupport_fastrtps_cpp.hpp
[14.949s] -- Installing: /home/hashim/Desktop/comp0250_s26_labs/install/cw1_world_spawner/lib/libcw1_world_spawner__rosidl_typesupport_fastrtps_cpp.so
[14.950s] -- Set runtime path of "/home/hashim/Desktop/comp0250_s26_labs/install/cw1_world_spawner/lib/libcw1_world_spawner__rosidl_typesupport_fastrtps_cpp.so" to ""
[14.950s] -- Up-to-date: /home/hashim/Desktop/comp0250_s26_labs/install/cw1_world_spawner/include/cw1_world_spawner/cw1_world_spawner
[14.950s] -- Up-to-date: /home/hashim/Desktop/comp0250_s26_labs/install/cw1_world_spawner/include/cw1_world_spawner/cw1_world_spawner/srv
[14.950s] -- Up-to-date: /home/hashim/Desktop/comp0250_s26_labs/install/cw1_world_spawner/include/cw1_world_spawner/cw1_world_spawner/srv/detail
[14.950s] -- Installing: /home/hashim/Desktop/comp0250_s26_labs/install/cw1_world_spawner/include/cw1_world_spawner/cw1_world_spawner/srv/detail/task2_service__type_support.cpp
[14.951s] -- Installing: /home/hashim/Desktop/comp0250_s26_labs/install/cw1_world_spawner/include/cw1_world_spawner/cw1_world_spawner/srv/detail/task1_service__type_support.cpp
[14.951s] -- Installing: /home/hashim/Desktop/comp0250_s26_labs/install/cw1_world_spawner/include/cw1_world_spawner/cw1_world_spawner/srv/detail/task_setup__type_support.cpp
[14.951s] -- Installing: /home/hashim/Desktop/comp0250_s26_labs/install/cw1_world_spawner/include/cw1_world_spawner/cw1_world_spawner/srv/detail/task1_service__rosidl_typesupport_introspection_cpp.hpp
[14.951s] -- Installing: /home/hashim/Desktop/comp0250_s26_labs/install/cw1_world_spawner/include/cw1_world_spawner/cw1_world_spawner/srv/detail/task2_service__rosidl_typesupport_introspection_cpp.hpp
[14.951s] -- Installing: /home/hashim/Desktop/comp0250_s26_labs/install/cw1_world_spawner/include/cw1_world_spawner/cw1_world_spawner/srv/detail/task_setup__rosidl_typesupport_introspection_cpp.hpp
[14.952s] -- Installing: /home/hashim/Desktop/comp0250_s26_labs/install/cw1_world_spawner/include/cw1_world_spawner/cw1_world_spawner/srv/detail/task3_service__type_support.cpp
[14.952s] -- Installing: /home/hashim/Desktop/comp0250_s26_labs/install/cw1_world_spawner/include/cw1_world_spawner/cw1_world_spawner/srv/detail/task3_service__rosidl_typesupport_introspection_cpp.hpp
[14.952s] -- Installing: /home/hashim/Desktop/comp0250_s26_labs/install/cw1_world_spawner/lib/libcw1_world_spawner__rosidl_typesupport_introspection_cpp.so
[14.952s] -- Set runtime path of "/home/hashim/Desktop/comp0250_s26_labs/install/cw1_world_spawner/lib/libcw1_world_spawner__rosidl_typesupport_introspection_cpp.so" to ""
[14.952s] -- Installing: /home/hashim/Desktop/comp0250_s26_labs/install/cw1_world_spawner/lib/libcw1_world_spawner__rosidl_typesupport_cpp.so
[14.953s] -- Set runtime path of "/home/hashim/Desktop/comp0250_s26_labs/install/cw1_world_spawner/lib/libcw1_world_spawner__rosidl_typesupport_cpp.so" to ""
[14.953s] -- Installing: /home/hashim/Desktop/comp0250_s26_labs/install/cw1_world_spawner/share/cw1_world_spawner/environment/pythonpath.sh
[14.953s] -- Installing: /home/hashim/Desktop/comp0250_s26_labs/install/cw1_world_spawner/share/cw1_world_spawner/environment/pythonpath.dsv
[14.953s] -- Installing: /home/hashim/Desktop/comp0250_s26_labs/install/cw1_world_spawner/local/lib/python3.10/dist-packages/cw1_world_spawner-0.1.0-py3.10.egg-info
[14.953s] -- Installing: /home/hashim/Desktop/comp0250_s26_labs/install/cw1_world_spawner/local/lib/python3.10/dist-packages/cw1_world_spawner-0.1.0-py3.10.egg-info/dependency_links.txt
[14.954s] -- Installing: /home/hashim/Desktop/comp0250_s26_labs/install/cw1_world_spawner/local/lib/python3.10/dist-packages/cw1_world_spawner-0.1.0-py3.10.egg-info/PKG-INFO
[14.954s] -- Installing: /home/hashim/Desktop/comp0250_s26_labs/install/cw1_world_spawner/local/lib/python3.10/dist-packages/cw1_world_spawner-0.1.0-py3.10.egg-info/SOURCES.txt
[14.954s] -- Installing: /home/hashim/Desktop/comp0250_s26_labs/install/cw1_world_spawner/local/lib/python3.10/dist-packages/cw1_world_spawner-0.1.0-py3.10.egg-info/top_level.txt
[14.954s] -- Installing: /home/hashim/Desktop/comp0250_s26_labs/install/cw1_world_spawner/local/lib/python3.10/dist-packages/cw1_world_spawner
[14.954s] -- Installing: /home/hashim/Desktop/comp0250_s26_labs/install/cw1_world_spawner/local/lib/python3.10/dist-packages/cw1_world_spawner/_cw1_world_spawner_s.ep.rosidl_typesupport_introspection_c.c
[14.954s] -- Installing: /home/hashim/Desktop/comp0250_s26_labs/install/cw1_world_spawner/local/lib/python3.10/dist-packages/cw1_world_spawner/_cw1_world_spawner_s.ep.rosidl_typesupport_fastrtps_c.c
[14.954s] -- Installing: /home/hashim/Desktop/comp0250_s26_labs/install/cw1_world_spawner/local/lib/python3.10/dist-packages/cw1_world_spawner/srv
[14.954s] -- Installing: /home/hashim/Desktop/comp0250_s26_labs/install/cw1_world_spawner/local/lib/python3.10/dist-packages/cw1_world_spawner/srv/_task3_service_s.c
[14.954s] -- Installing: /home/hashim/Desktop/comp0250_s26_labs/install/cw1_world_spawner/local/lib/python3.10/dist-packages/cw1_world_spawner/srv/_task2_service_s.c
[14.954s] -- Installing: /home/hashim/Desktop/comp0250_s26_labs/install/cw1_world_spawner/local/lib/python3.10/dist-packages/cw1_world_spawner/srv/_task1_service_s.c
[14.954s] -- Installing: /home/hashim/Desktop/comp0250_s26_labs/install/cw1_world_spawner/local/lib/python3.10/dist-packages/cw1_world_spawner/srv/_task1_service.py
[14.954s] -- Installing: /home/hashim/Desktop/comp0250_s26_labs/install/cw1_world_spawner/local/lib/python3.10/dist-packages/cw1_world_spawner/srv/_task3_service.py
[14.954s] -- Installing: /home/hashim/Desktop/comp0250_s26_labs/install/cw1_world_spawner/local/lib/python3.10/dist-packages/cw1_world_spawner/srv/_task_setup_s.c
[14.954s] -- Installing: /home/hashim/Desktop/comp0250_s26_labs/install/cw1_world_spawner/local/lib/python3.10/dist-packages/cw1_world_spawner/srv/__init__.py
[14.954s] -- Installing: /home/hashim/Desktop/comp0250_s26_labs/install/cw1_world_spawner/local/lib/python3.10/dist-packages/cw1_world_spawner/srv/_task_setup.py
[14.954s] -- Installing: /home/hashim/Desktop/comp0250_s26_labs/install/cw1_world_spawner/local/lib/python3.10/dist-packages/cw1_world_spawner/srv/_task2_service.py
[14.955s] -- Installing: /home/hashim/Desktop/comp0250_s26_labs/install/cw1_world_spawner/local/lib/python3.10/dist-packages/cw1_world_spawner/cw1_world_spawner_s__rosidl_typesupport_c.cpython-310-x86_64-linux-gnu.so
[14.955s] -- Installing: /home/hashim/Desktop/comp0250_s26_labs/install/cw1_world_spawner/local/lib/python3.10/dist-packages/cw1_world_spawner/cw1_world_spawner_s__rosidl_typesupport_fastrtps_c.cpython-310-x86_64-linux-gnu.so
[14.955s] -- Installing: /home/hashim/Desktop/comp0250_s26_labs/install/cw1_world_spawner/local/lib/python3.10/dist-packages/cw1_world_spawner/_cw1_world_spawner_s.ep.rosidl_typesupport_c.c
[14.955s] -- Installing: /home/hashim/Desktop/comp0250_s26_labs/install/cw1_world_spawner/local/lib/python3.10/dist-packages/cw1_world_spawner/cw1_world_spawner_s__rosidl_typesupport_introspection_c.cpython-310-x86_64-linux-gnu.so
[14.955s] -- Installing: /home/hashim/Desktop/comp0250_s26_labs/install/cw1_world_spawner/local/lib/python3.10/dist-packages/cw1_world_spawner/__init__.py
[14.955s] -- Installing: /home/hashim/Desktop/comp0250_s26_labs/install/cw1_world_spawner/local/lib/python3.10/dist-packages/cw1_world_spawner/libcw1_world_spawner__rosidl_generator_py.so
[15.006s] Listing '/home/hashim/Desktop/comp0250_s26_labs/install/cw1_world_spawner/local/lib/python3.10/dist-packages/cw1_world_spawner'...
[15.006s] Compiling '/home/hashim/Desktop/comp0250_s26_labs/install/cw1_world_spawner/local/lib/python3.10/dist-packages/cw1_world_spawner/__init__.py'...
[15.006s] Listing '/home/hashim/Desktop/comp0250_s26_labs/install/cw1_world_spawner/local/lib/python3.10/dist-packages/cw1_world_spawner/srv'...
[15.006s] Compiling '/home/hashim/Desktop/comp0250_s26_labs/install/cw1_world_spawner/local/lib/python3.10/dist-packages/cw1_world_spawner/srv/__init__.py'...
[15.006s] Compiling '/home/hashim/Desktop/comp0250_s26_labs/install/cw1_world_spawner/local/lib/python3.10/dist-packages/cw1_world_spawner/srv/_task1_service.py'...
[15.006s] Compiling '/home/hashim/Desktop/comp0250_s26_labs/install/cw1_world_spawner/local/lib/python3.10/dist-packages/cw1_world_spawner/srv/_task2_service.py'...
[15.006s] Compiling '/home/hashim/Desktop/comp0250_s26_labs/install/cw1_world_spawner/local/lib/python3.10/dist-packages/cw1_world_spawner/srv/_task3_service.py'...
[15.006s] Compiling '/home/hashim/Desktop/comp0250_s26_labs/install/cw1_world_spawner/local/lib/python3.10/dist-packages/cw1_world_spawner/srv/_task_setup.py'...
[15.013s] -- Installing: /home/hashim/Desktop/comp0250_s26_labs/install/cw1_world_spawner/local/lib/python3.10/dist-packages/cw1_world_spawner/cw1_world_spawner_s__rosidl_typesupport_fastrtps_c.cpython-310-x86_64-linux-gnu.so
[15.014s] -- Set runtime path of "/home/hashim/Desktop/comp0250_s26_labs/install/cw1_world_spawner/local/lib/python3.10/dist-packages/cw1_world_spawner/cw1_world_spawner_s__rosidl_typesupport_fastrtps_c.cpython-310-x86_64-linux-gnu.so" to ""
[15.015s] -- Installing: /home/hashim/Desktop/comp0250_s26_labs/install/cw1_world_spawner/local/lib/python3.10/dist-packages/cw1_world_spawner/cw1_world_spawner_s__rosidl_typesupport_introspection_c.cpython-310-x86_64-linux-gnu.so
[15.016s] -- Set runtime path of "/home/hashim/Desktop/comp0250_s26_labs/install/cw1_world_spawner/local/lib/python3.10/dist-packages/cw1_world_spawner/cw1_world_spawner_s__rosidl_typesupport_introspection_c.cpython-310-x86_64-linux-gnu.so" to ""
[15.016s] -- Installing: /home/hashim/Desktop/comp0250_s26_labs/install/cw1_world_spawner/local/lib/python3.10/dist-packages/cw1_world_spawner/cw1_world_spawner_s__rosidl_typesupport_c.cpython-310-x86_64-linux-gnu.so
[15.017s] -- Set runtime path of "/home/hashim/Desktop/comp0250_s26_labs/install/cw1_world_spawner/local/lib/python3.10/dist-packages/cw1_world_spawner/cw1_world_spawner_s__rosidl_typesupport_c.cpython-310-x86_64-linux-gnu.so" to ""
[15.017s] -- Installing: /home/hashim/Desktop/comp0250_s26_labs/install/cw1_world_spawner/lib/libcw1_world_spawner__rosidl_generator_py.so
[15.018s] -- Set runtime path of "/home/hashim/Desktop/comp0250_s26_labs/install/cw1_world_spawner/lib/libcw1_world_spawner__rosidl_generator_py.so" to ""
[15.019s] -- Installing: /home/hashim/Desktop/comp0250_s26_labs/install/cw1_world_spawner/share/ament_index/resource_index/rust_packages/cw1_world_spawner
[15.019s] -- Installing: /home/hashim/Desktop/comp0250_s26_labs/install/cw1_world_spawner/share/cw1_world_spawner/rust
[15.020s] -- Installing: /home/hashim/Desktop/comp0250_s26_labs/install/cw1_world_spawner/share/cw1_world_spawner/rust/src
[15.020s] -- Installing: /home/hashim/Desktop/comp0250_s26_labs/install/cw1_world_spawner/share/cw1_world_spawner/rust/src/lib.rs
[15.020s] -- Installing: /home/hashim/Desktop/comp0250_s26_labs/install/cw1_world_spawner/share/cw1_world_spawner/rust/src/srv
[15.021s] -- Installing: /home/hashim/Desktop/comp0250_s26_labs/install/cw1_world_spawner/share/cw1_world_spawner/rust/src/srv/rmw.rs
[15.021s] -- Installing: /home/hashim/Desktop/comp0250_s26_labs/install/cw1_world_spawner/share/cw1_world_spawner/rust/src/srv.rs
[15.021s] -- Installing: /home/hashim/Desktop/comp0250_s26_labs/install/cw1_world_spawner/share/cw1_world_spawner/rust/build.rs
[15.022s] -- Installing: /home/hashim/Desktop/comp0250_s26_labs/install/cw1_world_spawner/share/cw1_world_spawner/rust/Cargo.toml
[15.022s] -- Installing: /home/hashim/Desktop/comp0250_s26_labs/install/cw1_world_spawner/share/cw1_world_spawner/srv/TaskSetup.idl
[15.022s] -- Installing: /home/hashim/Desktop/comp0250_s26_labs/install/cw1_world_spawner/share/cw1_world_spawner/srv/Task1Service.idl
[15.023s] -- Installing: /home/hashim/Desktop/comp0250_s26_labs/install/cw1_world_spawner/share/cw1_world_spawner/srv/Task2Service.idl
[15.023s] -- Installing: /home/hashim/Desktop/comp0250_s26_labs/install/cw1_world_spawner/share/cw1_world_spawner/srv/Task3Service.idl
[15.023s] -- Installing: /home/hashim/Desktop/comp0250_s26_labs/install/cw1_world_spawner/share/cw1_world_spawner/srv/TaskSetup.srv
[15.023s] -- Installing: /home/hashim/Desktop/comp0250_s26_labs/install/cw1_world_spawner/share/cw1_world_spawner/srv/TaskSetup_Request.msg
[15.023s] -- Installing: /home/hashim/Desktop/comp0250_s26_labs/install/cw1_world_spawner/share/cw1_world_spawner/srv/TaskSetup_Response.msg
[15.024s] -- Installing: /home/hashim/Desktop/comp0250_s26_labs/install/cw1_world_spawner/share/cw1_world_spawner/srv/Task1Service.srv
[15.024s] -- Installing: /home/hashim/Desktop/comp0250_s26_labs/install/cw1_world_spawner/share/cw1_world_spawner/srv/Task1Service_Request.msg
[15.024s] -- Installing: /home/hashim/Desktop/comp0250_s26_labs/install/cw1_world_spawner/share/cw1_world_spawner/srv/Task1Service_Response.msg
[15.024s] -- Installing: /home/hashim/Desktop/comp0250_s26_labs/install/cw1_world_spawner/share/cw1_world_spawner/srv/Task2Service.srv
[15.024s] -- Installing: /home/hashim/Desktop/comp0250_s26_labs/install/cw1_world_spawner/share/cw1_world_spawner/srv/Task2Service_Request.msg
[15.025s] -- Installing: /home/hashim/Desktop/comp0250_s26_labs/install/cw1_world_spawner/share/cw1_world_spawner/srv/Task2Service_Response.msg
[15.025s] -- Installing: /home/hashim/Desktop/comp0250_s26_labs/install/cw1_world_spawner/share/cw1_world_spawner/srv/Task3Service.srv
[15.025s] -- Installing: /home/hashim/Desktop/comp0250_s26_labs/install/cw1_world_spawner/share/cw1_world_spawner/srv/Task3Service_Request.msg
[15.025s] -- Installing: /home/hashim/Desktop/comp0250_s26_labs/install/cw1_world_spawner/share/cw1_world_spawner/srv/Task3Service_Response.msg
[15.025s] -- Installing: /home/hashim/Desktop/comp0250_s26_labs/install/cw1_world_spawner/local/lib/python3.10/dist-packages/coursework_world_spawner_lib-0.1.0-py3.10.egg-info
[15.026s] -- Installing: /home/hashim/Desktop/comp0250_s26_labs/install/cw1_world_spawner/local/lib/python3.10/dist-packages/coursework_world_spawner_lib-0.1.0-py3.10.egg-info/dependency_links.txt
[15.026s] -- Installing: /home/hashim/Desktop/comp0250_s26_labs/install/cw1_world_spawner/local/lib/python3.10/dist-packages/coursework_world_spawner_lib-0.1.0-py3.10.egg-info/PKG-INFO
[15.026s] -- Installing: /home/hashim/Desktop/comp0250_s26_labs/install/cw1_world_spawner/local/lib/python3.10/dist-packages/coursework_world_spawner_lib-0.1.0-py3.10.egg-info/SOURCES.txt
[15.026s] -- Installing: /home/hashim/Desktop/comp0250_s26_labs/install/cw1_world_spawner/local/lib/python3.10/dist-packages/coursework_world_spawner_lib-0.1.0-py3.10.egg-info/top_level.txt
[15.026s] -- Installing: /home/hashim/Desktop/comp0250_s26_labs/install/cw1_world_spawner/local/lib/python3.10/dist-packages/coursework_world_spawner_lib
[15.027s] -- Installing: /home/hashim/Desktop/comp0250_s26_labs/install/cw1_world_spawner/local/lib/python3.10/dist-packages/coursework_world_spawner_lib/__init__.py
[15.027s] -- Installing: /home/hashim/Desktop/comp0250_s26_labs/install/cw1_world_spawner/local/lib/python3.10/dist-packages/coursework_world_spawner_lib/coursework_world_spawner.py
[15.080s] Listing '/home/hashim/Desktop/comp0250_s26_labs/install/cw1_world_spawner/local/lib/python3.10/dist-packages/coursework_world_spawner_lib'...
[15.081s] Compiling '/home/hashim/Desktop/comp0250_s26_labs/install/cw1_world_spawner/local/lib/python3.10/dist-packages/coursework_world_spawner_lib/__init__.py'...
[15.081s] Compiling '/home/hashim/Desktop/comp0250_s26_labs/install/cw1_world_spawner/local/lib/python3.10/dist-packages/coursework_world_spawner_lib/coursework_world_spawner.py'...
[15.088s] -- Installing: /home/hashim/Desktop/comp0250_s26_labs/install/cw1_world_spawner/lib/cw1_world_spawner/world_spawner.py
[15.088s] -- Installing: /home/hashim/Desktop/comp0250_s26_labs/install/cw1_world_spawner/lib/cw1_world_spawner/test_coursework.py
[15.089s] -- Installing: /home/hashim/Desktop/comp0250_s26_labs/install/cw1_world_spawner/share/cw1_world_spawner/models
[15.090s] -- Installing: /home/hashim/Desktop/comp0250_s26_labs/install/cw1_world_spawner/share/cw1_world_spawner/models/object-golf-tile
[15.090s] -- Installing: /home/hashim/Desktop/comp0250_s26_labs/install/cw1_world_spawner/share/cw1_world_spawner/models/object-golf-tile/model.config
[15.091s] -- Installing: /home/hashim/Desktop/comp0250_s26_labs/install/cw1_world_spawner/share/cw1_world_spawner/models/object-golf-tile/model.sdf
[15.091s] -- Installing: /home/hashim/Desktop/comp0250_s26_labs/install/cw1_world_spawner/share/cw1_world_spawner/models/basket_purple
[15.091s] -- Installing: /home/hashim/Desktop/comp0250_s26_labs/install/cw1_world_spawner/share/cw1_world_spawner/models/basket_purple/model.config
[15.091s] -- Installing: /home/hashim/Desktop/comp0250_s26_labs/install/cw1_world_spawner/share/cw1_world_spawner/models/basket_purple/model.sdf
[15.091s] -- Installing: /home/hashim/Desktop/comp0250_s26_labs/install/cw1_world_spawner/share/cw1_world_spawner/models/basket_purple/model.sdf.xmacro
[15.091s] -- Installing: /home/hashim/Desktop/comp0250_s26_labs/install/cw1_world_spawner/share/cw1_world_spawner/models/basket_red
[15.091s] -- Installing: /home/hashim/Desktop/comp0250_s26_labs/install/cw1_world_spawner/share/cw1_world_spawner/models/basket_red/model.config
[15.091s] -- Installing: /home/hashim/Desktop/comp0250_s26_labs/install/cw1_world_spawner/share/cw1_world_spawner/models/basket_red/model.sdf
[15.092s] -- Installing: /home/hashim/Desktop/comp0250_s26_labs/install/cw1_world_spawner/share/cw1_world_spawner/models/basket_red/model.sdf.xmacro
[15.092s] -- Installing: /home/hashim/Desktop/comp0250_s26_labs/install/cw1_world_spawner/share/cw1_world_spawner/models/box
[15.092s] -- Installing: /home/hashim/Desktop/comp0250_s26_labs/install/cw1_world_spawner/share/cw1_world_spawner/models/box/model.config
[15.092s] -- Installing: /home/hashim/Desktop/comp0250_s26_labs/install/cw1_world_spawner/share/cw1_world_spawner/models/box/model.sdf
[15.092s] -- Installing: /home/hashim/Desktop/comp0250_s26_labs/install/cw1_world_spawner/share/cw1_world_spawner/models/basket
[15.092s] -- Installing: /home/hashim/Desktop/comp0250_s26_labs/install/cw1_world_spawner/share/cw1_world_spawner/models/basket/model.config
[15.092s] -- Installing: /home/hashim/Desktop/comp0250_s26_labs/install/cw1_world_spawner/share/cw1_world_spawner/models/basket/model.sdf
[15.093s] -- Installing: /home/hashim/Desktop/comp0250_s26_labs/install/cw1_world_spawner/share/cw1_world_spawner/models/basket/model.sdf.xmacro
[15.093s] -- Installing: /home/hashim/Desktop/comp0250_s26_labs/install/cw1_world_spawner/share/cw1_world_spawner/models/basket_blue
[15.093s] -- Installing: /home/hashim/Desktop/comp0250_s26_labs/install/cw1_world_spawner/share/cw1_world_spawner/models/basket_blue/model.config
[15.093s] -- Installing: /home/hashim/Desktop/comp0250_s26_labs/install/cw1_world_spawner/share/cw1_world_spawner/models/basket_blue/model.sdf
[15.093s] -- Installing: /home/hashim/Desktop/comp0250_s26_labs/install/cw1_world_spawner/share/cw1_world_spawner/models/basket_blue/model.sdf.xmacro
[15.093s] -- Installing: /home/hashim/Desktop/comp0250_s26_labs/install/cw1_world_spawner/share/cw1_world_spawner/models/box_red
[15.093s] -- Installing: /home/hashim/Desktop/comp0250_s26_labs/install/cw1_world_spawner/share/cw1_world_spawner/models/box_red/model.config
[15.094s] -- Installing: /home/hashim/Desktop/comp0250_s26_labs/install/cw1_world_spawner/share/cw1_world_spawner/models/box_red/model.sdf
[15.094s] -- Installing: /home/hashim/Desktop/comp0250_s26_labs/install/cw1_world_spawner/share/cw1_world_spawner/models/box_purple
[15.094s] -- Installing: /home/hashim/Desktop/comp0250_s26_labs/install/cw1_world_spawner/share/cw1_world_spawner/models/box_purple/model.config
[15.094s] -- Installing: /home/hashim/Desktop/comp0250_s26_labs/install/cw1_world_spawner/share/cw1_world_spawner/models/box_purple/model.sdf
[15.094s] -- Installing: /home/hashim/Desktop/comp0250_s26_labs/install/cw1_world_spawner/share/cw1_world_spawner/models/all_tiles
[15.094s] -- Installing: /home/hashim/Desktop/comp0250_s26_labs/install/cw1_world_spawner/share/cw1_world_spawner/models/all_tiles/model.config
[15.095s] -- Installing: /home/hashim/Desktop/comp0250_s26_labs/install/cw1_world_spawner/share/cw1_world_spawner/models/all_tiles/model.sdf
[15.095s] -- Installing: /home/hashim/Desktop/comp0250_s26_labs/install/cw1_world_spawner/share/cw1_world_spawner/models/all_tiles/model.sdf.xmacro
[15.095s] -- Installing: /home/hashim/Desktop/comp0250_s26_labs/install/cw1_world_spawner/share/cw1_world_spawner/models/box_blue
[15.095s] -- Installing: /home/hashim/Desktop/comp0250_s26_labs/install/cw1_world_spawner/share/cw1_world_spawner/models/box_blue/model.config
[15.096s] -- Installing: /home/hashim/Desktop/comp0250_s26_labs/install/cw1_world_spawner/share/cw1_world_spawner/models/box_blue/model.sdf
[15.096s] -- Installing: /home/hashim/Desktop/comp0250_s26_labs/install/cw1_world_spawner/share/cw1_world_spawner/launch
[15.096s] -- Installing: /home/hashim/Desktop/comp0250_s26_labs/install/cw1_world_spawner/share/cw1_world_spawner/launch/test_coursework.launch.py
[15.096s] -- Installing: /home/hashim/Desktop/comp0250_s26_labs/install/cw1_world_spawner/share/cw1_world_spawner/launch/world_spawner.launch.py
[15.097s] -- Installing: /home/hashim/Desktop/comp0250_s26_labs/install/cw1_world_spawner/share/ament_index/resource_index/package_run_dependencies/cw1_world_spawner
[15.097s] -- Installing: /home/hashim/Desktop/comp0250_s26_labs/install/cw1_world_spawner/share/ament_index/resource_index/parent_prefix_path/cw1_world_spawner
[15.097s] -- Installing: /home/hashim/Desktop/comp0250_s26_labs/install/cw1_world_spawner/share/cw1_world_spawner/environment/ament_prefix_path.sh
[15.098s] -- Installing: /home/hashim/Desktop/comp0250_s26_labs/install/cw1_world_spawner/share/cw1_world_spawner/environment/ament_prefix_path.dsv
[15.098s] -- Installing: /home/hashim/Desktop/comp0250_s26_labs/install/cw1_world_spawner/share/cw1_world_spawner/environment/path.sh
[15.098s] -- Installing: /home/hashim/Desktop/comp0250_s26_labs/install/cw1_world_spawner/share/cw1_world_spawner/environment/path.dsv
[15.099s] -- Installing: /home/hashim/Desktop/comp0250_s26_labs/install/cw1_world_spawner/share/cw1_world_spawner/local_setup.bash
[15.099s] -- Installing: /home/hashim/Desktop/comp0250_s26_labs/install/cw1_world_spawner/share/cw1_world_spawner/local_setup.sh
[15.100s] -- Installing: /home/hashim/Desktop/comp0250_s26_labs/install/cw1_world_spawner/share/cw1_world_spawner/local_setup.zsh
[15.100s] -- Installing: /home/hashim/Desktop/comp0250_s26_labs/install/cw1_world_spawner/share/cw1_world_spawner/local_setup.dsv
[15.100s] -- Installing: /home/hashim/Desktop/comp0250_s26_labs/install/cw1_world_spawner/share/cw1_world_spawner/package.dsv
[15.101s] -- Installing: /home/hashim/Desktop/comp0250_s26_labs/install/cw1_world_spawner/share/ament_index/resource_index/packages/cw1_world_spawner
[15.103s] -- Installing: /home/hashim/Desktop/comp0250_s26_labs/install/cw1_world_spawner/share/cw1_world_spawner/cmake/export_cw1_world_spawner__rosidl_generator_cExport.cmake
[15.103s] -- Installing: /home/hashim/Desktop/comp0250_s26_labs/install/cw1_world_spawner/share/cw1_world_spawner/cmake/export_cw1_world_spawner__rosidl_generator_cExport-release.cmake
[15.103s] -- Installing: /home/hashim/Desktop/comp0250_s26_labs/install/cw1_world_spawner/share/cw1_world_spawner/cmake/export_cw1_world_spawner__rosidl_typesupport_fastrtps_cExport.cmake
[15.103s] -- Installing: /home/hashim/Desktop/comp0250_s26_labs/install/cw1_world_spawner/share/cw1_world_spawner/cmake/export_cw1_world_spawner__rosidl_typesupport_fastrtps_cExport-release.cmake
[15.103s] -- Installing: /home/hashim/Desktop/comp0250_s26_labs/install/cw1_world_spawner/share/cw1_world_spawner/cmake/cw1_world_spawner__rosidl_typesupport_introspection_cExport.cmake
[15.104s] -- Installing: /home/hashim/Desktop/comp0250_s26_labs/install/cw1_world_spawner/share/cw1_world_spawner/cmake/cw1_world_spawner__rosidl_typesupport_introspection_cExport-release.cmake
[15.104s] -- Installing: /home/hashim/Desktop/comp0250_s26_labs/install/cw1_world_spawner/share/cw1_world_spawner/cmake/cw1_world_spawner__rosidl_typesupport_cExport.cmake
[15.104s] -- Installing: /home/hashim/Desktop/comp0250_s26_labs/install/cw1_world_spawner/share/cw1_world_spawner/cmake/cw1_world_spawner__rosidl_typesupport_cExport-release.cmake
[15.104s] -- Installing: /home/hashim/Desktop/comp0250_s26_labs/install/cw1_world_spawner/share/cw1_world_spawner/cmake/export_cw1_world_spawner__rosidl_generator_cppExport.cmake
[15.104s] -- Installing: /home/hashim/Desktop/comp0250_s26_labs/install/cw1_world_spawner/share/cw1_world_spawner/cmake/export_cw1_world_spawner__rosidl_typesupport_fastrtps_cppExport.cmake
[15.105s] -- Installing: /home/hashim/Desktop/comp0250_s26_labs/install/cw1_world_spawner/share/cw1_world_spawner/cmake/export_cw1_world_spawner__rosidl_typesupport_fastrtps_cppExport-release.cmake
[15.105s] -- Installing: /home/hashim/Desktop/comp0250_s26_labs/install/cw1_world_spawner/share/cw1_world_spawner/cmake/cw1_world_spawner__rosidl_typesupport_introspection_cppExport.cmake
[15.106s] -- Installing: /home/hashim/Desktop/comp0250_s26_labs/install/cw1_world_spawner/share/cw1_world_spawner/cmake/cw1_world_spawner__rosidl_typesupport_introspection_cppExport-release.cmake
[15.106s] -- Installing: /home/hashim/Desktop/comp0250_s26_labs/install/cw1_world_spawner/share/cw1_world_spawner/cmake/cw1_world_spawner__rosidl_typesupport_cppExport.cmake
[15.106s] -- Installing: /home/hashim/Desktop/comp0250_s26_labs/install/cw1_world_spawner/share/cw1_world_spawner/cmake/cw1_world_spawner__rosidl_typesupport_cppExport-release.cmake
[15.107s] -- Installing: /home/hashim/Desktop/comp0250_s26_labs/install/cw1_world_spawner/share/cw1_world_spawner/cmake/export_cw1_world_spawner__rosidl_generator_pyExport.cmake
[15.107s] -- Installing: /home/hashim/Desktop/comp0250_s26_labs/install/cw1_world_spawner/share/cw1_world_spawner/cmake/export_cw1_world_spawner__rosidl_generator_pyExport-release.cmake
[15.107s] -- Installing: /home/hashim/Desktop/comp0250_s26_labs/install/cw1_world_spawner/share/cw1_world_spawner/cmake/rosidl_cmake-extras.cmake
[15.108s] -- Installing: /home/hashim/Desktop/comp0250_s26_labs/install/cw1_world_spawner/share/cw1_world_spawner/cmake/ament_cmake_export_dependencies-extras.cmake
[15.108s] -- Installing: /home/hashim/Desktop/comp0250_s26_labs/install/cw1_world_spawner/share/cw1_world_spawner/cmake/ament_cmake_export_include_directories-extras.cmake
[15.109s] -- Installing: /home/hashim/Desktop/comp0250_s26_labs/install/cw1_world_spawner/share/cw1_world_spawner/cmake/ament_cmake_export_libraries-extras.cmake
[15.109s] -- Installing: /home/hashim/Desktop/comp0250_s26_labs/install/cw1_world_spawner/share/cw1_world_spawner/cmake/ament_cmake_export_targets-extras.cmake
[15.109s] -- Installing: /home/hashim/Desktop/comp0250_s26_labs/install/cw1_world_spawner/share/cw1_world_spawner/cmake/rosidl_cmake_export_typesupport_targets-extras.cmake
[15.110s] -- Installing: /home/hashim/Desktop/comp0250_s26_labs/install/cw1_world_spawner/share/cw1_world_spawner/cmake/rosidl_cmake_export_typesupport_libraries-extras.cmake
[15.110s] -- Installing: /home/hashim/Desktop/comp0250_s26_labs/install/cw1_world_spawner/share/cw1_world_spawner/cmake/cw1_world_spawnerConfig.cmake
[15.112s] -- Installing: /home/hashim/Desktop/comp0250_s26_labs/install/cw1_world_spawner/share/cw1_world_spawner/cmake/cw1_world_spawnerConfig-version.cmake
[15.113s] -- Installing: /home/hashim/Desktop/comp0250_s26_labs/install/cw1_world_spawner/share/cw1_world_spawner/package.xml
[15.148s] Invoked command in '/home/hashim/Desktop/comp0250_s26_labs/build/cw1_world_spawner' returned '0': CMAKE_PREFIX_PATH=/opt/ros/humble /usr/bin/cmake --install /home/hashim/Desktop/comp0250_s26_labs/build/cw1_world_spawner
