[0.022s] Invoking command in '/home/hashim/Desktop/comp0250_s26_labs/build/cw2_world_spawner': CMAKE_PREFIX_PATH=/opt/ros/humble /usr/bin/cmake /home/hashim/Desktop/comp0250_s26_labs/src/courseworks/cw2_world_spawner -DCMAKE_BUILD_TYPE=Release -DCMAKE_INSTALL_PREFIX=/home/hashim/Desktop/comp0250_s26_labs/install/cw2_world_spawner
[0.094s] -- The C compiler identification is GNU 11.4.0
[0.156s] -- The CXX compiler identification is GNU 11.4.0
[0.169s] -- Detecting C compiler ABI info
[0.259s] -- Detecting C compiler ABI info - done
[0.269s] -- Check for working C compiler: /usr/bin/cc - skipped
[0.270s] -- Detecting C compile features
[0.271s] -- Detecting C compile features - done
[0.276s] -- Detecting CXX compiler ABI info
[0.407s] -- Detecting CXX compiler ABI info - done
[0.420s] -- Check for working CXX compiler: /usr/bin/c++ - skipped
[0.420s] -- Detecting CXX compile features
[0.421s] -- Detecting CXX compile features - done
[0.425s] -- Found ament_cmake: 1.3.14 (/opt/ros/humble/share/ament_cmake/cmake)
[0.804s] -- Found Python3: /usr/bin/python3 (found version "3.10.12") found components: Interpreter 
[1.018s] -- Found rosidl_default_generators: 1.2.1 (/opt/ros/humble/share/rosidl_default_generators/cmake)
[1.025s] -- Using all available rosidl_typesupport_c: rosidl_typesupport_fastrtps_c;rosidl_typesupport_introspection_c
[1.037s] -- Found rosidl_adapter: 3.1.8 (/opt/ros/humble/share/rosidl_adapter/cmake)
[1.185s] -- Using all available rosidl_typesupport_cpp: rosidl_typesupport_fastrtps_cpp;rosidl_typesupport_introspection_cpp
[1.342s] -- Found geometry_msgs: 4.9.1 (/opt/ros/humble/share/geometry_msgs/cmake)
[2.258s] -- Found ament_cmake_ros: 0.10.0 (/opt/ros/humble/share/ament_cmake_ros/cmake)
[2.707s] -- Using all available rosidl_typesupport_c: rosidl_typesupport_fastrtps_c;rosidl_typesupport_introspection_c
[3.292s] -- Using all available rosidl_typesupport_cpp: rosidl_typesupport_fastrtps_cpp;rosidl_typesupport_introspection_cpp
[3.326s] -- Found PythonInterp: /usr/bin/python3 (found suitable version "3.10.12", minimum required is "3.6") 
[3.329s] -- Found python_cmake_module: 0.10.0 (/opt/ros/humble/share/python_cmake_module/cmake)
[3.371s] -- Found PythonLibs: /usr/lib/x86_64-linux-gnu/libpython3.10.so (found suitable version "3.10.12", minimum required is "3.5") 
[3.372s] -- Using PYTHON_EXECUTABLE: /usr/bin/python3
[3.372s] -- Using PYTHON_INCLUDE_DIRS: /usr/include/python3.10
[3.372s] -- Using PYTHON_LIBRARIES: /usr/lib/x86_64-linux-gnu/libpython3.10.so
[3.410s] -- Found PythonExtra: .so  
[3.640s] -- Found ament_lint_auto: 0.12.15 (/opt/ros/humble/share/ament_lint_auto/cmake)
[3.673s] -- Added test 'flake8' to check Python code syntax and style conventions
[3.675s] -- Added test 'lint_cmake' to check CMake code style
[3.676s] -- Added test 'pep257' to check Python code against some of the docstring style conventions in PEP 257
[3.683s] -- Added test 'xmllint' to check XML markup files
[3.686s] -- Configuring done
[3.750s] -- Generating done
[3.772s] -- Build files have been written to: /home/hashim/Desktop/comp0250_s26_labs/build/cw2_world_spawner
[3.789s] Invoked command in '/home/hashim/Desktop/comp0250_s26_labs/build/cw2_world_spawner' returned '0': CMAKE_PREFIX_PATH=/opt/ros/humble /usr/bin/cmake /home/hashim/Desktop/comp0250_s26_labs/src/courseworks/cw2_world_spawner -DCMAKE_BUILD_TYPE=Release -DCMAKE_INSTALL_PREFIX=/home/hashim/Desktop/comp0250_s26_labs/install/cw2_world_spawner
[3.796s] Invoking command in '/home/hashim/Desktop/comp0250_s26_labs/build/cw2_world_spawner': CMAKE_PREFIX_PATH=/opt/ros/humble /usr/bin/cmake --build /home/hashim/Desktop/comp0250_s26_labs/build/cw2_world_spawner -- -j20 -l20
[3.865s] [  1%] [34m[1mGenerating C code for ROS interfaces[0m
[3.893s] [  3%] [34m[1mGenerating C++ code for ROS interfaces[0m
[3.911s] [  3%] Built target ament_cmake_python_copy_cw2_world_spawner_lib
[3.913s] [  5%] [34m[1mGenerating Rust code for ROS interfaces[0m
[3.925s] [  5%] Built target ament_cmake_python_copy_cw2_world_spawner
[4.554s] running egg_info
[4.555s] creating cw2_world_spawner.egg-info
[4.556s] writing cw2_world_spawner.egg-info/PKG-INFO
[4.556s] writing dependency_links to cw2_world_spawner.egg-info/dependency_links.txt
[4.557s] writing top-level names to cw2_world_spawner.egg-info/top_level.txt
[4.558s] writing manifest file 'cw2_world_spawner.egg-info/SOURCES.txt'
[4.563s] reading manifest file 'cw2_world_spawner.egg-info/SOURCES.txt'
[4.564s] writing manifest file 'cw2_world_spawner.egg-info/SOURCES.txt'
[4.630s] [  5%] Built target ament_cmake_python_build_cw2_world_spawner_egg
[4.965s] running egg_info
[4.968s] creating cw2_world_spawner_lib.egg-info
[4.968s] writing cw2_world_spawner_lib.egg-info/PKG-INFO
[4.969s] writing dependency_links to cw2_world_spawner_lib.egg-info/dependency_links.txt
[4.970s] writing top-level names to cw2_world_spawner_lib.egg-info/top_level.txt
[4.971s] writing manifest file 'cw2_world_spawner_lib.egg-info/SOURCES.txt'
[4.981s] reading manifest file 'cw2_world_spawner_lib.egg-info/SOURCES.txt'
[4.986s] writing manifest file 'cw2_world_spawner_lib.egg-info/SOURCES.txt'
[4.999s] [  5%] Built target cw2_world_spawner__rs
[5.090s] [  5%] Built target cw2_world_spawner__cpp
[5.108s] [  5%] Built target ament_cmake_python_build_cw2_world_spawner_lib_egg
[5.119s] [  7%] [34m[1mGenerating C++ type support for eProsima Fast-RTPS[0m
[5.121s] [  8%] [34m[1mGenerating C++ type support dispatch for ROS interfaces[0m
[5.128s] [ 10%] [34m[1mGenerating C++ introspection for ROS interfaces[0m
[5.549s] [ 12%] [32mBuilding C object CMakeFiles/cw2_world_spawner__rosidl_generator_c.dir/rosidl_generator_c/cw2_world_spawner/srv/detail/task_setup__functions.c.o[0m
[5.552s] [ 14%] [32mBuilding C object CMakeFiles/cw2_world_spawner__rosidl_generator_c.dir/rosidl_generator_c/cw2_world_spawner/srv/detail/task2_service__functions.c.o[0m
[5.554s] [ 16%] [32mBuilding C object CMakeFiles/cw2_world_spawner__rosidl_generator_c.dir/rosidl_generator_c/cw2_world_spawner/srv/detail/task1_service__functions.c.o[0m
[5.565s] [ 17%] [32mBuilding C object CMakeFiles/cw2_world_spawner__rosidl_generator_c.dir/rosidl_generator_c/cw2_world_spawner/srv/detail/task3_service__functions.c.o[0m
[6.310s] [ 19%] [32m[1mLinking C shared library libcw2_world_spawner__rosidl_generator_c.so[0m
[6.374s] [ 21%] [32mBuilding CXX object CMakeFiles/cw2_world_spawner__rosidl_typesupport_cpp.dir/rosidl_typesupport_cpp/cw2_world_spawner/srv/task_setup__type_support.cpp.o[0m
[6.385s] [ 23%] [32mBuilding CXX object CMakeFiles/cw2_world_spawner__rosidl_typesupport_cpp.dir/rosidl_typesupport_cpp/cw2_world_spawner/srv/task1_service__type_support.cpp.o[0m
[6.394s] [ 25%] [32mBuilding CXX object CMakeFiles/cw2_world_spawner__rosidl_typesupport_cpp.dir/rosidl_typesupport_cpp/cw2_world_spawner/srv/task2_service__type_support.cpp.o[0m
[6.394s] [ 26%] [32mBuilding CXX object CMakeFiles/cw2_world_spawner__rosidl_typesupport_cpp.dir/rosidl_typesupport_cpp/cw2_world_spawner/srv/task3_service__type_support.cpp.o[0m
[6.481s] [ 26%] Built target cw2_world_spawner__rosidl_generator_c
[6.570s] [ 28%] [34m[1mGenerating C introspection for ROS interfaces[0m
[6.571s] [ 30%] [34m[1mGenerating C type support dispatch for ROS interfaces[0m
[6.577s] [ 32%] [34m[1mGenerating C type support for eProsima Fast-RTPS[0m
[6.948s] [ 33%] [32mBuilding CXX object CMakeFiles/cw2_world_spawner__rosidl_typesupport_fastrtps_cpp.dir/rosidl_typesupport_fastrtps_cpp/cw2_world_spawner/srv/detail/dds_fastrtps/task3_service__type_support.cpp.o[0m
[6.948s] [ 35%] [32mBuilding CXX object CMakeFiles/cw2_world_spawner__rosidl_typesupport_fastrtps_cpp.dir/rosidl_typesupport_fastrtps_cpp/cw2_world_spawner/srv/detail/dds_fastrtps/task_setup__type_support.cpp.o[0m
[6.952s] [ 37%] [32mBuilding CXX object CMakeFiles/cw2_world_spawner__rosidl_typesupport_fastrtps_cpp.dir/rosidl_typesupport_fastrtps_cpp/cw2_world_spawner/srv/detail/dds_fastrtps/task1_service__type_support.cpp.o[0m
[6.955s] [ 39%] [32mBuilding CXX object CMakeFiles/cw2_world_spawner__rosidl_typesupport_fastrtps_cpp.dir/rosidl_typesupport_fastrtps_cpp/cw2_world_spawner/srv/detail/dds_fastrtps/task2_service__type_support.cpp.o[0m
[6.978s] [ 41%] [32mBuilding CXX object CMakeFiles/cw2_world_spawner__rosidl_typesupport_introspection_cpp.dir/rosidl_typesupport_introspection_cpp/cw2_world_spawner/srv/detail/task_setup__type_support.cpp.o[0m
[6.983s] [ 42%] [32mBuilding CXX object CMakeFiles/cw2_world_spawner__rosidl_typesupport_introspection_cpp.dir/rosidl_typesupport_introspection_cpp/cw2_world_spawner/srv/detail/task2_service__type_support.cpp.o[0m
[6.984s] [ 44%] [32mBuilding CXX object CMakeFiles/cw2_world_spawner__rosidl_typesupport_introspection_cpp.dir/rosidl_typesupport_introspection_cpp/cw2_world_spawner/srv/detail/task3_service__type_support.cpp.o[0m
[7.012s] [ 46%] [32mBuilding CXX object CMakeFiles/cw2_world_spawner__rosidl_typesupport_introspection_cpp.dir/rosidl_typesupport_introspection_cpp/cw2_world_spawner/srv/detail/task1_service__type_support.cpp.o[0m
[8.450s] [ 48%] [32m[1mLinking CXX shared library libcw2_world_spawner__rosidl_typesupport_cpp.so[0m
[8.661s] [ 48%] Built target cw2_world_spawner__rosidl_typesupport_cpp
[9.838s] [ 50%] [32mBuilding CXX object CMakeFiles/cw2_world_spawner__rosidl_typesupport_c.dir/rosidl_typesupport_c/cw2_world_spawner/srv/task2_service__type_support.cpp.o[0m
[9.888s] [ 51%] [32mBuilding CXX object CMakeFiles/cw2_world_spawner__rosidl_typesupport_c.dir/rosidl_typesupport_c/cw2_world_spawner/srv/task_setup__type_support.cpp.o[0m
[9.893s] [ 53%] [32mBuilding CXX object CMakeFiles/cw2_world_spawner__rosidl_typesupport_c.dir/rosidl_typesupport_c/cw2_world_spawner/srv/task1_service__type_support.cpp.o[0m
[9.904s] [ 55%] [32mBuilding CXX object CMakeFiles/cw2_world_spawner__rosidl_typesupport_c.dir/rosidl_typesupport_c/cw2_world_spawner/srv/task3_service__type_support.cpp.o[0m
[10.173s] [ 57%] [32m[1mLinking CXX shared library libcw2_world_spawner__rosidl_typesupport_c.so[0m
[10.225s] [ 60%] [32mBuilding CXX object CMakeFiles/cw2_world_spawner__rosidl_typesupport_fastrtps_c.dir/rosidl_typesupport_fastrtps_c/cw2_world_spawner/srv/detail/task_setup__type_support_c.cpp.o[0m
[10.225s] [ 60%] [32mBuilding CXX object CMakeFiles/cw2_world_spawner__rosidl_typesupport_fastrtps_c.dir/rosidl_typesupport_fastrtps_c/cw2_world_spawner/srv/detail/task2_service__type_support_c.cpp.o[0m
[10.233s] [ 64%] [32mBuilding CXX object CMakeFiles/cw2_world_spawner__rosidl_typesupport_fastrtps_c.dir/rosidl_typesupport_fastrtps_c/cw2_world_spawner/srv/detail/task1_service__type_support_c.cpp.o[0m
[10.233s] [ 64%] [32mBuilding CXX object CMakeFiles/cw2_world_spawner__rosidl_typesupport_fastrtps_c.dir/rosidl_typesupport_fastrtps_c/cw2_world_spawner/srv/detail/task3_service__type_support_c.cpp.o[0m
[10.246s] [ 66%] [32m[1mLinking CXX shared library libcw2_world_spawner__rosidl_typesupport_introspection_cpp.so[0m
[10.312s] [ 67%] [32mBuilding C object CMakeFiles/cw2_world_spawner__rosidl_typesupport_introspection_c.dir/rosidl_typesupport_introspection_c/cw2_world_spawner/srv/detail/task_setup__type_support.c.o[0m
[10.329s] [ 69%] [32mBuilding C object CMakeFiles/cw2_world_spawner__rosidl_typesupport_introspection_c.dir/rosidl_typesupport_introspection_c/cw2_world_spawner/srv/detail/task3_service__type_support.c.o[0m
[10.341s] [ 71%] [32mBuilding C object CMakeFiles/cw2_world_spawner__rosidl_typesupport_introspection_c.dir/rosidl_typesupport_introspection_c/cw2_world_spawner/srv/detail/task1_service__type_support.c.o[0m
[10.346s] [ 73%] [32mBuilding C object CMakeFiles/cw2_world_spawner__rosidl_typesupport_introspection_c.dir/rosidl_typesupport_introspection_c/cw2_world_spawner/srv/detail/task2_service__type_support.c.o[0m
[10.436s] [ 73%] Built target cw2_world_spawner__rosidl_typesupport_c
[10.545s] [ 73%] Built target cw2_world_spawner__rosidl_typesupport_introspection_cpp
[10.649s] [ 75%] [32m[1mLinking C shared library libcw2_world_spawner__rosidl_typesupport_introspection_c.so[0m
[10.779s] [ 75%] Built target cw2_world_spawner__rosidl_typesupport_introspection_c
[10.916s] [ 76%] [32m[1mLinking CXX shared library libcw2_world_spawner__rosidl_typesupport_fastrtps_cpp.so[0m
[11.207s] [ 76%] Built target cw2_world_spawner__rosidl_typesupport_fastrtps_cpp
[12.049s] [ 78%] [32m[1mLinking CXX shared library libcw2_world_spawner__rosidl_typesupport_fastrtps_c.so[0m
[12.199s] [ 78%] Built target cw2_world_spawner__rosidl_typesupport_fastrtps_c
[12.243s] [ 78%] Built target cw2_world_spawner
[12.286s] [ 80%] [34m[1mGenerating Python code for ROS interfaces[0m
[13.734s] [ 80%] Built target cw2_world_spawner__py
[13.773s] [ 82%] [32mBuilding C object CMakeFiles/cw2_world_spawner__rosidl_generator_py.dir/rosidl_generator_py/cw2_world_spawner/srv/_task2_service_s.c.o[0m
[13.776s] [ 83%] [32mBuilding C object CMakeFiles/cw2_world_spawner__rosidl_generator_py.dir/rosidl_generator_py/cw2_world_spawner/srv/_task1_service_s.c.o[0m
[13.787s] [ 85%] [32mBuilding C object CMakeFiles/cw2_world_spawner__rosidl_generator_py.dir/rosidl_generator_py/cw2_world_spawner/srv/_task_setup_s.c.o[0m
[13.788s] [ 87%] [32mBuilding C object CMakeFiles/cw2_world_spawner__rosidl_generator_py.dir/rosidl_generator_py/cw2_world_spawner/srv/_task3_service_s.c.o[0m
[14.210s] [ 89%] [32m[1mLinking C shared library rosidl_generator_py/cw2_world_spawner/libcw2_world_spawner__rosidl_generator_py.so[0m
[14.297s] [ 89%] Built target cw2_world_spawner__rosidl_generator_py
[14.334s] [ 91%] [32mBuilding C object CMakeFiles/cw2_world_spawner__rosidl_typesupport_c__pyext.dir/rosidl_generator_py/cw2_world_spawner/_cw2_world_spawner_s.ep.rosidl_typesupport_c.c.o[0m
[14.349s] [ 92%] [32mBuilding C object CMakeFiles/cw2_world_spawner__rosidl_typesupport_introspection_c__pyext.dir/rosidl_generator_py/cw2_world_spawner/_cw2_world_spawner_s.ep.rosidl_typesupport_introspection_c.c.o[0m
[14.355s] [ 94%] [32mBuilding C object CMakeFiles/cw2_world_spawner__rosidl_typesupport_fastrtps_c__pyext.dir/rosidl_generator_py/cw2_world_spawner/_cw2_world_spawner_s.ep.rosidl_typesupport_fastrtps_c.c.o[0m
[14.696s] [ 96%] [32m[1mLinking C shared library rosidl_generator_py/cw2_world_spawner/cw2_world_spawner_s__rosidl_typesupport_introspection_c.cpython-310-x86_64-linux-gnu.so[0m
[14.707s] [ 98%] [32m[1mLinking C shared library rosidl_generator_py/cw2_world_spawner/cw2_world_spawner_s__rosidl_typesupport_c.cpython-310-x86_64-linux-gnu.so[0m
[14.767s] [ 98%] Built target cw2_world_spawner__rosidl_typesupport_introspection_c__pyext
[14.776s] [100%] [32m[1mLinking C shared library rosidl_generator_py/cw2_world_spawner/cw2_world_spawner_s__rosidl_typesupport_fastrtps_c.cpython-310-x86_64-linux-gnu.so[0m
[14.799s] [100%] Built target cw2_world_spawner__rosidl_typesupport_c__pyext
[14.839s] [100%] Built target cw2_world_spawner__rosidl_typesupport_fastrtps_c__pyext
[14.859s] Invoked command in '/home/hashim/Desktop/comp0250_s26_labs/build/cw2_world_spawner' returned '0': CMAKE_PREFIX_PATH=/opt/ros/humble /usr/bin/cmake --build /home/hashim/Desktop/comp0250_s26_labs/build/cw2_world_spawner -- -j20 -l20
[14.862s] Invoking command in '/home/hashim/Desktop/comp0250_s26_labs/build/cw2_world_spawner': CMAKE_PREFIX_PATH=/opt/ros/humble /usr/bin/cmake --install /home/hashim/Desktop/comp0250_s26_labs/build/cw2_world_spawner
[14.880s] -- Install configuration: "Release"
[14.881s] -- Installing: /home/hashim/Desktop/comp0250_s26_labs/install/cw2_world_spawner/share/ament_index/resource_index/rosidl_interfaces/cw2_world_spawner
[14.881s] -- Installing: /home/hashim/Desktop/comp0250_s26_labs/install/cw2_world_spawner/include/cw2_world_spawner/cw2_world_spawner
[14.881s] -- Installing: /home/hashim/Desktop/comp0250_s26_labs/install/cw2_world_spawner/include/cw2_world_spawner/cw2_world_spawner/msg
[14.881s] -- Installing: /home/hashim/Desktop/comp0250_s26_labs/install/cw2_world_spawner/include/cw2_world_spawner/cw2_world_spawner/msg/rosidl_generator_c__visibility_control.h
[14.881s] -- Installing: /home/hashim/Desktop/comp0250_s26_labs/install/cw2_world_spawner/include/cw2_world_spawner/cw2_world_spawner/srv
[14.881s] -- Installing: /home/hashim/Desktop/comp0250_s26_labs/install/cw2_world_spawner/include/cw2_world_spawner/cw2_world_spawner/srv/task_setup.h
[14.882s] -- Installing: /home/hashim/Desktop/comp0250_s26_labs/install/cw2_world_spawner/include/cw2_world_spawner/cw2_world_spawner/srv/detail
[14.882s] -- Installing: /home/hashim/Desktop/comp0250_s26_labs/install/cw2_world_spawner/include/cw2_world_spawner/cw2_world_spawner/srv/detail/task3_service__struct.h
[14.883s] -- Installing: /home/hashim/Desktop/comp0250_s26_labs/install/cw2_world_spawner/include/cw2_world_spawner/cw2_world_spawner/srv/detail/task_setup__struct.h
[14.883s] -- Installing: /home/hashim/Desktop/comp0250_s26_labs/install/cw2_world_spawner/include/cw2_world_spawner/cw2_world_spawner/srv/detail/task_setup__functions.h
[14.883s] -- Installing: /home/hashim/Desktop/comp0250_s26_labs/install/cw2_world_spawner/include/cw2_world_spawner/cw2_world_spawner/srv/detail/task1_service__type_support.h
[14.884s] -- Installing: /home/hashim/Desktop/comp0250_s26_labs/install/cw2_world_spawner/include/cw2_world_spawner/cw2_world_spawner/srv/detail/task2_service__struct.h
[14.884s] -- Installing: /home/hashim/Desktop/comp0250_s26_labs/install/cw2_world_spawner/include/cw2_world_spawner/cw2_world_spawner/srv/detail/task_setup__type_support.h
[14.884s] -- Installing: /home/hashim/Desktop/comp0250_s26_labs/install/cw2_world_spawner/include/cw2_world_spawner/cw2_world_spawner/srv/detail/task3_service__type_support.h
[14.885s] -- Installing: /home/hashim/Desktop/comp0250_s26_labs/install/cw2_world_spawner/include/cw2_world_spawner/cw2_world_spawner/srv/detail/task1_service__functions.h
[14.885s] -- Installing: /home/hashim/Desktop/comp0250_s26_labs/install/cw2_world_spawner/include/cw2_world_spawner/cw2_world_spawner/srv/detail/task1_service__struct.h
[14.885s] -- Installing: /home/hashim/Desktop/comp0250_s26_labs/install/cw2_world_spawner/include/cw2_world_spawner/cw2_world_spawner/srv/detail/task3_service__functions.h
[14.886s] -- Installing: /home/hashim/Desktop/comp0250_s26_labs/install/cw2_world_spawner/include/cw2_world_spawner/cw2_world_spawner/srv/detail/task1_service__functions.c
[14.886s] -- Installing: /home/hashim/Desktop/comp0250_s26_labs/install/cw2_world_spawner/include/cw2_world_spawner/cw2_world_spawner/srv/detail/task3_service__functions.c
[14.886s] -- Installing: /home/hashim/Desktop/comp0250_s26_labs/install/cw2_world_spawner/include/cw2_world_spawner/cw2_world_spawner/srv/detail/task2_service__functions.c
[14.886s] -- Installing: /home/hashim/Desktop/comp0250_s26_labs/install/cw2_world_spawner/include/cw2_world_spawner/cw2_world_spawner/srv/detail/task_setup__functions.c
[14.887s] -- Installing: /home/hashim/Desktop/comp0250_s26_labs/install/cw2_world_spawner/include/cw2_world_spawner/cw2_world_spawner/srv/detail/task2_service__functions.h
[14.887s] -- Installing: /home/hashim/Desktop/comp0250_s26_labs/install/cw2_world_spawner/include/cw2_world_spawner/cw2_world_spawner/srv/detail/task2_service__type_support.h
[14.888s] -- Installing: /home/hashim/Desktop/comp0250_s26_labs/install/cw2_world_spawner/include/cw2_world_spawner/cw2_world_spawner/srv/task2_service.h
[14.888s] -- Installing: /home/hashim/Desktop/comp0250_s26_labs/install/cw2_world_spawner/include/cw2_world_spawner/cw2_world_spawner/srv/task1_service.h
[14.888s] -- Installing: /home/hashim/Desktop/comp0250_s26_labs/install/cw2_world_spawner/include/cw2_world_spawner/cw2_world_spawner/srv/task3_service.h
[14.888s] -- Installing: /home/hashim/Desktop/comp0250_s26_labs/install/cw2_world_spawner/share/cw2_world_spawner/environment/library_path.sh
[14.889s] -- Installing: /home/hashim/Desktop/comp0250_s26_labs/install/cw2_world_spawner/share/cw2_world_spawner/environment/library_path.dsv
[14.889s] -- Installing: /home/hashim/Desktop/comp0250_s26_labs/install/cw2_world_spawner/lib/libcw2_world_spawner__rosidl_generator_c.so
[14.889s] -- Set runtime path of "/home/hashim/Desktop/comp0250_s26_labs/install/cw2_world_spawner/lib/libcw2_world_spawner__rosidl_generator_c.so" to ""
[14.890s] -- Up-to-date: /home/hashim/Desktop/comp0250_s26_labs/install/cw2_world_spawner/include/cw2_world_spawner/cw2_world_spawner
[14.890s] -- Up-to-date: /home/hashim/Desktop/comp0250_s26_labs/install/cw2_world_spawner/include/cw2_world_spawner/cw2_world_spawner/msg
[14.890s] -- Installing: /home/hashim/Desktop/comp0250_s26_labs/install/cw2_world_spawner/include/cw2_world_spawner/cw2_world_spawner/msg/rosidl_typesupport_fastrtps_c__visibility_control.h
[14.890s] -- Up-to-date: /home/hashim/Desktop/comp0250_s26_labs/install/cw2_world_spawner/include/cw2_world_spawner/cw2_world_spawner/srv
[14.891s] -- Up-to-date: /home/hashim/Desktop/comp0250_s26_labs/install/cw2_world_spawner/include/cw2_world_spawner/cw2_world_spawner/srv/detail
[14.891s] -- Installing: /home/hashim/Desktop/comp0250_s26_labs/install/cw2_world_spawner/include/cw2_world_spawner/cw2_world_spawner/srv/detail/task2_service__rosidl_typesupport_fastrtps_c.h
[14.891s] -- Installing: /home/hashim/Desktop/comp0250_s26_labs/install/cw2_world_spawner/include/cw2_world_spawner/cw2_world_spawner/srv/detail/task1_service__rosidl_typesupport_fastrtps_c.h
[14.892s] -- Installing: /home/hashim/Desktop/comp0250_s26_labs/install/cw2_world_spawner/include/cw2_world_spawner/cw2_world_spawner/srv/detail/task3_service__rosidl_typesupport_fastrtps_c.h
[14.892s] -- Installing: /home/hashim/Desktop/comp0250_s26_labs/install/cw2_world_spawner/include/cw2_world_spawner/cw2_world_spawner/srv/detail/task_setup__rosidl_typesupport_fastrtps_c.h
[14.892s] -- Installing: /home/hashim/Desktop/comp0250_s26_labs/install/cw2_world_spawner/lib/libcw2_world_spawner__rosidl_typesupport_fastrtps_c.so
[14.892s] -- Set runtime path of "/home/hashim/Desktop/comp0250_s26_labs/install/cw2_world_spawner/lib/libcw2_world_spawner__rosidl_typesupport_fastrtps_c.so" to ""
[14.893s] -- Up-to-date: /home/hashim/Desktop/comp0250_s26_labs/install/cw2_world_spawner/include/cw2_world_spawner/cw2_world_spawner
[14.893s] -- Up-to-date: /home/hashim/Desktop/comp0250_s26_labs/install/cw2_world_spawner/include/cw2_world_spawner/cw2_world_spawner/msg
[14.893s] -- Installing: /home/hashim/Desktop/comp0250_s26_labs/install/cw2_world_spawner/include/cw2_world_spawner/cw2_world_spawner/msg/rosidl_typesupport_introspection_c__visibility_control.h
[14.894s] -- Up-to-date: /home/hashim/Desktop/comp0250_s26_labs/install/cw2_world_spawner/include/cw2_world_spawner/cw2_world_spawner/srv
[14.894s] -- Up-to-date: /home/hashim/Desktop/comp0250_s26_labs/install/cw2_world_spawner/include/cw2_world_spawner/cw2_world_spawner/srv/detail
[14.894s] -- Installing: /home/hashim/Desktop/comp0250_s26_labs/install/cw2_world_spawner/include/cw2_world_spawner/cw2_world_spawner/srv/detail/task3_service__rosidl_typesupport_introspection_c.h
[14.894s] -- Installing: /home/hashim/Desktop/comp0250_s26_labs/install/cw2_world_spawner/include/cw2_world_spawner/cw2_world_spawner/srv/detail/task1_service__type_support.c
[14.895s] -- Installing: /home/hashim/Desktop/comp0250_s26_labs/install/cw2_world_spawner/include/cw2_world_spawner/cw2_world_spawner/srv/detail/task_setup__rosidl_typesupport_introspection_c.h
[14.895s] -- Installing: /home/hashim/Desktop/comp0250_s26_labs/install/cw2_world_spawner/include/cw2_world_spawner/cw2_world_spawner/srv/detail/task_setup__type_support.c
[14.895s] -- Installing: /home/hashim/Desktop/comp0250_s26_labs/install/cw2_world_spawner/include/cw2_world_spawner/cw2_world_spawner/srv/detail/task2_service__type_support.c
[14.895s] -- Installing: /home/hashim/Desktop/comp0250_s26_labs/install/cw2_world_spawner/include/cw2_world_spawner/cw2_world_spawner/srv/detail/task2_service__rosidl_typesupport_introspection_c.h
[14.896s] -- Installing: /home/hashim/Desktop/comp0250_s26_labs/install/cw2_world_spawner/include/cw2_world_spawner/cw2_world_spawner/srv/detail/task3_service__type_support.c
[14.896s] -- Installing: /home/hashim/Desktop/comp0250_s26_labs/install/cw2_world_spawner/include/cw2_world_spawner/cw2_world_spawner/srv/detail/task1_service__rosidl_typesupport_introspection_c.h
[14.896s] -- Installing: /home/hashim/Desktop/comp0250_s26_labs/install/cw2_world_spawner/lib/libcw2_world_spawner__rosidl_typesupport_introspection_c.so
[14.897s] -- Set runtime path of "/home/hashim/Desktop/comp0250_s26_labs/install/cw2_world_spawner/lib/libcw2_world_spawner__rosidl_typesupport_introspection_c.so" to ""
[14.897s] -- Installing: /home/hashim/Desktop/comp0250_s26_labs/install/cw2_world_spawner/lib/libcw2_world_spawner__rosidl_typesupport_c.so
[14.897s] -- Set runtime path of "/home/hashim/Desktop/comp0250_s26_labs/install/cw2_world_spawner/lib/libcw2_world_spawner__rosidl_typesupport_c.so" to ""
[14.897s] -- Up-to-date: /home/hashim/Desktop/comp0250_s26_labs/install/cw2_world_spawner/include/cw2_world_spawner/cw2_world_spawner
[14.897s] -- Up-to-date: /home/hashim/Desktop/comp0250_s26_labs/install/cw2_world_spawner/include/cw2_world_spawner/cw2_world_spawner/msg
[14.898s] -- Installing: /home/hashim/Desktop/comp0250_s26_labs/install/cw2_world_spawner/include/cw2_world_spawner/cw2_world_spawner/msg/rosidl_generator_cpp__visibility_control.hpp
[14.898s] -- Up-to-date: /home/hashim/Desktop/comp0250_s26_labs/install/cw2_world_spawner/include/cw2_world_spawner/cw2_world_spawner/srv
[14.898s] -- Up-to-date: /home/hashim/Desktop/comp0250_s26_labs/install/cw2_world_spawner/include/cw2_world_spawner/cw2_world_spawner/srv/detail
[14.898s] -- Installing: /home/hashim/Desktop/comp0250_s26_labs/install/cw2_world_spawner/include/cw2_world_spawner/cw2_world_spawner/srv/detail/task2_service__struct.hpp
[14.898s] -- Installing: /home/hashim/Desktop/comp0250_s26_labs/install/cw2_world_spawner/include/cw2_world_spawner/cw2_world_spawner/srv/detail/task3_service__type_support.hpp
[14.898s] -- Installing: /home/hashim/Desktop/comp0250_s26_labs/install/cw2_world_spawner/include/cw2_world_spawner/cw2_world_spawner/srv/detail/task3_service__traits.hpp
[14.898s] -- Installing: /home/hashim/Desktop/comp0250_s26_labs/install/cw2_world_spawner/include/cw2_world_spawner/cw2_world_spawner/srv/detail/task2_service__traits.hpp
[14.898s] -- Installing: /home/hashim/Desktop/comp0250_s26_labs/install/cw2_world_spawner/include/cw2_world_spawner/cw2_world_spawner/srv/detail/task2_service__type_support.hpp
[14.899s] -- Installing: /home/hashim/Desktop/comp0250_s26_labs/install/cw2_world_spawner/include/cw2_world_spawner/cw2_world_spawner/srv/detail/task1_service__type_support.hpp
[14.899s] -- Installing: /home/hashim/Desktop/comp0250_s26_labs/install/cw2_world_spawner/include/cw2_world_spawner/cw2_world_spawner/srv/detail/task_setup__struct.hpp
[14.899s] -- Installing: /home/hashim/Desktop/comp0250_s26_labs/install/cw2_world_spawner/include/cw2_world_spawner/cw2_world_spawner/srv/detail/task1_service__traits.hpp
[14.899s] -- Installing: /home/hashim/Desktop/comp0250_s26_labs/install/cw2_world_spawner/include/cw2_world_spawner/cw2_world_spawner/srv/detail/task1_service__builder.hpp
[14.899s] -- Installing: /home/hashim/Desktop/comp0250_s26_labs/install/cw2_world_spawner/include/cw2_world_spawner/cw2_world_spawner/srv/detail/task_setup__type_support.hpp
[14.899s] -- Installing: /home/hashim/Desktop/comp0250_s26_labs/install/cw2_world_spawner/include/cw2_world_spawner/cw2_world_spawner/srv/detail/task3_service__builder.hpp
[14.899s] -- Installing: /home/hashim/Desktop/comp0250_s26_labs/install/cw2_world_spawner/include/cw2_world_spawner/cw2_world_spawner/srv/detail/task3_service__struct.hpp
[14.899s] -- Installing: /home/hashim/Desktop/comp0250_s26_labs/install/cw2_world_spawner/include/cw2_world_spawner/cw2_world_spawner/srv/detail/task1_service__struct.hpp
[14.899s] -- Installing: /home/hashim/Desktop/comp0250_s26_labs/install/cw2_world_spawner/include/cw2_world_spawner/cw2_world_spawner/srv/detail/task_setup__builder.hpp
[14.900s] -- Installing: /home/hashim/Desktop/comp0250_s26_labs/install/cw2_world_spawner/include/cw2_world_spawner/cw2_world_spawner/srv/detail/task2_service__builder.hpp
[14.901s] -- Installing: /home/hashim/Desktop/comp0250_s26_labs/install/cw2_world_spawner/include/cw2_world_spawner/cw2_world_spawner/srv/detail/task_setup__traits.hpp
[14.901s] -- Installing: /home/hashim/Desktop/comp0250_s26_labs/install/cw2_world_spawner/include/cw2_world_spawner/cw2_world_spawner/srv/task2_service.hpp
[14.901s] -- Installing: /home/hashim/Desktop/comp0250_s26_labs/install/cw2_world_spawner/include/cw2_world_spawner/cw2_world_spawner/srv/task1_service.hpp
[14.901s] -- Installing: /home/hashim/Desktop/comp0250_s26_labs/install/cw2_world_spawner/include/cw2_world_spawner/cw2_world_spawner/srv/task_setup.hpp
[14.901s] -- Installing: /home/hashim/Desktop/comp0250_s26_labs/install/cw2_world_spawner/include/cw2_world_spawner/cw2_world_spawner/srv/task3_service.hpp
[14.901s] -- Up-to-date: /home/hashim/Desktop/comp0250_s26_labs/install/cw2_world_spawner/include/cw2_world_spawner/cw2_world_spawner
[14.901s] -- Up-to-date: /home/hashim/Desktop/comp0250_s26_labs/install/cw2_world_spawner/include/cw2_world_spawner/cw2_world_spawner/msg
[14.901s] -- Installing: /home/hashim/Desktop/comp0250_s26_labs/install/cw2_world_spawner/include/cw2_world_spawner/cw2_world_spawner/msg/rosidl_typesupport_fastrtps_cpp__visibility_control.h
[14.901s] -- Up-to-date: /home/hashim/Desktop/comp0250_s26_labs/install/cw2_world_spawner/include/cw2_world_spawner/cw2_world_spawner/srv
[14.901s] -- Up-to-date: /home/hashim/Desktop/comp0250_s26_labs/install/cw2_world_spawner/include/cw2_world_spawner/cw2_world_spawner/srv/detail
[14.902s] -- Installing: /home/hashim/Desktop/comp0250_s26_labs/install/cw2_world_spawner/include/cw2_world_spawner/cw2_world_spawner/srv/detail/dds_fastrtps
[14.902s] -- Installing: /home/hashim/Desktop/comp0250_s26_labs/install/cw2_world_spawner/include/cw2_world_spawner/cw2_world_spawner/srv/detail/task2_service__rosidl_typesupport_fastrtps_cpp.hpp
[14.902s] -- Installing: /home/hashim/Desktop/comp0250_s26_labs/install/cw2_world_spawner/include/cw2_world_spawner/cw2_world_spawner/srv/detail/task3_service__rosidl_typesupport_fastrtps_cpp.hpp
[14.902s] -- Installing: /home/hashim/Desktop/comp0250_s26_labs/install/cw2_world_spawner/include/cw2_world_spawner/cw2_world_spawner/srv/detail/task_setup__rosidl_typesupport_fastrtps_cpp.hpp
[14.902s] -- Installing: /home/hashim/Desktop/comp0250_s26_labs/install/cw2_world_spawner/include/cw2_world_spawner/cw2_world_spawner/srv/detail/task1_service__rosidl_typesupport_fastrtps_cpp.hpp
[14.902s] -- Installing: /home/hashim/Desktop/comp0250_s26_labs/install/cw2_world_spawner/lib/libcw2_world_spawner__rosidl_typesupport_fastrtps_cpp.so
[14.902s] -- Set runtime path of "/home/hashim/Desktop/comp0250_s26_labs/install/cw2_world_spawner/lib/libcw2_world_spawner__rosidl_typesupport_fastrtps_cpp.so" to ""
[14.902s] -- Up-to-date: /home/hashim/Desktop/comp0250_s26_labs/install/cw2_world_spawner/include/cw2_world_spawner/cw2_world_spawner
[14.902s] -- Up-to-date: /home/hashim/Desktop/comp0250_s26_labs/install/cw2_world_spawner/include/cw2_world_spawner/cw2_world_spawner/srv
[14.902s] -- Up-to-date: /home/hashim/Desktop/comp0250_s26_labs/install/cw2_world_spawner/include/cw2_world_spawner/cw2_world_spawner/srv/detail
[14.902s] -- Installing: /home/hashim/Desktop/comp0250_s26_labs/install/cw2_world_spawner/include/cw2_world_spawner/cw2_world_spawner/srv/detail/task2_service__type_support.cpp
[14.902s] -- Installing: /home/hashim/Desktop/comp0250_s26_labs/install/cw2_world_spawner/include/cw2_world_spawner/cw2_world_spawner/srv/detail/task1_service__type_support.cpp
[14.903s] -- Installing: /home/hashim/Desktop/comp0250_s26_labs/install/cw2_world_spawner/include/cw2_world_spawner/cw2_world_spawner/srv/detail/task_setup__type_support.cpp
[14.903s] -- Installing: /home/hashim/Desktop/comp0250_s26_labs/install/cw2_world_spawner/include/cw2_world_spawner/cw2_world_spawner/srv/detail/task1_service__rosidl_typesupport_introspection_cpp.hpp
[14.903s] -- Installing: /home/hashim/Desktop/comp0250_s26_labs/install/cw2_world_spawner/include/cw2_world_spawner/cw2_world_spawner/srv/detail/task2_service__rosidl_typesupport_introspection_cpp.hpp
[14.903s] -- Installing: /home/hashim/Desktop/comp0250_s26_labs/install/cw2_world_spawner/include/cw2_world_spawner/cw2_world_spawner/srv/detail/task_setup__rosidl_typesupport_introspection_cpp.hpp
[14.903s] -- Installing: /home/hashim/Desktop/comp0250_s26_labs/install/cw2_world_spawner/include/cw2_world_spawner/cw2_world_spawner/srv/detail/task3_service__type_support.cpp
[14.903s] -- Installing: /home/hashim/Desktop/comp0250_s26_labs/install/cw2_world_spawner/include/cw2_world_spawner/cw2_world_spawner/srv/detail/task3_service__rosidl_typesupport_introspection_cpp.hpp
[14.903s] -- Installing: /home/hashim/Desktop/comp0250_s26_labs/install/cw2_world_spawner/lib/libcw2_world_spawner__rosidl_typesupport_introspection_cpp.so
[14.903s] -- Set runtime path of "/home/hashim/Desktop/comp0250_s26_labs/install/cw2_world_spawner/lib/libcw2_world_spawner__rosidl_typesupport_introspection_cpp.so" to ""
[14.903s] -- Installing: /home/hashim/Desktop/comp0250_s26_labs/install/cw2_world_spawner/lib/libcw2_world_spawner__rosidl_typesupport_cpp.so
[14.903s] -- Set runtime path of "/home/hashim/Desktop/comp0250_s26_labs/install/cw2_world_spawner/lib/libcw2_world_spawner__rosidl_typesupport_cpp.so" to ""
[14.903s] -- Installing: /home/hashim/Desktop/comp0250_s26_labs/install/cw2_world_spawner/share/cw2_world_spawner/environment/pythonpath.sh
[14.904s] -- Installing: /home/hashim/Desktop/comp0250_s26_labs/install/cw2_world_spawner/share/cw2_world_spawner/environment/pythonpath.dsv
[14.904s] -- Installing: /home/hashim/Desktop/comp0250_s26_labs/install/cw2_world_spawner/local/lib/python3.10/dist-packages/cw2_world_spawner-0.1.0-py3.10.egg-info
[14.904s] -- Installing: /home/hashim/Desktop/comp0250_s26_labs/install/cw2_world_spawner/local/lib/python3.10/dist-packages/cw2_world_spawner-0.1.0-py3.10.egg-info/dependency_links.txt
[14.904s] -- Installing: /home/hashim/Desktop/comp0250_s26_labs/install/cw2_world_spawner/local/lib/python3.10/dist-packages/cw2_world_spawner-0.1.0-py3.10.egg-info/PKG-INFO
[14.904s] -- Installing: /home/hashim/Desktop/comp0250_s26_labs/install/cw2_world_spawner/local/lib/python3.10/dist-packages/cw2_world_spawner-0.1.0-py3.10.egg-info/SOURCES.txt
[14.904s] -- Installing: /home/hashim/Desktop/comp0250_s26_labs/install/cw2_world_spawner/local/lib/python3.10/dist-packages/cw2_world_spawner-0.1.0-py3.10.egg-info/top_level.txt
[14.904s] -- Installing: /home/hashim/Desktop/comp0250_s26_labs/install/cw2_world_spawner/local/lib/python3.10/dist-packages/cw2_world_spawner
[14.904s] -- Installing: /home/hashim/Desktop/comp0250_s26_labs/install/cw2_world_spawner/local/lib/python3.10/dist-packages/cw2_world_spawner/_cw2_world_spawner_s.ep.rosidl_typesupport_fastrtps_c.c
[14.904s] -- Installing: /home/hashim/Desktop/comp0250_s26_labs/install/cw2_world_spawner/local/lib/python3.10/dist-packages/cw2_world_spawner/cw2_world_spawner_s__rosidl_typesupport_introspection_c.cpython-310-x86_64-linux-gnu.so
[14.904s] -- Installing: /home/hashim/Desktop/comp0250_s26_labs/install/cw2_world_spawner/local/lib/python3.10/dist-packages/cw2_world_spawner/srv
[14.904s] -- Installing: /home/hashim/Desktop/comp0250_s26_labs/install/cw2_world_spawner/local/lib/python3.10/dist-packages/cw2_world_spawner/srv/_task3_service_s.c
[14.904s] -- Installing: /home/hashim/Desktop/comp0250_s26_labs/install/cw2_world_spawner/local/lib/python3.10/dist-packages/cw2_world_spawner/srv/_task2_service_s.c
[14.905s] -- Installing: /home/hashim/Desktop/comp0250_s26_labs/install/cw2_world_spawner/local/lib/python3.10/dist-packages/cw2_world_spawner/srv/_task1_service_s.c
[14.905s] -- Installing: /home/hashim/Desktop/comp0250_s26_labs/install/cw2_world_spawner/local/lib/python3.10/dist-packages/cw2_world_spawner/srv/_task1_service.py
[14.905s] -- Installing: /home/hashim/Desktop/comp0250_s26_labs/install/cw2_world_spawner/local/lib/python3.10/dist-packages/cw2_world_spawner/srv/_task3_service.py
[14.905s] -- Installing: /home/hashim/Desktop/comp0250_s26_labs/install/cw2_world_spawner/local/lib/python3.10/dist-packages/cw2_world_spawner/srv/_task_setup_s.c
[14.905s] -- Installing: /home/hashim/Desktop/comp0250_s26_labs/install/cw2_world_spawner/local/lib/python3.10/dist-packages/cw2_world_spawner/srv/__init__.py
[14.905s] -- Installing: /home/hashim/Desktop/comp0250_s26_labs/install/cw2_world_spawner/local/lib/python3.10/dist-packages/cw2_world_spawner/srv/_task_setup.py
[14.905s] -- Installing: /home/hashim/Desktop/comp0250_s26_labs/install/cw2_world_spawner/local/lib/python3.10/dist-packages/cw2_world_spawner/srv/_task2_service.py
[14.905s] -- Installing: /home/hashim/Desktop/comp0250_s26_labs/install/cw2_world_spawner/local/lib/python3.10/dist-packages/cw2_world_spawner/cw2_world_spawner_s__rosidl_typesupport_c.cpython-310-x86_64-linux-gnu.so
[14.905s] -- Installing: /home/hashim/Desktop/comp0250_s26_labs/install/cw2_world_spawner/local/lib/python3.10/dist-packages/cw2_world_spawner/libcw2_world_spawner__rosidl_generator_py.so
[14.906s] -- Installing: /home/hashim/Desktop/comp0250_s26_labs/install/cw2_world_spawner/local/lib/python3.10/dist-packages/cw2_world_spawner/cw2_world_spawner_s__rosidl_typesupport_fastrtps_c.cpython-310-x86_64-linux-gnu.so
[14.906s] -- Installing: /home/hashim/Desktop/comp0250_s26_labs/install/cw2_world_spawner/local/lib/python3.10/dist-packages/cw2_world_spawner/_cw2_world_spawner_s.ep.rosidl_typesupport_c.c
[14.906s] -- Installing: /home/hashim/Desktop/comp0250_s26_labs/install/cw2_world_spawner/local/lib/python3.10/dist-packages/cw2_world_spawner/__init__.py
[14.906s] -- Installing: /home/hashim/Desktop/comp0250_s26_labs/install/cw2_world_spawner/local/lib/python3.10/dist-packages/cw2_world_spawner/_cw2_world_spawner_s.ep.rosidl_typesupport_introspection_c.c
[14.963s] Listing '/home/hashim/Desktop/comp0250_s26_labs/install/cw2_world_spawner/local/lib/python3.10/dist-packages/cw2_world_spawner'...
[14.963s] Compiling '/home/hashim/Desktop/comp0250_s26_labs/install/cw2_world_spawner/local/lib/python3.10/dist-packages/cw2_world_spawner/__init__.py'...
[14.963s] Listing '/home/hashim/Desktop/comp0250_s26_labs/install/cw2_world_spawner/local/lib/python3.10/dist-packages/cw2_world_spawner/srv'...
[14.963s] Compiling '/home/hashim/Desktop/comp0250_s26_labs/install/cw2_world_spawner/local/lib/python3.10/dist-packages/cw2_world_spawner/srv/__init__.py'...
[14.964s] Compiling '/home/hashim/Desktop/comp0250_s26_labs/install/cw2_world_spawner/local/lib/python3.10/dist-packages/cw2_world_spawner/srv/_task1_service.py'...
[14.964s] Compiling '/home/hashim/Desktop/comp0250_s26_labs/install/cw2_world_spawner/local/lib/python3.10/dist-packages/cw2_world_spawner/srv/_task2_service.py'...
[14.964s] Compiling '/home/hashim/Desktop/comp0250_s26_labs/install/cw2_world_spawner/local/lib/python3.10/dist-packages/cw2_world_spawner/srv/_task3_service.py'...
[14.964s] Compiling '/home/hashim/Desktop/comp0250_s26_labs/install/cw2_world_spawner/local/lib/python3.10/dist-packages/cw2_world_spawner/srv/_task_setup.py'...
[14.971s] -- Installing: /home/hashim/Desktop/comp0250_s26_labs/install/cw2_world_spawner/local/lib/python3.10/dist-packages/cw2_world_spawner/cw2_world_spawner_s__rosidl_typesupport_fastrtps_c.cpython-310-x86_64-linux-gnu.so
[14.972s] -- Set runtime path of "/home/hashim/Desktop/comp0250_s26_labs/install/cw2_world_spawner/local/lib/python3.10/dist-packages/cw2_world_spawner/cw2_world_spawner_s__rosidl_typesupport_fastrtps_c.cpython-310-x86_64-linux-gnu.so" to ""
[14.973s] -- Installing: /home/hashim/Desktop/comp0250_s26_labs/install/cw2_world_spawner/local/lib/python3.10/dist-packages/cw2_world_spawner/cw2_world_spawner_s__rosidl_typesupport_introspection_c.cpython-310-x86_64-linux-gnu.so
[14.973s] -- Set runtime path of "/home/hashim/Desktop/comp0250_s26_labs/install/cw2_world_spawner/local/lib/python3.10/dist-packages/cw2_world_spawner/cw2_world_spawner_s__rosidl_typesupport_introspection_c.cpython-310-x86_64-linux-gnu.so" to ""
[14.974s] -- Installing: /home/hashim/Desktop/comp0250_s26_labs/install/cw2_world_spawner/local/lib/python3.10/dist-packages/cw2_world_spawner/cw2_world_spawner_s__rosidl_typesupport_c.cpython-310-x86_64-linux-gnu.so
[14.975s] -- Set runtime path of "/home/hashim/Desktop/comp0250_s26_labs/install/cw2_world_spawner/local/lib/python3.10/dist-packages/cw2_world_spawner/cw2_world_spawner_s__rosidl_typesupport_c.cpython-310-x86_64-linux-gnu.so" to ""
[14.975s] -- Installing: /home/hashim/Desktop/comp0250_s26_labs/install/cw2_world_spawner/lib/libcw2_world_spawner__rosidl_generator_py.so
[14.976s] -- Set runtime path of "/home/hashim/Desktop/comp0250_s26_labs/install/cw2_world_spawner/lib/libcw2_world_spawner__rosidl_generator_py.so" to ""
[14.976s] -- Installing: /home/hashim/Desktop/comp0250_s26_labs/install/cw2_world_spawner/share/ament_index/resource_index/rust_packages/cw2_world_spawner
[14.977s] -- Installing: /home/hashim/Desktop/comp0250_s26_labs/install/cw2_world_spawner/share/cw2_world_spawner/rust
[14.977s] -- Installing: /home/hashim/Desktop/comp0250_s26_labs/install/cw2_world_spawner/share/cw2_world_spawner/rust/src
[14.977s] -- Installing: /home/hashim/Desktop/comp0250_s26_labs/install/cw2_world_spawner/share/cw2_world_spawner/rust/src/lib.rs
[14.978s] -- Installing: /home/hashim/Desktop/comp0250_s26_labs/install/cw2_world_spawner/share/cw2_world_spawner/rust/src/srv
[14.978s] -- Installing: /home/hashim/Desktop/comp0250_s26_labs/install/cw2_world_spawner/share/cw2_world_spawner/rust/src/srv/rmw.rs
[14.978s] -- Installing: /home/hashim/Desktop/comp0250_s26_labs/install/cw2_world_spawner/share/cw2_world_spawner/rust/src/srv.rs
[14.979s] -- Installing: /home/hashim/Desktop/comp0250_s26_labs/install/cw2_world_spawner/share/cw2_world_spawner/rust/build.rs
[14.979s] -- Installing: /home/hashim/Desktop/comp0250_s26_labs/install/cw2_world_spawner/share/cw2_world_spawner/rust/Cargo.toml
[14.979s] -- Installing: /home/hashim/Desktop/comp0250_s26_labs/install/cw2_world_spawner/share/cw2_world_spawner/srv/TaskSetup.idl
[14.979s] -- Installing: /home/hashim/Desktop/comp0250_s26_labs/install/cw2_world_spawner/share/cw2_world_spawner/srv/Task1Service.idl
[14.980s] -- Installing: /home/hashim/Desktop/comp0250_s26_labs/install/cw2_world_spawner/share/cw2_world_spawner/srv/Task2Service.idl
[14.980s] -- Installing: /home/hashim/Desktop/comp0250_s26_labs/install/cw2_world_spawner/share/cw2_world_spawner/srv/Task3Service.idl
[14.980s] -- Installing: /home/hashim/Desktop/comp0250_s26_labs/install/cw2_world_spawner/share/cw2_world_spawner/srv/TaskSetup.srv
[14.980s] -- Installing: /home/hashim/Desktop/comp0250_s26_labs/install/cw2_world_spawner/share/cw2_world_spawner/srv/TaskSetup_Request.msg
[14.981s] -- Installing: /home/hashim/Desktop/comp0250_s26_labs/install/cw2_world_spawner/share/cw2_world_spawner/srv/TaskSetup_Response.msg
[14.981s] -- Installing: /home/hashim/Desktop/comp0250_s26_labs/install/cw2_world_spawner/share/cw2_world_spawner/srv/Task1Service.srv
[14.982s] -- Installing: /home/hashim/Desktop/comp0250_s26_labs/install/cw2_world_spawner/share/cw2_world_spawner/srv/Task1Service_Request.msg
[14.982s] -- Installing: /home/hashim/Desktop/comp0250_s26_labs/install/cw2_world_spawner/share/cw2_world_spawner/srv/Task1Service_Response.msg
[14.983s] -- Installing: /home/hashim/Desktop/comp0250_s26_labs/install/cw2_world_spawner/share/cw2_world_spawner/srv/Task2Service.srv
[14.983s] -- Installing: /home/hashim/Desktop/comp0250_s26_labs/install/cw2_world_spawner/share/cw2_world_spawner/srv/Task2Service_Request.msg
[14.983s] -- Installing: /home/hashim/Desktop/comp0250_s26_labs/install/cw2_world_spawner/share/cw2_world_spawner/srv/Task2Service_Response.msg
[14.983s] -- Installing: /home/hashim/Desktop/comp0250_s26_labs/install/cw2_world_spawner/share/cw2_world_spawner/srv/Task3Service.srv
[14.984s] -- Installing: /home/hashim/Desktop/comp0250_s26_labs/install/cw2_world_spawner/share/cw2_world_spawner/srv/Task3Service_Request.msg
[14.984s] -- Installing: /home/hashim/Desktop/comp0250_s26_labs/install/cw2_world_spawner/share/cw2_world_spawner/srv/Task3Service_Response.msg
[14.984s] -- Installing: /home/hashim/Desktop/comp0250_s26_labs/install/cw2_world_spawner/local/lib/python3.10/dist-packages/cw2_world_spawner_lib-0.1.0-py3.10.egg-info
[14.985s] -- Installing: /home/hashim/Desktop/comp0250_s26_labs/install/cw2_world_spawner/local/lib/python3.10/dist-packages/cw2_world_spawner_lib-0.1.0-py3.10.egg-info/dependency_links.txt
[14.985s] -- Installing: /home/hashim/Desktop/comp0250_s26_labs/install/cw2_world_spawner/local/lib/python3.10/dist-packages/cw2_world_spawner_lib-0.1.0-py3.10.egg-info/PKG-INFO
[14.985s] -- Installing: /home/hashim/Desktop/comp0250_s26_labs/install/cw2_world_spawner/local/lib/python3.10/dist-packages/cw2_world_spawner_lib-0.1.0-py3.10.egg-info/SOURCES.txt
[14.985s] -- Installing: /home/hashim/Desktop/comp0250_s26_labs/install/cw2_world_spawner/local/lib/python3.10/dist-packages/cw2_world_spawner_lib-0.1.0-py3.10.egg-info/top_level.txt
[14.986s] -- Installing: /home/hashim/Desktop/comp0250_s26_labs/install/cw2_world_spawner/local/lib/python3.10/dist-packages/cw2_world_spawner_lib
[14.986s] -- Installing: /home/hashim/Desktop/comp0250_s26_labs/install/cw2_world_spawner/local/lib/python3.10/dist-packages/cw2_world_spawner_lib/__init__.py
[14.986s] -- Installing: /home/hashim/Desktop/comp0250_s26_labs/install/cw2_world_spawner/local/lib/python3.10/dist-packages/cw2_world_spawner_lib/coursework_world_spawner.py
[15.047s] Listing '/home/hashim/Desktop/comp0250_s26_labs/install/cw2_world_spawner/local/lib/python3.10/dist-packages/cw2_world_spawner_lib'...
[15.047s] Compiling '/home/hashim/Desktop/comp0250_s26_labs/install/cw2_world_spawner/local/lib/python3.10/dist-packages/cw2_world_spawner_lib/__init__.py'...
[15.047s] Compiling '/home/hashim/Desktop/comp0250_s26_labs/install/cw2_world_spawner/local/lib/python3.10/dist-packages/cw2_world_spawner_lib/coursework_world_spawner.py'...
[15.054s] -- Installing: /home/hashim/Desktop/comp0250_s26_labs/install/cw2_world_spawner/lib/cw2_world_spawner/world_spawner.py
[15.055s] -- Installing: /home/hashim/Desktop/comp0250_s26_labs/install/cw2_world_spawner/share/cw2_world_spawner/models
[15.055s] -- Installing: /home/hashim/Desktop/comp0250_s26_labs/install/cw2_world_spawner/share/cw2_world_spawner/models/obstacle_3
[15.055s] -- Installing: /home/hashim/Desktop/comp0250_s26_labs/install/cw2_world_spawner/share/cw2_world_spawner/models/obstacle_3/model.config
[15.056s] -- Installing: /home/hashim/Desktop/comp0250_s26_labs/install/cw2_world_spawner/share/cw2_world_spawner/models/obstacle_3/model.sdf
[15.056s] -- Installing: /home/hashim/Desktop/comp0250_s26_labs/install/cw2_world_spawner/share/cw2_world_spawner/models/nought_blue_20mm
[15.056s] -- Installing: /home/hashim/Desktop/comp0250_s26_labs/install/cw2_world_spawner/share/cw2_world_spawner/models/nought_blue_20mm/nought_20mm_40H.STL
[15.056s] -- Installing: /home/hashim/Desktop/comp0250_s26_labs/install/cw2_world_spawner/share/cw2_world_spawner/models/nought_blue_20mm/model.config
[15.056s] -- Installing: /home/hashim/Desktop/comp0250_s26_labs/install/cw2_world_spawner/share/cw2_world_spawner/models/nought_blue_20mm/model.sdf
[15.056s] -- Installing: /home/hashim/Desktop/comp0250_s26_labs/install/cw2_world_spawner/share/cw2_world_spawner/models/cross_purple_30mm
[15.057s] -- Installing: /home/hashim/Desktop/comp0250_s26_labs/install/cw2_world_spawner/share/cw2_world_spawner/models/cross_purple_30mm/model.config
[15.057s] -- Installing: /home/hashim/Desktop/comp0250_s26_labs/install/cw2_world_spawner/share/cw2_world_spawner/models/cross_purple_30mm/model.sdf
[15.057s] -- Installing: /home/hashim/Desktop/comp0250_s26_labs/install/cw2_world_spawner/share/cw2_world_spawner/models/cross_purple_30mm/cross_30mm_40H.STL
[15.057s] -- Installing: /home/hashim/Desktop/comp0250_s26_labs/install/cw2_world_spawner/share/cw2_world_spawner/models/cross_purple_20mm
[15.058s] -- Installing: /home/hashim/Desktop/comp0250_s26_labs/install/cw2_world_spawner/share/cw2_world_spawner/models/cross_purple_20mm/model.config
[15.058s] -- Installing: /home/hashim/Desktop/comp0250_s26_labs/install/cw2_world_spawner/share/cw2_world_spawner/models/cross_purple_20mm/model.sdf
[15.058s] -- Installing: /home/hashim/Desktop/comp0250_s26_labs/install/cw2_world_spawner/share/cw2_world_spawner/models/cross_purple_20mm/cross_40mm.STL
[15.059s] -- Installing: /home/hashim/Desktop/comp0250_s26_labs/install/cw2_world_spawner/share/cw2_world_spawner/models/cross_purple_20mm/cross_20mm_40H.STL
[15.059s] -- Installing: /home/hashim/Desktop/comp0250_s26_labs/install/cw2_world_spawner/share/cw2_world_spawner/models/nought_purple_20mm
[15.059s] -- Installing: /home/hashim/Desktop/comp0250_s26_labs/install/cw2_world_spawner/share/cw2_world_spawner/models/nought_purple_20mm/nought_20mm_40H.STL
[15.059s] -- Installing: /home/hashim/Desktop/comp0250_s26_labs/install/cw2_world_spawner/share/cw2_world_spawner/models/nought_purple_20mm/model.config
[15.060s] -- Installing: /home/hashim/Desktop/comp0250_s26_labs/install/cw2_world_spawner/share/cw2_world_spawner/models/nought_purple_20mm/model.sdf
[15.060s] -- Installing: /home/hashim/Desktop/comp0250_s26_labs/install/cw2_world_spawner/share/cw2_world_spawner/models/cross_red_30mm
[15.060s] -- Installing: /home/hashim/Desktop/comp0250_s26_labs/install/cw2_world_spawner/share/cw2_world_spawner/models/cross_red_30mm/model.config
[15.060s] -- Installing: /home/hashim/Desktop/comp0250_s26_labs/install/cw2_world_spawner/share/cw2_world_spawner/models/cross_red_30mm/model.sdf
[15.060s] -- Installing: /home/hashim/Desktop/comp0250_s26_labs/install/cw2_world_spawner/share/cw2_world_spawner/models/cross_red_30mm/cross_30mm_40H.STL
[15.061s] -- Installing: /home/hashim/Desktop/comp0250_s26_labs/install/cw2_world_spawner/share/cw2_world_spawner/models/nought_blue_30mm
[15.061s] -- Installing: /home/hashim/Desktop/comp0250_s26_labs/install/cw2_world_spawner/share/cw2_world_spawner/models/nought_blue_30mm/nought_30mm_40H.STL
[15.061s] -- Installing: /home/hashim/Desktop/comp0250_s26_labs/install/cw2_world_spawner/share/cw2_world_spawner/models/nought_blue_30mm/model.config
[15.061s] -- Installing: /home/hashim/Desktop/comp0250_s26_labs/install/cw2_world_spawner/share/cw2_world_spawner/models/nought_blue_30mm/model.sdf
[15.062s] -- Installing: /home/hashim/Desktop/comp0250_s26_labs/install/cw2_world_spawner/share/cw2_world_spawner/models/cross_red_20mm
[15.062s] -- Installing: /home/hashim/Desktop/comp0250_s26_labs/install/cw2_world_spawner/share/cw2_world_spawner/models/cross_red_20mm/model.config
[15.062s] -- Installing: /home/hashim/Desktop/comp0250_s26_labs/install/cw2_world_spawner/share/cw2_world_spawner/models/cross_red_20mm/model.sdf
[15.062s] -- Installing: /home/hashim/Desktop/comp0250_s26_labs/install/cw2_world_spawner/share/cw2_world_spawner/models/cross_red_20mm/cross_40mm.STL
[15.063s] -- Installing: /home/hashim/Desktop/comp0250_s26_labs/install/cw2_world_spawner/share/cw2_world_spawner/models/cross_red_20mm/cross_20mm_40H.STL
[15.063s] -- Installing: /home/hashim/Desktop/comp0250_s26_labs/install/cw2_world_spawner/share/cw2_world_spawner/models/nought_red_20mm
[15.063s] -- Installing: /home/hashim/Desktop/comp0250_s26_labs/install/cw2_world_spawner/share/cw2_world_spawner/models/nought_red_20mm/nought_20mm_40H.STL
[15.063s] -- Installing: /home/hashim/Desktop/comp0250_s26_labs/install/cw2_world_spawner/share/cw2_world_spawner/models/nought_red_20mm/model.config
[15.063s] -- Installing: /home/hashim/Desktop/comp0250_s26_labs/install/cw2_world_spawner/share/cw2_world_spawner/models/nought_red_20mm/model.sdf
[15.064s] -- Installing: /home/hashim/Desktop/comp0250_s26_labs/install/cw2_world_spawner/share/cw2_world_spawner/models/nought_purple_30mm
[15.064s] -- Installing: /home/hashim/Desktop/comp0250_s26_labs/install/cw2_world_spawner/share/cw2_world_spawner/models/nought_purple_30mm/nought_30mm_40H.STL
[15.064s] -- Installing: /home/hashim/Desktop/comp0250_s26_labs/install/cw2_world_spawner/share/cw2_world_spawner/models/nought_purple_30mm/model.config
[15.064s] -- Installing: /home/hashim/Desktop/comp0250_s26_labs/install/cw2_world_spawner/share/cw2_world_spawner/models/nought_purple_30mm/model.sdf
[15.064s] -- Installing: /home/hashim/Desktop/comp0250_s26_labs/install/cw2_world_spawner/share/cw2_world_spawner/models/obstacle_2
[15.065s] -- Installing: /home/hashim/Desktop/comp0250_s26_labs/install/cw2_world_spawner/share/cw2_world_spawner/models/obstacle_2/model.config
[15.065s] -- Installing: /home/hashim/Desktop/comp0250_s26_labs/install/cw2_world_spawner/share/cw2_world_spawner/models/obstacle_2/model.sdf
[15.065s] -- Installing: /home/hashim/Desktop/comp0250_s26_labs/install/cw2_world_spawner/share/cw2_world_spawner/models/basket
[15.066s] -- Installing: /home/hashim/Desktop/comp0250_s26_labs/install/cw2_world_spawner/share/cw2_world_spawner/models/basket/model.config
[15.066s] -- Installing: /home/hashim/Desktop/comp0250_s26_labs/install/cw2_world_spawner/share/cw2_world_spawner/models/basket/model.sdf
[15.066s] -- Installing: /home/hashim/Desktop/comp0250_s26_labs/install/cw2_world_spawner/share/cw2_world_spawner/models/basket/model.sdf.xmacro
[15.066s] -- Installing: /home/hashim/Desktop/comp0250_s26_labs/install/cw2_world_spawner/share/cw2_world_spawner/models/obstacle_4
[15.067s] -- Installing: /home/hashim/Desktop/comp0250_s26_labs/install/cw2_world_spawner/share/cw2_world_spawner/models/obstacle_4/model.config
[15.067s] -- Installing: /home/hashim/Desktop/comp0250_s26_labs/install/cw2_world_spawner/share/cw2_world_spawner/models/obstacle_4/model.sdf
[15.067s] -- Installing: /home/hashim/Desktop/comp0250_s26_labs/install/cw2_world_spawner/share/cw2_world_spawner/models/nought_blue_40mm
[15.067s] -- Installing: /home/hashim/Desktop/comp0250_s26_labs/install/cw2_world_spawner/share/cw2_world_spawner/models/nought_blue_40mm/nought_40mm.STL
[15.068s] -- Installing: /home/hashim/Desktop/comp0250_s26_labs/install/cw2_world_spawner/share/cw2_world_spawner/models/nought_blue_40mm/model.config
[15.068s] -- Installing: /home/hashim/Desktop/comp0250_s26_labs/install/cw2_world_spawner/share/cw2_world_spawner/models/nought_blue_40mm/model.sdf
[15.068s] -- Installing: /home/hashim/Desktop/comp0250_s26_labs/install/cw2_world_spawner/share/cw2_world_spawner/models/nought_red_30mm
[15.068s] -- Installing: /home/hashim/Desktop/comp0250_s26_labs/install/cw2_world_spawner/share/cw2_world_spawner/models/nought_red_30mm/nought_30mm_40H.STL
[15.068s] -- Installing: /home/hashim/Desktop/comp0250_s26_labs/install/cw2_world_spawner/share/cw2_world_spawner/models/nought_red_30mm/model.config
[15.069s] -- Installing: /home/hashim/Desktop/comp0250_s26_labs/install/cw2_world_spawner/share/cw2_world_spawner/models/nought_red_30mm/model.sdf
[15.069s] -- Installing: /home/hashim/Desktop/comp0250_s26_labs/install/cw2_world_spawner/share/cw2_world_spawner/models/nought_purple_40mm
[15.069s] -- Installing: /home/hashim/Desktop/comp0250_s26_labs/install/cw2_world_spawner/share/cw2_world_spawner/models/nought_purple_40mm/nought_40mm.STL
[15.069s] -- Installing: /home/hashim/Desktop/comp0250_s26_labs/install/cw2_world_spawner/share/cw2_world_spawner/models/nought_purple_40mm/model.config
[15.069s] -- Installing: /home/hashim/Desktop/comp0250_s26_labs/install/cw2_world_spawner/share/cw2_world_spawner/models/nought_purple_40mm/model.sdf
[15.070s] -- Installing: /home/hashim/Desktop/comp0250_s26_labs/install/cw2_world_spawner/share/cw2_world_spawner/models/nought_red_40mm
[15.070s] -- Installing: /home/hashim/Desktop/comp0250_s26_labs/install/cw2_world_spawner/share/cw2_world_spawner/models/nought_red_40mm/nought_40mm.STL
[15.070s] -- Installing: /home/hashim/Desktop/comp0250_s26_labs/install/cw2_world_spawner/share/cw2_world_spawner/models/nought_red_40mm/model.config
[15.070s] -- Installing: /home/hashim/Desktop/comp0250_s26_labs/install/cw2_world_spawner/share/cw2_world_spawner/models/nought_red_40mm/model.sdf
[15.071s] -- Installing: /home/hashim/Desktop/comp0250_s26_labs/install/cw2_world_spawner/share/cw2_world_spawner/models/cross_blue_20mm
[15.071s] -- Installing: /home/hashim/Desktop/comp0250_s26_labs/install/cw2_world_spawner/share/cw2_world_spawner/models/cross_blue_20mm/model.config
[15.071s] -- Installing: /home/hashim/Desktop/comp0250_s26_labs/install/cw2_world_spawner/share/cw2_world_spawner/models/cross_blue_20mm/model.sdf
[15.071s] -- Installing: /home/hashim/Desktop/comp0250_s26_labs/install/cw2_world_spawner/share/cw2_world_spawner/models/cross_blue_20mm/cross_40mm.STL
[15.071s] -- Installing: /home/hashim/Desktop/comp0250_s26_labs/install/cw2_world_spawner/share/cw2_world_spawner/models/cross_blue_20mm/cross_20mm_40H.STL
[15.072s] -- Installing: /home/hashim/Desktop/comp0250_s26_labs/install/cw2_world_spawner/share/cw2_world_spawner/models/cross_purple_40mm
[15.072s] -- Installing: /home/hashim/Desktop/comp0250_s26_labs/install/cw2_world_spawner/share/cw2_world_spawner/models/cross_purple_40mm/model.config
[15.072s] -- Installing: /home/hashim/Desktop/comp0250_s26_labs/install/cw2_world_spawner/share/cw2_world_spawner/models/cross_purple_40mm/model.sdf
[15.072s] -- Installing: /home/hashim/Desktop/comp0250_s26_labs/install/cw2_world_spawner/share/cw2_world_spawner/models/cross_purple_40mm/cross_40mm.STL
[15.073s] -- Installing: /home/hashim/Desktop/comp0250_s26_labs/install/cw2_world_spawner/share/cw2_world_spawner/models/obstacle_1
[15.073s] -- Installing: /home/hashim/Desktop/comp0250_s26_labs/install/cw2_world_spawner/share/cw2_world_spawner/models/obstacle_1/model.config
[15.073s] -- Installing: /home/hashim/Desktop/comp0250_s26_labs/install/cw2_world_spawner/share/cw2_world_spawner/models/obstacle_1/model.sdf
[15.073s] -- Installing: /home/hashim/Desktop/comp0250_s26_labs/install/cw2_world_spawner/share/cw2_world_spawner/models/all_tiles
[15.073s] -- Installing: /home/hashim/Desktop/comp0250_s26_labs/install/cw2_world_spawner/share/cw2_world_spawner/models/all_tiles/model.config
[15.074s] -- Installing: /home/hashim/Desktop/comp0250_s26_labs/install/cw2_world_spawner/share/cw2_world_spawner/models/all_tiles/model.sdf
[15.074s] -- Installing: /home/hashim/Desktop/comp0250_s26_labs/install/cw2_world_spawner/share/cw2_world_spawner/models/all_tiles/model.sdf.xmacro
[15.074s] -- Installing: /home/hashim/Desktop/comp0250_s26_labs/install/cw2_world_spawner/share/cw2_world_spawner/models/cross_red_40mm
[15.074s] -- Installing: /home/hashim/Desktop/comp0250_s26_labs/install/cw2_world_spawner/share/cw2_world_spawner/models/cross_red_40mm/model.config
[15.075s] -- Installing: /home/hashim/Desktop/comp0250_s26_labs/install/cw2_world_spawner/share/cw2_world_spawner/models/cross_red_40mm/model.sdf
[15.075s] -- Installing: /home/hashim/Desktop/comp0250_s26_labs/install/cw2_world_spawner/share/cw2_world_spawner/models/cross_red_40mm/cross_40mm.STL
[15.075s] -- Installing: /home/hashim/Desktop/comp0250_s26_labs/install/cw2_world_spawner/share/cw2_world_spawner/models/cross_blue_30mm
[15.075s] -- Installing: /home/hashim/Desktop/comp0250_s26_labs/install/cw2_world_spawner/share/cw2_world_spawner/models/cross_blue_30mm/model.config
[15.076s] -- Installing: /home/hashim/Desktop/comp0250_s26_labs/install/cw2_world_spawner/share/cw2_world_spawner/models/cross_blue_30mm/model.sdf
[15.076s] -- Installing: /home/hashim/Desktop/comp0250_s26_labs/install/cw2_world_spawner/share/cw2_world_spawner/models/cross_blue_30mm/cross_30mm_40H.STL
[15.077s] -- Installing: /home/hashim/Desktop/comp0250_s26_labs/install/cw2_world_spawner/share/cw2_world_spawner/models/cross_blue_40mm
[15.077s] -- Installing: /home/hashim/Desktop/comp0250_s26_labs/install/cw2_world_spawner/share/cw2_world_spawner/models/cross_blue_40mm/model.config
[15.077s] -- Installing: /home/hashim/Desktop/comp0250_s26_labs/install/cw2_world_spawner/share/cw2_world_spawner/models/cross_blue_40mm/model.sdf
[15.077s] -- Installing: /home/hashim/Desktop/comp0250_s26_labs/install/cw2_world_spawner/share/cw2_world_spawner/models/cross_blue_40mm/cross_40mm.STL
[15.078s] -- Installing: /home/hashim/Desktop/comp0250_s26_labs/install/cw2_world_spawner/share/cw2_world_spawner/launch
[15.078s] -- Installing: /home/hashim/Desktop/comp0250_s26_labs/install/cw2_world_spawner/share/cw2_world_spawner/launch/world_spawner.launch.py
[15.078s] -- Installing: /home/hashim/Desktop/comp0250_s26_labs/install/cw2_world_spawner/share/ament_index/resource_index/package_run_dependencies/cw2_world_spawner
[15.078s] -- Installing: /home/hashim/Desktop/comp0250_s26_labs/install/cw2_world_spawner/share/ament_index/resource_index/parent_prefix_path/cw2_world_spawner
[15.078s] -- Installing: /home/hashim/Desktop/comp0250_s26_labs/install/cw2_world_spawner/share/cw2_world_spawner/environment/ament_prefix_path.sh
[15.079s] -- Installing: /home/hashim/Desktop/comp0250_s26_labs/install/cw2_world_spawner/share/cw2_world_spawner/environment/ament_prefix_path.dsv
[15.079s] -- Installing: /home/hashim/Desktop/comp0250_s26_labs/install/cw2_world_spawner/share/cw2_world_spawner/environment/path.sh
[15.079s] -- Installing: /home/hashim/Desktop/comp0250_s26_labs/install/cw2_world_spawner/share/cw2_world_spawner/environment/path.dsv
[15.079s] -- Installing: /home/hashim/Desktop/comp0250_s26_labs/install/cw2_world_spawner/share/cw2_world_spawner/local_setup.bash
[15.080s] -- Installing: /home/hashim/Desktop/comp0250_s26_labs/install/cw2_world_spawner/share/cw2_world_spawner/local_setup.sh
[15.080s] -- Installing: /home/hashim/Desktop/comp0250_s26_labs/install/cw2_world_spawner/share/cw2_world_spawner/local_setup.zsh
[15.080s] -- Installing: /home/hashim/Desktop/comp0250_s26_labs/install/cw2_world_spawner/share/cw2_world_spawner/local_setup.dsv
[15.081s] -- Installing: /home/hashim/Desktop/comp0250_s26_labs/install/cw2_world_spawner/share/cw2_world_spawner/package.dsv
[15.081s] -- Installing: /home/hashim/Desktop/comp0250_s26_labs/install/cw2_world_spawner/share/ament_index/resource_index/packages/cw2_world_spawner
[15.082s] -- Installing: /home/hashim/Desktop/comp0250_s26_labs/install/cw2_world_spawner/share/cw2_world_spawner/cmake/export_cw2_world_spawner__rosidl_generator_cExport.cmake
[15.082s] -- Installing: /home/hashim/Desktop/comp0250_s26_labs/install/cw2_world_spawner/share/cw2_world_spawner/cmake/export_cw2_world_spawner__rosidl_generator_cExport-release.cmake
[15.083s] -- Installing: /home/hashim/Desktop/comp0250_s26_labs/install/cw2_world_spawner/share/cw2_world_spawner/cmake/export_cw2_world_spawner__rosidl_typesupport_fastrtps_cExport.cmake
[15.083s] -- Installing: /home/hashim/Desktop/comp0250_s26_labs/install/cw2_world_spawner/share/cw2_world_spawner/cmake/export_cw2_world_spawner__rosidl_typesupport_fastrtps_cExport-release.cmake
[15.084s] -- Installing: /home/hashim/Desktop/comp0250_s26_labs/install/cw2_world_spawner/share/cw2_world_spawner/cmake/cw2_world_spawner__rosidl_typesupport_introspection_cExport.cmake
[15.085s] -- Installing: /home/hashim/Desktop/comp0250_s26_labs/install/cw2_world_spawner/share/cw2_world_spawner/cmake/cw2_world_spawner__rosidl_typesupport_introspection_cExport-release.cmake
[15.086s] -- Installing: /home/hashim/Desktop/comp0250_s26_labs/install/cw2_world_spawner/share/cw2_world_spawner/cmake/cw2_world_spawner__rosidl_typesupport_cExport.cmake
[15.086s] -- Installing: /home/hashim/Desktop/comp0250_s26_labs/install/cw2_world_spawner/share/cw2_world_spawner/cmake/cw2_world_spawner__rosidl_typesupport_cExport-release.cmake
[15.087s] -- Installing: /home/hashim/Desktop/comp0250_s26_labs/install/cw2_world_spawner/share/cw2_world_spawner/cmake/export_cw2_world_spawner__rosidl_generator_cppExport.cmake
[15.087s] -- Installing: /home/hashim/Desktop/comp0250_s26_labs/install/cw2_world_spawner/share/cw2_world_spawner/cmake/export_cw2_world_spawner__rosidl_typesupport_fastrtps_cppExport.cmake
[15.087s] -- Installing: /home/hashim/Desktop/comp0250_s26_labs/install/cw2_world_spawner/share/cw2_world_spawner/cmake/export_cw2_world_spawner__rosidl_typesupport_fastrtps_cppExport-release.cmake
[15.087s] -- Installing: /home/hashim/Desktop/comp0250_s26_labs/install/cw2_world_spawner/share/cw2_world_spawner/cmake/cw2_world_spawner__rosidl_typesupport_introspection_cppExport.cmake
[15.087s] -- Installing: /home/hashim/Desktop/comp0250_s26_labs/install/cw2_world_spawner/share/cw2_world_spawner/cmake/cw2_world_spawner__rosidl_typesupport_introspection_cppExport-release.cmake
[15.088s] -- Installing: /home/hashim/Desktop/comp0250_s26_labs/install/cw2_world_spawner/share/cw2_world_spawner/cmake/cw2_world_spawner__rosidl_typesupport_cppExport.cmake
[15.088s] -- Installing: /home/hashim/Desktop/comp0250_s26_labs/install/cw2_world_spawner/share/cw2_world_spawner/cmake/cw2_world_spawner__rosidl_typesupport_cppExport-release.cmake
[15.089s] -- Installing: /home/hashim/Desktop/comp0250_s26_labs/install/cw2_world_spawner/share/cw2_world_spawner/cmake/export_cw2_world_spawner__rosidl_generator_pyExport.cmake
[15.089s] -- Installing: /home/hashim/Desktop/comp0250_s26_labs/install/cw2_world_spawner/share/cw2_world_spawner/cmake/export_cw2_world_spawner__rosidl_generator_pyExport-release.cmake
[15.089s] -- Installing: /home/hashim/Desktop/comp0250_s26_labs/install/cw2_world_spawner/share/cw2_world_spawner/cmake/rosidl_cmake-extras.cmake
[15.089s] -- Installing: /home/hashim/Desktop/comp0250_s26_labs/install/cw2_world_spawner/share/cw2_world_spawner/cmake/ament_cmake_export_dependencies-extras.cmake
[15.089s] -- Installing: /home/hashim/Desktop/comp0250_s26_labs/install/cw2_world_spawner/share/cw2_world_spawner/cmake/ament_cmake_export_include_directories-extras.cmake
[15.090s] -- Installing: /home/hashim/Desktop/comp0250_s26_labs/install/cw2_world_spawner/share/cw2_world_spawner/cmake/ament_cmake_export_libraries-extras.cmake
[15.090s] -- Installing: /home/hashim/Desktop/comp0250_s26_labs/install/cw2_world_spawner/share/cw2_world_spawner/cmake/ament_cmake_export_targets-extras.cmake
[15.090s] -- Installing: /home/hashim/Desktop/comp0250_s26_labs/install/cw2_world_spawner/share/cw2_world_spawner/cmake/rosidl_cmake_export_typesupport_targets-extras.cmake
[15.091s] -- Installing: /home/hashim/Desktop/comp0250_s26_labs/install/cw2_world_spawner/share/cw2_world_spawner/cmake/rosidl_cmake_export_typesupport_libraries-extras.cmake
[15.091s] -- Installing: /home/hashim/Desktop/comp0250_s26_labs/install/cw2_world_spawner/share/cw2_world_spawner/cmake/cw2_world_spawnerConfig.cmake
[15.091s] -- Installing: /home/hashim/Desktop/comp0250_s26_labs/install/cw2_world_spawner/share/cw2_world_spawner/cmake/cw2_world_spawnerConfig-version.cmake
[15.091s] -- Installing: /home/hashim/Desktop/comp0250_s26_labs/install/cw2_world_spawner/share/cw2_world_spawner/package.xml
[15.097s] Invoked command in '/home/hashim/Desktop/comp0250_s26_labs/build/cw2_world_spawner' returned '0': CMAKE_PREFIX_PATH=/opt/ros/humble /usr/bin/cmake --install /home/hashim/Desktop/comp0250_s26_labs/build/cw2_world_spawner
