[0.021s] Invoking command in '/home/hashim/Desktop/comp0250_s26_labs/build/panda_moveit_config': CMAKE_PREFIX_PATH=/opt/ros/humble /usr/bin/cmake /home/hashim/Desktop/comp0250_s26_labs/src/courseworks/panda_moveit_config -DCMAKE_BUILD_TYPE=Release -DCMAKE_INSTALL_PREFIX=/home/hashim/Desktop/comp0250_s26_labs/install/panda_moveit_config
[0.097s] -- The C compiler identification is GNU 11.4.0
[0.157s] -- The CXX compiler identification is GNU 11.4.0
[0.169s] -- Detecting C compiler ABI info
[0.259s] -- Detecting C compiler ABI info - done
[0.270s] -- Check for working C compiler: /usr/bin/cc - skipped
[0.270s] -- Detecting C compile features
[0.271s] -- Detecting C compile features - done
[0.275s] -- Detecting CXX compiler ABI info
[0.394s] -- Detecting CXX compiler ABI info - done
[0.407s] -- Check for working CXX compiler: /usr/bin/c++ - skipped
[0.407s] -- Detecting CXX compile features
[0.408s] -- Detecting CXX compile features - done
[0.417s] -- Found ament_cmake: 1.3.14 (/opt/ros/humble/share/ament_cmake/cmake)
[0.777s] -- Found Python3: /usr/bin/python3 (found version "3.10.12") found components: Interpreter 
[1.120s] -- Configuring done
[1.123s] -- Generating done
[1.126s] -- Build files have been written to: /home/hashim/Desktop/comp0250_s26_labs/build/panda_moveit_config
[1.138s] Invoked command in '/home/hashim/Desktop/comp0250_s26_labs/build/panda_moveit_config' returned '0': CMAKE_PREFIX_PATH=/opt/ros/humble /usr/bin/cmake /home/hashim/Desktop/comp0250_s26_labs/src/courseworks/panda_moveit_config -DCMAKE_BUILD_TYPE=Release -DCMAKE_INSTALL_PREFIX=/home/hashim/Desktop/comp0250_s26_labs/install/panda_moveit_config
[1.142s] Invoking command in '/home/hashim/Desktop/comp0250_s26_labs/build/panda_moveit_config': CMAKE_PREFIX_PATH=/opt/ros/humble /usr/bin/cmake --build /home/hashim/Desktop/comp0250_s26_labs/build/panda_moveit_config -- -j20 -l20
[1.233s] Invoked command in '/home/hashim/Desktop/comp0250_s26_labs/build/panda_moveit_config' returned '0': CMAKE_PREFIX_PATH=/opt/ros/humble /usr/bin/cmake --build /home/hashim/Desktop/comp0250_s26_labs/build/panda_moveit_config -- -j20 -l20
[1.238s] Invoking command in '/home/hashim/Desktop/comp0250_s26_labs/build/panda_moveit_config': CMAKE_PREFIX_PATH=/opt/ros/humble /usr/bin/cmake --install /home/hashim/Desktop/comp0250_s26_labs/build/panda_moveit_config
[1.251s] -- Install configuration: "Release"
[1.251s] -- Installing: /home/hashim/Desktop/comp0250_s26_labs/install/panda_moveit_config/share/panda_moveit_config/launch
[1.251s] -- Installing: /home/hashim/Desktop/comp0250_s26_labs/install/panda_moveit_config/share/panda_moveit_config/launch/moveit_rviz.launch
[1.251s] -- Installing: /home/hashim/Desktop/comp0250_s26_labs/install/panda_moveit_config/share/panda_moveit_config/launch/project.rviz
[1.253s] -- Installing: /home/hashim/Desktop/comp0250_s26_labs/install/panda_moveit_config/share/panda_moveit_config/launch/panda_control_moveit_rviz.launch
[1.253s] -- Installing: /home/hashim/Desktop/comp0250_s26_labs/install/panda_moveit_config/share/panda_moveit_config/launch/moveit.rviz
[1.253s] -- Installing: /home/hashim/Desktop/comp0250_s26_labs/install/panda_moveit_config/share/panda_moveit_config/launch/demo_chomp.launch
[1.253s] -- Installing: /home/hashim/Desktop/comp0250_s26_labs/install/panda_moveit_config/share/panda_moveit_config/launch/sensor_manager.launch.xml
[1.254s] -- Installing: /home/hashim/Desktop/comp0250_s26_labs/install/panda_moveit_config/share/panda_moveit_config/launch/panda_gripper_moveit_controller_manager_simulation.launch.xml
[1.255s] -- Installing: /home/hashim/Desktop/comp0250_s26_labs/install/panda_moveit_config/share/panda_moveit_config/launch/ompl_planning_pipeline.launch.xml
[1.255s] -- Installing: /home/hashim/Desktop/comp0250_s26_labs/install/panda_moveit_config/share/panda_moveit_config/launch/panda_moveit_controller_manager.launch.xml
[1.255s] -- Installing: /home/hashim/Desktop/comp0250_s26_labs/install/panda_moveit_config/share/panda_moveit_config/launch/panda_moveit_controller_manager_simulation.launch.xml
[1.255s] -- Installing: /home/hashim/Desktop/comp0250_s26_labs/install/panda_moveit_config/share/panda_moveit_config/launch/fake_moveit_controller_manager.launch.xml
[1.255s] -- Installing: /home/hashim/Desktop/comp0250_s26_labs/install/panda_moveit_config/share/panda_moveit_config/launch/panda_moveit_sensor_manager.launch.xml
[1.255s] -- Installing: /home/hashim/Desktop/comp0250_s26_labs/install/panda_moveit_config/share/panda_moveit_config/launch/chomp_planning_pipeline.launch.xml
[1.256s] -- Installing: /home/hashim/Desktop/comp0250_s26_labs/install/panda_moveit_config/share/panda_moveit_config/launch/warehouse_settings.launch.xml
[1.256s] -- Installing: /home/hashim/Desktop/comp0250_s26_labs/install/panda_moveit_config/share/panda_moveit_config/launch/panda_gripper_moveit_controller_manager.launch.xml
[1.257s] -- Installing: /home/hashim/Desktop/comp0250_s26_labs/install/panda_moveit_config/share/panda_moveit_config/launch/default_warehouse_db.launch
[1.257s] -- Installing: /home/hashim/Desktop/comp0250_s26_labs/install/panda_moveit_config/share/panda_moveit_config/launch/moveit_simulation.rviz
[1.257s] -- Installing: /home/hashim/Desktop/comp0250_s26_labs/install/panda_moveit_config/share/panda_moveit_config/launch/panda_moveit.launch
[1.257s] -- Installing: /home/hashim/Desktop/comp0250_s26_labs/install/panda_moveit_config/share/panda_moveit_config/launch/demo-project.launch
[1.257s] -- Installing: /home/hashim/Desktop/comp0250_s26_labs/install/panda_moveit_config/share/panda_moveit_config/launch/moveit_empty.rviz
[1.258s] -- Installing: /home/hashim/Desktop/comp0250_s26_labs/install/panda_moveit_config/share/panda_moveit_config/launch/warehouse.launch
[1.258s] -- Installing: /home/hashim/Desktop/comp0250_s26_labs/install/panda_moveit_config/share/panda_moveit_config/launch/trajectory_execution.launch.xml
[1.258s] -- Installing: /home/hashim/Desktop/comp0250_s26_labs/install/panda_moveit_config/share/panda_moveit_config/launch/demo.launch
[1.258s] -- Installing: /home/hashim/Desktop/comp0250_s26_labs/install/panda_moveit_config/share/panda_moveit_config/launch/planning_pipeline.launch.xml
[1.258s] -- Installing: /home/hashim/Desktop/comp0250_s26_labs/install/panda_moveit_config/share/panda_moveit_config/launch/move_group.launch
[1.259s] -- Installing: /home/hashim/Desktop/comp0250_s26_labs/install/panda_moveit_config/share/panda_moveit_config/launch/stomp_planning_pipeline.launch.xml
[1.259s] -- Installing: /home/hashim/Desktop/comp0250_s26_labs/install/panda_moveit_config/share/panda_moveit_config/launch/joystick_control.launch
[1.259s] -- Installing: /home/hashim/Desktop/comp0250_s26_labs/install/panda_moveit_config/share/panda_moveit_config/launch/run_benchmark_ompl.launch
[1.259s] -- Installing: /home/hashim/Desktop/comp0250_s26_labs/install/panda_moveit_config/share/panda_moveit_config/launch/planning_context.launch
[1.259s] -- Installing: /home/hashim/Desktop/comp0250_s26_labs/install/panda_moveit_config/share/panda_moveit_config/launch/moveit_rviz_simulation.launch
[1.259s] -- Installing: /home/hashim/Desktop/comp0250_s26_labs/install/panda_moveit_config/share/panda_moveit_config/config
[1.259s] -- Installing: /home/hashim/Desktop/comp0250_s26_labs/install/panda_moveit_config/share/panda_moveit_config/config/panda_controllers_simulation.yaml
[1.260s] -- Installing: /home/hashim/Desktop/comp0250_s26_labs/install/panda_moveit_config/share/panda_moveit_config/config/joint_limits.yaml
[1.260s] -- Installing: /home/hashim/Desktop/comp0250_s26_labs/install/panda_moveit_config/share/panda_moveit_config/config/pilz_cartesian_limits.yaml
[1.260s] -- Installing: /home/hashim/Desktop/comp0250_s26_labs/install/panda_moveit_config/share/panda_moveit_config/config/chomp_planning.yaml
[1.260s] -- Installing: /home/hashim/Desktop/comp0250_s26_labs/install/panda_moveit_config/share/panda_moveit_config/config/panda_gripper_controllers_simulation.yaml
[1.260s] -- Installing: /home/hashim/Desktop/comp0250_s26_labs/install/panda_moveit_config/share/panda_moveit_config/config/stomp_planning.yaml
[1.260s] -- Installing: /home/hashim/Desktop/comp0250_s26_labs/install/panda_moveit_config/share/panda_moveit_config/config/fake_controllers.yaml
[1.261s] -- Installing: /home/hashim/Desktop/comp0250_s26_labs/install/panda_moveit_config/share/panda_moveit_config/config/hand.xacro
[1.261s] -- Installing: /home/hashim/Desktop/comp0250_s26_labs/install/panda_moveit_config/share/panda_moveit_config/config/panda_arm.srdf.xacro
[1.261s] -- Installing: /home/hashim/Desktop/comp0250_s26_labs/install/panda_moveit_config/share/panda_moveit_config/config/sensors_kinect_depthmap.yaml
[1.261s] -- Installing: /home/hashim/Desktop/comp0250_s26_labs/install/panda_moveit_config/share/panda_moveit_config/config/kinematics.yaml
[1.261s] -- Installing: /home/hashim/Desktop/comp0250_s26_labs/install/panda_moveit_config/share/panda_moveit_config/config/sensors_kinect_pointcloud.yaml
[1.261s] -- Installing: /home/hashim/Desktop/comp0250_s26_labs/install/panda_moveit_config/share/panda_moveit_config/config/panda_gripper_controllers (modified).yaml
[1.262s] -- Installing: /home/hashim/Desktop/comp0250_s26_labs/install/panda_moveit_config/share/panda_moveit_config/config/ompl_planning.yaml
[1.262s] -- Installing: /home/hashim/Desktop/comp0250_s26_labs/install/panda_moveit_config/share/panda_moveit_config/config/panda_gripper_controllers.yaml
[1.262s] -- Installing: /home/hashim/Desktop/comp0250_s26_labs/install/panda_moveit_config/share/panda_moveit_config/config/panda_arm_hand.srdf.xacro
[1.262s] -- Installing: /home/hashim/Desktop/comp0250_s26_labs/install/panda_moveit_config/share/panda_moveit_config/config/panda_arm.xacro
[1.262s] -- Installing: /home/hashim/Desktop/comp0250_s26_labs/install/panda_moveit_config/share/panda_moveit_config/config/panda_controllers.yaml
[1.262s] -- Installing: /home/hashim/Desktop/comp0250_s26_labs/install/panda_moveit_config/share/ament_index/resource_index/package_run_dependencies/panda_moveit_config
[1.262s] -- Installing: /home/hashim/Desktop/comp0250_s26_labs/install/panda_moveit_config/share/ament_index/resource_index/parent_prefix_path/panda_moveit_config
[1.263s] -- Installing: /home/hashim/Desktop/comp0250_s26_labs/install/panda_moveit_config/share/panda_moveit_config/environment/ament_prefix_path.sh
[1.263s] -- Installing: /home/hashim/Desktop/comp0250_s26_labs/install/panda_moveit_config/share/panda_moveit_config/environment/ament_prefix_path.dsv
[1.263s] -- Installing: /home/hashim/Desktop/comp0250_s26_labs/install/panda_moveit_config/share/panda_moveit_config/environment/path.sh
[1.263s] -- Installing: /home/hashim/Desktop/comp0250_s26_labs/install/panda_moveit_config/share/panda_moveit_config/environment/path.dsv
[1.263s] -- Installing: /home/hashim/Desktop/comp0250_s26_labs/install/panda_moveit_config/share/panda_moveit_config/local_setup.bash
[1.264s] -- Installing: /home/hashim/Desktop/comp0250_s26_labs/install/panda_moveit_config/share/panda_moveit_config/local_setup.sh
[1.265s] -- Installing: /home/hashim/Desktop/comp0250_s26_labs/install/panda_moveit_config/share/panda_moveit_config/local_setup.zsh
[1.265s] -- Installing: /home/hashim/Desktop/comp0250_s26_labs/install/panda_moveit_config/share/panda_moveit_config/local_setup.dsv
[1.265s] -- Installing: /home/hashim/Desktop/comp0250_s26_labs/install/panda_moveit_config/share/panda_moveit_config/package.dsv
[1.265s] -- Installing: /home/hashim/Desktop/comp0250_s26_labs/install/panda_moveit_config/share/ament_index/resource_index/packages/panda_moveit_config
[1.265s] -- Installing: /home/hashim/Desktop/comp0250_s26_labs/install/panda_moveit_config/share/panda_moveit_config/cmake/panda_moveit_configConfig.cmake
[1.266s] -- Installing: /home/hashim/Desktop/comp0250_s26_labs/install/panda_moveit_config/share/panda_moveit_config/cmake/panda_moveit_configConfig-version.cmake
[1.266s] -- Installing: /home/hashim/Desktop/comp0250_s26_labs/install/panda_moveit_config/share/panda_moveit_config/package.xml
[1.270s] Invoked command in '/home/hashim/Desktop/comp0250_s26_labs/build/panda_moveit_config' returned '0': CMAKE_PREFIX_PATH=/opt/ros/humble /usr/bin/cmake --install /home/hashim/Desktop/comp0250_s26_labs/build/panda_moveit_config
