[0.020s] Invoking command in '/home/hashim/Desktop/comp0250_s26_labs/build/realsense_gazebo_plugin': CMAKE_PREFIX_PATH=/opt/ros/humble /usr/bin/cmake /home/hashim/Desktop/comp0250_s26_labs/src/courseworks/realsense_gazebo_plugin -DCMAKE_BUILD_TYPE=Release -DCMAKE_INSTALL_PREFIX=/home/hashim/Desktop/comp0250_s26_labs/install/realsense_gazebo_plugin
[0.090s] -- The C compiler identification is GNU 11.4.0
[0.172s] -- The CXX compiler identification is GNU 11.4.0
[0.185s] -- Detecting C compiler ABI info
[0.301s] -- Detecting C compiler ABI info - done
[0.324s] -- Check for working C compiler: /usr/bin/cc - skipped
[0.325s] -- Detecting C compile features
[0.327s] -- Detecting C compile features - done
[0.336s] -- Detecting CXX compiler ABI info
[0.511s] -- Detecting CXX compiler ABI info - done
[0.529s] -- Check for working CXX compiler: /usr/bin/c++ - skipped
[0.529s] -- Detecting CXX compile features
[0.530s] -- Detecting CXX compile features - done
[0.534s] -- Found ament_cmake: 1.3.14 (/opt/ros/humble/share/ament_cmake/cmake)
[0.925s] -- Found Python3: /usr/bin/python3 (found version "3.10.12") found components: Interpreter 
[1.101s] -- Found rclcpp: 16.0.19 (/opt/ros/humble/share/rclcpp/cmake)
[1.180s] -- Found rosidl_generator_c: 3.1.8 (/opt/ros/humble/share/rosidl_generator_c/cmake)
[1.189s] -- Found rosidl_adapter: 3.1.8 (/opt/ros/humble/share/rosidl_adapter/cmake)
[1.204s] -- Found rosidl_generator_cpp: 3.1.8 (/opt/ros/humble/share/rosidl_generator_cpp/cmake)
[1.228s] -- Using all available rosidl_typesupport_c: rosidl_typesupport_fastrtps_c;rosidl_typesupport_introspection_c
[1.262s] -- Using all available rosidl_typesupport_cpp: rosidl_typesupport_fastrtps_cpp;rosidl_typesupport_introspection_cpp
[1.357s] -- Found rmw_implementation_cmake: 6.1.2 (/opt/ros/humble/share/rmw_implementation_cmake/cmake)
[1.366s] -- Found rmw_fastrtps_cpp: 6.2.10 (/opt/ros/humble/share/rmw_fastrtps_cpp/cmake)
[1.542s] -- Found OpenSSL: /usr/lib/x86_64-linux-gnu/libcrypto.so (found version "3.0.2")  
[1.596s] -- Found FastRTPS: /opt/ros/humble/include  
[1.691s] -- Using RMW implementation 'rmw_fastrtps_cpp' as default
[1.705s] -- Looking for pthread.h
[1.826s] -- Looking for pthread.h - found
[1.827s] -- Performing Test CMAKE_HAVE_LIBC_PTHREAD
[1.952s] -- Performing Test CMAKE_HAVE_LIBC_PTHREAD - Success
[1.956s] -- Found Threads: TRUE  
[2.039s] -- Found gazebo_ros: 3.9.0 (/opt/ros/humble/share/gazebo_ros/cmake)
[2.057s] -- Found PkgConfig: /usr/bin/pkg-config (found version "0.29.2") 
[2.059s] -- Checking for module 'bullet>=2.82'
[2.091s] --   Found bullet, version 3.05
[2.328s] -- Found fcl: /usr/include (found suitable version "0.7.0", minimum required is "0.5.0") 
[2.430s] -- Found assimp: /usr/include (found version "5.2.0") 
[2.456s] -- Found DART: /usr/include (Required is at least version "6.6") found components: dart 
[2.501s] -- Found Boost: /usr/lib/x86_64-linux-gnu/cmake/Boost-1.74.0/BoostConfig.cmake (found suitable version "1.74.0", minimum required is "1.40.0") found components: thread system filesystem program_options regex iostreams date_time 
[2.525s] -- Found Protobuf: /usr/lib/x86_64-linux-gnu/libprotobuf.so (found version "3.12.4") 
[2.532s] -- Looking for ignition-math6 -- found version 6.15.1
[2.542s] -- Searching for dependencies of ignition-math6
[2.545s] -- Looking for OGRE...
[2.545s] -- OGRE_PREFIX_WATCH changed.
[2.556s] -- Checking for module 'OGRE'
[2.579s] --   Found OGRE, version 1.9.0
[2.644s] -- Found Ogre Ghadamon (1.9.0)
[2.658s] -- Found OGRE: optimized;/usr/lib/x86_64-linux-gnu/libOgreMain.so;debug;/usr/lib/x86_64-linux-gnu/libOgreMain.so
[2.673s] -- Looking for OGRE_Paging...
[2.683s] -- Found OGRE_Paging: optimized;/usr/lib/x86_64-linux-gnu/libOgrePaging.so;debug;/usr/lib/x86_64-linux-gnu/libOgrePaging.so
[2.683s] -- Looking for OGRE_Terrain...
[2.691s] -- Found OGRE_Terrain: optimized;/usr/lib/x86_64-linux-gnu/libOgreTerrain.so;debug;/usr/lib/x86_64-linux-gnu/libOgreTerrain.so
[2.691s] -- Looking for OGRE_Property...
[2.699s] -- Found OGRE_Property: optimized;/usr/lib/x86_64-linux-gnu/libOgreProperty.so;debug;/usr/lib/x86_64-linux-gnu/libOgreProperty.so
[2.699s] -- Looking for OGRE_RTShaderSystem...
[2.707s] -- Found OGRE_RTShaderSystem: optimized;/usr/lib/x86_64-linux-gnu/libOgreRTShaderSystem.so;debug;/usr/lib/x86_64-linux-gnu/libOgreRTShaderSystem.so
[2.708s] -- Looking for OGRE_Volume...
[2.716s] -- Found OGRE_Volume: optimized;/usr/lib/x86_64-linux-gnu/libOgreVolume.so;debug;/usr/lib/x86_64-linux-gnu/libOgreVolume.so
[2.716s] -- Looking for OGRE_Overlay...
[2.723s] -- Found OGRE_Overlay: optimized;/usr/lib/x86_64-linux-gnu/libOgreOverlay.so;debug;/usr/lib/x86_64-linux-gnu/libOgreOverlay.so
[2.901s] -- Looking for ignition-math6 -- found version 6.15.1
[2.905s] -- Looking for ignition-transport8 -- found version 8.2.1
[2.905s] -- Searching for dependencies of ignition-transport8
[2.935s] -- Found Protobuf: /usr/lib/x86_64-linux-gnu/libprotobuf.so (found suitable version "3.12.4", minimum required is "3") 
[2.951s] -- Config-file not installed for ZeroMQ -- checking for pkg-config
[2.959s] -- Checking for module 'libzmq >= 4'
[2.987s] --   Found libzmq , version 4.3.4
[3.054s] -- Found ZeroMQ: TRUE (Required is at least version "4") 
[3.067s] -- Checking for module 'uuid'
[3.092s] --   Found uuid, version 2.37.2
[3.159s] -- Found UUID: TRUE  
[3.165s] -- Looking for ignition-msgs5 -- found version 5.8.1
[3.166s] -- Searching for dependencies of ignition-msgs5
[3.200s] -- Looking for ignition-math6 -- found version 6.15.1
[3.213s] -- Checking for module 'tinyxml2'
[3.239s] --   Found tinyxml2, version 9.0.0
[3.310s] -- Looking for ignition-msgs5 -- found version 5.8.1
[3.316s] -- Looking for ignition-common3 -- found version 3.14.0
[3.317s] -- Searching for dependencies of ignition-common3
[3.318s] -- Looking for dlfcn.h - found
[3.320s] -- Looking for libdl - found
[3.324s] -- Found DL: TRUE  
[3.343s] -- Found tinyobjloader: /usr/lib/x86_64-linux-gnu/cmake/tinyobjloader/tinyobjloader-config.cmake (found version "2.0.0") 
[3.345s] -- Searching for <ignition-common3> component [graphics]
[3.351s] -- Looking for ignition-common3-graphics -- found version 3.14.0
[3.352s] -- Searching for dependencies of ignition-common3-graphics
[3.353s] -- Looking for ignition-math6 -- found version 6.15.1
[3.359s] -- Looking for ignition-fuel_tools4 -- found version 4.4.0
[3.359s] -- Searching for dependencies of ignition-fuel_tools4
[3.524s] -- Found CURL: /usr/lib/x86_64-linux-gnu/libcurl.so (found version "7.81.0")  
[3.544s] -- Checking for module 'jsoncpp'
[3.567s] --   Found jsoncpp, version 1.9.5
[3.635s] -- Found JSONCPP: TRUE  
[3.650s] -- Checking for module 'libzip'
[3.682s] --   Found libzip, version 1.7.3
[3.768s] -- Found ZIP: TRUE  
[3.769s] -- Looking for ignition-common3 -- found version 3.14.0
[3.770s] -- Looking for ignition-math6 -- found version 6.15.1
[3.770s] -- Looking for ignition-msgs5 -- found version 5.8.1
[3.777s] -- Gazebo version: 11.10
[3.778s] -- Checking for module 'tbb'
[3.804s] --   Found tbb, version 2021.5.0
[3.884s] -- Found image_transport: 3.1.12 (/opt/ros/humble/share/image_transport/cmake)
[4.028s] -- Found point_cloud_transport: 1.0.21 (/opt/ros/humble/share/point_cloud_transport/cmake)
[4.041s] -- Found camera_info_manager: 3.1.12 (/opt/ros/humble/share/camera_info_manager/cmake)
[4.080s] -- Found ament_lint_auto: 0.12.15 (/opt/ros/humble/share/ament_lint_auto/cmake)
[4.272s] -- Configuring done
[4.326s] -- Generating done
[4.343s] -- Build files have been written to: /home/hashim/Desktop/comp0250_s26_labs/build/realsense_gazebo_plugin
[4.378s] Invoked command in '/home/hashim/Desktop/comp0250_s26_labs/build/realsense_gazebo_plugin' returned '0': CMAKE_PREFIX_PATH=/opt/ros/humble /usr/bin/cmake /home/hashim/Desktop/comp0250_s26_labs/src/courseworks/realsense_gazebo_plugin -DCMAKE_BUILD_TYPE=Release -DCMAKE_INSTALL_PREFIX=/home/hashim/Desktop/comp0250_s26_labs/install/realsense_gazebo_plugin
[4.384s] Invoking command in '/home/hashim/Desktop/comp0250_s26_labs/build/realsense_gazebo_plugin': CMAKE_PREFIX_PATH=/opt/ros/humble /usr/bin/cmake --build /home/hashim/Desktop/comp0250_s26_labs/build/realsense_gazebo_plugin -- -j20 -l20
[4.516s] [ 33%] [32mBuilding CXX object CMakeFiles/realsense_gazebo_plugin.dir/src/gazebo_ros_realsense.cpp.o[0m
[4.517s] [ 66%] [32mBuilding CXX object CMakeFiles/realsense_gazebo_plugin.dir/src/RealSensePlugin.cpp.o[0m
[46.346s] [100%] [32m[1mLinking CXX shared library librealsense_gazebo_plugin.so[0m
[46.933s] [100%] Built target realsense_gazebo_plugin
[46.960s] Invoked command in '/home/hashim/Desktop/comp0250_s26_labs/build/realsense_gazebo_plugin' returned '0': CMAKE_PREFIX_PATH=/opt/ros/humble /usr/bin/cmake --build /home/hashim/Desktop/comp0250_s26_labs/build/realsense_gazebo_plugin -- -j20 -l20
[46.961s] Invoking command in '/home/hashim/Desktop/comp0250_s26_labs/build/realsense_gazebo_plugin': CMAKE_PREFIX_PATH=/opt/ros/humble /usr/bin/cmake --install /home/hashim/Desktop/comp0250_s26_labs/build/realsense_gazebo_plugin
[46.971s] -- Install configuration: "Release"
[46.971s] -- Installing: /home/hashim/Desktop/comp0250_s26_labs/install/realsense_gazebo_plugin/lib/librealsense_gazebo_plugin.so
[46.972s] -- Set runtime path of "/home/hashim/Desktop/comp0250_s26_labs/install/realsense_gazebo_plugin/lib/librealsense_gazebo_plugin.so" to ""
[46.972s] -- Installing: /home/hashim/Desktop/comp0250_s26_labs/install/realsense_gazebo_plugin/include/
[46.972s] -- Installing: /home/hashim/Desktop/comp0250_s26_labs/install/realsense_gazebo_plugin/include//realsense_gazebo_plugin
[46.972s] -- Installing: /home/hashim/Desktop/comp0250_s26_labs/install/realsense_gazebo_plugin/include//realsense_gazebo_plugin/gazebo_ros_realsense.hpp
[46.972s] -- Installing: /home/hashim/Desktop/comp0250_s26_labs/install/realsense_gazebo_plugin/include//realsense_gazebo_plugin/RealSensePlugin.hpp
[46.972s] -- Installing: /home/hashim/Desktop/comp0250_s26_labs/install/realsense_gazebo_plugin/share/realsense_gazebo_plugin/models
[46.972s] -- Installing: /home/hashim/Desktop/comp0250_s26_labs/install/realsense_gazebo_plugin/share/realsense_gazebo_plugin/models/realsense_camera
[46.972s] -- Installing: /home/hashim/Desktop/comp0250_s26_labs/install/realsense_gazebo_plugin/share/realsense_gazebo_plugin/models/realsense_camera/meshes
[46.972s] -- Installing: /home/hashim/Desktop/comp0250_s26_labs/install/realsense_gazebo_plugin/share/realsense_gazebo_plugin/models/realsense_camera/meshes/realsense.dae
[46.973s] -- Installing: /home/hashim/Desktop/comp0250_s26_labs/install/realsense_gazebo_plugin/share/realsense_gazebo_plugin/models/realsense_camera/materials
[46.973s] -- Installing: /home/hashim/Desktop/comp0250_s26_labs/install/realsense_gazebo_plugin/share/realsense_gazebo_plugin/models/realsense_camera/materials/textures
[46.973s] -- Installing: /home/hashim/Desktop/comp0250_s26_labs/install/realsense_gazebo_plugin/share/realsense_gazebo_plugin/models/realsense_camera/materials/textures/realsense_diffuse.png
[46.973s] -- Installing: /home/hashim/Desktop/comp0250_s26_labs/install/realsense_gazebo_plugin/share/realsense_gazebo_plugin/models/realsense_camera/model.config
[46.973s] -- Installing: /home/hashim/Desktop/comp0250_s26_labs/install/realsense_gazebo_plugin/share/realsense_gazebo_plugin/models/realsense_camera/model.sdf
[46.973s] -- Installing: /home/hashim/Desktop/comp0250_s26_labs/install/realsense_gazebo_plugin/share/realsense_gazebo_plugin/urdf
[46.973s] -- Installing: /home/hashim/Desktop/comp0250_s26_labs/install/realsense_gazebo_plugin/share/realsense_gazebo_plugin/urdf/realsense-D435.macro.xacro
[46.974s] -- Installing: /home/hashim/Desktop/comp0250_s26_labs/install/realsense_gazebo_plugin/share/realsense_gazebo_plugin/urdf/d435_simulation.xacro
[46.974s] -- Installing: /home/hashim/Desktop/comp0250_s26_labs/install/realsense_gazebo_plugin/share/realsense_gazebo_plugin/urdf/multi_d435_simulation.xacro
[46.974s] -- Installing: /home/hashim/Desktop/comp0250_s26_labs/install/realsense_gazebo_plugin/share/realsense_gazebo_plugin/worlds
[46.974s] -- Installing: /home/hashim/Desktop/comp0250_s26_labs/install/realsense_gazebo_plugin/share/realsense_gazebo_plugin/worlds/realsense.world
[46.974s] -- Installing: /home/hashim/Desktop/comp0250_s26_labs/install/realsense_gazebo_plugin/share/realsense_gazebo_plugin/environment/library_path.sh
[46.974s] -- Installing: /home/hashim/Desktop/comp0250_s26_labs/install/realsense_gazebo_plugin/share/realsense_gazebo_plugin/environment/library_path.dsv
[46.974s] -- Installing: /home/hashim/Desktop/comp0250_s26_labs/install/realsense_gazebo_plugin/share/ament_index/resource_index/package_run_dependencies/realsense_gazebo_plugin
[46.975s] -- Installing: /home/hashim/Desktop/comp0250_s26_labs/install/realsense_gazebo_plugin/share/ament_index/resource_index/parent_prefix_path/realsense_gazebo_plugin
[46.975s] -- Installing: /home/hashim/Desktop/comp0250_s26_labs/install/realsense_gazebo_plugin/share/realsense_gazebo_plugin/environment/ament_prefix_path.sh
[46.975s] -- Installing: /home/hashim/Desktop/comp0250_s26_labs/install/realsense_gazebo_plugin/share/realsense_gazebo_plugin/environment/ament_prefix_path.dsv
[46.975s] -- Installing: /home/hashim/Desktop/comp0250_s26_labs/install/realsense_gazebo_plugin/share/realsense_gazebo_plugin/environment/path.sh
[46.975s] -- Installing: /home/hashim/Desktop/comp0250_s26_labs/install/realsense_gazebo_plugin/share/realsense_gazebo_plugin/environment/path.dsv
[46.975s] -- Installing: /home/hashim/Desktop/comp0250_s26_labs/install/realsense_gazebo_plugin/share/realsense_gazebo_plugin/local_setup.bash
[46.975s] -- Installing: /home/hashim/Desktop/comp0250_s26_labs/install/realsense_gazebo_plugin/share/realsense_gazebo_plugin/local_setup.sh
[46.976s] -- Installing: /home/hashim/Desktop/comp0250_s26_labs/install/realsense_gazebo_plugin/share/realsense_gazebo_plugin/local_setup.zsh
[46.976s] -- Installing: /home/hashim/Desktop/comp0250_s26_labs/install/realsense_gazebo_plugin/share/realsense_gazebo_plugin/local_setup.dsv
[46.976s] -- Installing: /home/hashim/Desktop/comp0250_s26_labs/install/realsense_gazebo_plugin/share/realsense_gazebo_plugin/package.dsv
[46.976s] -- Installing: /home/hashim/Desktop/comp0250_s26_labs/install/realsense_gazebo_plugin/share/ament_index/resource_index/packages/realsense_gazebo_plugin
[46.976s] -- Installing: /home/hashim/Desktop/comp0250_s26_labs/install/realsense_gazebo_plugin/share/realsense_gazebo_plugin/cmake/ament_cmake_export_include_directories-extras.cmake
[46.976s] -- Installing: /home/hashim/Desktop/comp0250_s26_labs/install/realsense_gazebo_plugin/share/realsense_gazebo_plugin/cmake/ament_cmake_export_libraries-extras.cmake
[46.977s] -- Installing: /home/hashim/Desktop/comp0250_s26_labs/install/realsense_gazebo_plugin/share/realsense_gazebo_plugin/cmake/realsense_gazebo_pluginConfig.cmake
[46.977s] -- Installing: /home/hashim/Desktop/comp0250_s26_labs/install/realsense_gazebo_plugin/share/realsense_gazebo_plugin/cmake/realsense_gazebo_pluginConfig-version.cmake
[46.977s] -- Installing: /home/hashim/Desktop/comp0250_s26_labs/install/realsense_gazebo_plugin/share/realsense_gazebo_plugin/package.xml
[46.979s] Invoked command in '/home/hashim/Desktop/comp0250_s26_labs/build/realsense_gazebo_plugin' returned '0': CMAKE_PREFIX_PATH=/opt/ros/humble /usr/bin/cmake --install /home/hashim/Desktop/comp0250_s26_labs/build/realsense_gazebo_plugin
