[0.050s] Invoking command in '/home/hashim/Desktop/comp0250_s26_labs/build/cw2_team_13': CMAKE_PREFIX_PATH=/home/hashim/Desktop/comp0250_s26_labs/install/cw2_world_spawner:/home/hashim/Desktop/comp0250_s26_labs/install/rpl_panda_with_rs:/home/hashim/Desktop/comp0250_s26_labs/install/realsense_gazebo_plugin:/home/hashim/Desktop/comp0250_s26_labs/install/perception_pipeline_humble_demo:/home/hashim/Desktop/comp0250_s26_labs/install/pcl_tutorial:/home/hashim/Desktop/comp0250_s26_labs/install/pcl_demo:/home/hashim/Desktop/comp0250_s26_labs/install/panda_moveit_config:/home/hashim/Desktop/comp0250_s26_labs/install/panda_description:/home/hashim/Desktop/comp0250_s26_labs/install/cw2_team_13:/home/hashim/Desktop/comp0250_s26_labs/install/cw1_team_13:/home/hashim/Desktop/comp0250_s26_labs/install/cw1_world_spawner:/opt/ros/humble LD_LIBRARY_PATH=/home/hashim/Desktop/comp0250_s26_labs/install/cw2_world_spawner/lib:/home/hashim/Desktop/comp0250_s26_labs/install/realsense_gazebo_plugin/lib:/home/hashim/Desktop/comp0250_s26_labs/install/cw2_team_13/lib:/home/hashim/Desktop/comp0250_s26_labs/install/cw1_team_13/lib:/home/hashim/Desktop/comp0250_s26_labs/install/cw1_world_spawner/lib:/opt/ros/humble/opt/rviz_ogre_vendor/lib:/opt/ros/humble/lib/x86_64-linux-gnu:/opt/ros/humble/lib:/home/hashim/Downloads/drake/lib /usr/bin/cmake --build /home/hashim/Desktop/comp0250_s26_labs/build/cw2_team_13 -- -j20 -l20
[0.143s] [  2%] Built target cw2_team_13__cpp
[0.143s] [ 11%] Built target cw2_team_13__rosidl_generator_c
[0.146s] [ 13%] Built target cw2_team_13__rs
[0.183s] [ 22%] Built target cw2_team_13__rosidl_typesupport_fastrtps_cpp
[0.184s] [ 22%] Built target ament_cmake_python_copy_cw2_team_13
[0.190s] [ 33%] Built target cw2_team_13__rosidl_typesupport_introspection_cpp
[0.193s] [ 38%] Built target cw2_team_13__rosidl_typesupport_cpp
[0.197s] [ 47%] Built target cw2_team_13__rosidl_typesupport_fastrtps_c
[0.197s] [ 55%] Built target cw2_team_13__rosidl_typesupport_introspection_c
[0.199s] [ 63%] Built target cw2_team_13__rosidl_typesupport_c
[0.235s] [ 63%] Built target cw2_team_13
[0.248s] [35m[1mConsolidate compiler generated dependencies of target cw2_team_13_cw2_class_lib[0m
[0.267s] [ 66%] Built target cw2_team_13__py
[0.308s] [ 72%] Built target cw2_team_13__rosidl_generator_py
[0.314s] [ 75%] [32mBuilding CXX object CMakeFiles/cw2_team_13_cw2_class_lib.dir/src/cw2_class.cpp.o[0m
[0.343s] [ 80%] Built target cw2_team_13__rosidl_typesupport_fastrtps_c__pyext
[0.344s] [ 86%] Built target cw2_team_13__rosidl_typesupport_c__pyext
[0.381s] [ 91%] Built target cw2_team_13__rosidl_typesupport_introspection_c__pyext
[0.700s] running egg_info
[0.701s] writing cw2_team_13.egg-info/PKG-INFO
[0.701s] writing dependency_links to cw2_team_13.egg-info/dependency_links.txt
[0.701s] writing top-level names to cw2_team_13.egg-info/top_level.txt
[0.705s] reading manifest file 'cw2_team_13.egg-info/SOURCES.txt'
[0.706s] writing manifest file 'cw2_team_13.egg-info/SOURCES.txt'
[0.745s] [ 91%] Built target ament_cmake_python_build_cw2_team_13_egg
[18.152s] [ 94%] [32m[1mLinking CXX shared library libcw2_team_13_cw2_class_lib.so[0m
[18.801s] [ 94%] Built target cw2_team_13_cw2_class_lib
[18.817s] [35m[1mConsolidate compiler generated dependencies of target cw2_solution_node[0m
[18.851s] [ 97%] [32mBuilding CXX object CMakeFiles/cw2_solution_node.dir/src/cw2_node.cpp.o[0m
[25.608s] [100%] [32m[1mLinking CXX executable cw2_solution_node[0m
[26.133s] [100%] Built target cw2_solution_node
[26.142s] Invoked command in '/home/hashim/Desktop/comp0250_s26_labs/build/cw2_team_13' returned '0': CMAKE_PREFIX_PATH=/home/hashim/Desktop/comp0250_s26_labs/install/cw2_world_spawner:/home/hashim/Desktop/comp0250_s26_labs/install/rpl_panda_with_rs:/home/hashim/Desktop/comp0250_s26_labs/install/realsense_gazebo_plugin:/home/hashim/Desktop/comp0250_s26_labs/install/perception_pipeline_humble_demo:/home/hashim/Desktop/comp0250_s26_labs/install/pcl_tutorial:/home/hashim/Desktop/comp0250_s26_labs/install/pcl_demo:/home/hashim/Desktop/comp0250_s26_labs/install/panda_moveit_config:/home/hashim/Desktop/comp0250_s26_labs/install/panda_description:/home/hashim/Desktop/comp0250_s26_labs/install/cw2_team_13:/home/hashim/Desktop/comp0250_s26_labs/install/cw1_team_13:/home/hashim/Desktop/comp0250_s26_labs/install/cw1_world_spawner:/opt/ros/humble LD_LIBRARY_PATH=/home/hashim/Desktop/comp0250_s26_labs/install/cw2_world_spawner/lib:/home/hashim/Desktop/comp0250_s26_labs/install/realsense_gazebo_plugin/lib:/home/hashim/Desktop/comp0250_s26_labs/install/cw2_team_13/lib:/home/hashim/Desktop/comp0250_s26_labs/install/cw1_team_13/lib:/home/hashim/Desktop/comp0250_s26_labs/install/cw1_world_spawner/lib:/opt/ros/humble/opt/rviz_ogre_vendor/lib:/opt/ros/humble/lib/x86_64-linux-gnu:/opt/ros/humble/lib:/home/hashim/Downloads/drake/lib /usr/bin/cmake --build /home/hashim/Desktop/comp0250_s26_labs/build/cw2_team_13 -- -j20 -l20
[26.144s] Invoking command in '/home/hashim/Desktop/comp0250_s26_labs/build/cw2_team_13': CMAKE_PREFIX_PATH=/home/hashim/Desktop/comp0250_s26_labs/install/cw2_world_spawner:/home/hashim/Desktop/comp0250_s26_labs/install/rpl_panda_with_rs:/home/hashim/Desktop/comp0250_s26_labs/install/realsense_gazebo_plugin:/home/hashim/Desktop/comp0250_s26_labs/install/perception_pipeline_humble_demo:/home/hashim/Desktop/comp0250_s26_labs/install/pcl_tutorial:/home/hashim/Desktop/comp0250_s26_labs/install/pcl_demo:/home/hashim/Desktop/comp0250_s26_labs/install/panda_moveit_config:/home/hashim/Desktop/comp0250_s26_labs/install/panda_description:/home/hashim/Desktop/comp0250_s26_labs/install/cw2_team_13:/home/hashim/Desktop/comp0250_s26_labs/install/cw1_team_13:/home/hashim/Desktop/comp0250_s26_labs/install/cw1_world_spawner:/opt/ros/humble LD_LIBRARY_PATH=/home/hashim/Desktop/comp0250_s26_labs/install/cw2_world_spawner/lib:/home/hashim/Desktop/comp0250_s26_labs/install/realsense_gazebo_plugin/lib:/home/hashim/Desktop/comp0250_s26_labs/install/cw2_team_13/lib:/home/hashim/Desktop/comp0250_s26_labs/install/cw1_team_13/lib:/home/hashim/Desktop/comp0250_s26_labs/install/cw1_world_spawner/lib:/opt/ros/humble/opt/rviz_ogre_vendor/lib:/opt/ros/humble/lib/x86_64-linux-gnu:/opt/ros/humble/lib:/home/hashim/Downloads/drake/lib /usr/bin/cmake --install /home/hashim/Desktop/comp0250_s26_labs/build/cw2_team_13
[26.150s] -- Install configuration: "Release"
[26.150s] -- Up-to-date: /home/hashim/Desktop/comp0250_s26_labs/install/cw2_team_13/share/ament_index/resource_index/rosidl_interfaces/cw2_team_13
[26.150s] -- Up-to-date: /home/hashim/Desktop/comp0250_s26_labs/install/cw2_team_13/include/cw2_team_13/cw2_team_13
[26.150s] -- Up-to-date: /home/hashim/Desktop/comp0250_s26_labs/install/cw2_team_13/include/cw2_team_13/cw2_team_13/msg
[26.150s] -- Up-to-date: /home/hashim/Desktop/comp0250_s26_labs/install/cw2_team_13/include/cw2_team_13/cw2_team_13/msg/rosidl_generator_c__visibility_control.h
[26.150s] -- Up-to-date: /home/hashim/Desktop/comp0250_s26_labs/install/cw2_team_13/include/cw2_team_13/cw2_team_13/srv
[26.150s] -- Up-to-date: /home/hashim/Desktop/comp0250_s26_labs/install/cw2_team_13/include/cw2_team_13/cw2_team_13/srv/detail
[26.150s] -- Up-to-date: /home/hashim/Desktop/comp0250_s26_labs/install/cw2_team_13/include/cw2_team_13/cw2_team_13/srv/detail/example__functions.c
[26.150s] -- Up-to-date: /home/hashim/Desktop/comp0250_s26_labs/install/cw2_team_13/include/cw2_team_13/cw2_team_13/srv/detail/example__type_support.h
[26.151s] -- Up-to-date: /home/hashim/Desktop/comp0250_s26_labs/install/cw2_team_13/include/cw2_team_13/cw2_team_13/srv/detail/example__functions.h
[26.151s] -- Up-to-date: /home/hashim/Desktop/comp0250_s26_labs/install/cw2_team_13/include/cw2_team_13/cw2_team_13/srv/detail/example__struct.h
[26.151s] -- Up-to-date: /home/hashim/Desktop/comp0250_s26_labs/install/cw2_team_13/include/cw2_team_13/cw2_team_13/srv/example.h
[26.151s] -- Up-to-date: /home/hashim/Desktop/comp0250_s26_labs/install/cw2_team_13/share/cw2_team_13/environment/library_path.sh
[26.151s] -- Installing: /home/hashim/Desktop/comp0250_s26_labs/install/cw2_team_13/share/cw2_team_13/environment/library_path.dsv
[26.151s] -- Up-to-date: /home/hashim/Desktop/comp0250_s26_labs/install/cw2_team_13/lib/libcw2_team_13__rosidl_generator_c.so
[26.151s] -- Up-to-date: /home/hashim/Desktop/comp0250_s26_labs/install/cw2_team_13/include/cw2_team_13/cw2_team_13
[26.151s] -- Up-to-date: /home/hashim/Desktop/comp0250_s26_labs/install/cw2_team_13/include/cw2_team_13/cw2_team_13/msg
[26.151s] -- Up-to-date: /home/hashim/Desktop/comp0250_s26_labs/install/cw2_team_13/include/cw2_team_13/cw2_team_13/msg/rosidl_typesupport_fastrtps_c__visibility_control.h
[26.151s] -- Up-to-date: /home/hashim/Desktop/comp0250_s26_labs/install/cw2_team_13/include/cw2_team_13/cw2_team_13/srv
[26.151s] -- Up-to-date: /home/hashim/Desktop/comp0250_s26_labs/install/cw2_team_13/include/cw2_team_13/cw2_team_13/srv/detail
[26.151s] -- Up-to-date: /home/hashim/Desktop/comp0250_s26_labs/install/cw2_team_13/include/cw2_team_13/cw2_team_13/srv/detail/example__rosidl_typesupport_fastrtps_c.h
[26.151s] -- Up-to-date: /home/hashim/Desktop/comp0250_s26_labs/install/cw2_team_13/lib/libcw2_team_13__rosidl_typesupport_fastrtps_c.so
[26.151s] -- Up-to-date: /home/hashim/Desktop/comp0250_s26_labs/install/cw2_team_13/include/cw2_team_13/cw2_team_13
[26.151s] -- Up-to-date: /home/hashim/Desktop/comp0250_s26_labs/install/cw2_team_13/include/cw2_team_13/cw2_team_13/msg
[26.151s] -- Up-to-date: /home/hashim/Desktop/comp0250_s26_labs/install/cw2_team_13/include/cw2_team_13/cw2_team_13/msg/rosidl_typesupport_introspection_c__visibility_control.h
[26.151s] -- Up-to-date: /home/hashim/Desktop/comp0250_s26_labs/install/cw2_team_13/include/cw2_team_13/cw2_team_13/srv
[26.151s] -- Up-to-date: /home/hashim/Desktop/comp0250_s26_labs/install/cw2_team_13/include/cw2_team_13/cw2_team_13/srv/detail
[26.151s] -- Up-to-date: /home/hashim/Desktop/comp0250_s26_labs/install/cw2_team_13/include/cw2_team_13/cw2_team_13/srv/detail/example__rosidl_typesupport_introspection_c.h
[26.151s] -- Up-to-date: /home/hashim/Desktop/comp0250_s26_labs/install/cw2_team_13/include/cw2_team_13/cw2_team_13/srv/detail/example__type_support.c
[26.151s] -- Up-to-date: /home/hashim/Desktop/comp0250_s26_labs/install/cw2_team_13/lib/libcw2_team_13__rosidl_typesupport_introspection_c.so
[26.151s] -- Up-to-date: /home/hashim/Desktop/comp0250_s26_labs/install/cw2_team_13/lib/libcw2_team_13__rosidl_typesupport_c.so
[26.152s] -- Up-to-date: /home/hashim/Desktop/comp0250_s26_labs/install/cw2_team_13/include/cw2_team_13/cw2_team_13
[26.152s] -- Up-to-date: /home/hashim/Desktop/comp0250_s26_labs/install/cw2_team_13/include/cw2_team_13/cw2_team_13/msg
[26.152s] -- Up-to-date: /home/hashim/Desktop/comp0250_s26_labs/install/cw2_team_13/include/cw2_team_13/cw2_team_13/msg/rosidl_generator_cpp__visibility_control.hpp
[26.152s] -- Up-to-date: /home/hashim/Desktop/comp0250_s26_labs/install/cw2_team_13/include/cw2_team_13/cw2_team_13/srv
[26.152s] -- Up-to-date: /home/hashim/Desktop/comp0250_s26_labs/install/cw2_team_13/include/cw2_team_13/cw2_team_13/srv/detail
[26.152s] -- Up-to-date: /home/hashim/Desktop/comp0250_s26_labs/install/cw2_team_13/include/cw2_team_13/cw2_team_13/srv/detail/example__traits.hpp
[26.152s] -- Up-to-date: /home/hashim/Desktop/comp0250_s26_labs/install/cw2_team_13/include/cw2_team_13/cw2_team_13/srv/detail/example__type_support.hpp
[26.152s] -- Up-to-date: /home/hashim/Desktop/comp0250_s26_labs/install/cw2_team_13/include/cw2_team_13/cw2_team_13/srv/detail/example__struct.hpp
[26.152s] -- Up-to-date: /home/hashim/Desktop/comp0250_s26_labs/install/cw2_team_13/include/cw2_team_13/cw2_team_13/srv/detail/example__builder.hpp
[26.152s] -- Up-to-date: /home/hashim/Desktop/comp0250_s26_labs/install/cw2_team_13/include/cw2_team_13/cw2_team_13/srv/example.hpp
[26.152s] -- Up-to-date: /home/hashim/Desktop/comp0250_s26_labs/install/cw2_team_13/include/cw2_team_13/cw2_team_13
[26.152s] -- Up-to-date: /home/hashim/Desktop/comp0250_s26_labs/install/cw2_team_13/include/cw2_team_13/cw2_team_13/msg
[26.152s] -- Up-to-date: /home/hashim/Desktop/comp0250_s26_labs/install/cw2_team_13/include/cw2_team_13/cw2_team_13/msg/rosidl_typesupport_fastrtps_cpp__visibility_control.h
[26.152s] -- Up-to-date: /home/hashim/Desktop/comp0250_s26_labs/install/cw2_team_13/include/cw2_team_13/cw2_team_13/srv
[26.152s] -- Up-to-date: /home/hashim/Desktop/comp0250_s26_labs/install/cw2_team_13/include/cw2_team_13/cw2_team_13/srv/detail
[26.152s] -- Up-to-date: /home/hashim/Desktop/comp0250_s26_labs/install/cw2_team_13/include/cw2_team_13/cw2_team_13/srv/detail/dds_fastrtps
[26.152s] -- Up-to-date: /home/hashim/Desktop/comp0250_s26_labs/install/cw2_team_13/include/cw2_team_13/cw2_team_13/srv/detail/example__rosidl_typesupport_fastrtps_cpp.hpp
[26.152s] -- Up-to-date: /home/hashim/Desktop/comp0250_s26_labs/install/cw2_team_13/lib/libcw2_team_13__rosidl_typesupport_fastrtps_cpp.so
[26.152s] -- Up-to-date: /home/hashim/Desktop/comp0250_s26_labs/install/cw2_team_13/include/cw2_team_13/cw2_team_13
[26.152s] -- Up-to-date: /home/hashim/Desktop/comp0250_s26_labs/install/cw2_team_13/include/cw2_team_13/cw2_team_13/srv
[26.152s] -- Up-to-date: /home/hashim/Desktop/comp0250_s26_labs/install/cw2_team_13/include/cw2_team_13/cw2_team_13/srv/detail
[26.153s] -- Up-to-date: /home/hashim/Desktop/comp0250_s26_labs/install/cw2_team_13/include/cw2_team_13/cw2_team_13/srv/detail/example__rosidl_typesupport_introspection_cpp.hpp
[26.153s] -- Up-to-date: /home/hashim/Desktop/comp0250_s26_labs/install/cw2_team_13/include/cw2_team_13/cw2_team_13/srv/detail/example__type_support.cpp
[26.153s] -- Up-to-date: /home/hashim/Desktop/comp0250_s26_labs/install/cw2_team_13/lib/libcw2_team_13__rosidl_typesupport_introspection_cpp.so
[26.153s] -- Up-to-date: /home/hashim/Desktop/comp0250_s26_labs/install/cw2_team_13/lib/libcw2_team_13__rosidl_typesupport_cpp.so
[26.153s] -- Up-to-date: /home/hashim/Desktop/comp0250_s26_labs/install/cw2_team_13/share/cw2_team_13/environment/pythonpath.sh
[26.153s] -- Installing: /home/hashim/Desktop/comp0250_s26_labs/install/cw2_team_13/share/cw2_team_13/environment/pythonpath.dsv
[26.153s] -- Up-to-date: /home/hashim/Desktop/comp0250_s26_labs/install/cw2_team_13/local/lib/python3.10/dist-packages/cw2_team_13-0.1.0-py3.10.egg-info
[26.153s] -- Installing: /home/hashim/Desktop/comp0250_s26_labs/install/cw2_team_13/local/lib/python3.10/dist-packages/cw2_team_13-0.1.0-py3.10.egg-info/dependency_links.txt
[26.153s] -- Installing: /home/hashim/Desktop/comp0250_s26_labs/install/cw2_team_13/local/lib/python3.10/dist-packages/cw2_team_13-0.1.0-py3.10.egg-info/PKG-INFO
[26.153s] -- Installing: /home/hashim/Desktop/comp0250_s26_labs/install/cw2_team_13/local/lib/python3.10/dist-packages/cw2_team_13-0.1.0-py3.10.egg-info/SOURCES.txt
[26.153s] -- Installing: /home/hashim/Desktop/comp0250_s26_labs/install/cw2_team_13/local/lib/python3.10/dist-packages/cw2_team_13-0.1.0-py3.10.egg-info/top_level.txt
[26.153s] -- Up-to-date: /home/hashim/Desktop/comp0250_s26_labs/install/cw2_team_13/local/lib/python3.10/dist-packages/cw2_team_13
[26.153s] -- Up-to-date: /home/hashim/Desktop/comp0250_s26_labs/install/cw2_team_13/local/lib/python3.10/dist-packages/cw2_team_13/srv
[26.153s] -- Up-to-date: /home/hashim/Desktop/comp0250_s26_labs/install/cw2_team_13/local/lib/python3.10/dist-packages/cw2_team_13/srv/_example_s.c
[26.153s] -- Up-to-date: /home/hashim/Desktop/comp0250_s26_labs/install/cw2_team_13/local/lib/python3.10/dist-packages/cw2_team_13/srv/_example.py
[26.153s] -- Up-to-date: /home/hashim/Desktop/comp0250_s26_labs/install/cw2_team_13/local/lib/python3.10/dist-packages/cw2_team_13/srv/__init__.py
[26.153s] -- Up-to-date: /home/hashim/Desktop/comp0250_s26_labs/install/cw2_team_13/local/lib/python3.10/dist-packages/cw2_team_13/libcw2_team_13__rosidl_generator_py.so
[26.153s] -- Up-to-date: /home/hashim/Desktop/comp0250_s26_labs/install/cw2_team_13/local/lib/python3.10/dist-packages/cw2_team_13/_cw2_team_13_s.ep.rosidl_typesupport_fastrtps_c.c
[26.153s] -- Up-to-date: /home/hashim/Desktop/comp0250_s26_labs/install/cw2_team_13/local/lib/python3.10/dist-packages/cw2_team_13/_cw2_team_13_s.ep.rosidl_typesupport_c.c
[26.153s] -- Installing: /home/hashim/Desktop/comp0250_s26_labs/install/cw2_team_13/local/lib/python3.10/dist-packages/cw2_team_13/__init__.py
[26.153s] -- Up-to-date: /home/hashim/Desktop/comp0250_s26_labs/install/cw2_team_13/local/lib/python3.10/dist-packages/cw2_team_13/cw2_team_13_s__rosidl_typesupport_c.cpython-310-x86_64-linux-gnu.so
[26.153s] -- Up-to-date: /home/hashim/Desktop/comp0250_s26_labs/install/cw2_team_13/local/lib/python3.10/dist-packages/cw2_team_13/_cw2_team_13_s.ep.rosidl_typesupport_introspection_c.c
[26.153s] -- Up-to-date: /home/hashim/Desktop/comp0250_s26_labs/install/cw2_team_13/local/lib/python3.10/dist-packages/cw2_team_13/cw2_team_13_s__rosidl_typesupport_introspection_c.cpython-310-x86_64-linux-gnu.so
[26.153s] -- Up-to-date: /home/hashim/Desktop/comp0250_s26_labs/install/cw2_team_13/local/lib/python3.10/dist-packages/cw2_team_13/cw2_team_13_s__rosidl_typesupport_fastrtps_c.cpython-310-x86_64-linux-gnu.so
[26.181s] Listing '/home/hashim/Desktop/comp0250_s26_labs/install/cw2_team_13/local/lib/python3.10/dist-packages/cw2_team_13'...
[26.181s] Compiling '/home/hashim/Desktop/comp0250_s26_labs/install/cw2_team_13/local/lib/python3.10/dist-packages/cw2_team_13/__init__.py'...
[26.181s] Listing '/home/hashim/Desktop/comp0250_s26_labs/install/cw2_team_13/local/lib/python3.10/dist-packages/cw2_team_13/srv'...
[26.185s] -- Up-to-date: /home/hashim/Desktop/comp0250_s26_labs/install/cw2_team_13/local/lib/python3.10/dist-packages/cw2_team_13/cw2_team_13_s__rosidl_typesupport_fastrtps_c.cpython-310-x86_64-linux-gnu.so
[26.185s] -- Up-to-date: /home/hashim/Desktop/comp0250_s26_labs/install/cw2_team_13/local/lib/python3.10/dist-packages/cw2_team_13/cw2_team_13_s__rosidl_typesupport_introspection_c.cpython-310-x86_64-linux-gnu.so
[26.185s] -- Up-to-date: /home/hashim/Desktop/comp0250_s26_labs/install/cw2_team_13/local/lib/python3.10/dist-packages/cw2_team_13/cw2_team_13_s__rosidl_typesupport_c.cpython-310-x86_64-linux-gnu.so
[26.185s] -- Up-to-date: /home/hashim/Desktop/comp0250_s26_labs/install/cw2_team_13/lib/libcw2_team_13__rosidl_generator_py.so
[26.185s] -- Up-to-date: /home/hashim/Desktop/comp0250_s26_labs/install/cw2_team_13/share/ament_index/resource_index/rust_packages/cw2_team_13
[26.185s] -- Up-to-date: /home/hashim/Desktop/comp0250_s26_labs/install/cw2_team_13/share/cw2_team_13/rust
[26.185s] -- Up-to-date: /home/hashim/Desktop/comp0250_s26_labs/install/cw2_team_13/share/cw2_team_13/rust/src
[26.185s] -- Up-to-date: /home/hashim/Desktop/comp0250_s26_labs/install/cw2_team_13/share/cw2_team_13/rust/src/lib.rs
[26.185s] -- Up-to-date: /home/hashim/Desktop/comp0250_s26_labs/install/cw2_team_13/share/cw2_team_13/rust/src/srv
[26.185s] -- Up-to-date: /home/hashim/Desktop/comp0250_s26_labs/install/cw2_team_13/share/cw2_team_13/rust/src/srv/rmw.rs
[26.186s] -- Up-to-date: /home/hashim/Desktop/comp0250_s26_labs/install/cw2_team_13/share/cw2_team_13/rust/src/srv.rs
[26.186s] -- Up-to-date: /home/hashim/Desktop/comp0250_s26_labs/install/cw2_team_13/share/cw2_team_13/rust/build.rs
[26.186s] -- Up-to-date: /home/hashim/Desktop/comp0250_s26_labs/install/cw2_team_13/share/cw2_team_13/rust/Cargo.toml
[26.186s] -- Up-to-date: /home/hashim/Desktop/comp0250_s26_labs/install/cw2_team_13/share/cw2_team_13/srv/Example.idl
[26.186s] -- Up-to-date: /home/hashim/Desktop/comp0250_s26_labs/install/cw2_team_13/share/cw2_team_13/srv/Example.srv
[26.186s] -- Up-to-date: /home/hashim/Desktop/comp0250_s26_labs/install/cw2_team_13/share/cw2_team_13/srv/Example_Request.msg
[26.186s] -- Up-to-date: /home/hashim/Desktop/comp0250_s26_labs/install/cw2_team_13/share/cw2_team_13/srv/Example_Response.msg
[26.186s] -- Installing: /home/hashim/Desktop/comp0250_s26_labs/install/cw2_team_13/lib/libcw2_team_13_cw2_class_lib.so
[26.187s] -- Set runtime path of "/home/hashim/Desktop/comp0250_s26_labs/install/cw2_team_13/lib/libcw2_team_13_cw2_class_lib.so" to ""
[26.187s] -- Installing: /home/hashim/Desktop/comp0250_s26_labs/install/cw2_team_13/lib/cw2_team_13/cw2_solution_node
[26.187s] -- Set runtime path of "/home/hashim/Desktop/comp0250_s26_labs/install/cw2_team_13/lib/cw2_team_13/cw2_solution_node" to ""
[26.187s] -- Up-to-date: /home/hashim/Desktop/comp0250_s26_labs/install/cw2_team_13/share/cw2_team_13/launch
[26.188s] -- Up-to-date: /home/hashim/Desktop/comp0250_s26_labs/install/cw2_team_13/share/cw2_team_13/launch/run_solution.launch.py
[26.188s] -- Up-to-date: /home/hashim/Desktop/comp0250_s26_labs/install/cw2_team_13/share/ament_index/resource_index/package_run_dependencies/cw2_team_13
[26.188s] -- Installing: /home/hashim/Desktop/comp0250_s26_labs/install/cw2_team_13/share/ament_index/resource_index/parent_prefix_path/cw2_team_13
[26.188s] -- Up-to-date: /home/hashim/Desktop/comp0250_s26_labs/install/cw2_team_13/share/cw2_team_13/environment/ament_prefix_path.sh
[26.188s] -- Installing: /home/hashim/Desktop/comp0250_s26_labs/install/cw2_team_13/share/cw2_team_13/environment/ament_prefix_path.dsv
[26.188s] -- Up-to-date: /home/hashim/Desktop/comp0250_s26_labs/install/cw2_team_13/share/cw2_team_13/environment/path.sh
[26.188s] -- Installing: /home/hashim/Desktop/comp0250_s26_labs/install/cw2_team_13/share/cw2_team_13/environment/path.dsv
[26.188s] -- Up-to-date: /home/hashim/Desktop/comp0250_s26_labs/install/cw2_team_13/share/cw2_team_13/local_setup.bash
[26.188s] -- Up-to-date: /home/hashim/Desktop/comp0250_s26_labs/install/cw2_team_13/share/cw2_team_13/local_setup.sh
[26.188s] -- Up-to-date: /home/hashim/Desktop/comp0250_s26_labs/install/cw2_team_13/share/cw2_team_13/local_setup.zsh
[26.188s] -- Installing: /home/hashim/Desktop/comp0250_s26_labs/install/cw2_team_13/share/cw2_team_13/local_setup.dsv
[26.188s] -- Installing: /home/hashim/Desktop/comp0250_s26_labs/install/cw2_team_13/share/cw2_team_13/package.dsv
[26.188s] -- Up-to-date: /home/hashim/Desktop/comp0250_s26_labs/install/cw2_team_13/share/ament_index/resource_index/packages/cw2_team_13
[26.188s] -- Up-to-date: /home/hashim/Desktop/comp0250_s26_labs/install/cw2_team_13/share/cw2_team_13/cmake/export_cw2_team_13__rosidl_generator_cExport.cmake
[26.188s] -- Up-to-date: /home/hashim/Desktop/comp0250_s26_labs/install/cw2_team_13/share/cw2_team_13/cmake/export_cw2_team_13__rosidl_generator_cExport-release.cmake
[26.188s] -- Up-to-date: /home/hashim/Desktop/comp0250_s26_labs/install/cw2_team_13/share/cw2_team_13/cmake/export_cw2_team_13__rosidl_typesupport_fastrtps_cExport.cmake
[26.189s] -- Up-to-date: /home/hashim/Desktop/comp0250_s26_labs/install/cw2_team_13/share/cw2_team_13/cmake/export_cw2_team_13__rosidl_typesupport_fastrtps_cExport-release.cmake
[26.189s] -- Up-to-date: /home/hashim/Desktop/comp0250_s26_labs/install/cw2_team_13/share/cw2_team_13/cmake/cw2_team_13__rosidl_typesupport_introspection_cExport.cmake
[26.189s] -- Up-to-date: /home/hashim/Desktop/comp0250_s26_labs/install/cw2_team_13/share/cw2_team_13/cmake/cw2_team_13__rosidl_typesupport_introspection_cExport-release.cmake
[26.189s] -- Up-to-date: /home/hashim/Desktop/comp0250_s26_labs/install/cw2_team_13/share/cw2_team_13/cmake/cw2_team_13__rosidl_typesupport_cExport.cmake
[26.189s] -- Up-to-date: /home/hashim/Desktop/comp0250_s26_labs/install/cw2_team_13/share/cw2_team_13/cmake/cw2_team_13__rosidl_typesupport_cExport-release.cmake
[26.189s] -- Up-to-date: /home/hashim/Desktop/comp0250_s26_labs/install/cw2_team_13/share/cw2_team_13/cmake/export_cw2_team_13__rosidl_generator_cppExport.cmake
[26.189s] -- Up-to-date: /home/hashim/Desktop/comp0250_s26_labs/install/cw2_team_13/share/cw2_team_13/cmake/export_cw2_team_13__rosidl_typesupport_fastrtps_cppExport.cmake
[26.189s] -- Up-to-date: /home/hashim/Desktop/comp0250_s26_labs/install/cw2_team_13/share/cw2_team_13/cmake/export_cw2_team_13__rosidl_typesupport_fastrtps_cppExport-release.cmake
[26.189s] -- Up-to-date: /home/hashim/Desktop/comp0250_s26_labs/install/cw2_team_13/share/cw2_team_13/cmake/cw2_team_13__rosidl_typesupport_introspection_cppExport.cmake
[26.189s] -- Up-to-date: /home/hashim/Desktop/comp0250_s26_labs/install/cw2_team_13/share/cw2_team_13/cmake/cw2_team_13__rosidl_typesupport_introspection_cppExport-release.cmake
[26.189s] -- Up-to-date: /home/hashim/Desktop/comp0250_s26_labs/install/cw2_team_13/share/cw2_team_13/cmake/cw2_team_13__rosidl_typesupport_cppExport.cmake
[26.189s] -- Up-to-date: /home/hashim/Desktop/comp0250_s26_labs/install/cw2_team_13/share/cw2_team_13/cmake/cw2_team_13__rosidl_typesupport_cppExport-release.cmake
[26.189s] -- Up-to-date: /home/hashim/Desktop/comp0250_s26_labs/install/cw2_team_13/share/cw2_team_13/cmake/export_cw2_team_13__rosidl_generator_pyExport.cmake
[26.189s] -- Up-to-date: /home/hashim/Desktop/comp0250_s26_labs/install/cw2_team_13/share/cw2_team_13/cmake/export_cw2_team_13__rosidl_generator_pyExport-release.cmake
[26.190s] -- Up-to-date: /home/hashim/Desktop/comp0250_s26_labs/install/cw2_team_13/share/cw2_team_13/cmake/rosidl_cmake-extras.cmake
[26.190s] -- Up-to-date: /home/hashim/Desktop/comp0250_s26_labs/install/cw2_team_13/share/cw2_team_13/cmake/ament_cmake_export_dependencies-extras.cmake
[26.190s] -- Up-to-date: /home/hashim/Desktop/comp0250_s26_labs/install/cw2_team_13/share/cw2_team_13/cmake/ament_cmake_export_include_directories-extras.cmake
[26.190s] -- Up-to-date: /home/hashim/Desktop/comp0250_s26_labs/install/cw2_team_13/share/cw2_team_13/cmake/ament_cmake_export_libraries-extras.cmake
[26.190s] -- Up-to-date: /home/hashim/Desktop/comp0250_s26_labs/install/cw2_team_13/share/cw2_team_13/cmake/ament_cmake_export_targets-extras.cmake
[26.190s] -- Up-to-date: /home/hashim/Desktop/comp0250_s26_labs/install/cw2_team_13/share/cw2_team_13/cmake/rosidl_cmake_export_typesupport_targets-extras.cmake
[26.190s] -- Up-to-date: /home/hashim/Desktop/comp0250_s26_labs/install/cw2_team_13/share/cw2_team_13/cmake/rosidl_cmake_export_typesupport_libraries-extras.cmake
[26.190s] -- Up-to-date: /home/hashim/Desktop/comp0250_s26_labs/install/cw2_team_13/share/cw2_team_13/cmake/cw2_team_13Config.cmake
[26.190s] -- Up-to-date: /home/hashim/Desktop/comp0250_s26_labs/install/cw2_team_13/share/cw2_team_13/cmake/cw2_team_13Config-version.cmake
[26.190s] -- Up-to-date: /home/hashim/Desktop/comp0250_s26_labs/install/cw2_team_13/share/cw2_team_13/package.xml
[26.191s] Invoked command in '/home/hashim/Desktop/comp0250_s26_labs/build/cw2_team_13' returned '0': CMAKE_PREFIX_PATH=/home/hashim/Desktop/comp0250_s26_labs/install/cw2_world_spawner:/home/hashim/Desktop/comp0250_s26_labs/install/rpl_panda_with_rs:/home/hashim/Desktop/comp0250_s26_labs/install/realsense_gazebo_plugin:/home/hashim/Desktop/comp0250_s26_labs/install/perception_pipeline_humble_demo:/home/hashim/Desktop/comp0250_s26_labs/install/pcl_tutorial:/home/hashim/Desktop/comp0250_s26_labs/install/pcl_demo:/home/hashim/Desktop/comp0250_s26_labs/install/panda_moveit_config:/home/hashim/Desktop/comp0250_s26_labs/install/panda_description:/home/hashim/Desktop/comp0250_s26_labs/install/cw2_team_13:/home/hashim/Desktop/comp0250_s26_labs/install/cw1_team_13:/home/hashim/Desktop/comp0250_s26_labs/install/cw1_world_spawner:/opt/ros/humble LD_LIBRARY_PATH=/home/hashim/Desktop/comp0250_s26_labs/install/cw2_world_spawner/lib:/home/hashim/Desktop/comp0250_s26_labs/install/realsense_gazebo_plugin/lib:/home/hashim/Desktop/comp0250_s26_labs/install/cw2_team_13/lib:/home/hashim/Desktop/comp0250_s26_labs/install/cw1_team_13/lib:/home/hashim/Desktop/comp0250_s26_labs/install/cw1_world_spawner/lib:/opt/ros/humble/opt/rviz_ogre_vendor/lib:/opt/ros/humble/lib/x86_64-linux-gnu:/opt/ros/humble/lib:/home/hashim/Downloads/drake/lib /usr/bin/cmake --install /home/hashim/Desktop/comp0250_s26_labs/build/cw2_team_13
