[0.018s] Invoking command in '/home/hashim/Desktop/comp0250_s26_labs/build/pcl_tutorial': CMAKE_PREFIX_PATH=/opt/ros/humble /usr/bin/cmake /home/hashim/Desktop/comp0250_s26_labs/src/labs/pcl_tutorial -DCMAKE_BUILD_TYPE=Release -DCMAKE_INSTALL_PREFIX=/home/hashim/Desktop/comp0250_s26_labs/install/pcl_tutorial
[0.093s] -- The C compiler identification is GNU 11.4.0
[0.170s] -- The CXX compiler identification is GNU 11.4.0
[0.182s] -- Detecting C compiler ABI info
[0.294s] -- Detecting C compiler ABI info - done
[0.307s] -- Check for working C compiler: /usr/bin/cc - skipped
[0.307s] -- Detecting C compile features
[0.307s] -- Detecting C compile features - done
[0.312s] -- Detecting CXX compiler ABI info
[0.438s] -- Detecting CXX compiler ABI info - done
[0.471s] -- Check for working CXX compiler: /usr/bin/c++ - skipped
[0.472s] -- Detecting CXX compile features
[0.474s] -- Detecting CXX compile features - done
[0.483s] -- Found ament_cmake: 1.3.14 (/opt/ros/humble/share/ament_cmake/cmake)
[0.832s] -- Found Python3: /usr/bin/python3 (found version "3.10.12") found components: Interpreter 
[1.060s] -- Found rclcpp: 16.0.19 (/opt/ros/humble/share/rclcpp/cmake)
[1.139s] -- Found rosidl_generator_c: 3.1.8 (/opt/ros/humble/share/rosidl_generator_c/cmake)
[1.148s] -- Found rosidl_adapter: 3.1.8 (/opt/ros/humble/share/rosidl_adapter/cmake)
[1.163s] -- Found rosidl_generator_cpp: 3.1.8 (/opt/ros/humble/share/rosidl_generator_cpp/cmake)
[1.185s] -- Using all available rosidl_typesupport_c: rosidl_typesupport_fastrtps_c;rosidl_typesupport_introspection_c
[1.214s] -- Using all available rosidl_typesupport_cpp: rosidl_typesupport_fastrtps_cpp;rosidl_typesupport_introspection_cpp
[1.296s] -- Found rmw_implementation_cmake: 6.1.2 (/opt/ros/humble/share/rmw_implementation_cmake/cmake)
[1.300s] -- Found rmw_fastrtps_cpp: 6.2.10 (/opt/ros/humble/share/rmw_fastrtps_cpp/cmake)
[1.485s] -- Found OpenSSL: /usr/lib/x86_64-linux-gnu/libcrypto.so (found version "3.0.2")  
[1.550s] -- Found FastRTPS: /opt/ros/humble/include  
[1.663s] -- Using RMW implementation 'rmw_fastrtps_cpp' as default
[1.676s] -- Looking for pthread.h
[1.802s] -- Looking for pthread.h - found
[1.803s] -- Performing Test CMAKE_HAVE_LIBC_PTHREAD
[1.944s] -- Performing Test CMAKE_HAVE_LIBC_PTHREAD - Success
[1.948s] -- Found Threads: TRUE  
[2.032s] -- Found sensor_msgs: 4.9.1 (/opt/ros/humble/share/sensor_msgs/cmake)
[2.081s] -- Found pcl_conversions: 2.4.5 (/opt/ros/humble/share/pcl_conversions/cmake)
[2.148s] -- Checking for module 'eigen3'
[2.171s] --   Found eigen3, version 3.4.0
[2.228s] -- Found Eigen: /usr/include/eigen3 (Required is at least version "3.1") 
[2.228s] -- Eigen found (include: /usr/include/eigen3, version: 3.4.0)
[2.292s] -- Checking for module 'flann'
[2.319s] --   Found flann, version 1.9.1
[2.390s] -- Found FLANN: /usr/lib/x86_64-linux-gnu/libflann_cpp.so  
[2.391s] -- FLANN found (include: /usr/include, lib: /usr/lib/x86_64-linux-gnu/libflann_cpp.so)
[4.254s] -- Checking for module 'libusb-1.0'
[4.299s] --   Found libusb-1.0, version 1.0.25
[4.398s] -- Found libusb: /usr/lib/x86_64-linux-gnu/libusb-1.0.so  
[4.403s] -- OpenNI found (version: 1.5.4.0, include: /usr/include/ni, lib: /usr/lib/libOpenNI.so;libusb::libusb)
[4.570s] -- OpenNI2 found (version: 2.2.0.33, include: /usr/include/openni2, lib: /usr/lib/x86_64-linux-gnu/libOpenNI2.so;libusb::libusb)
[5.088s] -- Eigen found (include: /usr/include/eigen3, version: 3.4.0)
[5.108s] -- OpenNI found (version: 1.5.4.0, include: /usr/include/ni, lib: /usr/lib/libOpenNI.so;libusb::libusb)
[5.128s] -- OpenNI2 found (version: 2.2.0.33, include: /usr/include/openni2, lib: /usr/lib/x86_64-linux-gnu/libOpenNI2.so;libusb::libusb)
[5.696s] -- Found Qhull version 8.0.2
[6.372s] -- OpenNI found (version: 1.5.4.0, include: /usr/include/ni, lib: /usr/lib/libOpenNI.so;libusb::libusb)
[7.594s] -- Found PCL_COMMON: /usr/lib/x86_64-linux-gnu/libpcl_common.so  
[7.600s] -- Found PCL_KDTREE: /usr/lib/x86_64-linux-gnu/libpcl_kdtree.so  
[7.607s] -- Found PCL_OCTREE: /usr/lib/x86_64-linux-gnu/libpcl_octree.so  
[7.619s] -- Found PCL_SEARCH: /usr/lib/x86_64-linux-gnu/libpcl_search.so  
[7.624s] -- Found PCL_SAMPLE_CONSENSUS: /usr/lib/x86_64-linux-gnu/libpcl_sample_consensus.so  
[7.631s] -- Found PCL_FILTERS: /usr/lib/x86_64-linux-gnu/libpcl_filters.so  
[7.634s] -- Found PCL_2D: /usr/include/pcl-1.12  
[7.637s] -- Found PCL_GEOMETRY: /usr/include/pcl-1.12  
[7.645s] -- Found PCL_IO: /usr/lib/x86_64-linux-gnu/libpcl_io.so  
[7.654s] -- Found PCL_FEATURES: /usr/lib/x86_64-linux-gnu/libpcl_features.so  
[7.663s] -- Found PCL_ML: /usr/lib/x86_64-linux-gnu/libpcl_ml.so  
[7.668s] -- Found PCL_SEGMENTATION: /usr/lib/x86_64-linux-gnu/libpcl_segmentation.so  
[7.676s] -- Found PCL_VISUALIZATION: /usr/lib/x86_64-linux-gnu/libpcl_visualization.so  
[7.685s] -- Found PCL_SURFACE: /usr/lib/x86_64-linux-gnu/libpcl_surface.so  
[7.693s] -- Found PCL_REGISTRATION: /usr/lib/x86_64-linux-gnu/libpcl_registration.so  
[7.704s] -- Found PCL_KEYPOINTS: /usr/lib/x86_64-linux-gnu/libpcl_keypoints.so  
[7.720s] -- Found PCL_TRACKING: /usr/lib/x86_64-linux-gnu/libpcl_tracking.so  
[7.744s] -- Found PCL_RECOGNITION: /usr/lib/x86_64-linux-gnu/libpcl_recognition.so  
[7.766s] -- Found PCL_STEREO: /usr/lib/x86_64-linux-gnu/libpcl_stereo.so  
[7.782s] -- Found PCL_APPS: /usr/lib/x86_64-linux-gnu/libpcl_apps.so  
[7.800s] -- Found PCL_IN_HAND_SCANNER: /usr/include/pcl-1.12  
[7.804s] -- Found PCL_MODELER: /usr/include/pcl-1.12  
[7.811s] -- Found PCL_POINT_CLOUD_EDITOR: /usr/include/pcl-1.12  
[7.821s] -- Found PCL_OUTOFCORE: /usr/lib/x86_64-linux-gnu/libpcl_outofcore.so  
[7.832s] -- Found PCL_PEOPLE: /usr/lib/x86_64-linux-gnu/libpcl_people.so  
[7.878s] -- Found tf2: 0.25.20 (/opt/ros/humble/share/tf2/cmake)
[7.984s] -- Found tf2_ros: 0.25.20 (/opt/ros/humble/share/tf2_ros/cmake)
[9.040s] -- Found tf2_geometry_msgs: 0.25.20 (/opt/ros/humble/share/tf2_geometry_msgs/cmake)
[9.134s] -- Found eigen3_cmake_module: 0.1.1 (/opt/ros/humble/share/eigen3_cmake_module/cmake)
[9.144s] -- Found Eigen3: TRUE (found version "3.4.0") 
[9.145s] -- Ensuring Eigen3 include directory is part of orocos-kdl CMake target
[9.250s] -- Found ament_lint_auto: 0.12.15 (/opt/ros/humble/share/ament_lint_auto/cmake)
[9.741s] -- Added test 'cppcheck' to perform static code analysis on C / C++ code
[9.743s] -- Configured cppcheck include dirs: /home/hashim/Desktop/comp0250_s26_labs/src/labs/pcl_tutorial/include
[9.744s] -- Configured cppcheck exclude dirs and/or files: 
[9.747s] -- Added test 'flake8' to check Python code syntax and style conventions
[9.749s] -- Added test 'lint_cmake' to check CMake code style
[9.751s] -- Added test 'pep257' to check Python code against some of the docstring style conventions in PEP 257
[9.756s] -- Added test 'uncrustify' to check C / C++ code style
[9.756s] -- Configured uncrustify additional arguments: 
[9.764s] -- Added test 'xmllint' to check XML markup files
[9.764s] -- Configuring done
[9.919s] -- Generating done
[10.020s] -- Build files have been written to: /home/hashim/Desktop/comp0250_s26_labs/build/pcl_tutorial
[10.132s] Invoked command in '/home/hashim/Desktop/comp0250_s26_labs/build/pcl_tutorial' returned '0': CMAKE_PREFIX_PATH=/opt/ros/humble /usr/bin/cmake /home/hashim/Desktop/comp0250_s26_labs/src/labs/pcl_tutorial -DCMAKE_BUILD_TYPE=Release -DCMAKE_INSTALL_PREFIX=/home/hashim/Desktop/comp0250_s26_labs/install/pcl_tutorial
[10.134s] Invoking command in '/home/hashim/Desktop/comp0250_s26_labs/build/pcl_tutorial': CMAKE_PREFIX_PATH=/opt/ros/humble /usr/bin/cmake --build /home/hashim/Desktop/comp0250_s26_labs/build/pcl_tutorial -- -j20 -l20
[10.442s] [ 50%] [32mBuilding CXX object CMakeFiles/pcl_tutorial_node.dir/src/pcl_tutorial_node.cpp.o[0m
[41.402s] [100%] [32m[1mLinking CXX executable pcl_tutorial_node[0m
[43.426s] [100%] Built target pcl_tutorial_node
[43.456s] Invoked command in '/home/hashim/Desktop/comp0250_s26_labs/build/pcl_tutorial' returned '0': CMAKE_PREFIX_PATH=/opt/ros/humble /usr/bin/cmake --build /home/hashim/Desktop/comp0250_s26_labs/build/pcl_tutorial -- -j20 -l20
[43.458s] Invoking command in '/home/hashim/Desktop/comp0250_s26_labs/build/pcl_tutorial': CMAKE_PREFIX_PATH=/opt/ros/humble /usr/bin/cmake --install /home/hashim/Desktop/comp0250_s26_labs/build/pcl_tutorial
[43.469s] -- Install configuration: "Release"
[43.469s] -- Installing: /home/hashim/Desktop/comp0250_s26_labs/install/pcl_tutorial/lib/pcl_tutorial/pcl_tutorial_node
[43.470s] -- Set runtime path of "/home/hashim/Desktop/comp0250_s26_labs/install/pcl_tutorial/lib/pcl_tutorial/pcl_tutorial_node" to ""
[43.471s] -- Installing: /home/hashim/Desktop/comp0250_s26_labs/install/pcl_tutorial/share/pcl_tutorial/launch
[43.471s] -- Installing: /home/hashim/Desktop/comp0250_s26_labs/install/pcl_tutorial/share/pcl_tutorial/launch/pcl_tutorial.launch.yaml
[43.471s] -- Installing: /home/hashim/Desktop/comp0250_s26_labs/install/pcl_tutorial/share/pcl_tutorial/launch/pcl_tutorial.launch.xml
[43.471s] -- Installing: /home/hashim/Desktop/comp0250_s26_labs/install/pcl_tutorial/share/pcl_tutorial/launch/pcl_tutorial.launch.py
[43.471s] -- Installing: /home/hashim/Desktop/comp0250_s26_labs/install/pcl_tutorial/share/pcl_tutorial/config
[43.471s] -- Installing: /home/hashim/Desktop/comp0250_s26_labs/install/pcl_tutorial/share/pcl_tutorial/config/pcl_tutorial.yaml
[43.471s] -- Installing: /home/hashim/Desktop/comp0250_s26_labs/install/pcl_tutorial/share/pcl_tutorial/rviz
[43.472s] -- Installing: /home/hashim/Desktop/comp0250_s26_labs/install/pcl_tutorial/share/pcl_tutorial/rviz/pcl_tutorial.rviz
[43.472s] -- Installing: /home/hashim/Desktop/comp0250_s26_labs/install/pcl_tutorial/share/ament_index/resource_index/package_run_dependencies/pcl_tutorial
[43.472s] -- Installing: /home/hashim/Desktop/comp0250_s26_labs/install/pcl_tutorial/share/ament_index/resource_index/parent_prefix_path/pcl_tutorial
[43.472s] -- Installing: /home/hashim/Desktop/comp0250_s26_labs/install/pcl_tutorial/share/pcl_tutorial/environment/ament_prefix_path.sh
[43.472s] -- Installing: /home/hashim/Desktop/comp0250_s26_labs/install/pcl_tutorial/share/pcl_tutorial/environment/ament_prefix_path.dsv
[43.472s] -- Installing: /home/hashim/Desktop/comp0250_s26_labs/install/pcl_tutorial/share/pcl_tutorial/environment/path.sh
[43.472s] -- Installing: /home/hashim/Desktop/comp0250_s26_labs/install/pcl_tutorial/share/pcl_tutorial/environment/path.dsv
[43.473s] -- Installing: /home/hashim/Desktop/comp0250_s26_labs/install/pcl_tutorial/share/pcl_tutorial/local_setup.bash
[43.473s] -- Installing: /home/hashim/Desktop/comp0250_s26_labs/install/pcl_tutorial/share/pcl_tutorial/local_setup.sh
[43.473s] -- Installing: /home/hashim/Desktop/comp0250_s26_labs/install/pcl_tutorial/share/pcl_tutorial/local_setup.zsh
[43.473s] -- Installing: /home/hashim/Desktop/comp0250_s26_labs/install/pcl_tutorial/share/pcl_tutorial/local_setup.dsv
[43.473s] -- Installing: /home/hashim/Desktop/comp0250_s26_labs/install/pcl_tutorial/share/pcl_tutorial/package.dsv
[43.473s] -- Installing: /home/hashim/Desktop/comp0250_s26_labs/install/pcl_tutorial/share/ament_index/resource_index/packages/pcl_tutorial
[43.473s] -- Installing: /home/hashim/Desktop/comp0250_s26_labs/install/pcl_tutorial/share/pcl_tutorial/cmake/pcl_tutorialConfig.cmake
[43.473s] -- Installing: /home/hashim/Desktop/comp0250_s26_labs/install/pcl_tutorial/share/pcl_tutorial/cmake/pcl_tutorialConfig-version.cmake
[43.474s] -- Installing: /home/hashim/Desktop/comp0250_s26_labs/install/pcl_tutorial/share/pcl_tutorial/package.xml
[43.476s] Invoked command in '/home/hashim/Desktop/comp0250_s26_labs/build/pcl_tutorial' returned '0': CMAKE_PREFIX_PATH=/opt/ros/humble /usr/bin/cmake --install /home/hashim/Desktop/comp0250_s26_labs/build/pcl_tutorial
