[0.018s] Invoking command in '/home/hashim/Desktop/comp0250_s26_labs/build/perception_pipeline_humble_demo': CMAKE_PREFIX_PATH=${CMAKE_PREFIX_PATH}:/opt/ros/humble /usr/bin/cmake /home/hashim/Desktop/comp0250_s26_labs/src/labs/perception_pipeline_humble_demo -DCMAKE_INSTALL_PREFIX=/home/hashim/Desktop/comp0250_s26_labs/install/perception_pipeline_humble_demo
[0.025s] -- Found ament_cmake: 1.3.14 (/opt/ros/humble/share/ament_cmake/cmake)
[0.130s] -- Found ament_lint_auto: 0.12.15 (/opt/ros/humble/share/ament_lint_auto/cmake)
[0.198s] -- Added test 'flake8' to check Python code syntax and style conventions
[0.198s] -- Added test 'lint_cmake' to check CMake code style
[0.199s] -- Added test 'pep257' to check Python code against some of the docstring style conventions in PEP 257
[0.200s] -- Added test 'xmllint' to check XML markup files
[0.201s] -- Configuring done
[0.204s] -- Generating done
[0.205s] -- Build files have been written to: /home/hashim/Desktop/comp0250_s26_labs/build/perception_pipeline_humble_demo
[0.207s] Invoked command in '/home/hashim/Desktop/comp0250_s26_labs/build/perception_pipeline_humble_demo' returned '0': CMAKE_PREFIX_PATH=${CMAKE_PREFIX_PATH}:/opt/ros/humble /usr/bin/cmake /home/hashim/Desktop/comp0250_s26_labs/src/labs/perception_pipeline_humble_demo -DCMAKE_INSTALL_PREFIX=/home/hashim/Desktop/comp0250_s26_labs/install/perception_pipeline_humble_demo
[0.208s] Invoking command in '/home/hashim/Desktop/comp0250_s26_labs/build/perception_pipeline_humble_demo': CMAKE_PREFIX_PATH=${CMAKE_PREFIX_PATH}:/opt/ros/humble /usr/bin/cmake --build /home/hashim/Desktop/comp0250_s26_labs/build/perception_pipeline_humble_demo -- -j20 -l20
[0.241s] Invoked command in '/home/hashim/Desktop/comp0250_s26_labs/build/perception_pipeline_humble_demo' returned '0': CMAKE_PREFIX_PATH=${CMAKE_PREFIX_PATH}:/opt/ros/humble /usr/bin/cmake --build /home/hashim/Desktop/comp0250_s26_labs/build/perception_pipeline_humble_demo -- -j20 -l20
[0.242s] Invoking command in '/home/hashim/Desktop/comp0250_s26_labs/build/perception_pipeline_humble_demo': CMAKE_PREFIX_PATH=${CMAKE_PREFIX_PATH}:/opt/ros/humble /usr/bin/cmake --install /home/hashim/Desktop/comp0250_s26_labs/build/perception_pipeline_humble_demo
[0.254s] -- Install configuration: "Release"
[0.254s] -- Up-to-date: /home/hashim/Desktop/comp0250_s26_labs/install/perception_pipeline_humble_demo/share/perception_pipeline_humble_demo/launch
[0.254s] -- Up-to-date: /home/hashim/Desktop/comp0250_s26_labs/install/perception_pipeline_humble_demo/share/perception_pipeline_humble_demo/launch/depth_camera_environment.launch.py
[0.254s] -- Up-to-date: /home/hashim/Desktop/comp0250_s26_labs/install/perception_pipeline_humble_demo/share/perception_pipeline_humble_demo/launch/perception_pipeline_demo.launch.py
[0.255s] -- Up-to-date: /home/hashim/Desktop/comp0250_s26_labs/install/perception_pipeline_humble_demo/share/perception_pipeline_humble_demo/config
[0.255s] -- Up-to-date: /home/hashim/Desktop/comp0250_s26_labs/install/perception_pipeline_humble_demo/share/perception_pipeline_humble_demo/config/sensors_3d.yaml
[0.255s] -- Up-to-date: /home/hashim/Desktop/comp0250_s26_labs/install/perception_pipeline_humble_demo/share/perception_pipeline_humble_demo/config/sensors_3d_raw.yaml
[0.255s] -- Up-to-date: /home/hashim/Desktop/comp0250_s26_labs/install/perception_pipeline_humble_demo/share/perception_pipeline_humble_demo/urdf
[0.255s] -- Up-to-date: /home/hashim/Desktop/comp0250_s26_labs/install/perception_pipeline_humble_demo/share/perception_pipeline_humble_demo/urdf/realsense_d435
[0.255s] -- Up-to-date: /home/hashim/Desktop/comp0250_s26_labs/install/perception_pipeline_humble_demo/share/perception_pipeline_humble_demo/urdf/realsense_d435/camera.urdf.xacro
[0.255s] -- Up-to-date: /home/hashim/Desktop/comp0250_s26_labs/install/perception_pipeline_humble_demo/share/perception_pipeline_humble_demo/urdf/realsense_d435/macros.xacro
[0.255s] -- Up-to-date: /home/hashim/Desktop/comp0250_s26_labs/install/perception_pipeline_humble_demo/share/perception_pipeline_humble_demo/meshes
[0.255s] -- Up-to-date: /home/hashim/Desktop/comp0250_s26_labs/install/perception_pipeline_humble_demo/share/perception_pipeline_humble_demo/meshes/d435.dae
[0.255s] -- Up-to-date: /home/hashim/Desktop/comp0250_s26_labs/install/perception_pipeline_humble_demo/share/perception_pipeline_humble_demo/worlds
[0.255s] -- Up-to-date: /home/hashim/Desktop/comp0250_s26_labs/install/perception_pipeline_humble_demo/share/perception_pipeline_humble_demo/worlds/perception_pipeline_demo.world
[0.255s] -- Up-to-date: /home/hashim/Desktop/comp0250_s26_labs/install/perception_pipeline_humble_demo/share/perception_pipeline_humble_demo/rviz2
[0.255s] -- Up-to-date: /home/hashim/Desktop/comp0250_s26_labs/install/perception_pipeline_humble_demo/share/perception_pipeline_humble_demo/rviz2/perception_pipeline.rviz
[0.255s] -- Up-to-date: /home/hashim/Desktop/comp0250_s26_labs/install/perception_pipeline_humble_demo/share/perception_pipeline_humble_demo/rviz2/depth_camera_environment.rviz
[0.255s] -- Up-to-date: /home/hashim/Desktop/comp0250_s26_labs/install/perception_pipeline_humble_demo/lib/perception_pipeline_humble_demo/retime_pointclouds.py
[0.255s] -- Up-to-date: /home/hashim/Desktop/comp0250_s26_labs/install/perception_pipeline_humble_demo/share/ament_index/resource_index/package_run_dependencies/perception_pipeline_humble_demo
[0.255s] -- Installing: /home/hashim/Desktop/comp0250_s26_labs/install/perception_pipeline_humble_demo/share/ament_index/resource_index/parent_prefix_path/perception_pipeline_humble_demo
[0.255s] -- Up-to-date: /home/hashim/Desktop/comp0250_s26_labs/install/perception_pipeline_humble_demo/share/perception_pipeline_humble_demo/environment/ament_prefix_path.sh
[0.255s] -- Installing: /home/hashim/Desktop/comp0250_s26_labs/install/perception_pipeline_humble_demo/share/perception_pipeline_humble_demo/environment/ament_prefix_path.dsv
[0.255s] -- Up-to-date: /home/hashim/Desktop/comp0250_s26_labs/install/perception_pipeline_humble_demo/share/perception_pipeline_humble_demo/environment/path.sh
[0.255s] -- Installing: /home/hashim/Desktop/comp0250_s26_labs/install/perception_pipeline_humble_demo/share/perception_pipeline_humble_demo/environment/path.dsv
[0.255s] -- Up-to-date: /home/hashim/Desktop/comp0250_s26_labs/install/perception_pipeline_humble_demo/share/perception_pipeline_humble_demo/local_setup.bash
[0.256s] -- Up-to-date: /home/hashim/Desktop/comp0250_s26_labs/install/perception_pipeline_humble_demo/share/perception_pipeline_humble_demo/local_setup.sh
[0.256s] -- Up-to-date: /home/hashim/Desktop/comp0250_s26_labs/install/perception_pipeline_humble_demo/share/perception_pipeline_humble_demo/local_setup.zsh
[0.256s] -- Installing: /home/hashim/Desktop/comp0250_s26_labs/install/perception_pipeline_humble_demo/share/perception_pipeline_humble_demo/local_setup.dsv
[0.257s] -- Installing: /home/hashim/Desktop/comp0250_s26_labs/install/perception_pipeline_humble_demo/share/perception_pipeline_humble_demo/package.dsv
[0.257s] -- Up-to-date: /home/hashim/Desktop/comp0250_s26_labs/install/perception_pipeline_humble_demo/share/ament_index/resource_index/packages/perception_pipeline_humble_demo
[0.257s] -- Up-to-date: /home/hashim/Desktop/comp0250_s26_labs/install/perception_pipeline_humble_demo/share/perception_pipeline_humble_demo/cmake/perception_pipeline_humble_demoConfig.cmake
[0.257s] -- Up-to-date: /home/hashim/Desktop/comp0250_s26_labs/install/perception_pipeline_humble_demo/share/perception_pipeline_humble_demo/cmake/perception_pipeline_humble_demoConfig-version.cmake
[0.257s] -- Up-to-date: /home/hashim/Desktop/comp0250_s26_labs/install/perception_pipeline_humble_demo/share/perception_pipeline_humble_demo/package.xml
[0.288s] Invoked command in '/home/hashim/Desktop/comp0250_s26_labs/build/perception_pipeline_humble_demo' returned '0': CMAKE_PREFIX_PATH=${CMAKE_PREFIX_PATH}:/opt/ros/humble /usr/bin/cmake --install /home/hashim/Desktop/comp0250_s26_labs/build/perception_pipeline_humble_demo
