[100%] Built target pcl_tutorial_node
-- Install configuration: "Release"
-- Up-to-date: /home/hashim/Desktop/comp0250_s26_labs/install/pcl_tutorial/lib/pcl_tutorial/pcl_tutorial_node
-- Up-to-date: /home/hashim/Desktop/comp0250_s26_labs/install/pcl_tutorial/share/pcl_tutorial/launch
-- Up-to-date: /home/hashim/Desktop/comp0250_s26_labs/install/pcl_tutorial/share/pcl_tutorial/launch/pcl_tutorial.launch.yaml
-- Up-to-date: /home/hashim/Desktop/comp0250_s26_labs/install/pcl_tutorial/share/pcl_tutorial/launch/pcl_tutorial.launch.xml
-- Up-to-date: /home/hashim/Desktop/comp0250_s26_labs/install/pcl_tutorial/share/pcl_tutorial/launch/pcl_tutorial.launch.py
-- Up-to-date: /home/hashim/Desktop/comp0250_s26_labs/install/pcl_tutorial/share/pcl_tutorial/config
-- Up-to-date: /home/hashim/Desktop/comp0250_s26_labs/install/pcl_tutorial/share/pcl_tutorial/config/pcl_tutorial.yaml
-- Up-to-date: /home/hashim/Desktop/comp0250_s26_labs/install/pcl_tutorial/share/pcl_tutorial/rviz
-- Up-to-date: /home/hashim/Desktop/comp0250_s26_labs/install/pcl_tutorial/share/pcl_tutorial/rviz/pcl_tutorial.rviz
-- Up-to-date: /home/hashim/Desktop/comp0250_s26_labs/install/pcl_tutorial/share/ament_index/resource_index/package_run_dependencies/pcl_tutorial
-- Up-to-date: /home/hashim/Desktop/comp0250_s26_labs/install/pcl_tutorial/share/ament_index/resource_index/parent_prefix_path/pcl_tutorial
-- Up-to-date: /home/hashim/Desktop/comp0250_s26_labs/install/pcl_tutorial/share/pcl_tutorial/environment/ament_prefix_path.sh
-- Up-to-date: /home/hashim/Desktop/comp0250_s26_labs/install/pcl_tutorial/share/pcl_tutorial/environment/ament_prefix_path.dsv
-- Up-to-date: /home/hashim/Desktop/comp0250_s26_labs/install/pcl_tutorial/share/pcl_tutorial/environment/path.sh
-- Up-to-date: /home/hashim/Desktop/comp0250_s26_labs/install/pcl_tutorial/share/pcl_tutorial/environment/path.dsv
-- Up-to-date: /home/hashim/Desktop/comp0250_s26_labs/install/pcl_tutorial/share/pcl_tutorial/local_setup.bash
-- Up-to-date: /home/hashim/Desktop/comp0250_s26_labs/install/pcl_tutorial/share/pcl_tutorial/local_setup.sh
-- Up-to-date: /home/hashim/Desktop/comp0250_s26_labs/install/pcl_tutorial/share/pcl_tutorial/local_setup.zsh
-- Up-to-date: /home/hashim/Desktop/comp0250_s26_labs/install/pcl_tutorial/share/pcl_tutorial/local_setup.dsv
-- Up-to-date: /home/hashim/Desktop/comp0250_s26_labs/install/pcl_tutorial/share/pcl_tutorial/package.dsv
-- Up-to-date: /home/hashim/Desktop/comp0250_s26_labs/install/pcl_tutorial/share/ament_index/resource_index/packages/pcl_tutorial
-- Up-to-date: /home/hashim/Desktop/comp0250_s26_labs/install/pcl_tutorial/share/pcl_tutorial/cmake/pcl_tutorialConfig.cmake
-- Up-to-date: /home/hashim/Desktop/comp0250_s26_labs/install/pcl_tutorial/share/pcl_tutorial/cmake/pcl_tutorialConfig-version.cmake
-- Up-to-date: /home/hashim/Desktop/comp0250_s26_labs/install/pcl_tutorial/share/pcl_tutorial/package.xml
