[0.020s] Invoking command in '/home/hashim/Desktop/comp0250_s26_labs/build/cw2_world_spawner': CMAKE_PREFIX_PATH=${CMAKE_PREFIX_PATH}:/opt/ros/humble /usr/bin/cmake /home/hashim/Desktop/comp0250_s26_labs/src/courseworks/cw2_world_spawner -DCMAKE_INSTALL_PREFIX=/home/hashim/Desktop/comp0250_s26_labs/install/cw2_world_spawner
[0.032s] -- Found ament_cmake: 1.3.14 (/opt/ros/humble/share/ament_cmake/cmake)
[0.145s] -- Found rosidl_default_generators: 1.2.1 (/opt/ros/humble/share/rosidl_default_generators/cmake)
[0.148s] -- Using all available rosidl_typesupport_c: rosidl_typesupport_fastrtps_c;rosidl_typesupport_introspection_c
[0.150s] -- Found rosidl_adapter: 3.1.8 (/opt/ros/humble/share/rosidl_adapter/cmake)
[0.177s] -- Using all available rosidl_typesupport_cpp: rosidl_typesupport_fastrtps_cpp;rosidl_typesupport_introspection_cpp
[0.198s] -- Found geometry_msgs: 4.9.1 (/opt/ros/humble/share/geometry_msgs/cmake)
[0.488s] -- Found ament_cmake_ros: 0.10.0 (/opt/ros/humble/share/ament_cmake_ros/cmake)
[0.705s] -- Using all available rosidl_typesupport_c: rosidl_typesupport_fastrtps_c;rosidl_typesupport_introspection_c
[0.971s] -- Using all available rosidl_typesupport_cpp: rosidl_typesupport_fastrtps_cpp;rosidl_typesupport_introspection_cpp
[1.007s] -- Found python_cmake_module: 0.10.0 (/opt/ros/humble/share/python_cmake_module/cmake)
[1.036s] -- Using PYTHON_EXECUTABLE: /usr/bin/python3
[1.036s] -- Using PYTHON_INCLUDE_DIRS: /usr/include/python3.10
[1.036s] -- Using PYTHON_LIBRARIES: /usr/lib/x86_64-linux-gnu/libpython3.10.so
[1.185s] -- Found ament_lint_auto: 0.12.15 (/opt/ros/humble/share/ament_lint_auto/cmake)
[1.199s] -- Added test 'flake8' to check Python code syntax and style conventions
[1.201s] -- Added test 'lint_cmake' to check CMake code style
[1.201s] -- Added test 'pep257' to check Python code against some of the docstring style conventions in PEP 257
[1.206s] -- Added test 'xmllint' to check XML markup files
[1.208s] -- Configuring done
[1.259s] -- Generating done
[1.277s] -- Build files have been written to: /home/hashim/Desktop/comp0250_s26_labs/build/cw2_world_spawner
[1.288s] Invoked command in '/home/hashim/Desktop/comp0250_s26_labs/build/cw2_world_spawner' returned '0': CMAKE_PREFIX_PATH=${CMAKE_PREFIX_PATH}:/opt/ros/humble /usr/bin/cmake /home/hashim/Desktop/comp0250_s26_labs/src/courseworks/cw2_world_spawner -DCMAKE_INSTALL_PREFIX=/home/hashim/Desktop/comp0250_s26_labs/install/cw2_world_spawner
[1.290s] Invoking command in '/home/hashim/Desktop/comp0250_s26_labs/build/cw2_world_spawner': CMAKE_PREFIX_PATH=${CMAKE_PREFIX_PATH}:/opt/ros/humble /usr/bin/cmake --build /home/hashim/Desktop/comp0250_s26_labs/build/cw2_world_spawner -- -j20 -l20
[1.350s] [35m[1mConsolidate compiler generated dependencies of target cw2_world_spawner__rosidl_generator_c[0m
[1.364s] [  1%] Built target cw2_world_spawner__cpp
[1.369s] [ 12%] Built target cw2_world_spawner__rosidl_generator_c
[1.388s] [ 14%] Built target cw2_world_spawner__rs
[1.388s] [35m[1mConsolidate compiler generated dependencies of target cw2_world_spawner__rosidl_typesupport_cpp[0m
[1.390s] [35m[1mConsolidate compiler generated dependencies of target cw2_world_spawner__rosidl_typesupport_introspection_c[0m
[1.390s] [35m[1mConsolidate compiler generated dependencies of target cw2_world_spawner__rosidl_typesupport_introspection_cpp[0m
[1.392s] [35m[1mConsolidate compiler generated dependencies of target cw2_world_spawner__rosidl_typesupport_c[0m
[1.394s] [35m[1mConsolidate compiler generated dependencies of target cw2_world_spawner__rosidl_typesupport_fastrtps_c[0m
[1.396s] [35m[1mConsolidate compiler generated dependencies of target cw2_world_spawner__rosidl_typesupport_fastrtps_cpp[0m
[1.397s] [ 14%] Built target ament_cmake_python_copy_cw2_world_spawner_lib
[1.405s] [ 14%] Built target ament_cmake_python_copy_cw2_world_spawner
[1.416s] [ 25%] Built target cw2_world_spawner__rosidl_typesupport_c
[1.418s] [ 35%] Built target cw2_world_spawner__rosidl_typesupport_introspection_c
[1.422s] [ 46%] Built target cw2_world_spawner__rosidl_typesupport_cpp
[1.432s] [ 57%] Built target cw2_world_spawner__rosidl_typesupport_introspection_cpp
[1.433s] [ 67%] Built target cw2_world_spawner__rosidl_typesupport_fastrtps_cpp
[1.443s] [ 78%] Built target cw2_world_spawner__rosidl_typesupport_fastrtps_c
[1.496s] [ 78%] Built target cw2_world_spawner
[1.531s] [ 80%] Built target cw2_world_spawner__py
[1.551s] [35m[1mConsolidate compiler generated dependencies of target cw2_world_spawner__rosidl_generator_py[0m
[1.591s] [ 89%] Built target cw2_world_spawner__rosidl_generator_py
[1.614s] [35m[1mConsolidate compiler generated dependencies of target cw2_world_spawner__rosidl_typesupport_fastrtps_c__pyext[0m
[1.630s] [35m[1mConsolidate compiler generated dependencies of target cw2_world_spawner__rosidl_typesupport_introspection_c__pyext[0m
[1.631s] [35m[1mConsolidate compiler generated dependencies of target cw2_world_spawner__rosidl_typesupport_c__pyext[0m
[1.637s] [ 92%] Built target cw2_world_spawner__rosidl_typesupport_fastrtps_c__pyext
[1.675s] [100%] Built target cw2_world_spawner__rosidl_typesupport_c__pyext
[1.676s] [100%] Built target cw2_world_spawner__rosidl_typesupport_introspection_c__pyext
[1.988s] running egg_info
[1.991s] writing cw2_world_spawner.egg-info/PKG-INFO
[1.991s] writing dependency_links to cw2_world_spawner.egg-info/dependency_links.txt
[1.992s] writing top-level names to cw2_world_spawner.egg-info/top_level.txt
[2.002s] reading manifest file 'cw2_world_spawner.egg-info/SOURCES.txt'
[2.004s] writing manifest file 'cw2_world_spawner.egg-info/SOURCES.txt'
[2.076s] [100%] Built target ament_cmake_python_build_cw2_world_spawner_egg
[2.257s] running egg_info
[2.258s] writing cw2_world_spawner_lib.egg-info/PKG-INFO
[2.259s] writing dependency_links to cw2_world_spawner_lib.egg-info/dependency_links.txt
[2.260s] writing top-level names to cw2_world_spawner_lib.egg-info/top_level.txt
[2.268s] reading manifest file 'cw2_world_spawner_lib.egg-info/SOURCES.txt'
[2.268s] writing manifest file 'cw2_world_spawner_lib.egg-info/SOURCES.txt'
[2.320s] [100%] Built target ament_cmake_python_build_cw2_world_spawner_lib_egg
[2.340s] Invoked command in '/home/hashim/Desktop/comp0250_s26_labs/build/cw2_world_spawner' returned '0': CMAKE_PREFIX_PATH=${CMAKE_PREFIX_PATH}:/opt/ros/humble /usr/bin/cmake --build /home/hashim/Desktop/comp0250_s26_labs/build/cw2_world_spawner -- -j20 -l20
[2.345s] Invoking command in '/home/hashim/Desktop/comp0250_s26_labs/build/cw2_world_spawner': CMAKE_PREFIX_PATH=${CMAKE_PREFIX_PATH}:/opt/ros/humble /usr/bin/cmake --install /home/hashim/Desktop/comp0250_s26_labs/build/cw2_world_spawner
[2.365s] -- Install configuration: "Release"
[2.365s] -- Up-to-date: /home/hashim/Desktop/comp0250_s26_labs/install/cw2_world_spawner/share/ament_index/resource_index/rosidl_interfaces/cw2_world_spawner
[2.365s] -- Up-to-date: /home/hashim/Desktop/comp0250_s26_labs/install/cw2_world_spawner/include/cw2_world_spawner/cw2_world_spawner
[2.365s] -- Up-to-date: /home/hashim/Desktop/comp0250_s26_labs/install/cw2_world_spawner/include/cw2_world_spawner/cw2_world_spawner/msg
[2.365s] -- Up-to-date: /home/hashim/Desktop/comp0250_s26_labs/install/cw2_world_spawner/include/cw2_world_spawner/cw2_world_spawner/msg/rosidl_generator_c__visibility_control.h
[2.365s] -- Up-to-date: /home/hashim/Desktop/comp0250_s26_labs/install/cw2_world_spawner/include/cw2_world_spawner/cw2_world_spawner/srv
[2.365s] -- Up-to-date: /home/hashim/Desktop/comp0250_s26_labs/install/cw2_world_spawner/include/cw2_world_spawner/cw2_world_spawner/srv/task_setup.h
[2.365s] -- Up-to-date: /home/hashim/Desktop/comp0250_s26_labs/install/cw2_world_spawner/include/cw2_world_spawner/cw2_world_spawner/srv/detail
[2.365s] -- Up-to-date: /home/hashim/Desktop/comp0250_s26_labs/install/cw2_world_spawner/include/cw2_world_spawner/cw2_world_spawner/srv/detail/task3_service__struct.h
[2.365s] -- Up-to-date: /home/hashim/Desktop/comp0250_s26_labs/install/cw2_world_spawner/include/cw2_world_spawner/cw2_world_spawner/srv/detail/task_setup__struct.h
[2.365s] -- Up-to-date: /home/hashim/Desktop/comp0250_s26_labs/install/cw2_world_spawner/include/cw2_world_spawner/cw2_world_spawner/srv/detail/task_setup__functions.h
[2.366s] -- Up-to-date: /home/hashim/Desktop/comp0250_s26_labs/install/cw2_world_spawner/include/cw2_world_spawner/cw2_world_spawner/srv/detail/task1_service__type_support.h
[2.366s] -- Up-to-date: /home/hashim/Desktop/comp0250_s26_labs/install/cw2_world_spawner/include/cw2_world_spawner/cw2_world_spawner/srv/detail/task2_service__struct.h
[2.366s] -- Up-to-date: /home/hashim/Desktop/comp0250_s26_labs/install/cw2_world_spawner/include/cw2_world_spawner/cw2_world_spawner/srv/detail/task_setup__type_support.h
[2.366s] -- Up-to-date: /home/hashim/Desktop/comp0250_s26_labs/install/cw2_world_spawner/include/cw2_world_spawner/cw2_world_spawner/srv/detail/task3_service__type_support.h
[2.366s] -- Up-to-date: /home/hashim/Desktop/comp0250_s26_labs/install/cw2_world_spawner/include/cw2_world_spawner/cw2_world_spawner/srv/detail/task1_service__functions.h
[2.366s] -- Up-to-date: /home/hashim/Desktop/comp0250_s26_labs/install/cw2_world_spawner/include/cw2_world_spawner/cw2_world_spawner/srv/detail/task1_service__struct.h
[2.366s] -- Up-to-date: /home/hashim/Desktop/comp0250_s26_labs/install/cw2_world_spawner/include/cw2_world_spawner/cw2_world_spawner/srv/detail/task3_service__functions.h
[2.367s] -- Up-to-date: /home/hashim/Desktop/comp0250_s26_labs/install/cw2_world_spawner/include/cw2_world_spawner/cw2_world_spawner/srv/detail/task1_service__functions.c
[2.367s] -- Up-to-date: /home/hashim/Desktop/comp0250_s26_labs/install/cw2_world_spawner/include/cw2_world_spawner/cw2_world_spawner/srv/detail/task3_service__functions.c
[2.367s] -- Up-to-date: /home/hashim/Desktop/comp0250_s26_labs/install/cw2_world_spawner/include/cw2_world_spawner/cw2_world_spawner/srv/detail/task2_service__functions.c
[2.367s] -- Up-to-date: /home/hashim/Desktop/comp0250_s26_labs/install/cw2_world_spawner/include/cw2_world_spawner/cw2_world_spawner/srv/detail/task_setup__functions.c
[2.367s] -- Up-to-date: /home/hashim/Desktop/comp0250_s26_labs/install/cw2_world_spawner/include/cw2_world_spawner/cw2_world_spawner/srv/detail/task2_service__functions.h
[2.367s] -- Up-to-date: /home/hashim/Desktop/comp0250_s26_labs/install/cw2_world_spawner/include/cw2_world_spawner/cw2_world_spawner/srv/detail/task2_service__type_support.h
[2.367s] -- Up-to-date: /home/hashim/Desktop/comp0250_s26_labs/install/cw2_world_spawner/include/cw2_world_spawner/cw2_world_spawner/srv/task2_service.h
[2.367s] -- Up-to-date: /home/hashim/Desktop/comp0250_s26_labs/install/cw2_world_spawner/include/cw2_world_spawner/cw2_world_spawner/srv/task1_service.h
[2.367s] -- Up-to-date: /home/hashim/Desktop/comp0250_s26_labs/install/cw2_world_spawner/include/cw2_world_spawner/cw2_world_spawner/srv/task3_service.h
[2.367s] -- Up-to-date: /home/hashim/Desktop/comp0250_s26_labs/install/cw2_world_spawner/share/cw2_world_spawner/environment/library_path.sh
[2.367s] -- Installing: /home/hashim/Desktop/comp0250_s26_labs/install/cw2_world_spawner/share/cw2_world_spawner/environment/library_path.dsv
[2.367s] -- Up-to-date: /home/hashim/Desktop/comp0250_s26_labs/install/cw2_world_spawner/lib/libcw2_world_spawner__rosidl_generator_c.so
[2.368s] -- Up-to-date: /home/hashim/Desktop/comp0250_s26_labs/install/cw2_world_spawner/include/cw2_world_spawner/cw2_world_spawner
[2.368s] -- Up-to-date: /home/hashim/Desktop/comp0250_s26_labs/install/cw2_world_spawner/include/cw2_world_spawner/cw2_world_spawner/msg
[2.368s] -- Up-to-date: /home/hashim/Desktop/comp0250_s26_labs/install/cw2_world_spawner/include/cw2_world_spawner/cw2_world_spawner/msg/rosidl_typesupport_fastrtps_c__visibility_control.h
[2.368s] -- Up-to-date: /home/hashim/Desktop/comp0250_s26_labs/install/cw2_world_spawner/include/cw2_world_spawner/cw2_world_spawner/srv
[2.368s] -- Up-to-date: /home/hashim/Desktop/comp0250_s26_labs/install/cw2_world_spawner/include/cw2_world_spawner/cw2_world_spawner/srv/detail
[2.368s] -- Up-to-date: /home/hashim/Desktop/comp0250_s26_labs/install/cw2_world_spawner/include/cw2_world_spawner/cw2_world_spawner/srv/detail/task2_service__rosidl_typesupport_fastrtps_c.h
[2.368s] -- Up-to-date: /home/hashim/Desktop/comp0250_s26_labs/install/cw2_world_spawner/include/cw2_world_spawner/cw2_world_spawner/srv/detail/task1_service__rosidl_typesupport_fastrtps_c.h
[2.368s] -- Up-to-date: /home/hashim/Desktop/comp0250_s26_labs/install/cw2_world_spawner/include/cw2_world_spawner/cw2_world_spawner/srv/detail/task3_service__rosidl_typesupport_fastrtps_c.h
[2.368s] -- Up-to-date: /home/hashim/Desktop/comp0250_s26_labs/install/cw2_world_spawner/include/cw2_world_spawner/cw2_world_spawner/srv/detail/task_setup__rosidl_typesupport_fastrtps_c.h
[2.368s] -- Up-to-date: /home/hashim/Desktop/comp0250_s26_labs/install/cw2_world_spawner/lib/libcw2_world_spawner__rosidl_typesupport_fastrtps_c.so
[2.368s] -- Up-to-date: /home/hashim/Desktop/comp0250_s26_labs/install/cw2_world_spawner/include/cw2_world_spawner/cw2_world_spawner
[2.368s] -- Up-to-date: /home/hashim/Desktop/comp0250_s26_labs/install/cw2_world_spawner/include/cw2_world_spawner/cw2_world_spawner/msg
[2.369s] -- Up-to-date: /home/hashim/Desktop/comp0250_s26_labs/install/cw2_world_spawner/include/cw2_world_spawner/cw2_world_spawner/msg/rosidl_typesupport_introspection_c__visibility_control.h
[2.369s] -- Up-to-date: /home/hashim/Desktop/comp0250_s26_labs/install/cw2_world_spawner/include/cw2_world_spawner/cw2_world_spawner/srv
[2.369s] -- Up-to-date: /home/hashim/Desktop/comp0250_s26_labs/install/cw2_world_spawner/include/cw2_world_spawner/cw2_world_spawner/srv/detail
[2.369s] -- Up-to-date: /home/hashim/Desktop/comp0250_s26_labs/install/cw2_world_spawner/include/cw2_world_spawner/cw2_world_spawner/srv/detail/task3_service__rosidl_typesupport_introspection_c.h
[2.369s] -- Up-to-date: /home/hashim/Desktop/comp0250_s26_labs/install/cw2_world_spawner/include/cw2_world_spawner/cw2_world_spawner/srv/detail/task1_service__type_support.c
[2.369s] -- Up-to-date: /home/hashim/Desktop/comp0250_s26_labs/install/cw2_world_spawner/include/cw2_world_spawner/cw2_world_spawner/srv/detail/task_setup__rosidl_typesupport_introspection_c.h
[2.369s] -- Up-to-date: /home/hashim/Desktop/comp0250_s26_labs/install/cw2_world_spawner/include/cw2_world_spawner/cw2_world_spawner/srv/detail/task_setup__type_support.c
[2.369s] -- Up-to-date: /home/hashim/Desktop/comp0250_s26_labs/install/cw2_world_spawner/include/cw2_world_spawner/cw2_world_spawner/srv/detail/task2_service__type_support.c
[2.369s] -- Up-to-date: /home/hashim/Desktop/comp0250_s26_labs/install/cw2_world_spawner/include/cw2_world_spawner/cw2_world_spawner/srv/detail/task2_service__rosidl_typesupport_introspection_c.h
[2.369s] -- Up-to-date: /home/hashim/Desktop/comp0250_s26_labs/install/cw2_world_spawner/include/cw2_world_spawner/cw2_world_spawner/srv/detail/task3_service__type_support.c
[2.369s] -- Up-to-date: /home/hashim/Desktop/comp0250_s26_labs/install/cw2_world_spawner/include/cw2_world_spawner/cw2_world_spawner/srv/detail/task1_service__rosidl_typesupport_introspection_c.h
[2.369s] -- Up-to-date: /home/hashim/Desktop/comp0250_s26_labs/install/cw2_world_spawner/lib/libcw2_world_spawner__rosidl_typesupport_introspection_c.so
[2.370s] -- Up-to-date: /home/hashim/Desktop/comp0250_s26_labs/install/cw2_world_spawner/lib/libcw2_world_spawner__rosidl_typesupport_c.so
[2.370s] -- Up-to-date: /home/hashim/Desktop/comp0250_s26_labs/install/cw2_world_spawner/include/cw2_world_spawner/cw2_world_spawner
[2.370s] -- Up-to-date: /home/hashim/Desktop/comp0250_s26_labs/install/cw2_world_spawner/include/cw2_world_spawner/cw2_world_spawner/msg
[2.370s] -- Up-to-date: /home/hashim/Desktop/comp0250_s26_labs/install/cw2_world_spawner/include/cw2_world_spawner/cw2_world_spawner/msg/rosidl_generator_cpp__visibility_control.hpp
[2.370s] -- Up-to-date: /home/hashim/Desktop/comp0250_s26_labs/install/cw2_world_spawner/include/cw2_world_spawner/cw2_world_spawner/srv
[2.370s] -- Up-to-date: /home/hashim/Desktop/comp0250_s26_labs/install/cw2_world_spawner/include/cw2_world_spawner/cw2_world_spawner/srv/detail
[2.370s] -- Up-to-date: /home/hashim/Desktop/comp0250_s26_labs/install/cw2_world_spawner/include/cw2_world_spawner/cw2_world_spawner/srv/detail/task2_service__struct.hpp
[2.370s] -- Up-to-date: /home/hashim/Desktop/comp0250_s26_labs/install/cw2_world_spawner/include/cw2_world_spawner/cw2_world_spawner/srv/detail/task3_service__type_support.hpp
[2.370s] -- Up-to-date: /home/hashim/Desktop/comp0250_s26_labs/install/cw2_world_spawner/include/cw2_world_spawner/cw2_world_spawner/srv/detail/task3_service__traits.hpp
[2.370s] -- Up-to-date: /home/hashim/Desktop/comp0250_s26_labs/install/cw2_world_spawner/include/cw2_world_spawner/cw2_world_spawner/srv/detail/task2_service__traits.hpp
[2.370s] -- Up-to-date: /home/hashim/Desktop/comp0250_s26_labs/install/cw2_world_spawner/include/cw2_world_spawner/cw2_world_spawner/srv/detail/task2_service__type_support.hpp
[2.370s] -- Up-to-date: /home/hashim/Desktop/comp0250_s26_labs/install/cw2_world_spawner/include/cw2_world_spawner/cw2_world_spawner/srv/detail/task1_service__type_support.hpp
[2.371s] -- Up-to-date: /home/hashim/Desktop/comp0250_s26_labs/install/cw2_world_spawner/include/cw2_world_spawner/cw2_world_spawner/srv/detail/task_setup__struct.hpp
[2.371s] -- Up-to-date: /home/hashim/Desktop/comp0250_s26_labs/install/cw2_world_spawner/include/cw2_world_spawner/cw2_world_spawner/srv/detail/task1_service__traits.hpp
[2.371s] -- Up-to-date: /home/hashim/Desktop/comp0250_s26_labs/install/cw2_world_spawner/include/cw2_world_spawner/cw2_world_spawner/srv/detail/task1_service__builder.hpp
[2.371s] -- Up-to-date: /home/hashim/Desktop/comp0250_s26_labs/install/cw2_world_spawner/include/cw2_world_spawner/cw2_world_spawner/srv/detail/task_setup__type_support.hpp
[2.371s] -- Up-to-date: /home/hashim/Desktop/comp0250_s26_labs/install/cw2_world_spawner/include/cw2_world_spawner/cw2_world_spawner/srv/detail/task3_service__builder.hpp
[2.371s] -- Up-to-date: /home/hashim/Desktop/comp0250_s26_labs/install/cw2_world_spawner/include/cw2_world_spawner/cw2_world_spawner/srv/detail/task3_service__struct.hpp
[2.371s] -- Up-to-date: /home/hashim/Desktop/comp0250_s26_labs/install/cw2_world_spawner/include/cw2_world_spawner/cw2_world_spawner/srv/detail/task1_service__struct.hpp
[2.371s] -- Up-to-date: /home/hashim/Desktop/comp0250_s26_labs/install/cw2_world_spawner/include/cw2_world_spawner/cw2_world_spawner/srv/detail/task_setup__builder.hpp
[2.371s] -- Up-to-date: /home/hashim/Desktop/comp0250_s26_labs/install/cw2_world_spawner/include/cw2_world_spawner/cw2_world_spawner/srv/detail/task2_service__builder.hpp
[2.371s] -- Up-to-date: /home/hashim/Desktop/comp0250_s26_labs/install/cw2_world_spawner/include/cw2_world_spawner/cw2_world_spawner/srv/detail/task_setup__traits.hpp
[2.371s] -- Up-to-date: /home/hashim/Desktop/comp0250_s26_labs/install/cw2_world_spawner/include/cw2_world_spawner/cw2_world_spawner/srv/task2_service.hpp
[2.371s] -- Up-to-date: /home/hashim/Desktop/comp0250_s26_labs/install/cw2_world_spawner/include/cw2_world_spawner/cw2_world_spawner/srv/task1_service.hpp
[2.372s] -- Up-to-date: /home/hashim/Desktop/comp0250_s26_labs/install/cw2_world_spawner/include/cw2_world_spawner/cw2_world_spawner/srv/task_setup.hpp
[2.372s] -- Up-to-date: /home/hashim/Desktop/comp0250_s26_labs/install/cw2_world_spawner/include/cw2_world_spawner/cw2_world_spawner/srv/task3_service.hpp
[2.372s] -- Up-to-date: /home/hashim/Desktop/comp0250_s26_labs/install/cw2_world_spawner/include/cw2_world_spawner/cw2_world_spawner
[2.372s] -- Up-to-date: /home/hashim/Desktop/comp0250_s26_labs/install/cw2_world_spawner/include/cw2_world_spawner/cw2_world_spawner/msg
[2.372s] -- Up-to-date: /home/hashim/Desktop/comp0250_s26_labs/install/cw2_world_spawner/include/cw2_world_spawner/cw2_world_spawner/msg/rosidl_typesupport_fastrtps_cpp__visibility_control.h
[2.372s] -- Up-to-date: /home/hashim/Desktop/comp0250_s26_labs/install/cw2_world_spawner/include/cw2_world_spawner/cw2_world_spawner/srv
[2.372s] -- Up-to-date: /home/hashim/Desktop/comp0250_s26_labs/install/cw2_world_spawner/include/cw2_world_spawner/cw2_world_spawner/srv/detail
[2.372s] -- Up-to-date: /home/hashim/Desktop/comp0250_s26_labs/install/cw2_world_spawner/include/cw2_world_spawner/cw2_world_spawner/srv/detail/dds_fastrtps
[2.372s] -- Up-to-date: /home/hashim/Desktop/comp0250_s26_labs/install/cw2_world_spawner/include/cw2_world_spawner/cw2_world_spawner/srv/detail/task2_service__rosidl_typesupport_fastrtps_cpp.hpp
[2.372s] -- Up-to-date: /home/hashim/Desktop/comp0250_s26_labs/install/cw2_world_spawner/include/cw2_world_spawner/cw2_world_spawner/srv/detail/task3_service__rosidl_typesupport_fastrtps_cpp.hpp
[2.372s] -- Up-to-date: /home/hashim/Desktop/comp0250_s26_labs/install/cw2_world_spawner/include/cw2_world_spawner/cw2_world_spawner/srv/detail/task_setup__rosidl_typesupport_fastrtps_cpp.hpp
[2.372s] -- Up-to-date: /home/hashim/Desktop/comp0250_s26_labs/install/cw2_world_spawner/include/cw2_world_spawner/cw2_world_spawner/srv/detail/task1_service__rosidl_typesupport_fastrtps_cpp.hpp
[2.373s] -- Up-to-date: /home/hashim/Desktop/comp0250_s26_labs/install/cw2_world_spawner/lib/libcw2_world_spawner__rosidl_typesupport_fastrtps_cpp.so
[2.373s] -- Up-to-date: /home/hashim/Desktop/comp0250_s26_labs/install/cw2_world_spawner/include/cw2_world_spawner/cw2_world_spawner
[2.373s] -- Up-to-date: /home/hashim/Desktop/comp0250_s26_labs/install/cw2_world_spawner/include/cw2_world_spawner/cw2_world_spawner/srv
[2.373s] -- Up-to-date: /home/hashim/Desktop/comp0250_s26_labs/install/cw2_world_spawner/include/cw2_world_spawner/cw2_world_spawner/srv/detail
[2.373s] -- Up-to-date: /home/hashim/Desktop/comp0250_s26_labs/install/cw2_world_spawner/include/cw2_world_spawner/cw2_world_spawner/srv/detail/task2_service__type_support.cpp
[2.373s] -- Up-to-date: /home/hashim/Desktop/comp0250_s26_labs/install/cw2_world_spawner/include/cw2_world_spawner/cw2_world_spawner/srv/detail/task1_service__type_support.cpp
[2.373s] -- Up-to-date: /home/hashim/Desktop/comp0250_s26_labs/install/cw2_world_spawner/include/cw2_world_spawner/cw2_world_spawner/srv/detail/task_setup__type_support.cpp
[2.373s] -- Up-to-date: /home/hashim/Desktop/comp0250_s26_labs/install/cw2_world_spawner/include/cw2_world_spawner/cw2_world_spawner/srv/detail/task1_service__rosidl_typesupport_introspection_cpp.hpp
[2.373s] -- Up-to-date: /home/hashim/Desktop/comp0250_s26_labs/install/cw2_world_spawner/include/cw2_world_spawner/cw2_world_spawner/srv/detail/task2_service__rosidl_typesupport_introspection_cpp.hpp
[2.373s] -- Up-to-date: /home/hashim/Desktop/comp0250_s26_labs/install/cw2_world_spawner/include/cw2_world_spawner/cw2_world_spawner/srv/detail/task_setup__rosidl_typesupport_introspection_cpp.hpp
[2.373s] -- Up-to-date: /home/hashim/Desktop/comp0250_s26_labs/install/cw2_world_spawner/include/cw2_world_spawner/cw2_world_spawner/srv/detail/task3_service__type_support.cpp
[2.373s] -- Up-to-date: /home/hashim/Desktop/comp0250_s26_labs/install/cw2_world_spawner/include/cw2_world_spawner/cw2_world_spawner/srv/detail/task3_service__rosidl_typesupport_introspection_cpp.hpp
[2.374s] -- Up-to-date: /home/hashim/Desktop/comp0250_s26_labs/install/cw2_world_spawner/lib/libcw2_world_spawner__rosidl_typesupport_introspection_cpp.so
[2.374s] -- Up-to-date: /home/hashim/Desktop/comp0250_s26_labs/install/cw2_world_spawner/lib/libcw2_world_spawner__rosidl_typesupport_cpp.so
[2.374s] -- Up-to-date: /home/hashim/Desktop/comp0250_s26_labs/install/cw2_world_spawner/share/cw2_world_spawner/environment/pythonpath.sh
[2.374s] -- Installing: /home/hashim/Desktop/comp0250_s26_labs/install/cw2_world_spawner/share/cw2_world_spawner/environment/pythonpath.dsv
[2.374s] -- Up-to-date: /home/hashim/Desktop/comp0250_s26_labs/install/cw2_world_spawner/local/lib/python3.10/dist-packages/cw2_world_spawner-0.1.0-py3.10.egg-info
[2.374s] -- Installing: /home/hashim/Desktop/comp0250_s26_labs/install/cw2_world_spawner/local/lib/python3.10/dist-packages/cw2_world_spawner-0.1.0-py3.10.egg-info/dependency_links.txt
[2.374s] -- Installing: /home/hashim/Desktop/comp0250_s26_labs/install/cw2_world_spawner/local/lib/python3.10/dist-packages/cw2_world_spawner-0.1.0-py3.10.egg-info/PKG-INFO
[2.374s] -- Installing: /home/hashim/Desktop/comp0250_s26_labs/install/cw2_world_spawner/local/lib/python3.10/dist-packages/cw2_world_spawner-0.1.0-py3.10.egg-info/SOURCES.txt
[2.374s] -- Installing: /home/hashim/Desktop/comp0250_s26_labs/install/cw2_world_spawner/local/lib/python3.10/dist-packages/cw2_world_spawner-0.1.0-py3.10.egg-info/top_level.txt
[2.374s] -- Up-to-date: /home/hashim/Desktop/comp0250_s26_labs/install/cw2_world_spawner/local/lib/python3.10/dist-packages/cw2_world_spawner
[2.374s] -- Up-to-date: /home/hashim/Desktop/comp0250_s26_labs/install/cw2_world_spawner/local/lib/python3.10/dist-packages/cw2_world_spawner/_cw2_world_spawner_s.ep.rosidl_typesupport_fastrtps_c.c
[2.374s] -- Up-to-date: /home/hashim/Desktop/comp0250_s26_labs/install/cw2_world_spawner/local/lib/python3.10/dist-packages/cw2_world_spawner/cw2_world_spawner_s__rosidl_typesupport_introspection_c.cpython-310-x86_64-linux-gnu.so
[2.375s] -- Up-to-date: /home/hashim/Desktop/comp0250_s26_labs/install/cw2_world_spawner/local/lib/python3.10/dist-packages/cw2_world_spawner/srv
[2.375s] -- Up-to-date: /home/hashim/Desktop/comp0250_s26_labs/install/cw2_world_spawner/local/lib/python3.10/dist-packages/cw2_world_spawner/srv/_task3_service_s.c
[2.375s] -- Up-to-date: /home/hashim/Desktop/comp0250_s26_labs/install/cw2_world_spawner/local/lib/python3.10/dist-packages/cw2_world_spawner/srv/_task2_service_s.c
[2.375s] -- Up-to-date: /home/hashim/Desktop/comp0250_s26_labs/install/cw2_world_spawner/local/lib/python3.10/dist-packages/cw2_world_spawner/srv/_task1_service_s.c
[2.375s] -- Up-to-date: /home/hashim/Desktop/comp0250_s26_labs/install/cw2_world_spawner/local/lib/python3.10/dist-packages/cw2_world_spawner/srv/_task1_service.py
[2.375s] -- Up-to-date: /home/hashim/Desktop/comp0250_s26_labs/install/cw2_world_spawner/local/lib/python3.10/dist-packages/cw2_world_spawner/srv/_task3_service.py
[2.375s] -- Up-to-date: /home/hashim/Desktop/comp0250_s26_labs/install/cw2_world_spawner/local/lib/python3.10/dist-packages/cw2_world_spawner/srv/_task_setup_s.c
[2.375s] -- Up-to-date: /home/hashim/Desktop/comp0250_s26_labs/install/cw2_world_spawner/local/lib/python3.10/dist-packages/cw2_world_spawner/srv/__init__.py
[2.375s] -- Up-to-date: /home/hashim/Desktop/comp0250_s26_labs/install/cw2_world_spawner/local/lib/python3.10/dist-packages/cw2_world_spawner/srv/_task_setup.py
[2.375s] -- Up-to-date: /home/hashim/Desktop/comp0250_s26_labs/install/cw2_world_spawner/local/lib/python3.10/dist-packages/cw2_world_spawner/srv/_task2_service.py
[2.375s] -- Up-to-date: /home/hashim/Desktop/comp0250_s26_labs/install/cw2_world_spawner/local/lib/python3.10/dist-packages/cw2_world_spawner/cw2_world_spawner_s__rosidl_typesupport_c.cpython-310-x86_64-linux-gnu.so
[2.375s] -- Up-to-date: /home/hashim/Desktop/comp0250_s26_labs/install/cw2_world_spawner/local/lib/python3.10/dist-packages/cw2_world_spawner/libcw2_world_spawner__rosidl_generator_py.so
[2.375s] -- Up-to-date: /home/hashim/Desktop/comp0250_s26_labs/install/cw2_world_spawner/local/lib/python3.10/dist-packages/cw2_world_spawner/cw2_world_spawner_s__rosidl_typesupport_fastrtps_c.cpython-310-x86_64-linux-gnu.so
[2.376s] -- Up-to-date: /home/hashim/Desktop/comp0250_s26_labs/install/cw2_world_spawner/local/lib/python3.10/dist-packages/cw2_world_spawner/_cw2_world_spawner_s.ep.rosidl_typesupport_c.c
[2.376s] -- Installing: /home/hashim/Desktop/comp0250_s26_labs/install/cw2_world_spawner/local/lib/python3.10/dist-packages/cw2_world_spawner/__init__.py
[2.376s] -- Up-to-date: /home/hashim/Desktop/comp0250_s26_labs/install/cw2_world_spawner/local/lib/python3.10/dist-packages/cw2_world_spawner/_cw2_world_spawner_s.ep.rosidl_typesupport_introspection_c.c
[2.427s] Listing '/home/hashim/Desktop/comp0250_s26_labs/install/cw2_world_spawner/local/lib/python3.10/dist-packages/cw2_world_spawner'...
[2.427s] Compiling '/home/hashim/Desktop/comp0250_s26_labs/install/cw2_world_spawner/local/lib/python3.10/dist-packages/cw2_world_spawner/__init__.py'...
[2.427s] Listing '/home/hashim/Desktop/comp0250_s26_labs/install/cw2_world_spawner/local/lib/python3.10/dist-packages/cw2_world_spawner/srv'...
[2.435s] -- Up-to-date: /home/hashim/Desktop/comp0250_s26_labs/install/cw2_world_spawner/local/lib/python3.10/dist-packages/cw2_world_spawner/cw2_world_spawner_s__rosidl_typesupport_fastrtps_c.cpython-310-x86_64-linux-gnu.so
[2.437s] -- Up-to-date: /home/hashim/Desktop/comp0250_s26_labs/install/cw2_world_spawner/local/lib/python3.10/dist-packages/cw2_world_spawner/cw2_world_spawner_s__rosidl_typesupport_introspection_c.cpython-310-x86_64-linux-gnu.so
[2.438s] -- Up-to-date: /home/hashim/Desktop/comp0250_s26_labs/install/cw2_world_spawner/local/lib/python3.10/dist-packages/cw2_world_spawner/cw2_world_spawner_s__rosidl_typesupport_c.cpython-310-x86_64-linux-gnu.so
[2.439s] -- Up-to-date: /home/hashim/Desktop/comp0250_s26_labs/install/cw2_world_spawner/lib/libcw2_world_spawner__rosidl_generator_py.so
[2.439s] -- Up-to-date: /home/hashim/Desktop/comp0250_s26_labs/install/cw2_world_spawner/share/ament_index/resource_index/rust_packages/cw2_world_spawner
[2.440s] -- Up-to-date: /home/hashim/Desktop/comp0250_s26_labs/install/cw2_world_spawner/share/cw2_world_spawner/rust
[2.440s] -- Up-to-date: /home/hashim/Desktop/comp0250_s26_labs/install/cw2_world_spawner/share/cw2_world_spawner/rust/src
[2.440s] -- Up-to-date: /home/hashim/Desktop/comp0250_s26_labs/install/cw2_world_spawner/share/cw2_world_spawner/rust/src/lib.rs
[2.441s] -- Up-to-date: /home/hashim/Desktop/comp0250_s26_labs/install/cw2_world_spawner/share/cw2_world_spawner/rust/src/srv
[2.441s] -- Up-to-date: /home/hashim/Desktop/comp0250_s26_labs/install/cw2_world_spawner/share/cw2_world_spawner/rust/src/srv/rmw.rs
[2.441s] -- Up-to-date: /home/hashim/Desktop/comp0250_s26_labs/install/cw2_world_spawner/share/cw2_world_spawner/rust/src/srv.rs
[2.441s] -- Up-to-date: /home/hashim/Desktop/comp0250_s26_labs/install/cw2_world_spawner/share/cw2_world_spawner/rust/build.rs
[2.442s] -- Up-to-date: /home/hashim/Desktop/comp0250_s26_labs/install/cw2_world_spawner/share/cw2_world_spawner/rust/Cargo.toml
[2.442s] -- Up-to-date: /home/hashim/Desktop/comp0250_s26_labs/install/cw2_world_spawner/share/cw2_world_spawner/srv/TaskSetup.idl
[2.442s] -- Up-to-date: /home/hashim/Desktop/comp0250_s26_labs/install/cw2_world_spawner/share/cw2_world_spawner/srv/Task1Service.idl
[2.442s] -- Up-to-date: /home/hashim/Desktop/comp0250_s26_labs/install/cw2_world_spawner/share/cw2_world_spawner/srv/Task2Service.idl
[2.443s] -- Up-to-date: /home/hashim/Desktop/comp0250_s26_labs/install/cw2_world_spawner/share/cw2_world_spawner/srv/Task3Service.idl
[2.443s] -- Up-to-date: /home/hashim/Desktop/comp0250_s26_labs/install/cw2_world_spawner/share/cw2_world_spawner/srv/TaskSetup.srv
[2.443s] -- Up-to-date: /home/hashim/Desktop/comp0250_s26_labs/install/cw2_world_spawner/share/cw2_world_spawner/srv/TaskSetup_Request.msg
[2.444s] -- Up-to-date: /home/hashim/Desktop/comp0250_s26_labs/install/cw2_world_spawner/share/cw2_world_spawner/srv/TaskSetup_Response.msg
[2.444s] -- Up-to-date: /home/hashim/Desktop/comp0250_s26_labs/install/cw2_world_spawner/share/cw2_world_spawner/srv/Task1Service.srv
[2.444s] -- Up-to-date: /home/hashim/Desktop/comp0250_s26_labs/install/cw2_world_spawner/share/cw2_world_spawner/srv/Task1Service_Request.msg
[2.444s] -- Up-to-date: /home/hashim/Desktop/comp0250_s26_labs/install/cw2_world_spawner/share/cw2_world_spawner/srv/Task1Service_Response.msg
[2.445s] -- Up-to-date: /home/hashim/Desktop/comp0250_s26_labs/install/cw2_world_spawner/share/cw2_world_spawner/srv/Task2Service.srv
[2.445s] -- Up-to-date: /home/hashim/Desktop/comp0250_s26_labs/install/cw2_world_spawner/share/cw2_world_spawner/srv/Task2Service_Request.msg
[2.445s] -- Up-to-date: /home/hashim/Desktop/comp0250_s26_labs/install/cw2_world_spawner/share/cw2_world_spawner/srv/Task2Service_Response.msg
[2.446s] -- Up-to-date: /home/hashim/Desktop/comp0250_s26_labs/install/cw2_world_spawner/share/cw2_world_spawner/srv/Task3Service.srv
[2.446s] -- Up-to-date: /home/hashim/Desktop/comp0250_s26_labs/install/cw2_world_spawner/share/cw2_world_spawner/srv/Task3Service_Request.msg
[2.446s] -- Up-to-date: /home/hashim/Desktop/comp0250_s26_labs/install/cw2_world_spawner/share/cw2_world_spawner/srv/Task3Service_Response.msg
[2.446s] -- Up-to-date: /home/hashim/Desktop/comp0250_s26_labs/install/cw2_world_spawner/local/lib/python3.10/dist-packages/cw2_world_spawner_lib-0.1.0-py3.10.egg-info
[2.447s] -- Installing: /home/hashim/Desktop/comp0250_s26_labs/install/cw2_world_spawner/local/lib/python3.10/dist-packages/cw2_world_spawner_lib-0.1.0-py3.10.egg-info/dependency_links.txt
[2.447s] -- Installing: /home/hashim/Desktop/comp0250_s26_labs/install/cw2_world_spawner/local/lib/python3.10/dist-packages/cw2_world_spawner_lib-0.1.0-py3.10.egg-info/PKG-INFO
[2.447s] -- Installing: /home/hashim/Desktop/comp0250_s26_labs/install/cw2_world_spawner/local/lib/python3.10/dist-packages/cw2_world_spawner_lib-0.1.0-py3.10.egg-info/SOURCES.txt
[2.448s] -- Installing: /home/hashim/Desktop/comp0250_s26_labs/install/cw2_world_spawner/local/lib/python3.10/dist-packages/cw2_world_spawner_lib-0.1.0-py3.10.egg-info/top_level.txt
[2.448s] -- Up-to-date: /home/hashim/Desktop/comp0250_s26_labs/install/cw2_world_spawner/local/lib/python3.10/dist-packages/cw2_world_spawner_lib
[2.448s] -- Up-to-date: /home/hashim/Desktop/comp0250_s26_labs/install/cw2_world_spawner/local/lib/python3.10/dist-packages/cw2_world_spawner_lib/__init__.py
[2.448s] -- Up-to-date: /home/hashim/Desktop/comp0250_s26_labs/install/cw2_world_spawner/local/lib/python3.10/dist-packages/cw2_world_spawner_lib/coursework_world_spawner.py
[2.498s] Listing '/home/hashim/Desktop/comp0250_s26_labs/install/cw2_world_spawner/local/lib/python3.10/dist-packages/cw2_world_spawner_lib'...
[2.514s] -- Up-to-date: /home/hashim/Desktop/comp0250_s26_labs/install/cw2_world_spawner/lib/cw2_world_spawner/world_spawner.py
[2.515s] -- Up-to-date: /home/hashim/Desktop/comp0250_s26_labs/install/cw2_world_spawner/share/cw2_world_spawner/models
[2.515s] -- Up-to-date: /home/hashim/Desktop/comp0250_s26_labs/install/cw2_world_spawner/share/cw2_world_spawner/models/obstacle_3
[2.515s] -- Up-to-date: /home/hashim/Desktop/comp0250_s26_labs/install/cw2_world_spawner/share/cw2_world_spawner/models/obstacle_3/model.config
[2.515s] -- Up-to-date: /home/hashim/Desktop/comp0250_s26_labs/install/cw2_world_spawner/share/cw2_world_spawner/models/obstacle_3/model.sdf
[2.515s] -- Up-to-date: /home/hashim/Desktop/comp0250_s26_labs/install/cw2_world_spawner/share/cw2_world_spawner/models/nought_blue_20mm
[2.515s] -- Up-to-date: /home/hashim/Desktop/comp0250_s26_labs/install/cw2_world_spawner/share/cw2_world_spawner/models/nought_blue_20mm/nought_20mm_40H.STL
[2.515s] -- Up-to-date: /home/hashim/Desktop/comp0250_s26_labs/install/cw2_world_spawner/share/cw2_world_spawner/models/nought_blue_20mm/model.config
[2.515s] -- Up-to-date: /home/hashim/Desktop/comp0250_s26_labs/install/cw2_world_spawner/share/cw2_world_spawner/models/nought_blue_20mm/model.sdf
[2.515s] -- Up-to-date: /home/hashim/Desktop/comp0250_s26_labs/install/cw2_world_spawner/share/cw2_world_spawner/models/cross_purple_30mm
[2.515s] -- Up-to-date: /home/hashim/Desktop/comp0250_s26_labs/install/cw2_world_spawner/share/cw2_world_spawner/models/cross_purple_30mm/model.config
[2.515s] -- Up-to-date: /home/hashim/Desktop/comp0250_s26_labs/install/cw2_world_spawner/share/cw2_world_spawner/models/cross_purple_30mm/model.sdf
[2.515s] -- Up-to-date: /home/hashim/Desktop/comp0250_s26_labs/install/cw2_world_spawner/share/cw2_world_spawner/models/cross_purple_30mm/cross_30mm_40H.STL
[2.515s] -- Up-to-date: /home/hashim/Desktop/comp0250_s26_labs/install/cw2_world_spawner/share/cw2_world_spawner/models/cross_purple_20mm
[2.516s] -- Up-to-date: /home/hashim/Desktop/comp0250_s26_labs/install/cw2_world_spawner/share/cw2_world_spawner/models/cross_purple_20mm/model.config
[2.516s] -- Up-to-date: /home/hashim/Desktop/comp0250_s26_labs/install/cw2_world_spawner/share/cw2_world_spawner/models/cross_purple_20mm/model.sdf
[2.516s] -- Up-to-date: /home/hashim/Desktop/comp0250_s26_labs/install/cw2_world_spawner/share/cw2_world_spawner/models/cross_purple_20mm/cross_40mm.STL
[2.516s] -- Up-to-date: /home/hashim/Desktop/comp0250_s26_labs/install/cw2_world_spawner/share/cw2_world_spawner/models/cross_purple_20mm/cross_20mm_40H.STL
[2.516s] -- Up-to-date: /home/hashim/Desktop/comp0250_s26_labs/install/cw2_world_spawner/share/cw2_world_spawner/models/nought_purple_20mm
[2.516s] -- Up-to-date: /home/hashim/Desktop/comp0250_s26_labs/install/cw2_world_spawner/share/cw2_world_spawner/models/nought_purple_20mm/nought_20mm_40H.STL
[2.516s] -- Up-to-date: /home/hashim/Desktop/comp0250_s26_labs/install/cw2_world_spawner/share/cw2_world_spawner/models/nought_purple_20mm/model.config
[2.516s] -- Up-to-date: /home/hashim/Desktop/comp0250_s26_labs/install/cw2_world_spawner/share/cw2_world_spawner/models/nought_purple_20mm/model.sdf
[2.516s] -- Up-to-date: /home/hashim/Desktop/comp0250_s26_labs/install/cw2_world_spawner/share/cw2_world_spawner/models/cross_red_30mm
[2.516s] -- Up-to-date: /home/hashim/Desktop/comp0250_s26_labs/install/cw2_world_spawner/share/cw2_world_spawner/models/cross_red_30mm/model.config
[2.516s] -- Up-to-date: /home/hashim/Desktop/comp0250_s26_labs/install/cw2_world_spawner/share/cw2_world_spawner/models/cross_red_30mm/model.sdf
[2.517s] -- Up-to-date: /home/hashim/Desktop/comp0250_s26_labs/install/cw2_world_spawner/share/cw2_world_spawner/models/cross_red_30mm/cross_30mm_40H.STL
[2.517s] -- Up-to-date: /home/hashim/Desktop/comp0250_s26_labs/install/cw2_world_spawner/share/cw2_world_spawner/models/nought_blue_30mm
[2.517s] -- Up-to-date: /home/hashim/Desktop/comp0250_s26_labs/install/cw2_world_spawner/share/cw2_world_spawner/models/nought_blue_30mm/nought_30mm_40H.STL
[2.517s] -- Up-to-date: /home/hashim/Desktop/comp0250_s26_labs/install/cw2_world_spawner/share/cw2_world_spawner/models/nought_blue_30mm/model.config
[2.517s] -- Up-to-date: /home/hashim/Desktop/comp0250_s26_labs/install/cw2_world_spawner/share/cw2_world_spawner/models/nought_blue_30mm/model.sdf
[2.517s] -- Up-to-date: /home/hashim/Desktop/comp0250_s26_labs/install/cw2_world_spawner/share/cw2_world_spawner/models/cross_red_20mm
[2.517s] -- Up-to-date: /home/hashim/Desktop/comp0250_s26_labs/install/cw2_world_spawner/share/cw2_world_spawner/models/cross_red_20mm/model.config
[2.517s] -- Up-to-date: /home/hashim/Desktop/comp0250_s26_labs/install/cw2_world_spawner/share/cw2_world_spawner/models/cross_red_20mm/model.sdf
[2.517s] -- Up-to-date: /home/hashim/Desktop/comp0250_s26_labs/install/cw2_world_spawner/share/cw2_world_spawner/models/cross_red_20mm/cross_40mm.STL
[2.517s] -- Up-to-date: /home/hashim/Desktop/comp0250_s26_labs/install/cw2_world_spawner/share/cw2_world_spawner/models/cross_red_20mm/cross_20mm_40H.STL
[2.517s] -- Up-to-date: /home/hashim/Desktop/comp0250_s26_labs/install/cw2_world_spawner/share/cw2_world_spawner/models/nought_red_20mm
[2.517s] -- Up-to-date: /home/hashim/Desktop/comp0250_s26_labs/install/cw2_world_spawner/share/cw2_world_spawner/models/nought_red_20mm/nought_20mm_40H.STL
[2.517s] -- Up-to-date: /home/hashim/Desktop/comp0250_s26_labs/install/cw2_world_spawner/share/cw2_world_spawner/models/nought_red_20mm/model.config
[2.518s] -- Up-to-date: /home/hashim/Desktop/comp0250_s26_labs/install/cw2_world_spawner/share/cw2_world_spawner/models/nought_red_20mm/model.sdf
[2.518s] -- Up-to-date: /home/hashim/Desktop/comp0250_s26_labs/install/cw2_world_spawner/share/cw2_world_spawner/models/nought_purple_30mm
[2.518s] -- Up-to-date: /home/hashim/Desktop/comp0250_s26_labs/install/cw2_world_spawner/share/cw2_world_spawner/models/nought_purple_30mm/nought_30mm_40H.STL
[2.518s] -- Up-to-date: /home/hashim/Desktop/comp0250_s26_labs/install/cw2_world_spawner/share/cw2_world_spawner/models/nought_purple_30mm/model.config
[2.518s] -- Up-to-date: /home/hashim/Desktop/comp0250_s26_labs/install/cw2_world_spawner/share/cw2_world_spawner/models/nought_purple_30mm/model.sdf
[2.518s] -- Up-to-date: /home/hashim/Desktop/comp0250_s26_labs/install/cw2_world_spawner/share/cw2_world_spawner/models/obstacle_2
[2.518s] -- Up-to-date: /home/hashim/Desktop/comp0250_s26_labs/install/cw2_world_spawner/share/cw2_world_spawner/models/obstacle_2/model.config
[2.518s] -- Up-to-date: /home/hashim/Desktop/comp0250_s26_labs/install/cw2_world_spawner/share/cw2_world_spawner/models/obstacle_2/model.sdf
[2.519s] -- Up-to-date: /home/hashim/Desktop/comp0250_s26_labs/install/cw2_world_spawner/share/cw2_world_spawner/models/basket
[2.519s] -- Up-to-date: /home/hashim/Desktop/comp0250_s26_labs/install/cw2_world_spawner/share/cw2_world_spawner/models/basket/model.config
[2.519s] -- Up-to-date: /home/hashim/Desktop/comp0250_s26_labs/install/cw2_world_spawner/share/cw2_world_spawner/models/basket/model.sdf
[2.519s] -- Up-to-date: /home/hashim/Desktop/comp0250_s26_labs/install/cw2_world_spawner/share/cw2_world_spawner/models/basket/model.sdf.xmacro
[2.519s] -- Up-to-date: /home/hashim/Desktop/comp0250_s26_labs/install/cw2_world_spawner/share/cw2_world_spawner/models/obstacle_4
[2.519s] -- Up-to-date: /home/hashim/Desktop/comp0250_s26_labs/install/cw2_world_spawner/share/cw2_world_spawner/models/obstacle_4/model.config
[2.519s] -- Up-to-date: /home/hashim/Desktop/comp0250_s26_labs/install/cw2_world_spawner/share/cw2_world_spawner/models/obstacle_4/model.sdf
[2.519s] -- Up-to-date: /home/hashim/Desktop/comp0250_s26_labs/install/cw2_world_spawner/share/cw2_world_spawner/models/nought_blue_40mm
[2.519s] -- Up-to-date: /home/hashim/Desktop/comp0250_s26_labs/install/cw2_world_spawner/share/cw2_world_spawner/models/nought_blue_40mm/nought_40mm.STL
[2.520s] -- Up-to-date: /home/hashim/Desktop/comp0250_s26_labs/install/cw2_world_spawner/share/cw2_world_spawner/models/nought_blue_40mm/model.config
[2.520s] -- Up-to-date: /home/hashim/Desktop/comp0250_s26_labs/install/cw2_world_spawner/share/cw2_world_spawner/models/nought_blue_40mm/model.sdf
[2.520s] -- Up-to-date: /home/hashim/Desktop/comp0250_s26_labs/install/cw2_world_spawner/share/cw2_world_spawner/models/nought_red_30mm
[2.520s] -- Up-to-date: /home/hashim/Desktop/comp0250_s26_labs/install/cw2_world_spawner/share/cw2_world_spawner/models/nought_red_30mm/nought_30mm_40H.STL
[2.520s] -- Up-to-date: /home/hashim/Desktop/comp0250_s26_labs/install/cw2_world_spawner/share/cw2_world_spawner/models/nought_red_30mm/model.config
[2.520s] -- Up-to-date: /home/hashim/Desktop/comp0250_s26_labs/install/cw2_world_spawner/share/cw2_world_spawner/models/nought_red_30mm/model.sdf
[2.520s] -- Up-to-date: /home/hashim/Desktop/comp0250_s26_labs/install/cw2_world_spawner/share/cw2_world_spawner/models/nought_purple_40mm
[2.520s] -- Up-to-date: /home/hashim/Desktop/comp0250_s26_labs/install/cw2_world_spawner/share/cw2_world_spawner/models/nought_purple_40mm/nought_40mm.STL
[2.520s] -- Up-to-date: /home/hashim/Desktop/comp0250_s26_labs/install/cw2_world_spawner/share/cw2_world_spawner/models/nought_purple_40mm/model.config
[2.520s] -- Up-to-date: /home/hashim/Desktop/comp0250_s26_labs/install/cw2_world_spawner/share/cw2_world_spawner/models/nought_purple_40mm/model.sdf
[2.520s] -- Up-to-date: /home/hashim/Desktop/comp0250_s26_labs/install/cw2_world_spawner/share/cw2_world_spawner/models/nought_red_40mm
[2.520s] -- Up-to-date: /home/hashim/Desktop/comp0250_s26_labs/install/cw2_world_spawner/share/cw2_world_spawner/models/nought_red_40mm/nought_40mm.STL
[2.520s] -- Up-to-date: /home/hashim/Desktop/comp0250_s26_labs/install/cw2_world_spawner/share/cw2_world_spawner/models/nought_red_40mm/model.config
[2.520s] -- Up-to-date: /home/hashim/Desktop/comp0250_s26_labs/install/cw2_world_spawner/share/cw2_world_spawner/models/nought_red_40mm/model.sdf
[2.521s] -- Up-to-date: /home/hashim/Desktop/comp0250_s26_labs/install/cw2_world_spawner/share/cw2_world_spawner/models/cross_blue_20mm
[2.521s] -- Up-to-date: /home/hashim/Desktop/comp0250_s26_labs/install/cw2_world_spawner/share/cw2_world_spawner/models/cross_blue_20mm/model.config
[2.521s] -- Up-to-date: /home/hashim/Desktop/comp0250_s26_labs/install/cw2_world_spawner/share/cw2_world_spawner/models/cross_blue_20mm/model.sdf
[2.521s] -- Up-to-date: /home/hashim/Desktop/comp0250_s26_labs/install/cw2_world_spawner/share/cw2_world_spawner/models/cross_blue_20mm/cross_40mm.STL
[2.521s] -- Up-to-date: /home/hashim/Desktop/comp0250_s26_labs/install/cw2_world_spawner/share/cw2_world_spawner/models/cross_blue_20mm/cross_20mm_40H.STL
[2.521s] -- Up-to-date: /home/hashim/Desktop/comp0250_s26_labs/install/cw2_world_spawner/share/cw2_world_spawner/models/cross_purple_40mm
[2.521s] -- Up-to-date: /home/hashim/Desktop/comp0250_s26_labs/install/cw2_world_spawner/share/cw2_world_spawner/models/cross_purple_40mm/model.config
[2.521s] -- Up-to-date: /home/hashim/Desktop/comp0250_s26_labs/install/cw2_world_spawner/share/cw2_world_spawner/models/cross_purple_40mm/model.sdf
[2.521s] -- Up-to-date: /home/hashim/Desktop/comp0250_s26_labs/install/cw2_world_spawner/share/cw2_world_spawner/models/cross_purple_40mm/cross_40mm.STL
[2.521s] -- Up-to-date: /home/hashim/Desktop/comp0250_s26_labs/install/cw2_world_spawner/share/cw2_world_spawner/models/obstacle_1
[2.521s] -- Up-to-date: /home/hashim/Desktop/comp0250_s26_labs/install/cw2_world_spawner/share/cw2_world_spawner/models/obstacle_1/model.config
[2.521s] -- Up-to-date: /home/hashim/Desktop/comp0250_s26_labs/install/cw2_world_spawner/share/cw2_world_spawner/models/obstacle_1/model.sdf
[2.522s] -- Up-to-date: /home/hashim/Desktop/comp0250_s26_labs/install/cw2_world_spawner/share/cw2_world_spawner/models/all_tiles
[2.522s] -- Up-to-date: /home/hashim/Desktop/comp0250_s26_labs/install/cw2_world_spawner/share/cw2_world_spawner/models/all_tiles/model.config
[2.522s] -- Up-to-date: /home/hashim/Desktop/comp0250_s26_labs/install/cw2_world_spawner/share/cw2_world_spawner/models/all_tiles/model.sdf
[2.522s] -- Up-to-date: /home/hashim/Desktop/comp0250_s26_labs/install/cw2_world_spawner/share/cw2_world_spawner/models/all_tiles/model.sdf.xmacro
[2.522s] -- Up-to-date: /home/hashim/Desktop/comp0250_s26_labs/install/cw2_world_spawner/share/cw2_world_spawner/models/cross_red_40mm
[2.522s] -- Up-to-date: /home/hashim/Desktop/comp0250_s26_labs/install/cw2_world_spawner/share/cw2_world_spawner/models/cross_red_40mm/model.config
[2.522s] -- Up-to-date: /home/hashim/Desktop/comp0250_s26_labs/install/cw2_world_spawner/share/cw2_world_spawner/models/cross_red_40mm/model.sdf
[2.522s] -- Up-to-date: /home/hashim/Desktop/comp0250_s26_labs/install/cw2_world_spawner/share/cw2_world_spawner/models/cross_red_40mm/cross_40mm.STL
[2.522s] -- Up-to-date: /home/hashim/Desktop/comp0250_s26_labs/install/cw2_world_spawner/share/cw2_world_spawner/models/cross_blue_30mm
[2.522s] -- Up-to-date: /home/hashim/Desktop/comp0250_s26_labs/install/cw2_world_spawner/share/cw2_world_spawner/models/cross_blue_30mm/model.config
[2.522s] -- Up-to-date: /home/hashim/Desktop/comp0250_s26_labs/install/cw2_world_spawner/share/cw2_world_spawner/models/cross_blue_30mm/model.sdf
[2.522s] -- Up-to-date: /home/hashim/Desktop/comp0250_s26_labs/install/cw2_world_spawner/share/cw2_world_spawner/models/cross_blue_30mm/cross_30mm_40H.STL
[2.523s] -- Up-to-date: /home/hashim/Desktop/comp0250_s26_labs/install/cw2_world_spawner/share/cw2_world_spawner/models/cross_blue_40mm
[2.523s] -- Up-to-date: /home/hashim/Desktop/comp0250_s26_labs/install/cw2_world_spawner/share/cw2_world_spawner/models/cross_blue_40mm/model.config
[2.523s] -- Up-to-date: /home/hashim/Desktop/comp0250_s26_labs/install/cw2_world_spawner/share/cw2_world_spawner/models/cross_blue_40mm/model.sdf
[2.523s] -- Up-to-date: /home/hashim/Desktop/comp0250_s26_labs/install/cw2_world_spawner/share/cw2_world_spawner/models/cross_blue_40mm/cross_40mm.STL
[2.523s] -- Up-to-date: /home/hashim/Desktop/comp0250_s26_labs/install/cw2_world_spawner/share/cw2_world_spawner/launch
[2.523s] -- Up-to-date: /home/hashim/Desktop/comp0250_s26_labs/install/cw2_world_spawner/share/cw2_world_spawner/launch/world_spawner.launch.py
[2.523s] -- Up-to-date: /home/hashim/Desktop/comp0250_s26_labs/install/cw2_world_spawner/share/ament_index/resource_index/package_run_dependencies/cw2_world_spawner
[2.523s] -- Installing: /home/hashim/Desktop/comp0250_s26_labs/install/cw2_world_spawner/share/ament_index/resource_index/parent_prefix_path/cw2_world_spawner
[2.524s] -- Up-to-date: /home/hashim/Desktop/comp0250_s26_labs/install/cw2_world_spawner/share/cw2_world_spawner/environment/ament_prefix_path.sh
[2.524s] -- Installing: /home/hashim/Desktop/comp0250_s26_labs/install/cw2_world_spawner/share/cw2_world_spawner/environment/ament_prefix_path.dsv
[2.524s] -- Up-to-date: /home/hashim/Desktop/comp0250_s26_labs/install/cw2_world_spawner/share/cw2_world_spawner/environment/path.sh
[2.524s] -- Installing: /home/hashim/Desktop/comp0250_s26_labs/install/cw2_world_spawner/share/cw2_world_spawner/environment/path.dsv
[2.524s] -- Up-to-date: /home/hashim/Desktop/comp0250_s26_labs/install/cw2_world_spawner/share/cw2_world_spawner/local_setup.bash
[2.524s] -- Up-to-date: /home/hashim/Desktop/comp0250_s26_labs/install/cw2_world_spawner/share/cw2_world_spawner/local_setup.sh
[2.525s] -- Up-to-date: /home/hashim/Desktop/comp0250_s26_labs/install/cw2_world_spawner/share/cw2_world_spawner/local_setup.zsh
[2.525s] -- Installing: /home/hashim/Desktop/comp0250_s26_labs/install/cw2_world_spawner/share/cw2_world_spawner/local_setup.dsv
[2.525s] -- Installing: /home/hashim/Desktop/comp0250_s26_labs/install/cw2_world_spawner/share/cw2_world_spawner/package.dsv
[2.525s] -- Up-to-date: /home/hashim/Desktop/comp0250_s26_labs/install/cw2_world_spawner/share/ament_index/resource_index/packages/cw2_world_spawner
[2.525s] -- Up-to-date: /home/hashim/Desktop/comp0250_s26_labs/install/cw2_world_spawner/share/cw2_world_spawner/cmake/export_cw2_world_spawner__rosidl_generator_cExport.cmake
[2.525s] -- Up-to-date: /home/hashim/Desktop/comp0250_s26_labs/install/cw2_world_spawner/share/cw2_world_spawner/cmake/export_cw2_world_spawner__rosidl_generator_cExport-release.cmake
[2.525s] -- Up-to-date: /home/hashim/Desktop/comp0250_s26_labs/install/cw2_world_spawner/share/cw2_world_spawner/cmake/export_cw2_world_spawner__rosidl_typesupport_fastrtps_cExport.cmake
[2.525s] -- Up-to-date: /home/hashim/Desktop/comp0250_s26_labs/install/cw2_world_spawner/share/cw2_world_spawner/cmake/export_cw2_world_spawner__rosidl_typesupport_fastrtps_cExport-release.cmake
[2.525s] -- Up-to-date: /home/hashim/Desktop/comp0250_s26_labs/install/cw2_world_spawner/share/cw2_world_spawner/cmake/cw2_world_spawner__rosidl_typesupport_introspection_cExport.cmake
[2.525s] -- Up-to-date: /home/hashim/Desktop/comp0250_s26_labs/install/cw2_world_spawner/share/cw2_world_spawner/cmake/cw2_world_spawner__rosidl_typesupport_introspection_cExport-release.cmake
[2.525s] -- Up-to-date: /home/hashim/Desktop/comp0250_s26_labs/install/cw2_world_spawner/share/cw2_world_spawner/cmake/cw2_world_spawner__rosidl_typesupport_cExport.cmake
[2.525s] -- Up-to-date: /home/hashim/Desktop/comp0250_s26_labs/install/cw2_world_spawner/share/cw2_world_spawner/cmake/cw2_world_spawner__rosidl_typesupport_cExport-release.cmake
[2.525s] -- Up-to-date: /home/hashim/Desktop/comp0250_s26_labs/install/cw2_world_spawner/share/cw2_world_spawner/cmake/export_cw2_world_spawner__rosidl_generator_cppExport.cmake
[2.525s] -- Up-to-date: /home/hashim/Desktop/comp0250_s26_labs/install/cw2_world_spawner/share/cw2_world_spawner/cmake/export_cw2_world_spawner__rosidl_typesupport_fastrtps_cppExport.cmake
[2.526s] -- Up-to-date: /home/hashim/Desktop/comp0250_s26_labs/install/cw2_world_spawner/share/cw2_world_spawner/cmake/export_cw2_world_spawner__rosidl_typesupport_fastrtps_cppExport-release.cmake
[2.526s] -- Up-to-date: /home/hashim/Desktop/comp0250_s26_labs/install/cw2_world_spawner/share/cw2_world_spawner/cmake/cw2_world_spawner__rosidl_typesupport_introspection_cppExport.cmake
[2.526s] -- Up-to-date: /home/hashim/Desktop/comp0250_s26_labs/install/cw2_world_spawner/share/cw2_world_spawner/cmake/cw2_world_spawner__rosidl_typesupport_introspection_cppExport-release.cmake
[2.526s] -- Up-to-date: /home/hashim/Desktop/comp0250_s26_labs/install/cw2_world_spawner/share/cw2_world_spawner/cmake/cw2_world_spawner__rosidl_typesupport_cppExport.cmake
[2.526s] -- Up-to-date: /home/hashim/Desktop/comp0250_s26_labs/install/cw2_world_spawner/share/cw2_world_spawner/cmake/cw2_world_spawner__rosidl_typesupport_cppExport-release.cmake
[2.526s] -- Up-to-date: /home/hashim/Desktop/comp0250_s26_labs/install/cw2_world_spawner/share/cw2_world_spawner/cmake/export_cw2_world_spawner__rosidl_generator_pyExport.cmake
[2.526s] -- Up-to-date: /home/hashim/Desktop/comp0250_s26_labs/install/cw2_world_spawner/share/cw2_world_spawner/cmake/export_cw2_world_spawner__rosidl_generator_pyExport-release.cmake
[2.526s] -- Up-to-date: /home/hashim/Desktop/comp0250_s26_labs/install/cw2_world_spawner/share/cw2_world_spawner/cmake/rosidl_cmake-extras.cmake
[2.526s] -- Up-to-date: /home/hashim/Desktop/comp0250_s26_labs/install/cw2_world_spawner/share/cw2_world_spawner/cmake/ament_cmake_export_dependencies-extras.cmake
[2.526s] -- Up-to-date: /home/hashim/Desktop/comp0250_s26_labs/install/cw2_world_spawner/share/cw2_world_spawner/cmake/ament_cmake_export_include_directories-extras.cmake
[2.526s] -- Up-to-date: /home/hashim/Desktop/comp0250_s26_labs/install/cw2_world_spawner/share/cw2_world_spawner/cmake/ament_cmake_export_libraries-extras.cmake
[2.526s] -- Up-to-date: /home/hashim/Desktop/comp0250_s26_labs/install/cw2_world_spawner/share/cw2_world_spawner/cmake/ament_cmake_export_targets-extras.cmake
[2.526s] -- Up-to-date: /home/hashim/Desktop/comp0250_s26_labs/install/cw2_world_spawner/share/cw2_world_spawner/cmake/rosidl_cmake_export_typesupport_targets-extras.cmake
[2.526s] -- Up-to-date: /home/hashim/Desktop/comp0250_s26_labs/install/cw2_world_spawner/share/cw2_world_spawner/cmake/rosidl_cmake_export_typesupport_libraries-extras.cmake
[2.526s] -- Up-to-date: /home/hashim/Desktop/comp0250_s26_labs/install/cw2_world_spawner/share/cw2_world_spawner/cmake/cw2_world_spawnerConfig.cmake
[2.527s] -- Up-to-date: /home/hashim/Desktop/comp0250_s26_labs/install/cw2_world_spawner/share/cw2_world_spawner/cmake/cw2_world_spawnerConfig-version.cmake
[2.527s] -- Up-to-date: /home/hashim/Desktop/comp0250_s26_labs/install/cw2_world_spawner/share/cw2_world_spawner/package.xml
[2.556s] Invoked command in '/home/hashim/Desktop/comp0250_s26_labs/build/cw2_world_spawner' returned '0': CMAKE_PREFIX_PATH=${CMAKE_PREFIX_PATH}:/opt/ros/humble /usr/bin/cmake --install /home/hashim/Desktop/comp0250_s26_labs/build/cw2_world_spawner
