[0.014s] Invoking command in '/home/hashim/Desktop/comp0250_s26_labs/build/cw2_team_13': CMAKE_PREFIX_PATH=/home/hashim/Desktop/comp0250_s26_labs/install/cw2_world_spawner:/home/hashim/Desktop/comp0250_s26_labs/install/rpl_panda_with_rs:/home/hashim/Desktop/comp0250_s26_labs/install/realsense_gazebo_plugin:/home/hashim/Desktop/comp0250_s26_labs/install/perception_pipeline_humble_demo:/home/hashim/Desktop/comp0250_s26_labs/install/pcl_tutorial:/home/hashim/Desktop/comp0250_s26_labs/install/pcl_demo:/home/hashim/Desktop/comp0250_s26_labs/install/panda_moveit_config:/home/hashim/Desktop/comp0250_s26_labs/install/panda_description:/home/hashim/Desktop/comp0250_s26_labs/install/cw2_team_13:/home/hashim/Desktop/comp0250_s26_labs/install/cw1_team_13:/home/hashim/Desktop/comp0250_s26_labs/install/cw1_world_spawner:/opt/ros/humble LD_LIBRARY_PATH=/home/hashim/Desktop/comp0250_s26_labs/install/cw2_world_spawner/lib:/home/hashim/Desktop/comp0250_s26_labs/install/realsense_gazebo_plugin/lib:/home/hashim/Desktop/comp0250_s26_labs/install/cw2_team_13/lib:/home/hashim/Desktop/comp0250_s26_labs/install/cw1_team_13/lib:/home/hashim/Desktop/comp0250_s26_labs/install/cw1_world_spawner/lib:/opt/ros/humble/opt/rviz_ogre_vendor/lib:/opt/ros/humble/lib/x86_64-linux-gnu:/opt/ros/humble/lib:/home/hashim/Downloads/drake/lib /usr/bin/cmake --build /home/hashim/Desktop/comp0250_s26_labs/build/cw2_team_13 -- -j20 -l20
[0.053s] [  8%] Built target cw2_team_13__rosidl_generator_c
[0.053s] [ 11%] Built target cw2_team_13__rs
[0.054s] [ 13%] Built target cw2_team_13__cpp
[0.067s] [ 13%] Built target ament_cmake_python_copy_cw2_team_13
[0.073s] [ 22%] Built target cw2_team_13__rosidl_typesupport_c
[0.075s] [ 30%] Built target cw2_team_13__rosidl_typesupport_introspection_c
[0.077s] [ 38%] Built target cw2_team_13__rosidl_typesupport_fastrtps_c
[0.078s] [ 47%] Built target cw2_team_13__rosidl_typesupport_cpp
[0.078s] [ 55%] Built target cw2_team_13__rosidl_typesupport_fastrtps_cpp
[0.080s] [ 63%] Built target cw2_team_13__rosidl_typesupport_introspection_cpp
[0.090s] [35m[1mConsolidate compiler generated dependencies of target cw2_team_13_cw2_class_lib[0m
[0.096s] [ 63%] Built target cw2_team_13
[0.115s] [ 66%] [32mBuilding CXX object CMakeFiles/cw2_team_13_cw2_class_lib.dir/src/cw2_class.cpp.o[0m
[0.116s] [ 69%] Built target cw2_team_13__py
[0.134s] [ 75%] Built target cw2_team_13__rosidl_generator_py
[0.152s] [ 80%] Built target cw2_team_13__rosidl_typesupport_c__pyext
[0.155s] [ 86%] Built target cw2_team_13__rosidl_typesupport_introspection_c__pyext
[0.157s] [ 91%] Built target cw2_team_13__rosidl_typesupport_fastrtps_c__pyext
[0.284s] running egg_info
[0.285s] writing cw2_team_13.egg-info/PKG-INFO
[0.285s] writing dependency_links to cw2_team_13.egg-info/dependency_links.txt
[0.285s] writing top-level names to cw2_team_13.egg-info/top_level.txt
[0.287s] reading manifest file 'cw2_team_13.egg-info/SOURCES.txt'
[0.287s] writing manifest file 'cw2_team_13.egg-info/SOURCES.txt'
[0.312s] [ 91%] Built target ament_cmake_python_build_cw2_team_13_egg
[14.986s] [ 94%] [32m[1mLinking CXX shared library libcw2_team_13_cw2_class_lib.so[0m
[15.388s] [ 94%] Built target cw2_team_13_cw2_class_lib
[15.422s] [ 97%] [32m[1mLinking CXX executable cw2_solution_node[0m
[15.850s] [100%] Built target cw2_solution_node
[15.862s] Invoked command in '/home/hashim/Desktop/comp0250_s26_labs/build/cw2_team_13' returned '0': CMAKE_PREFIX_PATH=/home/hashim/Desktop/comp0250_s26_labs/install/cw2_world_spawner:/home/hashim/Desktop/comp0250_s26_labs/install/rpl_panda_with_rs:/home/hashim/Desktop/comp0250_s26_labs/install/realsense_gazebo_plugin:/home/hashim/Desktop/comp0250_s26_labs/install/perception_pipeline_humble_demo:/home/hashim/Desktop/comp0250_s26_labs/install/pcl_tutorial:/home/hashim/Desktop/comp0250_s26_labs/install/pcl_demo:/home/hashim/Desktop/comp0250_s26_labs/install/panda_moveit_config:/home/hashim/Desktop/comp0250_s26_labs/install/panda_description:/home/hashim/Desktop/comp0250_s26_labs/install/cw2_team_13:/home/hashim/Desktop/comp0250_s26_labs/install/cw1_team_13:/home/hashim/Desktop/comp0250_s26_labs/install/cw1_world_spawner:/opt/ros/humble LD_LIBRARY_PATH=/home/hashim/Desktop/comp0250_s26_labs/install/cw2_world_spawner/lib:/home/hashim/Desktop/comp0250_s26_labs/install/realsense_gazebo_plugin/lib:/home/hashim/Desktop/comp0250_s26_labs/install/cw2_team_13/lib:/home/hashim/Desktop/comp0250_s26_labs/install/cw1_team_13/lib:/home/hashim/Desktop/comp0250_s26_labs/install/cw1_world_spawner/lib:/opt/ros/humble/opt/rviz_ogre_vendor/lib:/opt/ros/humble/lib/x86_64-linux-gnu:/opt/ros/humble/lib:/home/hashim/Downloads/drake/lib /usr/bin/cmake --build /home/hashim/Desktop/comp0250_s26_labs/build/cw2_team_13 -- -j20 -l20
[15.863s] Invoking command in '/home/hashim/Desktop/comp0250_s26_labs/build/cw2_team_13': CMAKE_PREFIX_PATH=/home/hashim/Desktop/comp0250_s26_labs/install/cw2_world_spawner:/home/hashim/Desktop/comp0250_s26_labs/install/rpl_panda_with_rs:/home/hashim/Desktop/comp0250_s26_labs/install/realsense_gazebo_plugin:/home/hashim/Desktop/comp0250_s26_labs/install/perception_pipeline_humble_demo:/home/hashim/Desktop/comp0250_s26_labs/install/pcl_tutorial:/home/hashim/Desktop/comp0250_s26_labs/install/pcl_demo:/home/hashim/Desktop/comp0250_s26_labs/install/panda_moveit_config:/home/hashim/Desktop/comp0250_s26_labs/install/panda_description:/home/hashim/Desktop/comp0250_s26_labs/install/cw2_team_13:/home/hashim/Desktop/comp0250_s26_labs/install/cw1_team_13:/home/hashim/Desktop/comp0250_s26_labs/install/cw1_world_spawner:/opt/ros/humble LD_LIBRARY_PATH=/home/hashim/Desktop/comp0250_s26_labs/install/cw2_world_spawner/lib:/home/hashim/Desktop/comp0250_s26_labs/install/realsense_gazebo_plugin/lib:/home/hashim/Desktop/comp0250_s26_labs/install/cw2_team_13/lib:/home/hashim/Desktop/comp0250_s26_labs/install/cw1_team_13/lib:/home/hashim/Desktop/comp0250_s26_labs/install/cw1_world_spawner/lib:/opt/ros/humble/opt/rviz_ogre_vendor/lib:/opt/ros/humble/lib/x86_64-linux-gnu:/opt/ros/humble/lib:/home/hashim/Downloads/drake/lib /usr/bin/cmake --install /home/hashim/Desktop/comp0250_s26_labs/build/cw2_team_13
[15.869s] -- Install configuration: "Release"
[15.870s] -- Up-to-date: /home/hashim/Desktop/comp0250_s26_labs/install/cw2_team_13/share/ament_index/resource_index/rosidl_interfaces/cw2_team_13
[15.870s] -- Up-to-date: /home/hashim/Desktop/comp0250_s26_labs/install/cw2_team_13/include/cw2_team_13/cw2_team_13
[15.870s] -- Up-to-date: /home/hashim/Desktop/comp0250_s26_labs/install/cw2_team_13/include/cw2_team_13/cw2_team_13/msg
[15.870s] -- Up-to-date: /home/hashim/Desktop/comp0250_s26_labs/install/cw2_team_13/include/cw2_team_13/cw2_team_13/msg/rosidl_generator_c__visibility_control.h
[15.870s] -- Up-to-date: /home/hashim/Desktop/comp0250_s26_labs/install/cw2_team_13/include/cw2_team_13/cw2_team_13/srv
[15.870s] -- Up-to-date: /home/hashim/Desktop/comp0250_s26_labs/install/cw2_team_13/include/cw2_team_13/cw2_team_13/srv/detail
[15.870s] -- Up-to-date: /home/hashim/Desktop/comp0250_s26_labs/install/cw2_team_13/include/cw2_team_13/cw2_team_13/srv/detail/example__functions.c
[15.870s] -- Up-to-date: /home/hashim/Desktop/comp0250_s26_labs/install/cw2_team_13/include/cw2_team_13/cw2_team_13/srv/detail/example__type_support.h
[15.870s] -- Up-to-date: /home/hashim/Desktop/comp0250_s26_labs/install/cw2_team_13/include/cw2_team_13/cw2_team_13/srv/detail/example__functions.h
[15.871s] -- Up-to-date: /home/hashim/Desktop/comp0250_s26_labs/install/cw2_team_13/include/cw2_team_13/cw2_team_13/srv/detail/example__struct.h
[15.871s] -- Up-to-date: /home/hashim/Desktop/comp0250_s26_labs/install/cw2_team_13/include/cw2_team_13/cw2_team_13/srv/example.h
[15.871s] -- Up-to-date: /home/hashim/Desktop/comp0250_s26_labs/install/cw2_team_13/share/cw2_team_13/environment/library_path.sh
[15.871s] -- Up-to-date: /home/hashim/Desktop/comp0250_s26_labs/install/cw2_team_13/share/cw2_team_13/environment/library_path.dsv
[15.871s] -- Up-to-date: /home/hashim/Desktop/comp0250_s26_labs/install/cw2_team_13/lib/libcw2_team_13__rosidl_generator_c.so
[15.871s] -- Up-to-date: /home/hashim/Desktop/comp0250_s26_labs/install/cw2_team_13/include/cw2_team_13/cw2_team_13
[15.871s] -- Up-to-date: /home/hashim/Desktop/comp0250_s26_labs/install/cw2_team_13/include/cw2_team_13/cw2_team_13/msg
[15.871s] -- Up-to-date: /home/hashim/Desktop/comp0250_s26_labs/install/cw2_team_13/include/cw2_team_13/cw2_team_13/msg/rosidl_typesupport_fastrtps_c__visibility_control.h
[15.871s] -- Up-to-date: /home/hashim/Desktop/comp0250_s26_labs/install/cw2_team_13/include/cw2_team_13/cw2_team_13/srv
[15.871s] -- Up-to-date: /home/hashim/Desktop/comp0250_s26_labs/install/cw2_team_13/include/cw2_team_13/cw2_team_13/srv/detail
[15.871s] -- Up-to-date: /home/hashim/Desktop/comp0250_s26_labs/install/cw2_team_13/include/cw2_team_13/cw2_team_13/srv/detail/example__rosidl_typesupport_fastrtps_c.h
[15.871s] -- Up-to-date: /home/hashim/Desktop/comp0250_s26_labs/install/cw2_team_13/lib/libcw2_team_13__rosidl_typesupport_fastrtps_c.so
[15.871s] -- Up-to-date: /home/hashim/Desktop/comp0250_s26_labs/install/cw2_team_13/include/cw2_team_13/cw2_team_13
[15.871s] -- Up-to-date: /home/hashim/Desktop/comp0250_s26_labs/install/cw2_team_13/include/cw2_team_13/cw2_team_13/msg
[15.872s] -- Up-to-date: /home/hashim/Desktop/comp0250_s26_labs/install/cw2_team_13/include/cw2_team_13/cw2_team_13/msg/rosidl_typesupport_introspection_c__visibility_control.h
[15.872s] -- Up-to-date: /home/hashim/Desktop/comp0250_s26_labs/install/cw2_team_13/include/cw2_team_13/cw2_team_13/srv
[15.872s] -- Up-to-date: /home/hashim/Desktop/comp0250_s26_labs/install/cw2_team_13/include/cw2_team_13/cw2_team_13/srv/detail
[15.872s] -- Up-to-date: /home/hashim/Desktop/comp0250_s26_labs/install/cw2_team_13/include/cw2_team_13/cw2_team_13/srv/detail/example__rosidl_typesupport_introspection_c.h
[15.872s] -- Up-to-date: /home/hashim/Desktop/comp0250_s26_labs/install/cw2_team_13/include/cw2_team_13/cw2_team_13/srv/detail/example__type_support.c
[15.872s] -- Up-to-date: /home/hashim/Desktop/comp0250_s26_labs/install/cw2_team_13/lib/libcw2_team_13__rosidl_typesupport_introspection_c.so
[15.872s] -- Up-to-date: /home/hashim/Desktop/comp0250_s26_labs/install/cw2_team_13/lib/libcw2_team_13__rosidl_typesupport_c.so
[15.872s] -- Up-to-date: /home/hashim/Desktop/comp0250_s26_labs/install/cw2_team_13/include/cw2_team_13/cw2_team_13
[15.872s] -- Up-to-date: /home/hashim/Desktop/comp0250_s26_labs/install/cw2_team_13/include/cw2_team_13/cw2_team_13/msg
[15.872s] -- Up-to-date: /home/hashim/Desktop/comp0250_s26_labs/install/cw2_team_13/include/cw2_team_13/cw2_team_13/msg/rosidl_generator_cpp__visibility_control.hpp
[15.872s] -- Up-to-date: /home/hashim/Desktop/comp0250_s26_labs/install/cw2_team_13/include/cw2_team_13/cw2_team_13/srv
[15.872s] -- Up-to-date: /home/hashim/Desktop/comp0250_s26_labs/install/cw2_team_13/include/cw2_team_13/cw2_team_13/srv/detail
[15.872s] -- Up-to-date: /home/hashim/Desktop/comp0250_s26_labs/install/cw2_team_13/include/cw2_team_13/cw2_team_13/srv/detail/example__traits.hpp
[15.872s] -- Up-to-date: /home/hashim/Desktop/comp0250_s26_labs/install/cw2_team_13/include/cw2_team_13/cw2_team_13/srv/detail/example__type_support.hpp
[15.872s] -- Up-to-date: /home/hashim/Desktop/comp0250_s26_labs/install/cw2_team_13/include/cw2_team_13/cw2_team_13/srv/detail/example__struct.hpp
[15.872s] -- Up-to-date: /home/hashim/Desktop/comp0250_s26_labs/install/cw2_team_13/include/cw2_team_13/cw2_team_13/srv/detail/example__builder.hpp
[15.872s] -- Up-to-date: /home/hashim/Desktop/comp0250_s26_labs/install/cw2_team_13/include/cw2_team_13/cw2_team_13/srv/example.hpp
[15.873s] -- Up-to-date: /home/hashim/Desktop/comp0250_s26_labs/install/cw2_team_13/include/cw2_team_13/cw2_team_13
[15.873s] -- Up-to-date: /home/hashim/Desktop/comp0250_s26_labs/install/cw2_team_13/include/cw2_team_13/cw2_team_13/msg
[15.873s] -- Up-to-date: /home/hashim/Desktop/comp0250_s26_labs/install/cw2_team_13/include/cw2_team_13/cw2_team_13/msg/rosidl_typesupport_fastrtps_cpp__visibility_control.h
[15.873s] -- Up-to-date: /home/hashim/Desktop/comp0250_s26_labs/install/cw2_team_13/include/cw2_team_13/cw2_team_13/srv
[15.873s] -- Up-to-date: /home/hashim/Desktop/comp0250_s26_labs/install/cw2_team_13/include/cw2_team_13/cw2_team_13/srv/detail
[15.873s] -- Up-to-date: /home/hashim/Desktop/comp0250_s26_labs/install/cw2_team_13/include/cw2_team_13/cw2_team_13/srv/detail/dds_fastrtps
[15.873s] -- Up-to-date: /home/hashim/Desktop/comp0250_s26_labs/install/cw2_team_13/include/cw2_team_13/cw2_team_13/srv/detail/example__rosidl_typesupport_fastrtps_cpp.hpp
[15.873s] -- Up-to-date: /home/hashim/Desktop/comp0250_s26_labs/install/cw2_team_13/lib/libcw2_team_13__rosidl_typesupport_fastrtps_cpp.so
[15.873s] -- Up-to-date: /home/hashim/Desktop/comp0250_s26_labs/install/cw2_team_13/include/cw2_team_13/cw2_team_13
[15.873s] -- Up-to-date: /home/hashim/Desktop/comp0250_s26_labs/install/cw2_team_13/include/cw2_team_13/cw2_team_13/srv
[15.873s] -- Up-to-date: /home/hashim/Desktop/comp0250_s26_labs/install/cw2_team_13/include/cw2_team_13/cw2_team_13/srv/detail
[15.873s] -- Up-to-date: /home/hashim/Desktop/comp0250_s26_labs/install/cw2_team_13/include/cw2_team_13/cw2_team_13/srv/detail/example__rosidl_typesupport_introspection_cpp.hpp
[15.873s] -- Up-to-date: /home/hashim/Desktop/comp0250_s26_labs/install/cw2_team_13/include/cw2_team_13/cw2_team_13/srv/detail/example__type_support.cpp
[15.873s] -- Up-to-date: /home/hashim/Desktop/comp0250_s26_labs/install/cw2_team_13/lib/libcw2_team_13__rosidl_typesupport_introspection_cpp.so
[15.873s] -- Up-to-date: /home/hashim/Desktop/comp0250_s26_labs/install/cw2_team_13/lib/libcw2_team_13__rosidl_typesupport_cpp.so
[15.873s] -- Up-to-date: /home/hashim/Desktop/comp0250_s26_labs/install/cw2_team_13/share/cw2_team_13/environment/pythonpath.sh
[15.873s] -- Up-to-date: /home/hashim/Desktop/comp0250_s26_labs/install/cw2_team_13/share/cw2_team_13/environment/pythonpath.dsv
[15.874s] -- Up-to-date: /home/hashim/Desktop/comp0250_s26_labs/install/cw2_team_13/local/lib/python3.10/dist-packages/cw2_team_13-0.1.0-py3.10.egg-info
[15.874s] -- Installing: /home/hashim/Desktop/comp0250_s26_labs/install/cw2_team_13/local/lib/python3.10/dist-packages/cw2_team_13-0.1.0-py3.10.egg-info/dependency_links.txt
[15.874s] -- Installing: /home/hashim/Desktop/comp0250_s26_labs/install/cw2_team_13/local/lib/python3.10/dist-packages/cw2_team_13-0.1.0-py3.10.egg-info/PKG-INFO
[15.874s] -- Installing: /home/hashim/Desktop/comp0250_s26_labs/install/cw2_team_13/local/lib/python3.10/dist-packages/cw2_team_13-0.1.0-py3.10.egg-info/SOURCES.txt
[15.874s] -- Installing: /home/hashim/Desktop/comp0250_s26_labs/install/cw2_team_13/local/lib/python3.10/dist-packages/cw2_team_13-0.1.0-py3.10.egg-info/top_level.txt
[15.874s] -- Up-to-date: /home/hashim/Desktop/comp0250_s26_labs/install/cw2_team_13/local/lib/python3.10/dist-packages/cw2_team_13
[15.874s] -- Up-to-date: /home/hashim/Desktop/comp0250_s26_labs/install/cw2_team_13/local/lib/python3.10/dist-packages/cw2_team_13/srv
[15.874s] -- Up-to-date: /home/hashim/Desktop/comp0250_s26_labs/install/cw2_team_13/local/lib/python3.10/dist-packages/cw2_team_13/srv/_example_s.c
[15.874s] -- Up-to-date: /home/hashim/Desktop/comp0250_s26_labs/install/cw2_team_13/local/lib/python3.10/dist-packages/cw2_team_13/srv/_example.py
[15.874s] -- Up-to-date: /home/hashim/Desktop/comp0250_s26_labs/install/cw2_team_13/local/lib/python3.10/dist-packages/cw2_team_13/srv/__init__.py
[15.874s] -- Up-to-date: /home/hashim/Desktop/comp0250_s26_labs/install/cw2_team_13/local/lib/python3.10/dist-packages/cw2_team_13/libcw2_team_13__rosidl_generator_py.so
[15.874s] -- Up-to-date: /home/hashim/Desktop/comp0250_s26_labs/install/cw2_team_13/local/lib/python3.10/dist-packages/cw2_team_13/_cw2_team_13_s.ep.rosidl_typesupport_fastrtps_c.c
[15.874s] -- Up-to-date: /home/hashim/Desktop/comp0250_s26_labs/install/cw2_team_13/local/lib/python3.10/dist-packages/cw2_team_13/_cw2_team_13_s.ep.rosidl_typesupport_c.c
[15.874s] -- Up-to-date: /home/hashim/Desktop/comp0250_s26_labs/install/cw2_team_13/local/lib/python3.10/dist-packages/cw2_team_13/__init__.py
[15.874s] -- Up-to-date: /home/hashim/Desktop/comp0250_s26_labs/install/cw2_team_13/local/lib/python3.10/dist-packages/cw2_team_13/cw2_team_13_s__rosidl_typesupport_c.cpython-310-x86_64-linux-gnu.so
[15.874s] -- Up-to-date: /home/hashim/Desktop/comp0250_s26_labs/install/cw2_team_13/local/lib/python3.10/dist-packages/cw2_team_13/_cw2_team_13_s.ep.rosidl_typesupport_introspection_c.c
[15.874s] -- Up-to-date: /home/hashim/Desktop/comp0250_s26_labs/install/cw2_team_13/local/lib/python3.10/dist-packages/cw2_team_13/cw2_team_13_s__rosidl_typesupport_introspection_c.cpython-310-x86_64-linux-gnu.so
[15.875s] -- Up-to-date: /home/hashim/Desktop/comp0250_s26_labs/install/cw2_team_13/local/lib/python3.10/dist-packages/cw2_team_13/cw2_team_13_s__rosidl_typesupport_fastrtps_c.cpython-310-x86_64-linux-gnu.so
[15.895s] Listing '/home/hashim/Desktop/comp0250_s26_labs/install/cw2_team_13/local/lib/python3.10/dist-packages/cw2_team_13'...
[15.896s] Listing '/home/hashim/Desktop/comp0250_s26_labs/install/cw2_team_13/local/lib/python3.10/dist-packages/cw2_team_13/srv'...
[15.899s] -- Up-to-date: /home/hashim/Desktop/comp0250_s26_labs/install/cw2_team_13/local/lib/python3.10/dist-packages/cw2_team_13/cw2_team_13_s__rosidl_typesupport_fastrtps_c.cpython-310-x86_64-linux-gnu.so
[15.899s] -- Up-to-date: /home/hashim/Desktop/comp0250_s26_labs/install/cw2_team_13/local/lib/python3.10/dist-packages/cw2_team_13/cw2_team_13_s__rosidl_typesupport_introspection_c.cpython-310-x86_64-linux-gnu.so
[15.899s] -- Up-to-date: /home/hashim/Desktop/comp0250_s26_labs/install/cw2_team_13/local/lib/python3.10/dist-packages/cw2_team_13/cw2_team_13_s__rosidl_typesupport_c.cpython-310-x86_64-linux-gnu.so
[15.899s] -- Up-to-date: /home/hashim/Desktop/comp0250_s26_labs/install/cw2_team_13/lib/libcw2_team_13__rosidl_generator_py.so
[15.899s] -- Up-to-date: /home/hashim/Desktop/comp0250_s26_labs/install/cw2_team_13/share/ament_index/resource_index/rust_packages/cw2_team_13
[15.899s] -- Up-to-date: /home/hashim/Desktop/comp0250_s26_labs/install/cw2_team_13/share/cw2_team_13/rust
[15.899s] -- Up-to-date: /home/hashim/Desktop/comp0250_s26_labs/install/cw2_team_13/share/cw2_team_13/rust/src
[15.899s] -- Up-to-date: /home/hashim/Desktop/comp0250_s26_labs/install/cw2_team_13/share/cw2_team_13/rust/src/lib.rs
[15.899s] -- Up-to-date: /home/hashim/Desktop/comp0250_s26_labs/install/cw2_team_13/share/cw2_team_13/rust/src/srv
[15.899s] -- Up-to-date: /home/hashim/Desktop/comp0250_s26_labs/install/cw2_team_13/share/cw2_team_13/rust/src/srv/rmw.rs
[15.899s] -- Up-to-date: /home/hashim/Desktop/comp0250_s26_labs/install/cw2_team_13/share/cw2_team_13/rust/src/srv.rs
[15.899s] -- Up-to-date: /home/hashim/Desktop/comp0250_s26_labs/install/cw2_team_13/share/cw2_team_13/rust/build.rs
[15.900s] -- Up-to-date: /home/hashim/Desktop/comp0250_s26_labs/install/cw2_team_13/share/cw2_team_13/rust/Cargo.toml
[15.900s] -- Up-to-date: /home/hashim/Desktop/comp0250_s26_labs/install/cw2_team_13/share/cw2_team_13/srv/Example.idl
[15.900s] -- Up-to-date: /home/hashim/Desktop/comp0250_s26_labs/install/cw2_team_13/share/cw2_team_13/srv/Example.srv
[15.900s] -- Up-to-date: /home/hashim/Desktop/comp0250_s26_labs/install/cw2_team_13/share/cw2_team_13/srv/Example_Request.msg
[15.900s] -- Up-to-date: /home/hashim/Desktop/comp0250_s26_labs/install/cw2_team_13/share/cw2_team_13/srv/Example_Response.msg
[15.900s] -- Installing: /home/hashim/Desktop/comp0250_s26_labs/install/cw2_team_13/lib/libcw2_team_13_cw2_class_lib.so
[15.900s] -- Set runtime path of "/home/hashim/Desktop/comp0250_s26_labs/install/cw2_team_13/lib/libcw2_team_13_cw2_class_lib.so" to ""
[15.900s] -- Installing: /home/hashim/Desktop/comp0250_s26_labs/install/cw2_team_13/lib/cw2_team_13/cw2_solution_node
[15.900s] -- Set runtime path of "/home/hashim/Desktop/comp0250_s26_labs/install/cw2_team_13/lib/cw2_team_13/cw2_solution_node" to ""
[15.900s] -- Up-to-date: /home/hashim/Desktop/comp0250_s26_labs/install/cw2_team_13/share/cw2_team_13/launch
[15.900s] -- Up-to-date: /home/hashim/Desktop/comp0250_s26_labs/install/cw2_team_13/share/cw2_team_13/launch/run_solution.launch.py
[15.900s] -- Up-to-date: /home/hashim/Desktop/comp0250_s26_labs/install/cw2_team_13/share/ament_index/resource_index/package_run_dependencies/cw2_team_13
[15.901s] -- Up-to-date: /home/hashim/Desktop/comp0250_s26_labs/install/cw2_team_13/share/ament_index/resource_index/parent_prefix_path/cw2_team_13
[15.901s] -- Up-to-date: /home/hashim/Desktop/comp0250_s26_labs/install/cw2_team_13/share/cw2_team_13/environment/ament_prefix_path.sh
[15.901s] -- Up-to-date: /home/hashim/Desktop/comp0250_s26_labs/install/cw2_team_13/share/cw2_team_13/environment/ament_prefix_path.dsv
[15.901s] -- Up-to-date: /home/hashim/Desktop/comp0250_s26_labs/install/cw2_team_13/share/cw2_team_13/environment/path.sh
[15.901s] -- Up-to-date: /home/hashim/Desktop/comp0250_s26_labs/install/cw2_team_13/share/cw2_team_13/environment/path.dsv
[15.901s] -- Up-to-date: /home/hashim/Desktop/comp0250_s26_labs/install/cw2_team_13/share/cw2_team_13/local_setup.bash
[15.901s] -- Up-to-date: /home/hashim/Desktop/comp0250_s26_labs/install/cw2_team_13/share/cw2_team_13/local_setup.sh
[15.901s] -- Up-to-date: /home/hashim/Desktop/comp0250_s26_labs/install/cw2_team_13/share/cw2_team_13/local_setup.zsh
[15.901s] -- Up-to-date: /home/hashim/Desktop/comp0250_s26_labs/install/cw2_team_13/share/cw2_team_13/local_setup.dsv
[15.901s] -- Installing: /home/hashim/Desktop/comp0250_s26_labs/install/cw2_team_13/share/cw2_team_13/package.dsv
[15.901s] -- Up-to-date: /home/hashim/Desktop/comp0250_s26_labs/install/cw2_team_13/share/ament_index/resource_index/packages/cw2_team_13
[15.901s] -- Up-to-date: /home/hashim/Desktop/comp0250_s26_labs/install/cw2_team_13/share/cw2_team_13/cmake/export_cw2_team_13__rosidl_generator_cExport.cmake
[15.901s] -- Up-to-date: /home/hashim/Desktop/comp0250_s26_labs/install/cw2_team_13/share/cw2_team_13/cmake/export_cw2_team_13__rosidl_generator_cExport-release.cmake
[15.901s] -- Up-to-date: /home/hashim/Desktop/comp0250_s26_labs/install/cw2_team_13/share/cw2_team_13/cmake/export_cw2_team_13__rosidl_typesupport_fastrtps_cExport.cmake
[15.901s] -- Up-to-date: /home/hashim/Desktop/comp0250_s26_labs/install/cw2_team_13/share/cw2_team_13/cmake/export_cw2_team_13__rosidl_typesupport_fastrtps_cExport-release.cmake
[15.901s] -- Up-to-date: /home/hashim/Desktop/comp0250_s26_labs/install/cw2_team_13/share/cw2_team_13/cmake/cw2_team_13__rosidl_typesupport_introspection_cExport.cmake
[15.901s] -- Up-to-date: /home/hashim/Desktop/comp0250_s26_labs/install/cw2_team_13/share/cw2_team_13/cmake/cw2_team_13__rosidl_typesupport_introspection_cExport-release.cmake
[15.901s] -- Up-to-date: /home/hashim/Desktop/comp0250_s26_labs/install/cw2_team_13/share/cw2_team_13/cmake/cw2_team_13__rosidl_typesupport_cExport.cmake
[15.901s] -- Up-to-date: /home/hashim/Desktop/comp0250_s26_labs/install/cw2_team_13/share/cw2_team_13/cmake/cw2_team_13__rosidl_typesupport_cExport-release.cmake
[15.902s] -- Up-to-date: /home/hashim/Desktop/comp0250_s26_labs/install/cw2_team_13/share/cw2_team_13/cmake/export_cw2_team_13__rosidl_generator_cppExport.cmake
[15.902s] -- Up-to-date: /home/hashim/Desktop/comp0250_s26_labs/install/cw2_team_13/share/cw2_team_13/cmake/export_cw2_team_13__rosidl_typesupport_fastrtps_cppExport.cmake
[15.902s] -- Up-to-date: /home/hashim/Desktop/comp0250_s26_labs/install/cw2_team_13/share/cw2_team_13/cmake/export_cw2_team_13__rosidl_typesupport_fastrtps_cppExport-release.cmake
[15.902s] -- Up-to-date: /home/hashim/Desktop/comp0250_s26_labs/install/cw2_team_13/share/cw2_team_13/cmake/cw2_team_13__rosidl_typesupport_introspection_cppExport.cmake
[15.902s] -- Up-to-date: /home/hashim/Desktop/comp0250_s26_labs/install/cw2_team_13/share/cw2_team_13/cmake/cw2_team_13__rosidl_typesupport_introspection_cppExport-release.cmake
[15.902s] -- Up-to-date: /home/hashim/Desktop/comp0250_s26_labs/install/cw2_team_13/share/cw2_team_13/cmake/cw2_team_13__rosidl_typesupport_cppExport.cmake
[15.902s] -- Up-to-date: /home/hashim/Desktop/comp0250_s26_labs/install/cw2_team_13/share/cw2_team_13/cmake/cw2_team_13__rosidl_typesupport_cppExport-release.cmake
[15.902s] -- Up-to-date: /home/hashim/Desktop/comp0250_s26_labs/install/cw2_team_13/share/cw2_team_13/cmake/export_cw2_team_13__rosidl_generator_pyExport.cmake
[15.902s] -- Up-to-date: /home/hashim/Desktop/comp0250_s26_labs/install/cw2_team_13/share/cw2_team_13/cmake/export_cw2_team_13__rosidl_generator_pyExport-release.cmake
[15.902s] -- Up-to-date: /home/hashim/Desktop/comp0250_s26_labs/install/cw2_team_13/share/cw2_team_13/cmake/rosidl_cmake-extras.cmake
[15.902s] -- Up-to-date: /home/hashim/Desktop/comp0250_s26_labs/install/cw2_team_13/share/cw2_team_13/cmake/ament_cmake_export_dependencies-extras.cmake
[15.902s] -- Up-to-date: /home/hashim/Desktop/comp0250_s26_labs/install/cw2_team_13/share/cw2_team_13/cmake/ament_cmake_export_include_directories-extras.cmake
[15.902s] -- Up-to-date: /home/hashim/Desktop/comp0250_s26_labs/install/cw2_team_13/share/cw2_team_13/cmake/ament_cmake_export_libraries-extras.cmake
[15.902s] -- Up-to-date: /home/hashim/Desktop/comp0250_s26_labs/install/cw2_team_13/share/cw2_team_13/cmake/ament_cmake_export_targets-extras.cmake
[15.902s] -- Up-to-date: /home/hashim/Desktop/comp0250_s26_labs/install/cw2_team_13/share/cw2_team_13/cmake/rosidl_cmake_export_typesupport_targets-extras.cmake
[15.902s] -- Up-to-date: /home/hashim/Desktop/comp0250_s26_labs/install/cw2_team_13/share/cw2_team_13/cmake/rosidl_cmake_export_typesupport_libraries-extras.cmake
[15.902s] -- Up-to-date: /home/hashim/Desktop/comp0250_s26_labs/install/cw2_team_13/share/cw2_team_13/cmake/cw2_team_13Config.cmake
[15.902s] -- Up-to-date: /home/hashim/Desktop/comp0250_s26_labs/install/cw2_team_13/share/cw2_team_13/cmake/cw2_team_13Config-version.cmake
[15.902s] -- Up-to-date: /home/hashim/Desktop/comp0250_s26_labs/install/cw2_team_13/share/cw2_team_13/package.xml
[15.903s] Invoked command in '/home/hashim/Desktop/comp0250_s26_labs/build/cw2_team_13' returned '0': CMAKE_PREFIX_PATH=/home/hashim/Desktop/comp0250_s26_labs/install/cw2_world_spawner:/home/hashim/Desktop/comp0250_s26_labs/install/rpl_panda_with_rs:/home/hashim/Desktop/comp0250_s26_labs/install/realsense_gazebo_plugin:/home/hashim/Desktop/comp0250_s26_labs/install/perception_pipeline_humble_demo:/home/hashim/Desktop/comp0250_s26_labs/install/pcl_tutorial:/home/hashim/Desktop/comp0250_s26_labs/install/pcl_demo:/home/hashim/Desktop/comp0250_s26_labs/install/panda_moveit_config:/home/hashim/Desktop/comp0250_s26_labs/install/panda_description:/home/hashim/Desktop/comp0250_s26_labs/install/cw2_team_13:/home/hashim/Desktop/comp0250_s26_labs/install/cw1_team_13:/home/hashim/Desktop/comp0250_s26_labs/install/cw1_world_spawner:/opt/ros/humble LD_LIBRARY_PATH=/home/hashim/Desktop/comp0250_s26_labs/install/cw2_world_spawner/lib:/home/hashim/Desktop/comp0250_s26_labs/install/realsense_gazebo_plugin/lib:/home/hashim/Desktop/comp0250_s26_labs/install/cw2_team_13/lib:/home/hashim/Desktop/comp0250_s26_labs/install/cw1_team_13/lib:/home/hashim/Desktop/comp0250_s26_labs/install/cw1_world_spawner/lib:/opt/ros/humble/opt/rviz_ogre_vendor/lib:/opt/ros/humble/lib/x86_64-linux-gnu:/opt/ros/humble/lib:/home/hashim/Downloads/drake/lib /usr/bin/cmake --install /home/hashim/Desktop/comp0250_s26_labs/build/cw2_team_13
