[0.019s] Invoking command in '/home/hashim/Desktop/comp0250_s26_labs/build/panda_description': CMAKE_PREFIX_PATH=/opt/ros/humble /usr/bin/cmake /home/hashim/Desktop/comp0250_s26_labs/src/courseworks/panda_description -DCMAKE_BUILD_TYPE=Release -DCMAKE_INSTALL_PREFIX=/home/hashim/Desktop/comp0250_s26_labs/install/panda_description
[0.086s] -- The C compiler identification is GNU 11.4.0
[0.153s] -- The CXX compiler identification is GNU 11.4.0
[0.161s] -- Detecting C compiler ABI info
[0.266s] -- Detecting C compiler ABI info - done
[0.276s] -- Check for working C compiler: /usr/bin/cc - skipped
[0.277s] -- Detecting C compile features
[0.278s] -- Detecting C compile features - done
[0.282s] -- Detecting CXX compiler ABI info
[0.421s] -- Detecting CXX compiler ABI info - done
[0.434s] -- Check for working CXX compiler: /usr/bin/c++ - skipped
[0.434s] -- Detecting CXX compile features
[0.435s] -- Detecting CXX compile features - done
[0.439s] -- Found ament_cmake: 1.3.14 (/opt/ros/humble/share/ament_cmake/cmake)
[0.743s] -- Found Python3: /usr/bin/python3 (found version "3.10.12") found components: Interpreter 
[1.152s] -- Configuring done
[1.161s] -- Generating done
[1.163s] -- Build files have been written to: /home/hashim/Desktop/comp0250_s26_labs/build/panda_description
[1.171s] Invoked command in '/home/hashim/Desktop/comp0250_s26_labs/build/panda_description' returned '0': CMAKE_PREFIX_PATH=/opt/ros/humble /usr/bin/cmake /home/hashim/Desktop/comp0250_s26_labs/src/courseworks/panda_description -DCMAKE_BUILD_TYPE=Release -DCMAKE_INSTALL_PREFIX=/home/hashim/Desktop/comp0250_s26_labs/install/panda_description
[1.175s] Invoking command in '/home/hashim/Desktop/comp0250_s26_labs/build/panda_description': CMAKE_PREFIX_PATH=/opt/ros/humble /usr/bin/cmake --build /home/hashim/Desktop/comp0250_s26_labs/build/panda_description -- -j20 -l20
[1.255s] Invoked command in '/home/hashim/Desktop/comp0250_s26_labs/build/panda_description' returned '0': CMAKE_PREFIX_PATH=/opt/ros/humble /usr/bin/cmake --build /home/hashim/Desktop/comp0250_s26_labs/build/panda_description -- -j20 -l20
[1.261s] Invoking command in '/home/hashim/Desktop/comp0250_s26_labs/build/panda_description': CMAKE_PREFIX_PATH=/opt/ros/humble /usr/bin/cmake --install /home/hashim/Desktop/comp0250_s26_labs/build/panda_description
[1.277s] -- Install configuration: "Release"
[1.278s] -- Installing: /home/hashim/Desktop/comp0250_s26_labs/install/panda_description/share/panda_description/config
[1.278s] -- Installing: /home/hashim/Desktop/comp0250_s26_labs/install/panda_description/share/panda_description/config/panda_control.yaml
[1.278s] -- Installing: /home/hashim/Desktop/comp0250_s26_labs/install/panda_description/share/panda_description/meshes
[1.278s] -- Installing: /home/hashim/Desktop/comp0250_s26_labs/install/panda_description/share/panda_description/meshes/visual
[1.278s] -- Installing: /home/hashim/Desktop/comp0250_s26_labs/install/panda_description/share/panda_description/meshes/visual/link7.dae
[1.279s] -- Installing: /home/hashim/Desktop/comp0250_s26_labs/install/panda_description/share/panda_description/meshes/visual/link0.dae
[1.283s] -- Installing: /home/hashim/Desktop/comp0250_s26_labs/install/panda_description/share/panda_description/meshes/visual/hand.dae
[1.285s] -- Installing: /home/hashim/Desktop/comp0250_s26_labs/install/panda_description/share/panda_description/meshes/visual/link5.dae
[1.285s] -- Installing: /home/hashim/Desktop/comp0250_s26_labs/install/panda_description/share/panda_description/meshes/visual/finger.dae
[1.285s] -- Installing: /home/hashim/Desktop/comp0250_s26_labs/install/panda_description/share/panda_description/meshes/visual/link1.dae
[1.286s] -- Installing: /home/hashim/Desktop/comp0250_s26_labs/install/panda_description/share/panda_description/meshes/visual/link2.dae
[1.287s] -- Installing: /home/hashim/Desktop/comp0250_s26_labs/install/panda_description/share/panda_description/meshes/visual/link4.dae
[1.289s] -- Installing: /home/hashim/Desktop/comp0250_s26_labs/install/panda_description/share/panda_description/meshes/visual/link3.dae
[1.291s] -- Installing: /home/hashim/Desktop/comp0250_s26_labs/install/panda_description/share/panda_description/meshes/visual/link6.dae
[1.293s] -- Installing: /home/hashim/Desktop/comp0250_s26_labs/install/panda_description/share/panda_description/meshes/collision
[1.293s] -- Installing: /home/hashim/Desktop/comp0250_s26_labs/install/panda_description/share/panda_description/meshes/collision/link3.stl
[1.294s] -- Installing: /home/hashim/Desktop/comp0250_s26_labs/install/panda_description/share/panda_description/meshes/collision/link2.stl
[1.294s] -- Installing: /home/hashim/Desktop/comp0250_s26_labs/install/panda_description/share/panda_description/meshes/collision/finger.stl
[1.294s] -- Installing: /home/hashim/Desktop/comp0250_s26_labs/install/panda_description/share/panda_description/meshes/collision/link5.stl
[1.294s] -- Installing: /home/hashim/Desktop/comp0250_s26_labs/install/panda_description/share/panda_description/meshes/collision/link1.stl
[1.294s] -- Installing: /home/hashim/Desktop/comp0250_s26_labs/install/panda_description/share/panda_description/meshes/collision/link7.stl
[1.294s] -- Installing: /home/hashim/Desktop/comp0250_s26_labs/install/panda_description/share/panda_description/meshes/collision/hand.stl
[1.294s] -- Installing: /home/hashim/Desktop/comp0250_s26_labs/install/panda_description/share/panda_description/meshes/collision/link6.stl
[1.295s] -- Installing: /home/hashim/Desktop/comp0250_s26_labs/install/panda_description/share/panda_description/meshes/collision/link4.stl
[1.295s] -- Installing: /home/hashim/Desktop/comp0250_s26_labs/install/panda_description/share/panda_description/meshes/collision/link0.stl
[1.295s] -- Installing: /home/hashim/Desktop/comp0250_s26_labs/install/panda_description/share/panda_description/rviz
[1.295s] -- Installing: /home/hashim/Desktop/comp0250_s26_labs/install/panda_description/share/panda_description/rviz/urdf.rviz
[1.295s] -- Installing: /home/hashim/Desktop/comp0250_s26_labs/install/panda_description/share/panda_description/sdf
[1.295s] -- Installing: /home/hashim/Desktop/comp0250_s26_labs/install/panda_description/share/panda_description/sdf/empty_panda.world
[1.295s] -- Installing: /home/hashim/Desktop/comp0250_s26_labs/install/panda_description/share/panda_description/sdf/empty_panda_noShadow.world
[1.295s] -- Installing: /home/hashim/Desktop/comp0250_s26_labs/install/panda_description/share/panda_description/srdf
[1.296s] -- Installing: /home/hashim/Desktop/comp0250_s26_labs/install/panda_description/share/panda_description/srdf/panda_with_rs.srdf.xacro
[1.296s] -- Installing: /home/hashim/Desktop/comp0250_s26_labs/install/panda_description/share/panda_description/urdf
[1.296s] -- Installing: /home/hashim/Desktop/comp0250_s26_labs/install/panda_description/share/panda_description/urdf/panda_arm_hand.urdf.xacro
[1.296s] -- Installing: /home/hashim/Desktop/comp0250_s26_labs/install/panda_description/share/panda_description/urdf/panda_with_rs.urdf.xacro
[1.296s] -- Installing: /home/hashim/Desktop/comp0250_s26_labs/install/panda_description/share/panda_description/xacro
[1.296s] -- Installing: /home/hashim/Desktop/comp0250_s26_labs/install/panda_description/share/panda_description/xacro/hand.xacro
[1.297s] -- Installing: /home/hashim/Desktop/comp0250_s26_labs/install/panda_description/share/panda_description/xacro/panda.transmission.xacro
[1.297s] -- Installing: /home/hashim/Desktop/comp0250_s26_labs/install/panda_description/share/panda_description/xacro/panda.control.xacro
[1.297s] -- Installing: /home/hashim/Desktop/comp0250_s26_labs/install/panda_description/share/panda_description/xacro/panda.gazebo.xacro
[1.297s] -- Installing: /home/hashim/Desktop/comp0250_s26_labs/install/panda_description/share/panda_description/xacro/panda_arm.xacro
[1.297s] -- Installing: /home/hashim/Desktop/comp0250_s26_labs/install/panda_description/share/panda_description/launch
[1.297s] -- Installing: /home/hashim/Desktop/comp0250_s26_labs/install/panda_description/share/panda_description/launch/description.launch.py
[1.297s] -- Installing: /home/hashim/Desktop/comp0250_s26_labs/install/panda_description/share/ament_index/resource_index/package_run_dependencies/panda_description
[1.298s] -- Installing: /home/hashim/Desktop/comp0250_s26_labs/install/panda_description/share/ament_index/resource_index/parent_prefix_path/panda_description
[1.298s] -- Installing: /home/hashim/Desktop/comp0250_s26_labs/install/panda_description/share/panda_description/environment/ament_prefix_path.sh
[1.298s] -- Installing: /home/hashim/Desktop/comp0250_s26_labs/install/panda_description/share/panda_description/environment/ament_prefix_path.dsv
[1.298s] -- Installing: /home/hashim/Desktop/comp0250_s26_labs/install/panda_description/share/panda_description/environment/path.sh
[1.298s] -- Installing: /home/hashim/Desktop/comp0250_s26_labs/install/panda_description/share/panda_description/environment/path.dsv
[1.298s] -- Installing: /home/hashim/Desktop/comp0250_s26_labs/install/panda_description/share/panda_description/local_setup.bash
[1.298s] -- Installing: /home/hashim/Desktop/comp0250_s26_labs/install/panda_description/share/panda_description/local_setup.sh
[1.298s] -- Installing: /home/hashim/Desktop/comp0250_s26_labs/install/panda_description/share/panda_description/local_setup.zsh
[1.298s] -- Installing: /home/hashim/Desktop/comp0250_s26_labs/install/panda_description/share/panda_description/local_setup.dsv
[1.298s] -- Installing: /home/hashim/Desktop/comp0250_s26_labs/install/panda_description/share/panda_description/package.dsv
[1.298s] -- Installing: /home/hashim/Desktop/comp0250_s26_labs/install/panda_description/share/ament_index/resource_index/packages/panda_description
[1.299s] -- Installing: /home/hashim/Desktop/comp0250_s26_labs/install/panda_description/share/panda_description/cmake/panda_descriptionConfig.cmake
[1.299s] -- Installing: /home/hashim/Desktop/comp0250_s26_labs/install/panda_description/share/panda_description/cmake/panda_descriptionConfig-version.cmake
[1.299s] -- Installing: /home/hashim/Desktop/comp0250_s26_labs/install/panda_description/share/panda_description/package.xml
[1.347s] Invoked command in '/home/hashim/Desktop/comp0250_s26_labs/build/panda_description' returned '0': CMAKE_PREFIX_PATH=/opt/ros/humble /usr/bin/cmake --install /home/hashim/Desktop/comp0250_s26_labs/build/panda_description
